<?xml version="1.0" encoding="UTF-8"?>
<!-- Generated by org.testng.reporters.JUnitXMLReporter -->
<testsuite ignored="43" hostname="DESKTOP-5M7AM2E" failures="1" tests="1" name="Default test(failed)" time="34.604" errors="0" timestamp="2023-02-22T15:39:03 IST">
  <testcase classname="org.test.GlobalContactJob" name="jobCompleteStatus" time="31.178">
    <failure type="org.openqa.selenium.TimeoutException" message="Expected condition failed: waiting for visibility of element located by By.xpath: (//*[@class=&amp;apos;p-2 pt-1 pb-1 text-ellipsis&amp;apos;])[6] (tried for 30 second(s) with 500 milliseconds interval)">
      <![CDATA[org.openqa.selenium.TimeoutException: Expected condition failed: waiting for visibility of element located by By.xpath: (//*[@class='p-2 pt-1 pb-1 text-ellipsis'])[6] (tried for 30 second(s) with 500 milliseconds interval)
at org.openqa.selenium.support.ui.WebDriverWait.timeoutException(WebDriverWait.java:95)
at org.openqa.selenium.support.ui.FluentWait.until(FluentWait.java:272)
at com.zaigo.pageobjects.JobPage.getText(JobPage.java:297)
at com.zaigo.pageobjects.JobPage.globalJobStatus(JobPage.java:707)
at org.test.GlobalContactJob.jobCompleteStatus(GlobalContactJob.java:894)
at java.base/java.util.ArrayList.forEach(ArrayList.java:1511)
Caused by: org.openqa.selenium.NoSuchWindowException: no such window: target window already closed
from unknown error: web view not found
  (Session info: chrome=110.0.5481.104)
Build info: version: '3.141.59', revision: 'e82be7d358', time: '2018-11-14T08:17:03'
System info: host: 'DESKTOP-5M7AM2E', ip: '192.168.0.139', os.name: 'Windows 11', os.arch: 'amd64', os.version: '10.0', java.version: '17.0.3'
Driver info: org.openqa.selenium.chrome.ChromeDriver
Capabilities {acceptInsecureCerts: false, browserName: chrome, browserVersion: 110.0.5481.104, chrome: {chromedriverVersion: 110.0.5481.77 (65ed616c6e8e..., userDataDir: C:\Users\ZAIGOP~1\AppData\L...}, goog:chromeOptions: {debuggerAddress: localhost:50393}, javascriptEnabled: true, networkConnectionEnabled: false, pageLoadStrategy: normal, platform: WINDOWS, platformName: WINDOWS, proxy: Proxy(), setWindowRect: true, strictFileInteractability: false, timeouts: {implicit: 0, pageLoad: 300000, script: 30000}, unhandledPromptBehavior: dismiss and notify, webauthn:extension:credBlob: true, webauthn:extension:largeBlob: true, webauthn:virtualAuthenticators: true}
Session ID: 7d46541a5239f5b8359cca5848900923
*** Element info: {Using=xpath, value=(//*[@class='p-2 pt-1 pb-1 text-ellipsis'])[6]}
at org.openqa.selenium.remote.http.W3CHttpResponseCodec.createException(W3CHttpResponseCodec.java:187)
at org.openqa.selenium.remote.http.W3CHttpResponseCodec.decode(W3CHttpResponseCodec.java:122)
at org.openqa.selenium.remote.http.W3CHttpResponseCodec.decode(W3CHttpResponseCodec.java:49)
at org.openqa.selenium.remote.HttpCommandExecutor.execute(HttpCommandExecutor.java:158)
at org.openqa.selenium.remote.service.DriverCommandExecutor.execute(DriverCommandExecutor.java:83)
at org.openqa.selenium.remote.RemoteWebDriver.execute(RemoteWebDriver.java:552)
at org.openqa.selenium.remote.RemoteWebDriver.findElement(RemoteWebDriver.java:323)
at org.openqa.selenium.remote.RemoteWebDriver.findElementByXPath(RemoteWebDriver.java:428)
at org.openqa.selenium.By$ByXPath.findElement(By.java:353)
at org.openqa.selenium.remote.RemoteWebDriver.findElement(RemoteWebDriver.java:315)
at org.openqa.selenium.support.ui.ExpectedConditions$7.apply(ExpectedConditions.java:205)
at org.openqa.selenium.support.ui.ExpectedConditions$7.apply(ExpectedConditions.java:201)
at org.openqa.selenium.support.ui.FluentWait.until(FluentWait.java:249)
... 31 more
... Removed 31 stack frames]]>
    </failure>
  </testcase> <!-- jobCompleteStatus -->
  <testcase classname="org.test.GlobalContactJob" name="contactMandatoryValidation" time="0.0">
    <ignored/>
  </testcase> <!-- contactMandatoryValidation -->
  <testcase classname="org.test.GlobalContactJob" name="searchCustomerName" time="0.0">
    <ignored/>
  </testcase> <!-- searchCustomerName -->
  <testcase classname="org.test.GlobalContactJob" name="searchInvalid" time="0.0">
    <ignored/>
  </testcase> <!-- searchInvalid -->
  <testcase classname="org.test.GlobalContactJob" name="createJob_FromDateandTime_ToDateandTime" time="0.0">
    <ignored/>
  </testcase> <!-- createJob_FromDateandTime_ToDateandTime -->
  <testcase classname="org.test.GlobalContactJob" name="mandatoryValidationLocation" time="0.0">
    <ignored/>
  </testcase> <!-- mandatoryValidationLocation -->
  <testcase classname="org.test.GlobalContactJob" name="searchFilterByDate" time="0.0">
    <ignored/>
  </testcase> <!-- searchFilterByDate -->
  <testcase classname="org.test.GlobalContactJob" name="jobDispatchedStatus" time="0.0">
    <ignored/>
  </testcase> <!-- jobDispatchedStatus -->
  <testcase classname="org.test.GlobalContactJob" name="editmaximumValidationLocation" time="0.0">
    <ignored/>
  </testcase> <!-- editmaximumValidationLocation -->
  <testcase classname="org.test.GlobalContactJob" name="jobUnassignedStatus" time="0.0">
    <ignored/>
  </testcase> <!-- jobUnassignedStatus -->
  <testcase classname="org.test.GlobalContactJob" name="searchLocation" time="0.0">
    <ignored/>
  </testcase> <!-- searchLocation -->
  <testcase classname="org.test.GlobalContactJob" name="maximumValidationTittle" time="0.0">
    <ignored/>
  </testcase> <!-- maximumValidationTittle -->
  <testcase classname="org.test.GlobalContactJob" name="searchJobNo" time="0.0">
    <ignored/>
  </testcase> <!-- searchJobNo -->
  <testcase classname="org.test.GlobalContactJob" name="maximumValidationNotes" time="0.0">
    <ignored/>
  </testcase> <!-- maximumValidationNotes -->
  <testcase classname="org.test.GlobalContactJob" name="dispatchedJob" time="0.0">
    <ignored/>
  </testcase> <!-- dispatchedJob -->
  <testcase classname="org.test.GlobalContactJob" name="editJobwithFromDateFromTime" time="0.0">
    <ignored/>
  </testcase> <!-- editJobwithFromDateFromTime -->
  <testcase classname="org.test.GlobalContactJob" name="editmandatoryValidationDescription" time="0.0">
    <ignored/>
  </testcase> <!-- editmandatoryValidationDescription -->
  <testcase classname="org.test.GlobalContactJob" name="startedJob" time="0.0">
    <ignored/>
  </testcase> <!-- startedJob -->
  <testcase classname="org.test.GlobalContactJob" name="editsmaxTagLimitValidation" time="0.0">
    <ignored/>
  </testcase> <!-- editsmaxTagLimitValidation -->
  <testcase classname="org.test.GlobalContactJob" name="editmaximumValidationTittle" time="0.0">
    <ignored/>
  </testcase> <!-- editmaximumValidationTittle -->
  <testcase classname="org.test.GlobalContactJob" name="autoCompleteContactCreation" time="0.0">
    <ignored/>
  </testcase> <!-- autoCompleteContactCreation -->
  <testcase classname="org.test.GlobalContactJob" name="editmaximumTagValidation" time="0.0">
    <ignored/>
  </testcase> <!-- editmaximumTagValidation -->
  <testcase classname="org.test.GlobalContactJob" name="unsssignedJob" time="0.0">
    <ignored/>
  </testcase> <!-- unsssignedJob -->
  <testcase classname="org.test.GlobalContactJob" name="labelEditValidation" time="0.0">
    <ignored/>
  </testcase> <!-- labelEditValidation -->
  <testcase classname="org.test.GlobalContactJob" name="cancelledJob" time="0.0">
    <ignored/>
  </testcase> <!-- cancelledJob -->
  <testcase classname="org.test.GlobalContactJob" name="jobScheduleStatus" time="0.0">
    <ignored/>
  </testcase> <!-- jobScheduleStatus -->
  <testcase classname="org.test.GlobalContactJob" name="mandatoryValidationDescription" time="0.0">
    <ignored/>
  </testcase> <!-- mandatoryValidationDescription -->
  <testcase classname="org.test.GlobalContactJob" name="editmandatoryValidationLocation" time="0.0">
    <ignored/>
  </testcase> <!-- editmandatoryValidationLocation -->
  <testcase classname="org.test.GlobalContactJob" name="jobCancelledStatus" time="0.0">
    <ignored/>
  </testcase> <!-- jobCancelledStatus -->
  <testcase classname="org.test.GlobalContactJob" name="editmaximumValidationNotes" time="0.0">
    <ignored/>
  </testcase> <!-- editmaximumValidationNotes -->
  <testcase classname="org.test.GlobalContactJob" name="jobModule" time="0.0">
    <ignored/>
  </testcase> <!-- jobModule -->
  <testcase classname="org.test.GlobalContactJob" name="duplicateTagsValidation" time="0.0">
    <ignored/>
  </testcase> <!-- duplicateTagsValidation -->
  <testcase classname="org.test.GlobalContactJob" name="labelValidation" time="0.0">
    <ignored/>
  </testcase> <!-- labelValidation -->
  <testcase classname="org.test.GlobalContactJob" name="maxTagLimitValidation" time="0.0">
    <ignored/>
  </testcase> <!-- maxTagLimitValidation -->
  <testcase classname="org.test.GlobalContactJob" name="maximumValidationLocation" time="0.0">
    <ignored/>
  </testcase> <!-- maximumValidationLocation -->
  <testcase classname="org.test.GlobalContactJob" name="createButton" time="0.0">
    <ignored/>
  </testcase> <!-- createButton -->
  <testcase classname="org.test.GlobalContactJob" name="maximumValidationDescription" time="0.0">
    <ignored/>
  </testcase> <!-- maximumValidationDescription -->
  <testcase classname="org.test.GlobalContactJob" name="updateButton" time="0.0">
    <ignored/>
  </testcase> <!-- updateButton -->
  <testcase classname="org.test.GlobalContactJob" name="completedJob" time="0.0">
    <ignored/>
  </testcase> <!-- completedJob -->
  <testcase classname="org.test.GlobalContactJob" name="loginPage" time="0.0">
    <ignored/>
  </testcase> <!-- loginPage -->
  <testcase classname="org.test.GlobalContactJob" name="editmaximumValidationDescription" time="0.0">
    <ignored/>
  </testcase> <!-- editmaximumValidationDescription -->
  <testcase classname="org.test.GlobalContactJob" name="editduplicateTagsValidation" time="0.0">
    <ignored/>
  </testcase> <!-- editduplicateTagsValidation -->
  <testcase classname="org.test.GlobalContactJob" name="maximumTagValidation" time="0.0">
    <ignored/>
  </testcase> <!-- maximumTagValidation -->
  <testcase classname="org.test.GlobalContactJob" name="jobStartedStatus" time="0.0">
    <ignored/>
  </testcase> <!-- jobStartedStatus -->
</testsuite> <!-- Default test(failed) -->
