<?xml version="1.0" encoding="UTF-8"?>
<!-- Generated by org.testng.reporters.JUnitXMLReporter -->
<testsuite ignored="0" hostname="DESKTOP-5M7AM2E" failures="6" tests="51" name="Default test" time="106.069" errors="0" timestamp="2023-05-02T11:57:52 IST">
  <testcase classname="org.test.TeamUserContractor" name="@AfterMethod deleteAfterCatch" time="0.003">
    <failure type="org.openqa.selenium.NoSuchWindowException" message="no such window: target window already closed
from unknown error: web view not found
  (Session info: chrome=112.0.5615.138)
Build info: version: &amp;apos;3.141.5&amp;apos;, revision: &amp;apos;d54ebd709a&amp;apos;, time: &amp;apos;2018-11-06T11:42:16&amp;apos;
System info: host: &amp;apos;DESKTOP-5M7AM2E&amp;apos;, ip: &amp;apos;192.168.56.1&amp;apos;, os.name: &amp;apos;Windows 11&amp;apos;, os.arch: &amp;apos;amd64&amp;apos;, os.version: &amp;apos;10.0&amp;apos;, java.version: &amp;apos;17.0.3&amp;apos;
Driver info: org.openqa.selenium.chrome.ChromeDriver
Capabilities {acceptInsecureCerts: false, browserName: chrome, browserVersion: 112.0.5615.138, chrome: {chromedriverVersion: 112.0.5615.49 (bd2a7bcb881c..., userDataDir: C:\Users\ZAIGOP~1\AppData\L...}, goog:chromeOptions: {debuggerAddress: localhost:57418}, javascriptEnabled: true, networkConnectionEnabled: false, pageLoadStrategy: normal, platform: WINDOWS, platformName: WINDOWS, proxy: Proxy(), setWindowRect: true, strictFileInteractability: false, timeouts: {implicit: 0, pageLoad: 300000, script: 30000}, unhandledPromptBehavior: dismiss and notify, webauthn:extension:credBlob: true, webauthn:extension:largeBlob: true, webauthn:extension:minPinLength: true, webauthn:extension:prf: true, webauthn:virtualAuthenticators: true}
Session ID: c09642942b964bec3243145ad7c85452">
      <![CDATA[org.openqa.selenium.NoSuchWindowException: no such window: target window already closed
from unknown error: web view not found
  (Session info: chrome=112.0.5615.138)
Build info: version: '3.141.5', revision: 'd54ebd709a', time: '2018-11-06T11:42:16'
System info: host: 'DESKTOP-5M7AM2E', ip: '192.168.56.1', os.name: 'Windows 11', os.arch: 'amd64', os.version: '10.0', java.version: '17.0.3'
Driver info: org.openqa.selenium.chrome.ChromeDriver
Capabilities {acceptInsecureCerts: false, browserName: chrome, browserVersion: 112.0.5615.138, chrome: {chromedriverVersion: 112.0.5615.49 (bd2a7bcb881c..., userDataDir: C:\Users\ZAIGOP~1\AppData\L...}, goog:chromeOptions: {debuggerAddress: localhost:57418}, javascriptEnabled: true, networkConnectionEnabled: false, pageLoadStrategy: normal, platform: WINDOWS, platformName: WINDOWS, proxy: Proxy(), setWindowRect: true, strictFileInteractability: false, timeouts: {implicit: 0, pageLoad: 300000, script: 30000}, unhandledPromptBehavior: dismiss and notify, webauthn:extension:credBlob: true, webauthn:extension:largeBlob: true, webauthn:extension:minPinLength: true, webauthn:extension:prf: true, webauthn:virtualAuthenticators: true}
Session ID: c09642942b964bec3243145ad7c85452
at java.base/jdk.internal.reflect.NativeConstructorAccessorImpl.newInstance0(Native Method)
at java.base/jdk.internal.reflect.NativeConstructorAccessorImpl.newInstance(NativeConstructorAccessorImpl.java:77)
at java.base/jdk.internal.reflect.DelegatingConstructorAccessorImpl.newInstance(DelegatingConstructorAccessorImpl.java:45)
at java.base/java.lang.reflect.Constructor.newInstanceWithCaller(Constructor.java:499)
at java.base/java.lang.reflect.Constructor.newInstance(Constructor.java:480)
at org.openqa.selenium.remote.http.W3CHttpResponseCodec.createException(W3CHttpResponseCodec.java:187)
at org.openqa.selenium.remote.http.W3CHttpResponseCodec.decode(W3CHttpResponseCodec.java:122)
at org.openqa.selenium.remote.http.W3CHttpResponseCodec.decode(W3CHttpResponseCodec.java:49)
at org.openqa.selenium.remote.HttpCommandExecutor.execute(HttpCommandExecutor.java:158)
at org.openqa.selenium.remote.service.DriverCommandExecutor.execute(DriverCommandExecutor.java:83)
at org.openqa.selenium.remote.RemoteWebDriver.execute(RemoteWebDriver.java:552)
at org.openqa.selenium.remote.RemoteWebDriver.execute(RemoteWebDriver.java:609)
at org.openqa.selenium.remote.RemoteWebDriver$RemoteWebDriverOptions.deleteAllCookies(RemoteWebDriver.java:694)
at org.test.TeamUserContractor.deleteAfterCatch(TeamUserContractor.java:56)
at jdk.internal.reflect.GeneratedMethodAccessor4.invoke(Unknown Source)
at java.base/jdk.internal.reflect.DelegatingMethodAccessorImpl.invoke(DelegatingMethodAccessorImpl.java:43)
at java.base/java.lang.reflect.Method.invoke(Method.java:568)
at org.testng.internal.MethodInvocationHelper.invokeMethod(MethodInvocationHelper.java:133)
at org.testng.internal.MethodInvocationHelper.invokeMethodConsideringTimeout(MethodInvocationHelper.java:62)
at org.testng.internal.ConfigInvoker.invokeConfigurationMethod(ConfigInvoker.java:385)
at org.testng.internal.ConfigInvoker.invokeConfigurations(ConfigInvoker.java:321)
at org.testng.internal.TestInvoker.runConfigMethods(TestInvoker.java:700)
at org.testng.internal.TestInvoker.runAfterGroupsConfigurations(TestInvoker.java:676)
at org.testng.internal.TestInvoker.invokeMethod(TestInvoker.java:660)
at org.testng.internal.TestInvoker.invokeTestMethod(TestInvoker.java:173)
at org.testng.internal.MethodRunner.runInSequence(MethodRunner.java:46)
at org.testng.internal.TestInvoker$MethodInvocationAgent.invoke(TestInvoker.java:824)
at org.testng.internal.TestInvoker.invokeTestMethods(TestInvoker.java:146)
at org.testng.internal.TestMethodWorker.invokeTestMethods(TestMethodWorker.java:146)
at org.testng.internal.TestMethodWorker.run(TestMethodWorker.java:128)
at java.base/java.util.ArrayList.forEach(ArrayList.java:1511)
at org.testng.TestRunner.privateRun(TestRunner.java:794)
at org.testng.TestRunner.run(TestRunner.java:596)
at org.testng.SuiteRunner.runTest(SuiteRunner.java:377)
at org.testng.SuiteRunner.runSequentially(SuiteRunner.java:371)
at org.testng.SuiteRunner.privateRun(SuiteRunner.java:332)
at org.testng.SuiteRunner.run(SuiteRunner.java:276)
at org.testng.SuiteRunnerWorker.runSuite(SuiteRunnerWorker.java:53)
at org.testng.SuiteRunnerWorker.run(SuiteRunnerWorker.java:96)
at org.testng.TestNG.runSuitesSequentially(TestNG.java:1212)
at org.testng.TestNG.runSuitesLocally(TestNG.java:1134)
at org.testng.TestNG.runSuites(TestNG.java:1063)
at org.testng.TestNG.run(TestNG.java:1031)
at org.testng.remote.AbstractRemoteTestNG.run(AbstractRemoteTestNG.java:115)
at org.testng.remote.RemoteTestNG.initAndRun(RemoteTestNG.java:251)
at org.testng.remote.RemoteTestNG.main(RemoteTestNG.java:77)
]]>
    </failure>
  </testcase> <!-- @AfterMethod deleteAfterCatch -->
  <testcase classname="org.test.TeamUserContractor" name="@BeforeMethod deleteBeforeCatch" time="-1.683008871885E9">
    <skipped/>
  </testcase> <!-- @BeforeMethod deleteBeforeCatch -->
  <testcase classname="org.test.TeamUserContractor" name="@AfterMethod deleteAfterCatch" time="-1.683008871888E9">
    <skipped/>
  </testcase> <!-- @AfterMethod deleteAfterCatch -->
  <testcase classname="org.test.TeamUserContractor" name="@BeforeMethod deleteBeforeCatch" time="-1.683008871889E9">
    <skipped/>
  </testcase> <!-- @BeforeMethod deleteBeforeCatch -->
  <testcase classname="org.test.TeamUserContractor" name="@AfterMethod deleteAfterCatch" time="-1.683008871891E9">
    <skipped/>
  </testcase> <!-- @AfterMethod deleteAfterCatch -->
  <testcase classname="org.test.TeamUserContractor" name="@BeforeMethod deleteBeforeCatch" time="-1.683008871892E9">
    <skipped/>
  </testcase> <!-- @BeforeMethod deleteBeforeCatch -->
  <testcase classname="org.test.TeamUserContractor" name="@AfterMethod deleteAfterCatch" time="-1.683008871894E9">
    <skipped/>
  </testcase> <!-- @AfterMethod deleteAfterCatch -->
  <testcase classname="org.test.TeamUserContractor" name="@BeforeMethod deleteBeforeCatch" time="-1.683008871895E9">
    <skipped/>
  </testcase> <!-- @BeforeMethod deleteBeforeCatch -->
  <testcase classname="org.test.TeamUserContractor" name="@AfterMethod deleteAfterCatch" time="-1.683008871898E9">
    <skipped/>
  </testcase> <!-- @AfterMethod deleteAfterCatch -->
  <testcase classname="org.test.TeamUserContractor" name="@BeforeMethod deleteBeforeCatch" time="-1.683008871899E9">
    <skipped/>
  </testcase> <!-- @BeforeMethod deleteBeforeCatch -->
  <testcase classname="org.test.TeamUserContractor" name="@AfterMethod deleteAfterCatch" time="-1.683008871902E9">
    <skipped/>
  </testcase> <!-- @AfterMethod deleteAfterCatch -->
  <testcase classname="org.test.TeamUserContractor" name="@BeforeMethod deleteBeforeCatch" time="-1.683008871903E9">
    <skipped/>
  </testcase> <!-- @BeforeMethod deleteBeforeCatch -->
  <testcase classname="org.test.TeamUserContractor" name="@AfterMethod deleteAfterCatch" time="-1.683008871907E9">
    <skipped/>
  </testcase> <!-- @AfterMethod deleteAfterCatch -->
  <testcase classname="org.test.TeamUserContractor" name="@BeforeMethod deleteBeforeCatch" time="-1.683008871908E9">
    <skipped/>
  </testcase> <!-- @BeforeMethod deleteBeforeCatch -->
  <testcase classname="org.test.TeamUserContractor" name="@AfterMethod deleteAfterCatch" time="-1.683008871911E9">
    <skipped/>
  </testcase> <!-- @AfterMethod deleteAfterCatch -->
  <testcase classname="org.test.TeamUserContractor" name="@BeforeMethod deleteBeforeCatch" time="-1.683008871911E9">
    <skipped/>
  </testcase> <!-- @BeforeMethod deleteBeforeCatch -->
  <testcase classname="org.test.TeamUserContractor" name="@AfterMethod deleteAfterCatch" time="-1.683008871913E9">
    <skipped/>
  </testcase> <!-- @AfterMethod deleteAfterCatch -->
  <testcase classname="org.test.TeamUserContractor" name="@BeforeMethod deleteBeforeCatch" time="-1.683008871915E9">
    <skipped/>
  </testcase> <!-- @BeforeMethod deleteBeforeCatch -->
  <testcase classname="org.test.TeamUserContractor" name="@AfterMethod deleteAfterCatch" time="-1.683008871916E9">
    <skipped/>
  </testcase> <!-- @AfterMethod deleteAfterCatch -->
  <testcase classname="org.test.TeamUserContractor" name="@BeforeMethod deleteBeforeCatch" time="-1.683008871917E9">
    <skipped/>
  </testcase> <!-- @BeforeMethod deleteBeforeCatch -->
  <testcase classname="org.test.TeamUserContractor" name="@AfterMethod deleteAfterCatch" time="-1.683008871918E9">
    <skipped/>
  </testcase> <!-- @AfterMethod deleteAfterCatch -->
  <testcase classname="org.test.TeamUserContractor" name="@BeforeMethod deleteBeforeCatch" time="-1.683008871919E9">
    <skipped/>
  </testcase> <!-- @BeforeMethod deleteBeforeCatch -->
  <testcase classname="org.test.TeamUserContractor" name="@AfterMethod deleteAfterCatch" time="-1.68300887192E9">
    <skipped/>
  </testcase> <!-- @AfterMethod deleteAfterCatch -->
  <testcase classname="org.test.TeamUserContractor" name="@BeforeMethod deleteBeforeCatch" time="-1.683008871921E9">
    <skipped/>
  </testcase> <!-- @BeforeMethod deleteBeforeCatch -->
  <testcase classname="org.test.TeamUserContractor" name="@AfterMethod deleteAfterCatch" time="-1.683008871922E9">
    <skipped/>
  </testcase> <!-- @AfterMethod deleteAfterCatch -->
  <testcase classname="org.test.TeamUserContractor" name="@BeforeMethod deleteBeforeCatch" time="-1.683008871923E9">
    <skipped/>
  </testcase> <!-- @BeforeMethod deleteBeforeCatch -->
  <testcase classname="org.test.TeamUserContractor" name="@AfterMethod deleteAfterCatch" time="-1.683008871924E9">
    <skipped/>
  </testcase> <!-- @AfterMethod deleteAfterCatch -->
  <testcase classname="org.test.TeamUserContractor" name="@BeforeMethod deleteBeforeCatch" time="-1.683008871925E9">
    <skipped/>
  </testcase> <!-- @BeforeMethod deleteBeforeCatch -->
  <testcase classname="org.test.TeamUserContractor" name="@AfterMethod deleteAfterCatch" time="-1.683008871926E9">
    <skipped/>
  </testcase> <!-- @AfterMethod deleteAfterCatch -->
  <testcase classname="org.test.TeamUserContractor" name="@BeforeMethod deleteBeforeCatch" time="-1.683008871927E9">
    <skipped/>
  </testcase> <!-- @BeforeMethod deleteBeforeCatch -->
  <testcase classname="org.test.TeamUserContractor" name="@AfterMethod deleteAfterCatch" time="-1.683008871928E9">
    <skipped/>
  </testcase> <!-- @AfterMethod deleteAfterCatch -->
  <testcase classname="org.test.TeamUserContractor" name="@BeforeMethod deleteBeforeCatch" time="-1.683008871929E9">
    <skipped/>
  </testcase> <!-- @BeforeMethod deleteBeforeCatch -->
  <testcase classname="org.test.TeamUserContractor" name="@AfterMethod deleteAfterCatch" time="-1.68300887193E9">
    <skipped/>
  </testcase> <!-- @AfterMethod deleteAfterCatch -->
  <testcase classname="org.test.TeamUserContractor" name="@BeforeMethod deleteBeforeCatch" time="-1.683008871932E9">
    <skipped/>
  </testcase> <!-- @BeforeMethod deleteBeforeCatch -->
  <testcase classname="org.test.TeamUserContractor" name="@AfterMethod deleteAfterCatch" time="-1.683008871934E9">
    <skipped/>
  </testcase> <!-- @AfterMethod deleteAfterCatch -->
  <testcase classname="org.test.TeamUserContractor" name="@BeforeMethod deleteBeforeCatch" time="-1.683008871934E9">
    <skipped/>
  </testcase> <!-- @BeforeMethod deleteBeforeCatch -->
  <testcase classname="org.test.TeamUserContractor" name="@AfterMethod deleteAfterCatch" time="-1.683008871936E9">
    <skipped/>
  </testcase> <!-- @AfterMethod deleteAfterCatch -->
  <testcase classname="org.test.TeamUserContractor" name="@BeforeMethod deleteBeforeCatch" time="-1.683008871937E9">
    <skipped/>
  </testcase> <!-- @BeforeMethod deleteBeforeCatch -->
  <testcase classname="org.test.TeamUserContractor" name="@AfterMethod deleteAfterCatch" time="-1.683008871938E9">
    <skipped/>
  </testcase> <!-- @AfterMethod deleteAfterCatch -->
  <testcase classname="org.test.TeamUserContractor" name="@BeforeMethod deleteBeforeCatch" time="-1.683008871939E9">
    <skipped/>
  </testcase> <!-- @BeforeMethod deleteBeforeCatch -->
  <testcase classname="org.test.TeamUserContractor" name="@AfterMethod deleteAfterCatch" time="-1.68300887194E9">
    <skipped/>
  </testcase> <!-- @AfterMethod deleteAfterCatch -->
  <testcase classname="org.test.TeamUserContractor" name="@BeforeMethod deleteBeforeCatch" time="-1.683008871941E9">
    <skipped/>
  </testcase> <!-- @BeforeMethod deleteBeforeCatch -->
  <testcase classname="org.test.TeamUserContractor" name="@AfterMethod deleteAfterCatch" time="-1.683008871943E9">
    <skipped/>
  </testcase> <!-- @AfterMethod deleteAfterCatch -->
  <testcase classname="org.test.TeamUserContractor" name="@BeforeMethod deleteBeforeCatch" time="-1.683008871943E9">
    <skipped/>
  </testcase> <!-- @BeforeMethod deleteBeforeCatch -->
  <testcase classname="org.test.TeamUserContractor" name="@AfterMethod deleteAfterCatch" time="-1.683008871945E9">
    <skipped/>
  </testcase> <!-- @AfterMethod deleteAfterCatch -->
  <testcase classname="org.test.TeamUserContractor" name="@BeforeMethod deleteBeforeCatch" time="-1.683008871946E9">
    <skipped/>
  </testcase> <!-- @BeforeMethod deleteBeforeCatch -->
  <testcase classname="org.test.TeamUserContractor" name="@AfterMethod deleteAfterCatch" time="-1.683008871948E9">
    <skipped/>
  </testcase> <!-- @AfterMethod deleteAfterCatch -->
  <testcase classname="org.test.TeamUserContractor" name="@BeforeMethod deleteBeforeCatch" time="-1.683008871949E9">
    <skipped/>
  </testcase> <!-- @BeforeMethod deleteBeforeCatch -->
  <testcase classname="org.test.TeamUserContractor" name="@AfterMethod deleteAfterCatch" time="-1.683008871951E9">
    <skipped/>
  </testcase> <!-- @AfterMethod deleteAfterCatch -->
  <testcase classname="org.test.TeamUserContractor" name="@BeforeMethod deleteBeforeCatch" time="-1.683008871952E9">
    <skipped/>
  </testcase> <!-- @BeforeMethod deleteBeforeCatch -->
  <testcase classname="org.test.TeamUserContractor" name="@AfterMethod deleteAfterCatch" time="-1.683008871954E9">
    <skipped/>
  </testcase> <!-- @AfterMethod deleteAfterCatch -->
  <testcase classname="org.test.TeamUserContractor" name="@BeforeMethod deleteBeforeCatch" time="-1.683008871955E9">
    <skipped/>
  </testcase> <!-- @BeforeMethod deleteBeforeCatch -->
  <testcase classname="org.test.TeamUserContractor" name="@AfterMethod deleteAfterCatch" time="-1.683008871957E9">
    <skipped/>
  </testcase> <!-- @AfterMethod deleteAfterCatch -->
  <testcase classname="org.test.TeamUserContractor" name="@BeforeMethod deleteBeforeCatch" time="-1.683008871957E9">
    <skipped/>
  </testcase> <!-- @BeforeMethod deleteBeforeCatch -->
  <testcase classname="org.test.TeamUserContractor" name="@AfterMethod deleteAfterCatch" time="-1.683008871959E9">
    <skipped/>
  </testcase> <!-- @AfterMethod deleteAfterCatch -->
  <testcase classname="org.test.TeamUserContractor" name="@BeforeMethod deleteBeforeCatch" time="-1.683008871959E9">
    <skipped/>
  </testcase> <!-- @BeforeMethod deleteBeforeCatch -->
  <testcase classname="org.test.TeamUserContractor" name="@AfterMethod deleteAfterCatch" time="-1.683008871961E9">
    <skipped/>
  </testcase> <!-- @AfterMethod deleteAfterCatch -->
  <testcase classname="org.test.TeamUserContractor" name="@BeforeMethod deleteBeforeCatch" time="-1.683008871961E9">
    <skipped/>
  </testcase> <!-- @BeforeMethod deleteBeforeCatch -->
  <testcase classname="org.test.TeamUserContractor" name="@AfterMethod deleteAfterCatch" time="-1.683008871962E9">
    <skipped/>
  </testcase> <!-- @AfterMethod deleteAfterCatch -->
  <testcase classname="org.test.TeamUserContractor" name="@BeforeMethod deleteBeforeCatch" time="-1.683008871963E9">
    <skipped/>
  </testcase> <!-- @BeforeMethod deleteBeforeCatch -->
  <testcase classname="org.test.TeamUserContractor" name="@AfterMethod deleteAfterCatch" time="-1.683008871964E9">
    <skipped/>
  </testcase> <!-- @AfterMethod deleteAfterCatch -->
  <testcase classname="org.test.TeamUserContractor" name="@BeforeMethod deleteBeforeCatch" time="-1.683008871965E9">
    <skipped/>
  </testcase> <!-- @BeforeMethod deleteBeforeCatch -->
  <testcase classname="org.test.TeamUserContractor" name="@AfterMethod deleteAfterCatch" time="-1.683008871967E9">
    <skipped/>
  </testcase> <!-- @AfterMethod deleteAfterCatch -->
  <testcase classname="org.test.TeamUserContractor" name="@BeforeMethod deleteBeforeCatch" time="-1.683008871968E9">
    <skipped/>
  </testcase> <!-- @BeforeMethod deleteBeforeCatch -->
  <testcase classname="org.test.TeamUserContractor" name="@AfterMethod deleteAfterCatch" time="-1.68300887197E9">
    <skipped/>
  </testcase> <!-- @AfterMethod deleteAfterCatch -->
  <testcase classname="org.test.TeamUserContractor" name="@BeforeMethod deleteBeforeCatch" time="-1.683008871971E9">
    <skipped/>
  </testcase> <!-- @BeforeMethod deleteBeforeCatch -->
  <testcase classname="org.test.TeamUserContractor" name="@AfterMethod deleteAfterCatch" time="-1.683008871973E9">
    <skipped/>
  </testcase> <!-- @AfterMethod deleteAfterCatch -->
  <testcase classname="org.test.TeamUserContractor" name="@AfterClass exitBrowser" time="-1.683008871974E9">
    <skipped/>
  </testcase> <!-- @AfterClass exitBrowser -->
  <testcase classname="org.test.TeamUserContractor" name="verify" time="33.534"/>
  <testcase classname="org.test.TeamUserContractor" name="TeamUserPage" time="4.978"/>
  <testcase classname="org.test.TeamUserContractor" name="landingOnCreateForm" time="0.621"/>
  <testcase classname="org.test.TeamUserContractor" name="mandatoryValidationContractorFirstNameField" time="0.407"/>
  <testcase classname="org.test.TeamUserContractor" name="mandatoryValidationContractorEmailField" time="0.09"/>
  <testcase classname="org.test.TeamUserContractor" name="mandatoryOrganizationName" time="0.07"/>
  <testcase classname="org.test.TeamUserContractor" name="maxValidationContractorFirstNameField" time="0.719"/>
  <testcase classname="org.test.TeamUserContractor" name="maxValidationContractorLastNameField" time="0.674"/>
  <testcase classname="org.test.TeamUserContractor" name="invalidContractorEmailValidation" time="0.213"/>
  <testcase classname="org.test.TeamUserContractor" name="maxValidationContractorEmailFields" time="0.626"/>
  <testcase classname="org.test.TeamUserContractor" name="minValidatonContractorPhoneNumber" time="0.21"/>
  <testcase classname="org.test.TeamUserContractor" name="specialCharacterPhoneNumberField" time="0.202"/>
  <testcase classname="org.test.TeamUserContractor" name="maxValidatonContractorPhoneNumber" time="10.819">
    <failure type="org.openqa.selenium.TimeoutException" message="Expected condition failed: waiting for visibility of element located by By.id: business_unit_id-autocomplete-list (tried for 10 second(s) with 500 milliseconds interval)">
      <![CDATA[org.openqa.selenium.TimeoutException: Expected condition failed: waiting for visibility of element located by By.id: business_unit_id-autocomplete-list (tried for 10 second(s) with 500 milliseconds interval)
at org.openqa.selenium.support.ui.WebDriverWait.timeoutException(WebDriverWait.java:95)
at org.openqa.selenium.support.ui.FluentWait.until(FluentWait.java:272)
at com.zaigo.pageobjects.TeamUserPage.mouseActionClick(TeamUserPage.java:93)
at com.zaigo.pageobjects.TeamUserPage.validateFillData(TeamUserPage.java:642)
at org.test.TeamUserContractor.maxValidatonContractorPhoneNumber(TeamUserContractor.java:358)
at java.base/jdk.internal.reflect.NativeMethodAccessorImpl.invoke0(Native Method)
at java.base/jdk.internal.reflect.NativeMethodAccessorImpl.invoke(NativeMethodAccessorImpl.java:77)
at java.base/jdk.internal.reflect.DelegatingMethodAccessorImpl.invoke(DelegatingMethodAccessorImpl.java:43)
at java.base/java.lang.reflect.Method.invoke(Method.java:568)
at org.testng.internal.MethodInvocationHelper.invokeMethod(MethodInvocationHelper.java:133)
at org.testng.internal.TestInvoker.invokeMethod(TestInvoker.java:598)
at org.testng.internal.TestInvoker.invokeTestMethod(TestInvoker.java:173)
at org.testng.internal.MethodRunner.runInSequence(MethodRunner.java:46)
at org.testng.internal.TestInvoker$MethodInvocationAgent.invoke(TestInvoker.java:824)
at org.testng.internal.TestInvoker.invokeTestMethods(TestInvoker.java:146)
at org.testng.internal.TestMethodWorker.invokeTestMethods(TestMethodWorker.java:146)
at org.testng.internal.TestMethodWorker.run(TestMethodWorker.java:128)
at java.base/java.util.ArrayList.forEach(ArrayList.java:1511)
at org.testng.TestRunner.privateRun(TestRunner.java:794)
at org.testng.TestRunner.run(TestRunner.java:596)
at org.testng.SuiteRunner.runTest(SuiteRunner.java:377)
at org.testng.SuiteRunner.runSequentially(SuiteRunner.java:371)
at org.testng.SuiteRunner.privateRun(SuiteRunner.java:332)
at org.testng.SuiteRunner.run(SuiteRunner.java:276)
at org.testng.SuiteRunnerWorker.runSuite(SuiteRunnerWorker.java:53)
at org.testng.SuiteRunnerWorker.run(SuiteRunnerWorker.java:96)
at org.testng.TestNG.runSuitesSequentially(TestNG.java:1212)
at org.testng.TestNG.runSuitesLocally(TestNG.java:1134)
at org.testng.TestNG.runSuites(TestNG.java:1063)
at org.testng.TestNG.run(TestNG.java:1031)
at org.testng.remote.AbstractRemoteTestNG.run(AbstractRemoteTestNG.java:115)
at org.testng.remote.RemoteTestNG.initAndRun(RemoteTestNG.java:251)
at org.testng.remote.RemoteTestNG.main(RemoteTestNG.java:77)
Caused by: org.openqa.selenium.NoSuchElementException: no such element: Unable to locate element: {"method":"css selector","selector":"#business_unit_id\-autocomplete\-list"}
  (Session info: chrome=112.0.5615.138)
For documentation on this error, please visit: http://seleniumhq.org/exceptions/no_such_element.html
Build info: version: '3.141.5', revision: 'd54ebd709a', time: '2018-11-06T11:42:16'
System info: host: 'DESKTOP-5M7AM2E', ip: '192.168.56.1', os.name: 'Windows 11', os.arch: 'amd64', os.version: '10.0', java.version: '17.0.3'
Driver info: org.openqa.selenium.chrome.ChromeDriver
Capabilities {acceptInsecureCerts: false, browserName: chrome, browserVersion: 112.0.5615.138, chrome: {chromedriverVersion: 112.0.5615.49 (bd2a7bcb881c..., userDataDir: C:\Users\ZAIGOP~1\AppData\L...}, goog:chromeOptions: {debuggerAddress: localhost:57418}, javascriptEnabled: true, networkConnectionEnabled: false, pageLoadStrategy: normal, platform: WINDOWS, platformName: WINDOWS, proxy: Proxy(), setWindowRect: true, strictFileInteractability: false, timeouts: {implicit: 0, pageLoad: 300000, script: 30000}, unhandledPromptBehavior: dismiss and notify, webauthn:extension:credBlob: true, webauthn:extension:largeBlob: true, webauthn:extension:minPinLength: true, webauthn:extension:prf: true, webauthn:virtualAuthenticators: true}
Session ID: c09642942b964bec3243145ad7c85452
*** Element info: {Using=id, value=business_unit_id-autocomplete-list}
at jdk.internal.reflect.GeneratedConstructorAccessor13.newInstance(Unknown Source)
at java.base/jdk.internal.reflect.DelegatingConstructorAccessorImpl.newInstance(DelegatingConstructorAccessorImpl.java:45)
at java.base/java.lang.reflect.Constructor.newInstanceWithCaller(Constructor.java:499)
at java.base/java.lang.reflect.Constructor.newInstance(Constructor.java:480)
at org.openqa.selenium.remote.http.W3CHttpResponseCodec.createException(W3CHttpResponseCodec.java:187)
at org.openqa.selenium.remote.http.W3CHttpResponseCodec.decode(W3CHttpResponseCodec.java:122)
at org.openqa.selenium.remote.http.W3CHttpResponseCodec.decode(W3CHttpResponseCodec.java:49)
at org.openqa.selenium.remote.HttpCommandExecutor.execute(HttpCommandExecutor.java:158)
at org.openqa.selenium.remote.service.DriverCommandExecutor.execute(DriverCommandExecutor.java:83)
at org.openqa.selenium.remote.RemoteWebDriver.execute(RemoteWebDriver.java:552)
at org.openqa.selenium.remote.RemoteWebDriver.findElement(RemoteWebDriver.java:323)
at org.openqa.selenium.remote.RemoteWebDriver.findElementById(RemoteWebDriver.java:372)
at org.openqa.selenium.By$ById.findElement(By.java:188)
at org.openqa.selenium.remote.RemoteWebDriver.findElement(RemoteWebDriver.java:315)
at org.openqa.selenium.support.ui.ExpectedConditions$7.apply(ExpectedConditions.java:205)
at org.openqa.selenium.support.ui.ExpectedConditions$7.apply(ExpectedConditions.java:201)
at org.openqa.selenium.support.ui.FluentWait.until(FluentWait.java:249)
... 31 more
]]>
    </failure>
  </testcase> <!-- maxValidatonContractorPhoneNumber -->
  <testcase classname="org.test.TeamUserContractor" name="maxValidationLocationName" time="10.078">
    <failure type="org.openqa.selenium.TimeoutException" message="Expected condition failed: waiting for visibility of element located by By.id: addresses__name__0 (tried for 10 second(s) with 500 milliseconds interval)
Build info: version: &amp;apos;3.141.5&amp;apos;, revision: &amp;apos;d54ebd709a&amp;apos;, time: &amp;apos;2018-11-06T11:42:16&amp;apos;
System info: host: &amp;apos;DESKTOP-5M7AM2E&amp;apos;, ip: &amp;apos;192.168.56.1&amp;apos;, os.name: &amp;apos;Windows 11&amp;apos;, os.arch: &amp;apos;amd64&amp;apos;, os.version: &amp;apos;10.0&amp;apos;, java.version: &amp;apos;17.0.3&amp;apos;
Driver info: org.openqa.selenium.chrome.ChromeDriver
Capabilities {acceptInsecureCerts: false, browserName: chrome, browserVersion: 112.0.5615.138, chrome: {chromedriverVersion: 112.0.5615.49 (bd2a7bcb881c..., userDataDir: C:\Users\ZAIGOP~1\AppData\L...}, goog:chromeOptions: {debuggerAddress: localhost:57418}, javascriptEnabled: true, networkConnectionEnabled: false, pageLoadStrategy: normal, platform: WINDOWS, platformName: WINDOWS, proxy: Proxy(), setWindowRect: true, strictFileInteractability: false, timeouts: {implicit: 0, pageLoad: 300000, script: 30000}, unhandledPromptBehavior: dismiss and notify, webauthn:extension:credBlob: true, webauthn:extension:largeBlob: true, webauthn:extension:minPinLength: true, webauthn:extension:prf: true, webauthn:virtualAuthenticators: true}
Session ID: c09642942b964bec3243145ad7c85452">
      <![CDATA[org.openqa.selenium.TimeoutException: Expected condition failed: waiting for visibility of element located by By.id: addresses__name__0 (tried for 10 second(s) with 500 milliseconds interval)
Build info: version: '3.141.5', revision: 'd54ebd709a', time: '2018-11-06T11:42:16'
System info: host: 'DESKTOP-5M7AM2E', ip: '192.168.56.1', os.name: 'Windows 11', os.arch: 'amd64', os.version: '10.0', java.version: '17.0.3'
Driver info: org.openqa.selenium.chrome.ChromeDriver
Capabilities {acceptInsecureCerts: false, browserName: chrome, browserVersion: 112.0.5615.138, chrome: {chromedriverVersion: 112.0.5615.49 (bd2a7bcb881c..., userDataDir: C:\Users\ZAIGOP~1\AppData\L...}, goog:chromeOptions: {debuggerAddress: localhost:57418}, javascriptEnabled: true, networkConnectionEnabled: false, pageLoadStrategy: normal, platform: WINDOWS, platformName: WINDOWS, proxy: Proxy(), setWindowRect: true, strictFileInteractability: false, timeouts: {implicit: 0, pageLoad: 300000, script: 30000}, unhandledPromptBehavior: dismiss and notify, webauthn:extension:credBlob: true, webauthn:extension:largeBlob: true, webauthn:extension:minPinLength: true, webauthn:extension:prf: true, webauthn:virtualAuthenticators: true}
Session ID: c09642942b964bec3243145ad7c85452
at org.openqa.selenium.support.ui.WebDriverWait.timeoutException(WebDriverWait.java:95)
at org.openqa.selenium.support.ui.FluentWait.until(FluentWait.java:272)
at com.zaigo.pageobjects.TeamUserPage.validationTab(TeamUserPage.java:111)
at com.zaigo.pageobjects.TeamUserPage.locationName(TeamUserPage.java:442)
at org.test.TeamUserContractor.maxValidationLocationName(TeamUserContractor.java:380)
at java.base/jdk.internal.reflect.NativeMethodAccessorImpl.invoke0(Native Method)
at java.base/jdk.internal.reflect.NativeMethodAccessorImpl.invoke(NativeMethodAccessorImpl.java:77)
at java.base/jdk.internal.reflect.DelegatingMethodAccessorImpl.invoke(DelegatingMethodAccessorImpl.java:43)
at java.base/java.lang.reflect.Method.invoke(Method.java:568)
at org.testng.internal.MethodInvocationHelper.invokeMethod(MethodInvocationHelper.java:133)
at org.testng.internal.TestInvoker.invokeMethod(TestInvoker.java:598)
at org.testng.internal.TestInvoker.invokeTestMethod(TestInvoker.java:173)
at org.testng.internal.MethodRunner.runInSequence(MethodRunner.java:46)
at org.testng.internal.TestInvoker$MethodInvocationAgent.invoke(TestInvoker.java:824)
at org.testng.internal.TestInvoker.invokeTestMethods(TestInvoker.java:146)
at org.testng.internal.TestMethodWorker.invokeTestMethods(TestMethodWorker.java:146)
at org.testng.internal.TestMethodWorker.run(TestMethodWorker.java:128)
at java.base/java.util.ArrayList.forEach(ArrayList.java:1511)
at org.testng.TestRunner.privateRun(TestRunner.java:794)
at org.testng.TestRunner.run(TestRunner.java:596)
at org.testng.SuiteRunner.runTest(SuiteRunner.java:377)
at org.testng.SuiteRunner.runSequentially(SuiteRunner.java:371)
at org.testng.SuiteRunner.privateRun(SuiteRunner.java:332)
at org.testng.SuiteRunner.run(SuiteRunner.java:276)
at org.testng.SuiteRunnerWorker.runSuite(SuiteRunnerWorker.java:53)
at org.testng.SuiteRunnerWorker.run(SuiteRunnerWorker.java:96)
at org.testng.TestNG.runSuitesSequentially(TestNG.java:1212)
at org.testng.TestNG.runSuitesLocally(TestNG.java:1134)
at org.testng.TestNG.runSuites(TestNG.java:1063)
at org.testng.TestNG.run(TestNG.java:1031)
at org.testng.remote.AbstractRemoteTestNG.run(AbstractRemoteTestNG.java:115)
at org.testng.remote.RemoteTestNG.initAndRun(RemoteTestNG.java:251)
at org.testng.remote.RemoteTestNG.main(RemoteTestNG.java:77)
]]>
    </failure>
  </testcase> <!-- maxValidationLocationName -->
  <testcase classname="org.test.TeamUserContractor" name="maxValidationAddress1" time="10.053">
    <failure type="org.openqa.selenium.TimeoutException" message="Expected condition failed: waiting for visibility of element located by By.id: addresses__line_1__0 (tried for 10 second(s) with 500 milliseconds interval)
Build info: version: &amp;apos;3.141.5&amp;apos;, revision: &amp;apos;d54ebd709a&amp;apos;, time: &amp;apos;2018-11-06T11:42:16&amp;apos;
System info: host: &amp;apos;DESKTOP-5M7AM2E&amp;apos;, ip: &amp;apos;192.168.56.1&amp;apos;, os.name: &amp;apos;Windows 11&amp;apos;, os.arch: &amp;apos;amd64&amp;apos;, os.version: &amp;apos;10.0&amp;apos;, java.version: &amp;apos;17.0.3&amp;apos;
Driver info: org.openqa.selenium.chrome.ChromeDriver
Capabilities {acceptInsecureCerts: false, browserName: chrome, browserVersion: 112.0.5615.138, chrome: {chromedriverVersion: 112.0.5615.49 (bd2a7bcb881c..., userDataDir: C:\Users\ZAIGOP~1\AppData\L...}, goog:chromeOptions: {debuggerAddress: localhost:57418}, javascriptEnabled: true, networkConnectionEnabled: false, pageLoadStrategy: normal, platform: WINDOWS, platformName: WINDOWS, proxy: Proxy(), setWindowRect: true, strictFileInteractability: false, timeouts: {implicit: 0, pageLoad: 300000, script: 30000}, unhandledPromptBehavior: dismiss and notify, webauthn:extension:credBlob: true, webauthn:extension:largeBlob: true, webauthn:extension:minPinLength: true, webauthn:extension:prf: true, webauthn:virtualAuthenticators: true}
Session ID: c09642942b964bec3243145ad7c85452">
      <![CDATA[org.openqa.selenium.TimeoutException: Expected condition failed: waiting for visibility of element located by By.id: addresses__line_1__0 (tried for 10 second(s) with 500 milliseconds interval)
Build info: version: '3.141.5', revision: 'd54ebd709a', time: '2018-11-06T11:42:16'
System info: host: 'DESKTOP-5M7AM2E', ip: '192.168.56.1', os.name: 'Windows 11', os.arch: 'amd64', os.version: '10.0', java.version: '17.0.3'
Driver info: org.openqa.selenium.chrome.ChromeDriver
Capabilities {acceptInsecureCerts: false, browserName: chrome, browserVersion: 112.0.5615.138, chrome: {chromedriverVersion: 112.0.5615.49 (bd2a7bcb881c..., userDataDir: C:\Users\ZAIGOP~1\AppData\L...}, goog:chromeOptions: {debuggerAddress: localhost:57418}, javascriptEnabled: true, networkConnectionEnabled: false, pageLoadStrategy: normal, platform: WINDOWS, platformName: WINDOWS, proxy: Proxy(), setWindowRect: true, strictFileInteractability: false, timeouts: {implicit: 0, pageLoad: 300000, script: 30000}, unhandledPromptBehavior: dismiss and notify, webauthn:extension:credBlob: true, webauthn:extension:largeBlob: true, webauthn:extension:minPinLength: true, webauthn:extension:prf: true, webauthn:virtualAuthenticators: true}
Session ID: c09642942b964bec3243145ad7c85452
at org.openqa.selenium.support.ui.WebDriverWait.timeoutException(WebDriverWait.java:95)
at org.openqa.selenium.support.ui.FluentWait.until(FluentWait.java:272)
at com.zaigo.pageobjects.TeamUserPage.validationTab(TeamUserPage.java:111)
at com.zaigo.pageobjects.TeamUserPage.address1(TeamUserPage.java:448)
at org.test.TeamUserContractor.maxValidationAddress1(TeamUserContractor.java:405)
at java.base/jdk.internal.reflect.NativeMethodAccessorImpl.invoke0(Native Method)
at java.base/jdk.internal.reflect.NativeMethodAccessorImpl.invoke(NativeMethodAccessorImpl.java:77)
at java.base/jdk.internal.reflect.DelegatingMethodAccessorImpl.invoke(DelegatingMethodAccessorImpl.java:43)
at java.base/java.lang.reflect.Method.invoke(Method.java:568)
at org.testng.internal.MethodInvocationHelper.invokeMethod(MethodInvocationHelper.java:133)
at org.testng.internal.TestInvoker.invokeMethod(TestInvoker.java:598)
at org.testng.internal.TestInvoker.invokeTestMethod(TestInvoker.java:173)
at org.testng.internal.MethodRunner.runInSequence(MethodRunner.java:46)
at org.testng.internal.TestInvoker$MethodInvocationAgent.invoke(TestInvoker.java:824)
at org.testng.internal.TestInvoker.invokeTestMethods(TestInvoker.java:146)
at org.testng.internal.TestMethodWorker.invokeTestMethods(TestMethodWorker.java:146)
at org.testng.internal.TestMethodWorker.run(TestMethodWorker.java:128)
at java.base/java.util.ArrayList.forEach(ArrayList.java:1511)
at org.testng.TestRunner.privateRun(TestRunner.java:794)
at org.testng.TestRunner.run(TestRunner.java:596)
at org.testng.SuiteRunner.runTest(SuiteRunner.java:377)
at org.testng.SuiteRunner.runSequentially(SuiteRunner.java:371)
at org.testng.SuiteRunner.privateRun(SuiteRunner.java:332)
at org.testng.SuiteRunner.run(SuiteRunner.java:276)
at org.testng.SuiteRunnerWorker.runSuite(SuiteRunnerWorker.java:53)
at org.testng.SuiteRunnerWorker.run(SuiteRunnerWorker.java:96)
at org.testng.TestNG.runSuitesSequentially(TestNG.java:1212)
at org.testng.TestNG.runSuitesLocally(TestNG.java:1134)
at org.testng.TestNG.runSuites(TestNG.java:1063)
at org.testng.TestNG.run(TestNG.java:1031)
at org.testng.remote.AbstractRemoteTestNG.run(AbstractRemoteTestNG.java:115)
at org.testng.remote.RemoteTestNG.initAndRun(RemoteTestNG.java:251)
at org.testng.remote.RemoteTestNG.main(RemoteTestNG.java:77)
]]>
    </failure>
  </testcase> <!-- maxValidationAddress1 -->
  <testcase classname="org.test.TeamUserContractor" name="maxValidationAddress2" time="10.07">
    <failure type="org.openqa.selenium.TimeoutException" message="Expected condition failed: waiting for visibility of element located by By.id: addresses__line_2__0 (tried for 10 second(s) with 500 milliseconds interval)
Build info: version: &amp;apos;3.141.5&amp;apos;, revision: &amp;apos;d54ebd709a&amp;apos;, time: &amp;apos;2018-11-06T11:42:16&amp;apos;
System info: host: &amp;apos;DESKTOP-5M7AM2E&amp;apos;, ip: &amp;apos;192.168.56.1&amp;apos;, os.name: &amp;apos;Windows 11&amp;apos;, os.arch: &amp;apos;amd64&amp;apos;, os.version: &amp;apos;10.0&amp;apos;, java.version: &amp;apos;17.0.3&amp;apos;
Driver info: org.openqa.selenium.chrome.ChromeDriver
Capabilities {acceptInsecureCerts: false, browserName: chrome, browserVersion: 112.0.5615.138, chrome: {chromedriverVersion: 112.0.5615.49 (bd2a7bcb881c..., userDataDir: C:\Users\ZAIGOP~1\AppData\L...}, goog:chromeOptions: {debuggerAddress: localhost:57418}, javascriptEnabled: true, networkConnectionEnabled: false, pageLoadStrategy: normal, platform: WINDOWS, platformName: WINDOWS, proxy: Proxy(), setWindowRect: true, strictFileInteractability: false, timeouts: {implicit: 0, pageLoad: 300000, script: 30000}, unhandledPromptBehavior: dismiss and notify, webauthn:extension:credBlob: true, webauthn:extension:largeBlob: true, webauthn:extension:minPinLength: true, webauthn:extension:prf: true, webauthn:virtualAuthenticators: true}
Session ID: c09642942b964bec3243145ad7c85452">
      <![CDATA[org.openqa.selenium.TimeoutException: Expected condition failed: waiting for visibility of element located by By.id: addresses__line_2__0 (tried for 10 second(s) with 500 milliseconds interval)
Build info: version: '3.141.5', revision: 'd54ebd709a', time: '2018-11-06T11:42:16'
System info: host: 'DESKTOP-5M7AM2E', ip: '192.168.56.1', os.name: 'Windows 11', os.arch: 'amd64', os.version: '10.0', java.version: '17.0.3'
Driver info: org.openqa.selenium.chrome.ChromeDriver
Capabilities {acceptInsecureCerts: false, browserName: chrome, browserVersion: 112.0.5615.138, chrome: {chromedriverVersion: 112.0.5615.49 (bd2a7bcb881c..., userDataDir: C:\Users\ZAIGOP~1\AppData\L...}, goog:chromeOptions: {debuggerAddress: localhost:57418}, javascriptEnabled: true, networkConnectionEnabled: false, pageLoadStrategy: normal, platform: WINDOWS, platformName: WINDOWS, proxy: Proxy(), setWindowRect: true, strictFileInteractability: false, timeouts: {implicit: 0, pageLoad: 300000, script: 30000}, unhandledPromptBehavior: dismiss and notify, webauthn:extension:credBlob: true, webauthn:extension:largeBlob: true, webauthn:extension:minPinLength: true, webauthn:extension:prf: true, webauthn:virtualAuthenticators: true}
Session ID: c09642942b964bec3243145ad7c85452
at org.openqa.selenium.support.ui.WebDriverWait.timeoutException(WebDriverWait.java:95)
at org.openqa.selenium.support.ui.FluentWait.until(FluentWait.java:272)
at com.zaigo.pageobjects.TeamUserPage.validationTab(TeamUserPage.java:111)
at com.zaigo.pageobjects.TeamUserPage.address2(TeamUserPage.java:455)
at org.test.TeamUserContractor.maxValidationAddress2(TeamUserContractor.java:430)
at java.base/jdk.internal.reflect.NativeMethodAccessorImpl.invoke0(Native Method)
at java.base/jdk.internal.reflect.NativeMethodAccessorImpl.invoke(NativeMethodAccessorImpl.java:77)
at java.base/jdk.internal.reflect.DelegatingMethodAccessorImpl.invoke(DelegatingMethodAccessorImpl.java:43)
at java.base/java.lang.reflect.Method.invoke(Method.java:568)
at org.testng.internal.MethodInvocationHelper.invokeMethod(MethodInvocationHelper.java:133)
at org.testng.internal.TestInvoker.invokeMethod(TestInvoker.java:598)
at org.testng.internal.TestInvoker.invokeTestMethod(TestInvoker.java:173)
at org.testng.internal.MethodRunner.runInSequence(MethodRunner.java:46)
at org.testng.internal.TestInvoker$MethodInvocationAgent.invoke(TestInvoker.java:824)
at org.testng.internal.TestInvoker.invokeTestMethods(TestInvoker.java:146)
at org.testng.internal.TestMethodWorker.invokeTestMethods(TestMethodWorker.java:146)
at org.testng.internal.TestMethodWorker.run(TestMethodWorker.java:128)
at java.base/java.util.ArrayList.forEach(ArrayList.java:1511)
at org.testng.TestRunner.privateRun(TestRunner.java:794)
at org.testng.TestRunner.run(TestRunner.java:596)
at org.testng.SuiteRunner.runTest(SuiteRunner.java:377)
at org.testng.SuiteRunner.runSequentially(SuiteRunner.java:371)
at org.testng.SuiteRunner.privateRun(SuiteRunner.java:332)
at org.testng.SuiteRunner.run(SuiteRunner.java:276)
at org.testng.SuiteRunnerWorker.runSuite(SuiteRunnerWorker.java:53)
at org.testng.SuiteRunnerWorker.run(SuiteRunnerWorker.java:96)
at org.testng.TestNG.runSuitesSequentially(TestNG.java:1212)
at org.testng.TestNG.runSuitesLocally(TestNG.java:1134)
at org.testng.TestNG.runSuites(TestNG.java:1063)
at org.testng.TestNG.run(TestNG.java:1031)
at org.testng.remote.AbstractRemoteTestNG.run(AbstractRemoteTestNG.java:115)
at org.testng.remote.RemoteTestNG.initAndRun(RemoteTestNG.java:251)
at org.testng.remote.RemoteTestNG.main(RemoteTestNG.java:77)
]]>
    </failure>
  </testcase> <!-- maxValidationAddress2 -->
  <testcase classname="org.test.TeamUserContractor" name="maxValidationState" time="10.083">
    <failure type="org.openqa.selenium.TimeoutException" message="Expected condition failed: waiting for visibility of element located by By.id: addresses__state__0 (tried for 10 second(s) with 500 milliseconds interval)
Build info: version: &amp;apos;3.141.5&amp;apos;, revision: &amp;apos;d54ebd709a&amp;apos;, time: &amp;apos;2018-11-06T11:42:16&amp;apos;
System info: host: &amp;apos;DESKTOP-5M7AM2E&amp;apos;, ip: &amp;apos;192.168.56.1&amp;apos;, os.name: &amp;apos;Windows 11&amp;apos;, os.arch: &amp;apos;amd64&amp;apos;, os.version: &amp;apos;10.0&amp;apos;, java.version: &amp;apos;17.0.3&amp;apos;
Driver info: org.openqa.selenium.chrome.ChromeDriver
Capabilities {acceptInsecureCerts: false, browserName: chrome, browserVersion: 112.0.5615.138, chrome: {chromedriverVersion: 112.0.5615.49 (bd2a7bcb881c..., userDataDir: C:\Users\ZAIGOP~1\AppData\L...}, goog:chromeOptions: {debuggerAddress: localhost:57418}, javascriptEnabled: true, networkConnectionEnabled: false, pageLoadStrategy: normal, platform: WINDOWS, platformName: WINDOWS, proxy: Proxy(), setWindowRect: true, strictFileInteractability: false, timeouts: {implicit: 0, pageLoad: 300000, script: 30000}, unhandledPromptBehavior: dismiss and notify, webauthn:extension:credBlob: true, webauthn:extension:largeBlob: true, webauthn:extension:minPinLength: true, webauthn:extension:prf: true, webauthn:virtualAuthenticators: true}
Session ID: c09642942b964bec3243145ad7c85452">
      <![CDATA[org.openqa.selenium.TimeoutException: Expected condition failed: waiting for visibility of element located by By.id: addresses__state__0 (tried for 10 second(s) with 500 milliseconds interval)
Build info: version: '3.141.5', revision: 'd54ebd709a', time: '2018-11-06T11:42:16'
System info: host: 'DESKTOP-5M7AM2E', ip: '192.168.56.1', os.name: 'Windows 11', os.arch: 'amd64', os.version: '10.0', java.version: '17.0.3'
Driver info: org.openqa.selenium.chrome.ChromeDriver
Capabilities {acceptInsecureCerts: false, browserName: chrome, browserVersion: 112.0.5615.138, chrome: {chromedriverVersion: 112.0.5615.49 (bd2a7bcb881c..., userDataDir: C:\Users\ZAIGOP~1\AppData\L...}, goog:chromeOptions: {debuggerAddress: localhost:57418}, javascriptEnabled: true, networkConnectionEnabled: false, pageLoadStrategy: normal, platform: WINDOWS, platformName: WINDOWS, proxy: Proxy(), setWindowRect: true, strictFileInteractability: false, timeouts: {implicit: 0, pageLoad: 300000, script: 30000}, unhandledPromptBehavior: dismiss and notify, webauthn:extension:credBlob: true, webauthn:extension:largeBlob: true, webauthn:extension:minPinLength: true, webauthn:extension:prf: true, webauthn:virtualAuthenticators: true}
Session ID: c09642942b964bec3243145ad7c85452
at org.openqa.selenium.support.ui.WebDriverWait.timeoutException(WebDriverWait.java:95)
at org.openqa.selenium.support.ui.FluentWait.until(FluentWait.java:272)
at com.zaigo.pageobjects.TeamUserPage.validationTab(TeamUserPage.java:111)
at com.zaigo.pageobjects.TeamUserPage.state(TeamUserPage.java:469)
at org.test.TeamUserContractor.maxValidationState(TeamUserContractor.java:455)
at java.base/jdk.internal.reflect.NativeMethodAccessorImpl.invoke0(Native Method)
at java.base/jdk.internal.reflect.NativeMethodAccessorImpl.invoke(NativeMethodAccessorImpl.java:77)
at java.base/jdk.internal.reflect.DelegatingMethodAccessorImpl.invoke(DelegatingMethodAccessorImpl.java:43)
at java.base/java.lang.reflect.Method.invoke(Method.java:568)
at org.testng.internal.MethodInvocationHelper.invokeMethod(MethodInvocationHelper.java:133)
at org.testng.internal.TestInvoker.invokeMethod(TestInvoker.java:598)
at org.testng.internal.TestInvoker.invokeTestMethod(TestInvoker.java:173)
at org.testng.internal.MethodRunner.runInSequence(MethodRunner.java:46)
at org.testng.internal.TestInvoker$MethodInvocationAgent.invoke(TestInvoker.java:824)
at org.testng.internal.TestInvoker.invokeTestMethods(TestInvoker.java:146)
at org.testng.internal.TestMethodWorker.invokeTestMethods(TestMethodWorker.java:146)
at org.testng.internal.TestMethodWorker.run(TestMethodWorker.java:128)
at java.base/java.util.ArrayList.forEach(ArrayList.java:1511)
at org.testng.TestRunner.privateRun(TestRunner.java:794)
at org.testng.TestRunner.run(TestRunner.java:596)
at org.testng.SuiteRunner.runTest(SuiteRunner.java:377)
at org.testng.SuiteRunner.runSequentially(SuiteRunner.java:371)
at org.testng.SuiteRunner.privateRun(SuiteRunner.java:332)
at org.testng.SuiteRunner.run(SuiteRunner.java:276)
at org.testng.SuiteRunnerWorker.runSuite(SuiteRunnerWorker.java:53)
at org.testng.SuiteRunnerWorker.run(SuiteRunnerWorker.java:96)
at org.testng.TestNG.runSuitesSequentially(TestNG.java:1212)
at org.testng.TestNG.runSuitesLocally(TestNG.java:1134)
at org.testng.TestNG.runSuites(TestNG.java:1063)
at org.testng.TestNG.run(TestNG.java:1031)
at org.testng.remote.AbstractRemoteTestNG.run(AbstractRemoteTestNG.java:115)
at org.testng.remote.RemoteTestNG.initAndRun(RemoteTestNG.java:251)
at org.testng.remote.RemoteTestNG.main(RemoteTestNG.java:77)
]]>
    </failure>
  </testcase> <!-- maxValidationState -->
  <testcase classname="org.test.TeamUserContractor" name="maxValidationCity" time="10.446">
    <failure type="org.openqa.selenium.TimeoutException" message="Expected condition failed: waiting for visibility of element located by By.id: addresses__city__0 (tried for 10 second(s) with 500 milliseconds interval)">
      <![CDATA[org.openqa.selenium.TimeoutException: Expected condition failed: waiting for visibility of element located by By.id: addresses__city__0 (tried for 10 second(s) with 500 milliseconds interval)
at org.openqa.selenium.support.ui.WebDriverWait.timeoutException(WebDriverWait.java:95)
at org.openqa.selenium.support.ui.FluentWait.until(FluentWait.java:272)
at com.zaigo.pageobjects.TeamUserPage.validationTab(TeamUserPage.java:111)
at com.zaigo.pageobjects.TeamUserPage.city(TeamUserPage.java:462)
at org.test.TeamUserContractor.maxValidationCity(TeamUserContractor.java:480)
at java.base/jdk.internal.reflect.NativeMethodAccessorImpl.invoke0(Native Method)
at java.base/jdk.internal.reflect.NativeMethodAccessorImpl.invoke(NativeMethodAccessorImpl.java:77)
at java.base/jdk.internal.reflect.DelegatingMethodAccessorImpl.invoke(DelegatingMethodAccessorImpl.java:43)
at java.base/java.lang.reflect.Method.invoke(Method.java:568)
at org.testng.internal.MethodInvocationHelper.invokeMethod(MethodInvocationHelper.java:133)
at org.testng.internal.TestInvoker.invokeMethod(TestInvoker.java:598)
at org.testng.internal.TestInvoker.invokeTestMethod(TestInvoker.java:173)
at org.testng.internal.MethodRunner.runInSequence(MethodRunner.java:46)
at org.testng.internal.TestInvoker$MethodInvocationAgent.invoke(TestInvoker.java:824)
at org.testng.internal.TestInvoker.invokeTestMethods(TestInvoker.java:146)
at org.testng.internal.TestMethodWorker.invokeTestMethods(TestMethodWorker.java:146)
at org.testng.internal.TestMethodWorker.run(TestMethodWorker.java:128)
at java.base/java.util.ArrayList.forEach(ArrayList.java:1511)
at org.testng.TestRunner.privateRun(TestRunner.java:794)
at org.testng.TestRunner.run(TestRunner.java:596)
at org.testng.SuiteRunner.runTest(SuiteRunner.java:377)
at org.testng.SuiteRunner.runSequentially(SuiteRunner.java:371)
at org.testng.SuiteRunner.privateRun(SuiteRunner.java:332)
at org.testng.SuiteRunner.run(SuiteRunner.java:276)
at org.testng.SuiteRunnerWorker.runSuite(SuiteRunnerWorker.java:53)
at org.testng.SuiteRunnerWorker.run(SuiteRunnerWorker.java:96)
at org.testng.TestNG.runSuitesSequentially(TestNG.java:1212)
at org.testng.TestNG.runSuitesLocally(TestNG.java:1134)
at org.testng.TestNG.runSuites(TestNG.java:1063)
at org.testng.TestNG.run(TestNG.java:1031)
at org.testng.remote.AbstractRemoteTestNG.run(AbstractRemoteTestNG.java:115)
at org.testng.remote.RemoteTestNG.initAndRun(RemoteTestNG.java:251)
at org.testng.remote.RemoteTestNG.main(RemoteTestNG.java:77)
Caused by: org.openqa.selenium.NoSuchWindowException: no such window: target window already closed
from unknown error: web view not found
  (Session info: chrome=112.0.5615.138)
Build info: version: '3.141.5', revision: 'd54ebd709a', time: '2018-11-06T11:42:16'
System info: host: 'DESKTOP-5M7AM2E', ip: '192.168.56.1', os.name: 'Windows 11', os.arch: 'amd64', os.version: '10.0', java.version: '17.0.3'
Driver info: org.openqa.selenium.chrome.ChromeDriver
Capabilities {acceptInsecureCerts: false, browserName: chrome, browserVersion: 112.0.5615.138, chrome: {chromedriverVersion: 112.0.5615.49 (bd2a7bcb881c..., userDataDir: C:\Users\ZAIGOP~1\AppData\L...}, goog:chromeOptions: {debuggerAddress: localhost:57418}, javascriptEnabled: true, networkConnectionEnabled: false, pageLoadStrategy: normal, platform: WINDOWS, platformName: WINDOWS, proxy: Proxy(), setWindowRect: true, strictFileInteractability: false, timeouts: {implicit: 0, pageLoad: 300000, script: 30000}, unhandledPromptBehavior: dismiss and notify, webauthn:extension:credBlob: true, webauthn:extension:largeBlob: true, webauthn:extension:minPinLength: true, webauthn:extension:prf: true, webauthn:virtualAuthenticators: true}
Session ID: c09642942b964bec3243145ad7c85452
*** Element info: {Using=id, value=addresses__city__0}
at java.base/jdk.internal.reflect.NativeConstructorAccessorImpl.newInstance0(Native Method)
at java.base/jdk.internal.reflect.NativeConstructorAccessorImpl.newInstance(NativeConstructorAccessorImpl.java:77)
at java.base/jdk.internal.reflect.DelegatingConstructorAccessorImpl.newInstance(DelegatingConstructorAccessorImpl.java:45)
at java.base/java.lang.reflect.Constructor.newInstanceWithCaller(Constructor.java:499)
at java.base/java.lang.reflect.Constructor.newInstance(Constructor.java:480)
at org.openqa.selenium.remote.http.W3CHttpResponseCodec.createException(W3CHttpResponseCodec.java:187)
at org.openqa.selenium.remote.http.W3CHttpResponseCodec.decode(W3CHttpResponseCodec.java:122)
at org.openqa.selenium.remote.http.W3CHttpResponseCodec.decode(W3CHttpResponseCodec.java:49)
at org.openqa.selenium.remote.HttpCommandExecutor.execute(HttpCommandExecutor.java:158)
at org.openqa.selenium.remote.service.DriverCommandExecutor.execute(DriverCommandExecutor.java:83)
at org.openqa.selenium.remote.RemoteWebDriver.execute(RemoteWebDriver.java:552)
at org.openqa.selenium.remote.RemoteWebDriver.findElement(RemoteWebDriver.java:323)
at org.openqa.selenium.remote.RemoteWebDriver.findElementById(RemoteWebDriver.java:372)
at org.openqa.selenium.By$ById.findElement(By.java:188)
at org.openqa.selenium.remote.RemoteWebDriver.findElement(RemoteWebDriver.java:315)
at org.openqa.selenium.support.ui.ExpectedConditions$7.apply(ExpectedConditions.java:205)
at org.openqa.selenium.support.ui.ExpectedConditions$7.apply(ExpectedConditions.java:201)
at org.openqa.selenium.support.ui.FluentWait.until(FluentWait.java:249)
... 31 more
]]>
    </failure>
  </testcase> <!-- maxValidationCity -->
  <testcase classname="org.test.TeamUserContractor" name="minValidationZipcode" time="0.0">
    <skipped/>
  </testcase> <!-- minValidationZipcode -->
  <testcase classname="org.test.TeamUserContractor" name="specialCharacterValidationZipcode" time="0.0">
    <skipped/>
  </testcase> <!-- specialCharacterValidationZipcode -->
  <testcase classname="org.test.TeamUserContractor" name="maxValidationZipcode" time="0.0">
    <skipped/>
  </testcase> <!-- maxValidationZipcode -->
  <testcase classname="org.test.TeamUserContractor" name="verifySaveButtonExist" time="0.0">
    <skipped/>
  </testcase> <!-- verifySaveButtonExist -->
  <testcase classname="org.test.TeamUserContractor" name="userCreate" time="0.0">
    <skipped/>
  </testcase> <!-- userCreate -->
  <testcase classname="org.test.TeamUserContractor" name="userCount" time="0.0">
    <skipped/>
  </testcase> <!-- userCount -->
  <testcase classname="org.test.TeamUserContractor" name="alreadyExistedMailValidation" time="0.0">
    <skipped/>
  </testcase> <!-- alreadyExistedMailValidation -->
  <testcase classname="org.test.TeamUserContractor" name="searchNameValidation" time="0.0">
    <skipped/>
  </testcase> <!-- searchNameValidation -->
  <testcase classname="org.test.TeamUserContractor" name="searchPhoneNumberValidation" time="0.0">
    <skipped/>
  </testcase> <!-- searchPhoneNumberValidation -->
  <testcase classname="org.test.TeamUserContractor" name="searchEmailValidation" time="0.0">
    <skipped/>
  </testcase> <!-- searchEmailValidation -->
  <testcase classname="org.test.TeamUserContractor" name="filterByCompany" time="0.0">
    <skipped/>
  </testcase> <!-- filterByCompany -->
  <testcase classname="org.test.TeamUserContractor" name="invalidDataValidation" time="0.0">
    <skipped/>
  </testcase> <!-- invalidDataValidation -->
  <testcase classname="org.test.TeamUserContractor" name="landingOnEditForm" time="0.0">
    <skipped/>
  </testcase> <!-- landingOnEditForm -->
  <testcase classname="org.test.TeamUserContractor" name="editmandatoryValidationContractorFirstNameField" time="0.0">
    <skipped/>
  </testcase> <!-- editmandatoryValidationContractorFirstNameField -->
  <testcase classname="org.test.TeamUserContractor" name="editmandatoryValidationContractorEmailField" time="0.0">
    <skipped/>
  </testcase> <!-- editmandatoryValidationContractorEmailField -->
  <testcase classname="org.test.TeamUserContractor" name="editmaxValidationContractorFirstNameField" time="0.0">
    <skipped/>
  </testcase> <!-- editmaxValidationContractorFirstNameField -->
  <testcase classname="org.test.TeamUserContractor" name="editmaxValidationContractorLastNameField" time="0.0">
    <skipped/>
  </testcase> <!-- editmaxValidationContractorLastNameField -->
  <testcase classname="org.test.TeamUserContractor" name="editinvalidContractorEmailValidation" time="0.0">
    <skipped/>
  </testcase> <!-- editinvalidContractorEmailValidation -->
  <testcase classname="org.test.TeamUserContractor" name="editmaxValidationContractorEmailFields" time="0.0">
    <skipped/>
  </testcase> <!-- editmaxValidationContractorEmailFields -->
  <testcase classname="org.test.TeamUserContractor" name="editminValidatonContractorPhoneNumber" time="0.0">
    <skipped/>
  </testcase> <!-- editminValidatonContractorPhoneNumber -->
  <testcase classname="org.test.TeamUserContractor" name="editspecialCharacterPhoneNumberField" time="0.0">
    <skipped/>
  </testcase> <!-- editspecialCharacterPhoneNumberField -->
  <testcase classname="org.test.TeamUserContractor" name="editmaxValidatonContractorPhoneNumber" time="0.0">
    <skipped/>
  </testcase> <!-- editmaxValidatonContractorPhoneNumber -->
  <testcase classname="org.test.TeamUserContractor" name="editmaxValidationLocationName" time="0.0">
    <skipped/>
  </testcase> <!-- editmaxValidationLocationName -->
  <testcase classname="org.test.TeamUserContractor" name="editmaxValidationAddress1" time="0.0">
    <skipped/>
  </testcase> <!-- editmaxValidationAddress1 -->
  <testcase classname="org.test.TeamUserContractor" name="editmaxValidationAddress2" time="0.0">
    <skipped/>
  </testcase> <!-- editmaxValidationAddress2 -->
  <testcase classname="org.test.TeamUserContractor" name="editmaxValidationState" time="0.0">
    <skipped/>
  </testcase> <!-- editmaxValidationState -->
  <testcase classname="org.test.TeamUserContractor" name="editmaxValidationCity" time="0.0">
    <skipped/>
  </testcase> <!-- editmaxValidationCity -->
  <testcase classname="org.test.TeamUserContractor" name="editminValidationZipcode" time="0.0">
    <skipped/>
  </testcase> <!-- editminValidationZipcode -->
  <testcase classname="org.test.TeamUserContractor" name="editspecialCharacterValidationZipcode" time="0.0">
    <skipped/>
  </testcase> <!-- editspecialCharacterValidationZipcode -->
  <testcase classname="org.test.TeamUserContractor" name="editmaxValidationZipcode" time="0.0">
    <skipped/>
  </testcase> <!-- editmaxValidationZipcode -->
  <testcase classname="org.test.TeamUserContractor" name="verifyUpdateExist" time="0.0">
    <skipped/>
  </testcase> <!-- verifyUpdateExist -->
  <testcase classname="org.test.TeamUserContractor" name="userEdit" time="0.0">
    <skipped/>
  </testcase> <!-- userEdit -->
  <testcase classname="org.test.TeamUserContractor" name="deleteUserDetails" time="0.0">
    <skipped/>
  </testcase> <!-- deleteUserDetails -->
</testsuite> <!-- Default test -->
