<html>
<head>
<title>TestNG:  Test</title>
<link href="../testng.css" rel="stylesheet" type="text/css" />
<link href="../my-testng.css" rel="stylesheet" type="text/css" />

<style type="text/css">
.log { display: none;} 
.stack-trace { display: none;} 
</style>
<script type="text/javascript">
<!--
function flip(e) {
  current = e.style.display;
  if (current == 'block') {
    e.style.display = 'none';
    return 0;
  }
  else {
    e.style.display = 'block';
    return 1;
  }
}

function toggleBox(szDivId, elem, msg1, msg2)
{
  var res = -1;  if (document.getElementById) {
    res = flip(document.getElementById(szDivId));
  }
  else if (document.all) {
    // this is the way old msie versions work
    res = flip(document.all[szDivId]);
  }
  if(elem) {
    if(res == 0) elem.innerHTML = msg1; else elem.innerHTML = msg2;
  }

}

function toggleAllBoxes() {
  if (document.getElementsByTagName) {
    d = document.getElementsByTagName('div');
    for (i = 0; i < d.length; i++) {
      if (d[i].className == 'log') {
        flip(d[i]);
      }
    }
  }
}

// -->
</script>

</head>
<body>
<h2 align='center'>Test</h2><table border='1' align="center">
<tr>
<td>Tests passed/Failed/Skipped:</td><td>179/6/8</td>
</tr><tr>
<td>Started on:</td><td>Mon Apr 03 23:50:28 IST 2023</td>
</tr>
<tr><td>Total time:</td><td>1045 seconds (1045779 ms)</td>
</tr><tr>
<td>Included groups:</td><td></td>
</tr><tr>
<td>Excluded groups:</td><td></td>
</tr>
</table><p/>
<small><i>(Hover the method name to see the test class name)</i></small><p/>
<table width='100%' border='1' class='invocation-failed'>
<tr><td colspan='4' align='center'><b>FAILED TESTS</b></td></tr>
<tr><td><b>Test method</b></td>
<td width="30%"><b>Exception</b></td>
<td width="10%"><b>Time (seconds)</b></td>
<td><b>Instance</b></td>
</tr>
<tr>
<td title='org.test.TaxModule.createdTaxRefectProductService()'><b>createdTaxRefectProductService</b><br>Test class: org.test.TaxModule</td>
<td><div><pre>org.openqa.selenium.json.JsonException: java.lang.reflect.InvocationTargetException
Build info: version: &apos;4.8.1&apos;, revision: &apos;8ebccac989&apos;
System info: os.name: &apos;Windows 11&apos;, os.arch: &apos;amd64&apos;, os.version: &apos;10.0&apos;, java.version: &apos;17.0.3&apos;
Driver info: org.openqa.selenium.edge.EdgeDriver
Command: [c488435b55ea36c1439a34a2c505f7c4, actions {actions=[org.openqa.selenium.interactions.Sequence@643253c4]}]
Capabilities {acceptInsecureCerts: false, browserName: msedge, browserVersion: 111.0.1661.62, ms:edgeOptions: {debuggerAddress: localhost:53383}, msedge: {msedgedriverVersion: 111.0.1661.62 (0a8f453929e6..., userDataDir: C:\Users\ZAIGOP~1\AppData\L...}, networkConnectionEnabled: false, pageLoadStrategy: normal, platformName: WINDOWS, proxy: Proxy(), se:cdp: ws://localhost:53383/devtoo..., se:cdpVersion: 111.0.1661.62, setWindowRect: true, strictFileInteractability: false, timeouts: {implicit: 0, pageLoad: 300000, script: 30000}, unhandledPromptBehavior: dismiss and notify, webauthn:extension:credBlob: true, webauthn:extension:largeBlob: true, webauthn:extension:minPinLength: true, webauthn:extension:prf: true, webauthn:virtualAuthenticators: true}
Session ID: c488435b55ea36c1439a34a2c505f7c4
	at org.openqa.selenium.json.JsonOutput.convertUsingMethod(JsonOutput.java:362)
	at org.openqa.selenium.json.JsonOutput.lambda$new$16(JsonOutput.java:154)
	at org.openqa.selenium.json.JsonOutput.write(JsonOutput.java:287)
	at org.openqa.selenium.json.JsonOutput.lambda$new$22(JsonOutput.java:169)
	at java.base/java.util.stream.ForEachOps$ForEachOp$OfRef.accept(ForEachOps.java:183)
	at java.base/java.util.stream.ReferencePipeline$2$1.accept(ReferencePipeline.java:179)
	at java.base/java.util.Iterator.forEachRemaining(Iterator.java:133)
	at java.base/java.util.Spliterators$IteratorSpliterator.forEachRemaining(Spliterators.java:1845)
	at java.base/java.util.stream.AbstractPipeline.copyInto(AbstractPipeline.java:509)
	at java.base/java.util.stream.AbstractPipeline.wrapAndCopyInto(AbstractPipeline.java:499)
	at java.base/java.util.stream.ForEachOps$ForEachOp.evaluateSequential(ForEachOps.java:150)
	at java.base/java.util.stream.ForEachOps$ForEachOp$OfRef.evaluateSequential(ForEachOps.java:173)
	at java.base/java.util.stream.AbstractPipeline.evaluate(AbstractPipeline.java:234)
	at java.base/java.util.stream.ReferencePipeline.forEach(ReferencePipeline.java:596)
	at org.openqa.selenium.json.JsonOutput.lambda$new$23(JsonOutput.java:169)
	at org.openqa.selenium.json.JsonOutput.write(JsonOutput.java:287)
	at org.openqa.selenium.json.JsonOutput.lambda$new$24(JsonOutput.java:182)
	at com.google.common.collect.SingletonImmutableBiMap.forEach(SingletonImmutableBiMap.java:68)
	at org.openqa.selenium.json.JsonOutput.lambda$new$25(JsonOutput.java:177)
	at org.openqa.selenium.json.JsonOutput.write(JsonOutput.java:287)
	at org.openqa.selenium.json.JsonOutput.write(JsonOutput.java:278)
	at org.openqa.selenium.json.Json.toJson(Json.java:42)
	at org.openqa.selenium.remote.codec.AbstractHttpCommandCodec.encode(AbstractHttpCommandCodec.java:259)
	at org.openqa.selenium.remote.codec.AbstractHttpCommandCodec.encode(AbstractHttpCommandCodec.java:122)
	at org.openqa.selenium.remote.HttpCommandExecutor.execute(HttpCommandExecutor.java:172)
	at org.openqa.selenium.remote.service.DriverCommandExecutor.invokeExecute(DriverCommandExecutor.java:167)
	at org.openqa.selenium.remote.service.DriverCommandExecutor.execute(DriverCommandExecutor.java:142)
	at org.openqa.selenium.remote.RemoteWebDriver.execute(RemoteWebDriver.java:543)
	at org.openqa.selenium.remote.RemoteWebDriver.perform(RemoteWebDriver.java:611)
	at org.openqa.selenium.interactions.Actions$BuiltAction.perform(Actions.java:567)
	at com.zaigo.pageobjects.TaxPage.mouseActionClick(TaxPage.java:86)
	at org.test.TaxModule.createdTaxRefectProductService(TaxModule.java:457)
	at java.base/java.util.ArrayList.forEach(ArrayList.java:1511)
	Suppressed: org.openqa.selenium.json.JsonException: Attempting to close incomplete json stream
Build info: version: &apos;4.8.1&apos;, revision: &apos;8ebccac989&apos;
System info: os.name: &apos;Windows 11&apos;, os.arch: &apos;amd64&apos;, os.version: &apos;10.0&apos;, java.version: &apos;17.0.3&apos;
Driver info: driver.version: RemoteWebDriver
		at org.openqa.selenium.json.JsonOutput.close(JsonOutput.java:303)
		at org.openqa.selenium.json.Json.toJson(Json.java:40)
		... 40 more
	at org.openqa.selenium.json.JsonOutput.convertUsingMethod(JsonOutput.java:358)
	... 61 more
Caused by: org.openqa.selenium.NoSuchElementException: Cannot locate an element using By.all({By.xpath: //*[@id=&apos;fieldy-body-ele&apos;]/div[1]/div/div[1]/div/div/div/button,By.xpath: //*[contains(text(),&apos;Save&apos;)],By.xpath: //*[contains(text(),&apos;Update&apos;)],By.xpath: //*[@id=&apos;job-show-details-timeline&apos;]/div[2]/div[3]/button})
For documentation on this error, please visit: https://selenium.dev/exceptions/#no_such_element
Build info: version: &apos;4.8.1&apos;, revision: &apos;8ebccac989&apos;
System info: os.name: &apos;Windows 11&apos;, os.arch: &apos;amd64&apos;, os.version: &apos;10.0&apos;, java.version: &apos;17.0.3&apos;
Driver info: driver.version: RemoteWebDriver
	at org.openqa.selenium.support.pagefactory.ByAll.findElement(ByAll.java:58)
	at org.openqa.selenium.remote.ElementLocation$ElementFinder$1.findElement(ElementLocation.java:136)
	at org.openqa.selenium.remote.ElementLocation.findElement(ElementLocation.java:60)
	at org.openqa.selenium.remote.RemoteWebDriver.findElement(RemoteWebDriver.java:352)
	at org.openqa.selenium.remote.RemoteWebDriver.findElement(RemoteWebDriver.java:344)
	at org.openqa.selenium.support.pagefactory.DefaultElementLocator.findElement(DefaultElementLocator.java:70)
	at org.openqa.selenium.support.pagefactory.internal.LocatingElementHandler.invoke(LocatingElementHandler.java:39)
	at jdk.proxy2/jdk.proxy2.$Proxy17.getWrappedElement(Unknown Source)
	at org.openqa.selenium.interactions.PointerInput$Origin.asArg(PointerInput.java:269)
	at org.openqa.selenium.interactions.PointerInput$Move.encode(PointerInput.java:218)
	at org.openqa.selenium.interactions.Sequence.encode(Sequence.java:73)
	at org.openqa.selenium.interactions.Sequence.toJson(Sequence.java:82)
	... 65 more
... Removed 33 stack frames</pre></div><a href='#' onClick='toggleBox("stack-trace1138765237", this, "Click to show all stack frames", "Click to hide stack frames")'>Click to show all stack frames</a>
<div class='stack-trace' id='stack-trace1138765237'><pre>org.openqa.selenium.json.JsonException: java.lang.reflect.InvocationTargetException
Build info: version: &apos;4.8.1&apos;, revision: &apos;8ebccac989&apos;
System info: os.name: &apos;Windows 11&apos;, os.arch: &apos;amd64&apos;, os.version: &apos;10.0&apos;, java.version: &apos;17.0.3&apos;
Driver info: org.openqa.selenium.edge.EdgeDriver
Command: [c488435b55ea36c1439a34a2c505f7c4, actions {actions=[org.openqa.selenium.interactions.Sequence@643253c4]}]
Capabilities {acceptInsecureCerts: false, browserName: msedge, browserVersion: 111.0.1661.62, ms:edgeOptions: {debuggerAddress: localhost:53383}, msedge: {msedgedriverVersion: 111.0.1661.62 (0a8f453929e6..., userDataDir: C:\Users\ZAIGOP~1\AppData\L...}, networkConnectionEnabled: false, pageLoadStrategy: normal, platformName: WINDOWS, proxy: Proxy(), se:cdp: ws://localhost:53383/devtoo..., se:cdpVersion: 111.0.1661.62, setWindowRect: true, strictFileInteractability: false, timeouts: {implicit: 0, pageLoad: 300000, script: 30000}, unhandledPromptBehavior: dismiss and notify, webauthn:extension:credBlob: true, webauthn:extension:largeBlob: true, webauthn:extension:minPinLength: true, webauthn:extension:prf: true, webauthn:virtualAuthenticators: true}
Session ID: c488435b55ea36c1439a34a2c505f7c4
	at org.openqa.selenium.json.JsonOutput.convertUsingMethod(JsonOutput.java:362)
	at org.openqa.selenium.json.JsonOutput.lambda$new$16(JsonOutput.java:154)
	at org.openqa.selenium.json.JsonOutput.write(JsonOutput.java:287)
	at org.openqa.selenium.json.JsonOutput.lambda$new$22(JsonOutput.java:169)
	at java.base/java.util.stream.ForEachOps$ForEachOp$OfRef.accept(ForEachOps.java:183)
	at java.base/java.util.stream.ReferencePipeline$2$1.accept(ReferencePipeline.java:179)
	at java.base/java.util.Iterator.forEachRemaining(Iterator.java:133)
	at java.base/java.util.Spliterators$IteratorSpliterator.forEachRemaining(Spliterators.java:1845)
	at java.base/java.util.stream.AbstractPipeline.copyInto(AbstractPipeline.java:509)
	at java.base/java.util.stream.AbstractPipeline.wrapAndCopyInto(AbstractPipeline.java:499)
	at java.base/java.util.stream.ForEachOps$ForEachOp.evaluateSequential(ForEachOps.java:150)
	at java.base/java.util.stream.ForEachOps$ForEachOp$OfRef.evaluateSequential(ForEachOps.java:173)
	at java.base/java.util.stream.AbstractPipeline.evaluate(AbstractPipeline.java:234)
	at java.base/java.util.stream.ReferencePipeline.forEach(ReferencePipeline.java:596)
	at org.openqa.selenium.json.JsonOutput.lambda$new$23(JsonOutput.java:169)
	at org.openqa.selenium.json.JsonOutput.write(JsonOutput.java:287)
	at org.openqa.selenium.json.JsonOutput.lambda$new$24(JsonOutput.java:182)
	at com.google.common.collect.SingletonImmutableBiMap.forEach(SingletonImmutableBiMap.java:68)
	at org.openqa.selenium.json.JsonOutput.lambda$new$25(JsonOutput.java:177)
	at org.openqa.selenium.json.JsonOutput.write(JsonOutput.java:287)
	at org.openqa.selenium.json.JsonOutput.write(JsonOutput.java:278)
	at org.openqa.selenium.json.Json.toJson(Json.java:42)
	at org.openqa.selenium.remote.codec.AbstractHttpCommandCodec.encode(AbstractHttpCommandCodec.java:259)
	at org.openqa.selenium.remote.codec.AbstractHttpCommandCodec.encode(AbstractHttpCommandCodec.java:122)
	at org.openqa.selenium.remote.HttpCommandExecutor.execute(HttpCommandExecutor.java:172)
	at org.openqa.selenium.remote.service.DriverCommandExecutor.invokeExecute(DriverCommandExecutor.java:167)
	at org.openqa.selenium.remote.service.DriverCommandExecutor.execute(DriverCommandExecutor.java:142)
	at org.openqa.selenium.remote.RemoteWebDriver.execute(RemoteWebDriver.java:543)
	at org.openqa.selenium.remote.RemoteWebDriver.perform(RemoteWebDriver.java:611)
	at org.openqa.selenium.interactions.Actions$BuiltAction.perform(Actions.java:567)
	at com.zaigo.pageobjects.TaxPage.mouseActionClick(TaxPage.java:86)
	at com.zaigo.pageobjects.TaxPage.reflection(TaxPage.java:392)
	at org.test.TaxModule.createdTaxRefectProductService(TaxModule.java:457)
	at java.base/jdk.internal.reflect.NativeMethodAccessorImpl.invoke0(Native Method)
	at java.base/jdk.internal.reflect.NativeMethodAccessorImpl.invoke(NativeMethodAccessorImpl.java:77)
	at java.base/jdk.internal.reflect.DelegatingMethodAccessorImpl.invoke(DelegatingMethodAccessorImpl.java:43)
	at java.base/java.lang.reflect.Method.invoke(Method.java:568)
	at org.testng.internal.MethodInvocationHelper.invokeMethod(MethodInvocationHelper.java:133)
	at org.testng.internal.TestInvoker.invokeMethod(TestInvoker.java:598)
	at org.testng.internal.TestInvoker.invokeTestMethod(TestInvoker.java:173)
	at org.testng.internal.MethodRunner.runInSequence(MethodRunner.java:46)
	at org.testng.internal.TestInvoker$MethodInvocationAgent.invoke(TestInvoker.java:824)
	at org.testng.internal.TestInvoker.invokeTestMethods(TestInvoker.java:146)
	at org.testng.internal.TestMethodWorker.invokeTestMethods(TestMethodWorker.java:146)
	at org.testng.internal.TestMethodWorker.run(TestMethodWorker.java:128)
	at java.base/java.util.ArrayList.forEach(ArrayList.java:1511)
	at org.testng.TestRunner.privateRun(TestRunner.java:794)
	at org.testng.TestRunner.run(TestRunner.java:596)
	at org.testng.SuiteRunner.runTest(SuiteRunner.java:377)
	at org.testng.SuiteRunner.runSequentially(SuiteRunner.java:371)
	at org.testng.SuiteRunner.privateRun(SuiteRunner.java:332)
	at org.testng.SuiteRunner.run(SuiteRunner.java:276)
	at org.testng.SuiteRunnerWorker.runSuite(SuiteRunnerWorker.java:53)
	at org.testng.SuiteRunnerWorker.run(SuiteRunnerWorker.java:96)
	at org.testng.TestNG.runSuitesSequentially(TestNG.java:1212)
	at org.testng.TestNG.runSuitesSequentially(TestNG.java:1207)
	at org.testng.TestNG.runSuitesLocally(TestNG.java:1134)
	at org.testng.TestNG.runSuites(TestNG.java:1063)
	at org.testng.TestNG.run(TestNG.java:1031)
	at org.testng.remote.AbstractRemoteTestNG.run(AbstractRemoteTestNG.java:115)
	at org.testng.remote.RemoteTestNG.initAndRun(RemoteTestNG.java:251)
	at org.testng.remote.RemoteTestNG.main(RemoteTestNG.java:77)
	Suppressed: org.openqa.selenium.json.JsonException: Attempting to close incomplete json stream
Build info: version: &apos;4.8.1&apos;, revision: &apos;8ebccac989&apos;
System info: os.name: &apos;Windows 11&apos;, os.arch: &apos;amd64&apos;, os.version: &apos;10.0&apos;, java.version: &apos;17.0.3&apos;
Driver info: driver.version: RemoteWebDriver
		at org.openqa.selenium.json.JsonOutput.close(JsonOutput.java:303)
		at org.openqa.selenium.json.Json.toJson(Json.java:40)
		... 40 more
Caused by: java.lang.reflect.InvocationTargetException
	at jdk.internal.reflect.GeneratedMethodAccessor4.invoke(Unknown Source)
	at java.base/jdk.internal.reflect.DelegatingMethodAccessorImpl.invoke(DelegatingMethodAccessorImpl.java:43)
	at java.base/java.lang.reflect.Method.invoke(Method.java:568)
	at org.openqa.selenium.json.JsonOutput.convertUsingMethod(JsonOutput.java:358)
	... 61 more
Caused by: org.openqa.selenium.NoSuchElementException: Cannot locate an element using By.all({By.xpath: //*[@id=&apos;fieldy-body-ele&apos;]/div[1]/div/div[1]/div/div/div/button,By.xpath: //*[contains(text(),&apos;Save&apos;)],By.xpath: //*[contains(text(),&apos;Update&apos;)],By.xpath: //*[@id=&apos;job-show-details-timeline&apos;]/div[2]/div[3]/button})
For documentation on this error, please visit: https://selenium.dev/exceptions/#no_such_element
Build info: version: &apos;4.8.1&apos;, revision: &apos;8ebccac989&apos;
System info: os.name: &apos;Windows 11&apos;, os.arch: &apos;amd64&apos;, os.version: &apos;10.0&apos;, java.version: &apos;17.0.3&apos;
Driver info: driver.version: RemoteWebDriver
	at org.openqa.selenium.support.pagefactory.ByAll.findElement(ByAll.java:58)
	at org.openqa.selenium.remote.ElementLocation$ElementFinder$1.findElement(ElementLocation.java:136)
	at org.openqa.selenium.remote.ElementLocation.findElement(ElementLocation.java:60)
	at org.openqa.selenium.remote.RemoteWebDriver.findElement(RemoteWebDriver.java:352)
	at org.openqa.selenium.remote.RemoteWebDriver.findElement(RemoteWebDriver.java:344)
	at org.openqa.selenium.support.pagefactory.DefaultElementLocator.findElement(DefaultElementLocator.java:70)
	at org.openqa.selenium.support.pagefactory.internal.LocatingElementHandler.invoke(LocatingElementHandler.java:39)
	at jdk.proxy2/jdk.proxy2.$Proxy17.getWrappedElement(Unknown Source)
	at org.openqa.selenium.interactions.PointerInput$Origin.asArg(PointerInput.java:269)
	at org.openqa.selenium.interactions.PointerInput$Move.encode(PointerInput.java:218)
	at org.openqa.selenium.interactions.Sequence.encode(Sequence.java:73)
	at org.openqa.selenium.interactions.Sequence.toJson(Sequence.java:82)
	... 65 more
</pre></div></td>
<td>3</td>
<td>org.test.TaxModule@183ec003</td></tr>
<tr>
<td title='org.test.ServiceType.editmaximumValidationLeadSource()'><b>editmaximumValidationLeadSource</b><br>Test class: org.test.ServiceType</td>
<td><div><pre>org.openqa.selenium.TimeoutException: Expected condition failed: waiting for visibility of element located by By.xpath: //input[@id=&apos;name&apos;] (tried for 10 second(s) with 500 milliseconds interval)
	at org.openqa.selenium.support.ui.WebDriverWait.timeoutException(WebDriverWait.java:138)
	at org.openqa.selenium.support.ui.FluentWait.until(FluentWait.java:234)
	at com.zaigo.pageobjects.BusinessDaysPage.validationTab(BusinessDaysPage.java:104)
	at com.zaigo.pageobjects.BusinessDaysPage.serviceTypeField(BusinessDaysPage.java:434)
	at org.test.ServiceType.editmaximumValidationLeadSource(ServiceType.java:329)
	at java.base/java.util.ArrayList.forEach(ArrayList.java:1511)
Caused by: org.openqa.selenium.NoSuchElementException: no such element: Unable to locate element: {&quot;method&quot;:&quot;xpath&quot;,&quot;selector&quot;:&quot;//input[@id=&apos;name&apos;]&quot;}
  (Session info: MicrosoftEdge=111.0.1661.62)
For documentation on this error, please visit: https://selenium.dev/exceptions/#no_such_element
Build info: version: &apos;4.8.1&apos;, revision: &apos;8ebccac989&apos;
System info: os.name: &apos;Windows 11&apos;, os.arch: &apos;amd64&apos;, os.version: &apos;10.0&apos;, java.version: &apos;17.0.3&apos;
Driver info: org.openqa.selenium.edge.EdgeDriver
Command: [636ef1220521f7048a5164ee784e976f, findElement {using=xpath, value=//input[@id=&apos;name&apos;]}]
Capabilities {acceptInsecureCerts: false, browserName: msedge, browserVersion: 111.0.1661.62, ms:edgeOptions: {debuggerAddress: localhost:52851}, msedge: {msedgedriverVersion: 111.0.1661.62 (0a8f453929e6..., userDataDir: C:\Users\ZAIGOP~1\AppData\L...}, networkConnectionEnabled: false, pageLoadStrategy: normal, platformName: WINDOWS, proxy: Proxy(), se:cdp: ws://localhost:52851/devtoo..., se:cdpVersion: 111.0.1661.62, setWindowRect: true, strictFileInteractability: false, timeouts: {implicit: 0, pageLoad: 300000, script: 30000}, unhandledPromptBehavior: dismiss and notify, webauthn:extension:credBlob: true, webauthn:extension:largeBlob: true, webauthn:extension:minPinLength: true, webauthn:extension:prf: true, webauthn:virtualAuthenticators: true}
Session ID: 636ef1220521f7048a5164ee784e976f
	at org.openqa.selenium.remote.codec.w3c.W3CHttpResponseCodec.createException(W3CHttpResponseCodec.java:200)
	at org.openqa.selenium.remote.codec.w3c.W3CHttpResponseCodec.decode(W3CHttpResponseCodec.java:133)
	at org.openqa.selenium.remote.codec.w3c.W3CHttpResponseCodec.decode(W3CHttpResponseCodec.java:53)
	at org.openqa.selenium.remote.HttpCommandExecutor.execute(HttpCommandExecutor.java:184)
	at org.openqa.selenium.remote.service.DriverCommandExecutor.invokeExecute(DriverCommandExecutor.java:167)
	at org.openqa.selenium.remote.service.DriverCommandExecutor.execute(DriverCommandExecutor.java:142)
	at org.openqa.selenium.remote.RemoteWebDriver.execute(RemoteWebDriver.java:543)
	at org.openqa.selenium.remote.ElementLocation$ElementFinder$2.findElement(ElementLocation.java:162)
	at org.openqa.selenium.remote.ElementLocation.findElement(ElementLocation.java:60)
	at org.openqa.selenium.remote.RemoteWebDriver.findElement(RemoteWebDriver.java:352)
	at org.openqa.selenium.remote.RemoteWebDriver.findElement(RemoteWebDriver.java:344)
	at org.openqa.selenium.support.ui.ExpectedConditions$7.apply(ExpectedConditions.java:205)
	at org.openqa.selenium.support.ui.ExpectedConditions$7.apply(ExpectedConditions.java:201)
	at org.openqa.selenium.support.ui.FluentWait.until(FluentWait.java:211)
	... 32 more
... Removed 32 stack frames</pre></div><a href='#' onClick='toggleBox("stack-trace994706803", this, "Click to show all stack frames", "Click to hide stack frames")'>Click to show all stack frames</a>
<div class='stack-trace' id='stack-trace994706803'><pre>org.openqa.selenium.TimeoutException: Expected condition failed: waiting for visibility of element located by By.xpath: //input[@id=&apos;name&apos;] (tried for 10 second(s) with 500 milliseconds interval)
	at org.openqa.selenium.support.ui.WebDriverWait.timeoutException(WebDriverWait.java:138)
	at org.openqa.selenium.support.ui.FluentWait.until(FluentWait.java:234)
	at com.zaigo.pageobjects.BusinessDaysPage.validationTab(BusinessDaysPage.java:104)
	at com.zaigo.pageobjects.BusinessDaysPage.serviceTypeField(BusinessDaysPage.java:434)
	at org.test.ServiceType.editmaximumValidationLeadSource(ServiceType.java:329)
	at java.base/jdk.internal.reflect.NativeMethodAccessorImpl.invoke0(Native Method)
	at java.base/jdk.internal.reflect.NativeMethodAccessorImpl.invoke(NativeMethodAccessorImpl.java:77)
	at java.base/jdk.internal.reflect.DelegatingMethodAccessorImpl.invoke(DelegatingMethodAccessorImpl.java:43)
	at java.base/java.lang.reflect.Method.invoke(Method.java:568)
	at org.testng.internal.MethodInvocationHelper.invokeMethod(MethodInvocationHelper.java:133)
	at org.testng.internal.TestInvoker.invokeMethod(TestInvoker.java:598)
	at org.testng.internal.TestInvoker.invokeTestMethod(TestInvoker.java:173)
	at org.testng.internal.MethodRunner.runInSequence(MethodRunner.java:46)
	at org.testng.internal.TestInvoker$MethodInvocationAgent.invoke(TestInvoker.java:824)
	at org.testng.internal.TestInvoker.invokeTestMethods(TestInvoker.java:146)
	at org.testng.internal.TestMethodWorker.invokeTestMethods(TestMethodWorker.java:146)
	at org.testng.internal.TestMethodWorker.run(TestMethodWorker.java:128)
	at java.base/java.util.ArrayList.forEach(ArrayList.java:1511)
	at org.testng.TestRunner.privateRun(TestRunner.java:794)
	at org.testng.TestRunner.run(TestRunner.java:596)
	at org.testng.SuiteRunner.runTest(SuiteRunner.java:377)
	at org.testng.SuiteRunner.runSequentially(SuiteRunner.java:371)
	at org.testng.SuiteRunner.privateRun(SuiteRunner.java:332)
	at org.testng.SuiteRunner.run(SuiteRunner.java:276)
	at org.testng.SuiteRunnerWorker.runSuite(SuiteRunnerWorker.java:53)
	at org.testng.SuiteRunnerWorker.run(SuiteRunnerWorker.java:96)
	at org.testng.TestNG.runSuitesSequentially(TestNG.java:1212)
	at org.testng.TestNG.runSuitesSequentially(TestNG.java:1207)
	at org.testng.TestNG.runSuitesLocally(TestNG.java:1134)
	at org.testng.TestNG.runSuites(TestNG.java:1063)
	at org.testng.TestNG.run(TestNG.java:1031)
	at org.testng.remote.AbstractRemoteTestNG.run(AbstractRemoteTestNG.java:115)
	at org.testng.remote.RemoteTestNG.initAndRun(RemoteTestNG.java:251)
	at org.testng.remote.RemoteTestNG.main(RemoteTestNG.java:77)
Caused by: org.openqa.selenium.NoSuchElementException: no such element: Unable to locate element: {&quot;method&quot;:&quot;xpath&quot;,&quot;selector&quot;:&quot;//input[@id=&apos;name&apos;]&quot;}
  (Session info: MicrosoftEdge=111.0.1661.62)
For documentation on this error, please visit: https://selenium.dev/exceptions/#no_such_element
Build info: version: &apos;4.8.1&apos;, revision: &apos;8ebccac989&apos;
System info: os.name: &apos;Windows 11&apos;, os.arch: &apos;amd64&apos;, os.version: &apos;10.0&apos;, java.version: &apos;17.0.3&apos;
Driver info: org.openqa.selenium.edge.EdgeDriver
Command: [636ef1220521f7048a5164ee784e976f, findElement {using=xpath, value=//input[@id=&apos;name&apos;]}]
Capabilities {acceptInsecureCerts: false, browserName: msedge, browserVersion: 111.0.1661.62, ms:edgeOptions: {debuggerAddress: localhost:52851}, msedge: {msedgedriverVersion: 111.0.1661.62 (0a8f453929e6..., userDataDir: C:\Users\ZAIGOP~1\AppData\L...}, networkConnectionEnabled: false, pageLoadStrategy: normal, platformName: WINDOWS, proxy: Proxy(), se:cdp: ws://localhost:52851/devtoo..., se:cdpVersion: 111.0.1661.62, setWindowRect: true, strictFileInteractability: false, timeouts: {implicit: 0, pageLoad: 300000, script: 30000}, unhandledPromptBehavior: dismiss and notify, webauthn:extension:credBlob: true, webauthn:extension:largeBlob: true, webauthn:extension:minPinLength: true, webauthn:extension:prf: true, webauthn:virtualAuthenticators: true}
Session ID: 636ef1220521f7048a5164ee784e976f
	at jdk.internal.reflect.GeneratedConstructorAccessor15.newInstance(Unknown Source)
	at java.base/jdk.internal.reflect.DelegatingConstructorAccessorImpl.newInstance(DelegatingConstructorAccessorImpl.java:45)
	at java.base/java.lang.reflect.Constructor.newInstanceWithCaller(Constructor.java:499)
	at java.base/java.lang.reflect.Constructor.newInstance(Constructor.java:480)
	at org.openqa.selenium.remote.codec.w3c.W3CHttpResponseCodec.createException(W3CHttpResponseCodec.java:200)
	at org.openqa.selenium.remote.codec.w3c.W3CHttpResponseCodec.decode(W3CHttpResponseCodec.java:133)
	at org.openqa.selenium.remote.codec.w3c.W3CHttpResponseCodec.decode(W3CHttpResponseCodec.java:53)
	at org.openqa.selenium.remote.HttpCommandExecutor.execute(HttpCommandExecutor.java:184)
	at org.openqa.selenium.remote.service.DriverCommandExecutor.invokeExecute(DriverCommandExecutor.java:167)
	at org.openqa.selenium.remote.service.DriverCommandExecutor.execute(DriverCommandExecutor.java:142)
	at org.openqa.selenium.remote.RemoteWebDriver.execute(RemoteWebDriver.java:543)
	at org.openqa.selenium.remote.ElementLocation$ElementFinder$2.findElement(ElementLocation.java:162)
	at org.openqa.selenium.remote.ElementLocation.findElement(ElementLocation.java:60)
	at org.openqa.selenium.remote.RemoteWebDriver.findElement(RemoteWebDriver.java:352)
	at org.openqa.selenium.remote.RemoteWebDriver.findElement(RemoteWebDriver.java:344)
	at org.openqa.selenium.support.ui.ExpectedConditions$7.apply(ExpectedConditions.java:205)
	at org.openqa.selenium.support.ui.ExpectedConditions$7.apply(ExpectedConditions.java:201)
	at org.openqa.selenium.support.ui.FluentWait.until(FluentWait.java:211)
	... 32 more
</pre></div></td>
<td>10</td>
<td>org.test.ServiceType@31ea9581</td></tr>
<tr>
<td title='org.test.ServiceType.leadSourceUpdate()'><b>leadSourceUpdate</b><br>Test class: org.test.ServiceType</td>
<td><div><pre>org.openqa.selenium.TimeoutException: Expected condition failed: waiting for visibility of element located by By.xpath: //input[@id=&apos;name&apos;] (tried for 10 second(s) with 500 milliseconds interval)
	at org.openqa.selenium.support.ui.WebDriverWait.timeoutException(WebDriverWait.java:138)
	at org.openqa.selenium.support.ui.FluentWait.until(FluentWait.java:234)
	at com.zaigo.pageobjects.BusinessDaysPage.clearField(BusinessDaysPage.java:53)
	at com.zaigo.pageobjects.BusinessDaysPage.clearField(BusinessDaysPage.java:470)
	at com.zaigo.pageobjects.BusinessDaysPage.message(BusinessDaysPage.java:498)
	at org.test.ServiceType.leadSourceUpdate(ServiceType.java:407)
	at java.base/java.util.ArrayList.forEach(ArrayList.java:1511)
Caused by: org.openqa.selenium.NoSuchElementException: no such element: Unable to locate element: {&quot;method&quot;:&quot;xpath&quot;,&quot;selector&quot;:&quot;//input[@id=&apos;name&apos;]&quot;}
  (Session info: MicrosoftEdge=111.0.1661.62)
For documentation on this error, please visit: https://selenium.dev/exceptions/#no_such_element
Build info: version: &apos;4.8.1&apos;, revision: &apos;8ebccac989&apos;
System info: os.name: &apos;Windows 11&apos;, os.arch: &apos;amd64&apos;, os.version: &apos;10.0&apos;, java.version: &apos;17.0.3&apos;
Driver info: org.openqa.selenium.edge.EdgeDriver
Command: [636ef1220521f7048a5164ee784e976f, findElement {using=xpath, value=//input[@id=&apos;name&apos;]}]
Capabilities {acceptInsecureCerts: false, browserName: msedge, browserVersion: 111.0.1661.62, ms:edgeOptions: {debuggerAddress: localhost:52851}, msedge: {msedgedriverVersion: 111.0.1661.62 (0a8f453929e6..., userDataDir: C:\Users\ZAIGOP~1\AppData\L...}, networkConnectionEnabled: false, pageLoadStrategy: normal, platformName: WINDOWS, proxy: Proxy(), se:cdp: ws://localhost:52851/devtoo..., se:cdpVersion: 111.0.1661.62, setWindowRect: true, strictFileInteractability: false, timeouts: {implicit: 0, pageLoad: 300000, script: 30000}, unhandledPromptBehavior: dismiss and notify, webauthn:extension:credBlob: true, webauthn:extension:largeBlob: true, webauthn:extension:minPinLength: true, webauthn:extension:prf: true, webauthn:virtualAuthenticators: true}
Session ID: 636ef1220521f7048a5164ee784e976f
	at org.openqa.selenium.remote.codec.w3c.W3CHttpResponseCodec.createException(W3CHttpResponseCodec.java:200)
	at org.openqa.selenium.remote.codec.w3c.W3CHttpResponseCodec.decode(W3CHttpResponseCodec.java:133)
	at org.openqa.selenium.remote.codec.w3c.W3CHttpResponseCodec.decode(W3CHttpResponseCodec.java:53)
	at org.openqa.selenium.remote.HttpCommandExecutor.execute(HttpCommandExecutor.java:184)
	at org.openqa.selenium.remote.service.DriverCommandExecutor.invokeExecute(DriverCommandExecutor.java:167)
	at org.openqa.selenium.remote.service.DriverCommandExecutor.execute(DriverCommandExecutor.java:142)
	at org.openqa.selenium.remote.RemoteWebDriver.execute(RemoteWebDriver.java:543)
	at org.openqa.selenium.remote.ElementLocation$ElementFinder$2.findElement(ElementLocation.java:162)
	at org.openqa.selenium.remote.ElementLocation.findElement(ElementLocation.java:60)
	at org.openqa.selenium.remote.RemoteWebDriver.findElement(RemoteWebDriver.java:352)
	at org.openqa.selenium.remote.RemoteWebDriver.findElement(RemoteWebDriver.java:344)
	at org.openqa.selenium.support.ui.ExpectedConditions$7.apply(ExpectedConditions.java:205)
	at org.openqa.selenium.support.ui.ExpectedConditions$7.apply(ExpectedConditions.java:201)
	at org.openqa.selenium.support.ui.FluentWait.until(FluentWait.java:211)
	... 33 more
... Removed 32 stack frames</pre></div><a href='#' onClick='toggleBox("stack-trace129606595", this, "Click to show all stack frames", "Click to hide stack frames")'>Click to show all stack frames</a>
<div class='stack-trace' id='stack-trace129606595'><pre>org.openqa.selenium.TimeoutException: Expected condition failed: waiting for visibility of element located by By.xpath: //input[@id=&apos;name&apos;] (tried for 10 second(s) with 500 milliseconds interval)
	at org.openqa.selenium.support.ui.WebDriverWait.timeoutException(WebDriverWait.java:138)
	at org.openqa.selenium.support.ui.FluentWait.until(FluentWait.java:234)
	at com.zaigo.pageobjects.BusinessDaysPage.clearField(BusinessDaysPage.java:53)
	at com.zaigo.pageobjects.BusinessDaysPage.clearField(BusinessDaysPage.java:470)
	at com.zaigo.pageobjects.BusinessDaysPage.message(BusinessDaysPage.java:498)
	at org.test.ServiceType.leadSourceUpdate(ServiceType.java:407)
	at java.base/jdk.internal.reflect.NativeMethodAccessorImpl.invoke0(Native Method)
	at java.base/jdk.internal.reflect.NativeMethodAccessorImpl.invoke(NativeMethodAccessorImpl.java:77)
	at java.base/jdk.internal.reflect.DelegatingMethodAccessorImpl.invoke(DelegatingMethodAccessorImpl.java:43)
	at java.base/java.lang.reflect.Method.invoke(Method.java:568)
	at org.testng.internal.MethodInvocationHelper.invokeMethod(MethodInvocationHelper.java:133)
	at org.testng.internal.TestInvoker.invokeMethod(TestInvoker.java:598)
	at org.testng.internal.TestInvoker.invokeTestMethod(TestInvoker.java:173)
	at org.testng.internal.MethodRunner.runInSequence(MethodRunner.java:46)
	at org.testng.internal.TestInvoker$MethodInvocationAgent.invoke(TestInvoker.java:824)
	at org.testng.internal.TestInvoker.invokeTestMethods(TestInvoker.java:146)
	at org.testng.internal.TestMethodWorker.invokeTestMethods(TestMethodWorker.java:146)
	at org.testng.internal.TestMethodWorker.run(TestMethodWorker.java:128)
	at java.base/java.util.ArrayList.forEach(ArrayList.java:1511)
	at org.testng.TestRunner.privateRun(TestRunner.java:794)
	at org.testng.TestRunner.run(TestRunner.java:596)
	at org.testng.SuiteRunner.runTest(SuiteRunner.java:377)
	at org.testng.SuiteRunner.runSequentially(SuiteRunner.java:371)
	at org.testng.SuiteRunner.privateRun(SuiteRunner.java:332)
	at org.testng.SuiteRunner.run(SuiteRunner.java:276)
	at org.testng.SuiteRunnerWorker.runSuite(SuiteRunnerWorker.java:53)
	at org.testng.SuiteRunnerWorker.run(SuiteRunnerWorker.java:96)
	at org.testng.TestNG.runSuitesSequentially(TestNG.java:1212)
	at org.testng.TestNG.runSuitesSequentially(TestNG.java:1207)
	at org.testng.TestNG.runSuitesLocally(TestNG.java:1134)
	at org.testng.TestNG.runSuites(TestNG.java:1063)
	at org.testng.TestNG.run(TestNG.java:1031)
	at org.testng.remote.AbstractRemoteTestNG.run(AbstractRemoteTestNG.java:115)
	at org.testng.remote.RemoteTestNG.initAndRun(RemoteTestNG.java:251)
	at org.testng.remote.RemoteTestNG.main(RemoteTestNG.java:77)
Caused by: org.openqa.selenium.NoSuchElementException: no such element: Unable to locate element: {&quot;method&quot;:&quot;xpath&quot;,&quot;selector&quot;:&quot;//input[@id=&apos;name&apos;]&quot;}
  (Session info: MicrosoftEdge=111.0.1661.62)
For documentation on this error, please visit: https://selenium.dev/exceptions/#no_such_element
Build info: version: &apos;4.8.1&apos;, revision: &apos;8ebccac989&apos;
System info: os.name: &apos;Windows 11&apos;, os.arch: &apos;amd64&apos;, os.version: &apos;10.0&apos;, java.version: &apos;17.0.3&apos;
Driver info: org.openqa.selenium.edge.EdgeDriver
Command: [636ef1220521f7048a5164ee784e976f, findElement {using=xpath, value=//input[@id=&apos;name&apos;]}]
Capabilities {acceptInsecureCerts: false, browserName: msedge, browserVersion: 111.0.1661.62, ms:edgeOptions: {debuggerAddress: localhost:52851}, msedge: {msedgedriverVersion: 111.0.1661.62 (0a8f453929e6..., userDataDir: C:\Users\ZAIGOP~1\AppData\L...}, networkConnectionEnabled: false, pageLoadStrategy: normal, platformName: WINDOWS, proxy: Proxy(), se:cdp: ws://localhost:52851/devtoo..., se:cdpVersion: 111.0.1661.62, setWindowRect: true, strictFileInteractability: false, timeouts: {implicit: 0, pageLoad: 300000, script: 30000}, unhandledPromptBehavior: dismiss and notify, webauthn:extension:credBlob: true, webauthn:extension:largeBlob: true, webauthn:extension:minPinLength: true, webauthn:extension:prf: true, webauthn:virtualAuthenticators: true}
Session ID: 636ef1220521f7048a5164ee784e976f
	at jdk.internal.reflect.GeneratedConstructorAccessor15.newInstance(Unknown Source)
	at java.base/jdk.internal.reflect.DelegatingConstructorAccessorImpl.newInstance(DelegatingConstructorAccessorImpl.java:45)
	at java.base/java.lang.reflect.Constructor.newInstanceWithCaller(Constructor.java:499)
	at java.base/java.lang.reflect.Constructor.newInstance(Constructor.java:480)
	at org.openqa.selenium.remote.codec.w3c.W3CHttpResponseCodec.createException(W3CHttpResponseCodec.java:200)
	at org.openqa.selenium.remote.codec.w3c.W3CHttpResponseCodec.decode(W3CHttpResponseCodec.java:133)
	at org.openqa.selenium.remote.codec.w3c.W3CHttpResponseCodec.decode(W3CHttpResponseCodec.java:53)
	at org.openqa.selenium.remote.HttpCommandExecutor.execute(HttpCommandExecutor.java:184)
	at org.openqa.selenium.remote.service.DriverCommandExecutor.invokeExecute(DriverCommandExecutor.java:167)
	at org.openqa.selenium.remote.service.DriverCommandExecutor.execute(DriverCommandExecutor.java:142)
	at org.openqa.selenium.remote.RemoteWebDriver.execute(RemoteWebDriver.java:543)
	at org.openqa.selenium.remote.ElementLocation$ElementFinder$2.findElement(ElementLocation.java:162)
	at org.openqa.selenium.remote.ElementLocation.findElement(ElementLocation.java:60)
	at org.openqa.selenium.remote.RemoteWebDriver.findElement(RemoteWebDriver.java:352)
	at org.openqa.selenium.remote.RemoteWebDriver.findElement(RemoteWebDriver.java:344)
	at org.openqa.selenium.support.ui.ExpectedConditions$7.apply(ExpectedConditions.java:205)
	at org.openqa.selenium.support.ui.ExpectedConditions$7.apply(ExpectedConditions.java:201)
	at org.openqa.selenium.support.ui.FluentWait.until(FluentWait.java:211)
	... 33 more
</pre></div></td>
<td>30</td>
<td>org.test.ServiceType@31ea9581</td></tr>
<tr>
<td title='org.test.ServiceType.editmandatoryValidation()'><b>editmandatoryValidation</b><br>Test class: org.test.ServiceType</td>
<td><div><pre>org.openqa.selenium.TimeoutException: Expected condition failed: waiting for visibility of element located by By.xpath: //button[@id=&apos;category_submit_btn&apos;] (tried for 10 second(s) with 500 milliseconds interval)
	at org.openqa.selenium.support.ui.WebDriverWait.timeoutException(WebDriverWait.java:138)
	at org.openqa.selenium.support.ui.FluentWait.until(FluentWait.java:234)
	at com.zaigo.pageobjects.BusinessDaysPage.mouseActionClick(BusinessDaysPage.java:74)
	at com.zaigo.pageobjects.BusinessDaysPage.serviceTypeField(BusinessDaysPage.java:440)
	at org.test.ServiceType.editmandatoryValidation(ServiceType.java:305)
	at java.base/java.util.ArrayList.forEach(ArrayList.java:1511)
Caused by: org.openqa.selenium.NoSuchElementException: no such element: Unable to locate element: {&quot;method&quot;:&quot;xpath&quot;,&quot;selector&quot;:&quot;//button[@id=&apos;category_submit_btn&apos;]&quot;}
  (Session info: MicrosoftEdge=111.0.1661.62)
For documentation on this error, please visit: https://selenium.dev/exceptions/#no_such_element
Build info: version: &apos;4.8.1&apos;, revision: &apos;8ebccac989&apos;
System info: os.name: &apos;Windows 11&apos;, os.arch: &apos;amd64&apos;, os.version: &apos;10.0&apos;, java.version: &apos;17.0.3&apos;
Driver info: org.openqa.selenium.edge.EdgeDriver
Command: [636ef1220521f7048a5164ee784e976f, findElement {using=xpath, value=//button[@id=&apos;category_submit_btn&apos;]}]
Capabilities {acceptInsecureCerts: false, browserName: msedge, browserVersion: 111.0.1661.62, ms:edgeOptions: {debuggerAddress: localhost:52851}, msedge: {msedgedriverVersion: 111.0.1661.62 (0a8f453929e6..., userDataDir: C:\Users\ZAIGOP~1\AppData\L...}, networkConnectionEnabled: false, pageLoadStrategy: normal, platformName: WINDOWS, proxy: Proxy(), se:cdp: ws://localhost:52851/devtoo..., se:cdpVersion: 111.0.1661.62, setWindowRect: true, strictFileInteractability: false, timeouts: {implicit: 0, pageLoad: 300000, script: 30000}, unhandledPromptBehavior: dismiss and notify, webauthn:extension:credBlob: true, webauthn:extension:largeBlob: true, webauthn:extension:minPinLength: true, webauthn:extension:prf: true, webauthn:virtualAuthenticators: true}
Session ID: 636ef1220521f7048a5164ee784e976f
	at org.openqa.selenium.remote.codec.w3c.W3CHttpResponseCodec.createException(W3CHttpResponseCodec.java:200)
	at org.openqa.selenium.remote.codec.w3c.W3CHttpResponseCodec.decode(W3CHttpResponseCodec.java:133)
	at org.openqa.selenium.remote.codec.w3c.W3CHttpResponseCodec.decode(W3CHttpResponseCodec.java:53)
	at org.openqa.selenium.remote.HttpCommandExecutor.execute(HttpCommandExecutor.java:184)
	at org.openqa.selenium.remote.service.DriverCommandExecutor.invokeExecute(DriverCommandExecutor.java:167)
	at org.openqa.selenium.remote.service.DriverCommandExecutor.execute(DriverCommandExecutor.java:142)
	at org.openqa.selenium.remote.RemoteWebDriver.execute(RemoteWebDriver.java:543)
	at org.openqa.selenium.remote.ElementLocation$ElementFinder$2.findElement(ElementLocation.java:162)
	at org.openqa.selenium.remote.ElementLocation.findElement(ElementLocation.java:60)
	at org.openqa.selenium.remote.RemoteWebDriver.findElement(RemoteWebDriver.java:352)
	at org.openqa.selenium.remote.RemoteWebDriver.findElement(RemoteWebDriver.java:344)
	at org.openqa.selenium.support.ui.ExpectedConditions$7.apply(ExpectedConditions.java:205)
	at org.openqa.selenium.support.ui.ExpectedConditions$7.apply(ExpectedConditions.java:201)
	at org.openqa.selenium.support.ui.FluentWait.until(FluentWait.java:211)
	... 32 more
... Removed 32 stack frames</pre></div><a href='#' onClick='toggleBox("stack-trace1348368338", this, "Click to show all stack frames", "Click to hide stack frames")'>Click to show all stack frames</a>
<div class='stack-trace' id='stack-trace1348368338'><pre>org.openqa.selenium.TimeoutException: Expected condition failed: waiting for visibility of element located by By.xpath: //button[@id=&apos;category_submit_btn&apos;] (tried for 10 second(s) with 500 milliseconds interval)
	at org.openqa.selenium.support.ui.WebDriverWait.timeoutException(WebDriverWait.java:138)
	at org.openqa.selenium.support.ui.FluentWait.until(FluentWait.java:234)
	at com.zaigo.pageobjects.BusinessDaysPage.mouseActionClick(BusinessDaysPage.java:74)
	at com.zaigo.pageobjects.BusinessDaysPage.serviceTypeField(BusinessDaysPage.java:440)
	at org.test.ServiceType.editmandatoryValidation(ServiceType.java:305)
	at java.base/jdk.internal.reflect.NativeMethodAccessorImpl.invoke0(Native Method)
	at java.base/jdk.internal.reflect.NativeMethodAccessorImpl.invoke(NativeMethodAccessorImpl.java:77)
	at java.base/jdk.internal.reflect.DelegatingMethodAccessorImpl.invoke(DelegatingMethodAccessorImpl.java:43)
	at java.base/java.lang.reflect.Method.invoke(Method.java:568)
	at org.testng.internal.MethodInvocationHelper.invokeMethod(MethodInvocationHelper.java:133)
	at org.testng.internal.TestInvoker.invokeMethod(TestInvoker.java:598)
	at org.testng.internal.TestInvoker.invokeTestMethod(TestInvoker.java:173)
	at org.testng.internal.MethodRunner.runInSequence(MethodRunner.java:46)
	at org.testng.internal.TestInvoker$MethodInvocationAgent.invoke(TestInvoker.java:824)
	at org.testng.internal.TestInvoker.invokeTestMethods(TestInvoker.java:146)
	at org.testng.internal.TestMethodWorker.invokeTestMethods(TestMethodWorker.java:146)
	at org.testng.internal.TestMethodWorker.run(TestMethodWorker.java:128)
	at java.base/java.util.ArrayList.forEach(ArrayList.java:1511)
	at org.testng.TestRunner.privateRun(TestRunner.java:794)
	at org.testng.TestRunner.run(TestRunner.java:596)
	at org.testng.SuiteRunner.runTest(SuiteRunner.java:377)
	at org.testng.SuiteRunner.runSequentially(SuiteRunner.java:371)
	at org.testng.SuiteRunner.privateRun(SuiteRunner.java:332)
	at org.testng.SuiteRunner.run(SuiteRunner.java:276)
	at org.testng.SuiteRunnerWorker.runSuite(SuiteRunnerWorker.java:53)
	at org.testng.SuiteRunnerWorker.run(SuiteRunnerWorker.java:96)
	at org.testng.TestNG.runSuitesSequentially(TestNG.java:1212)
	at org.testng.TestNG.runSuitesSequentially(TestNG.java:1207)
	at org.testng.TestNG.runSuitesLocally(TestNG.java:1134)
	at org.testng.TestNG.runSuites(TestNG.java:1063)
	at org.testng.TestNG.run(TestNG.java:1031)
	at org.testng.remote.AbstractRemoteTestNG.run(AbstractRemoteTestNG.java:115)
	at org.testng.remote.RemoteTestNG.initAndRun(RemoteTestNG.java:251)
	at org.testng.remote.RemoteTestNG.main(RemoteTestNG.java:77)
Caused by: org.openqa.selenium.NoSuchElementException: no such element: Unable to locate element: {&quot;method&quot;:&quot;xpath&quot;,&quot;selector&quot;:&quot;//button[@id=&apos;category_submit_btn&apos;]&quot;}
  (Session info: MicrosoftEdge=111.0.1661.62)
For documentation on this error, please visit: https://selenium.dev/exceptions/#no_such_element
Build info: version: &apos;4.8.1&apos;, revision: &apos;8ebccac989&apos;
System info: os.name: &apos;Windows 11&apos;, os.arch: &apos;amd64&apos;, os.version: &apos;10.0&apos;, java.version: &apos;17.0.3&apos;
Driver info: org.openqa.selenium.edge.EdgeDriver
Command: [636ef1220521f7048a5164ee784e976f, findElement {using=xpath, value=//button[@id=&apos;category_submit_btn&apos;]}]
Capabilities {acceptInsecureCerts: false, browserName: msedge, browserVersion: 111.0.1661.62, ms:edgeOptions: {debuggerAddress: localhost:52851}, msedge: {msedgedriverVersion: 111.0.1661.62 (0a8f453929e6..., userDataDir: C:\Users\ZAIGOP~1\AppData\L...}, networkConnectionEnabled: false, pageLoadStrategy: normal, platformName: WINDOWS, proxy: Proxy(), se:cdp: ws://localhost:52851/devtoo..., se:cdpVersion: 111.0.1661.62, setWindowRect: true, strictFileInteractability: false, timeouts: {implicit: 0, pageLoad: 300000, script: 30000}, unhandledPromptBehavior: dismiss and notify, webauthn:extension:credBlob: true, webauthn:extension:largeBlob: true, webauthn:extension:minPinLength: true, webauthn:extension:prf: true, webauthn:virtualAuthenticators: true}
Session ID: 636ef1220521f7048a5164ee784e976f
	at jdk.internal.reflect.GeneratedConstructorAccessor15.newInstance(Unknown Source)
	at java.base/jdk.internal.reflect.DelegatingConstructorAccessorImpl.newInstance(DelegatingConstructorAccessorImpl.java:45)
	at java.base/java.lang.reflect.Constructor.newInstanceWithCaller(Constructor.java:499)
	at java.base/java.lang.reflect.Constructor.newInstance(Constructor.java:480)
	at org.openqa.selenium.remote.codec.w3c.W3CHttpResponseCodec.createException(W3CHttpResponseCodec.java:200)
	at org.openqa.selenium.remote.codec.w3c.W3CHttpResponseCodec.decode(W3CHttpResponseCodec.java:133)
	at org.openqa.selenium.remote.codec.w3c.W3CHttpResponseCodec.decode(W3CHttpResponseCodec.java:53)
	at org.openqa.selenium.remote.HttpCommandExecutor.execute(HttpCommandExecutor.java:184)
	at org.openqa.selenium.remote.service.DriverCommandExecutor.invokeExecute(DriverCommandExecutor.java:167)
	at org.openqa.selenium.remote.service.DriverCommandExecutor.execute(DriverCommandExecutor.java:142)
	at org.openqa.selenium.remote.RemoteWebDriver.execute(RemoteWebDriver.java:543)
	at org.openqa.selenium.remote.ElementLocation$ElementFinder$2.findElement(ElementLocation.java:162)
	at org.openqa.selenium.remote.ElementLocation.findElement(ElementLocation.java:60)
	at org.openqa.selenium.remote.RemoteWebDriver.findElement(RemoteWebDriver.java:352)
	at org.openqa.selenium.remote.RemoteWebDriver.findElement(RemoteWebDriver.java:344)
	at org.openqa.selenium.support.ui.ExpectedConditions$7.apply(ExpectedConditions.java:205)
	at org.openqa.selenium.support.ui.ExpectedConditions$7.apply(ExpectedConditions.java:201)
	at org.openqa.selenium.support.ui.FluentWait.until(FluentWait.java:211)
	... 32 more
</pre></div></td>
<td>12</td>
<td>org.test.ServiceType@31ea9581</td></tr>
<tr>
<td title='org.test.ServiceType.verifyUpdateButtonExist()'><b>verifyUpdateButtonExist</b><br>Test class: org.test.ServiceType</td>
<td><div><pre>org.openqa.selenium.TimeoutException: Expected condition failed: waiting for visibility of element located by By.xpath: //button[@id=&apos;category_submit_btn&apos;] (tried for 30 second(s) with 500 milliseconds interval)
	at org.openqa.selenium.support.ui.WebDriverWait.timeoutException(WebDriverWait.java:138)
	at org.openqa.selenium.support.ui.FluentWait.until(FluentWait.java:234)
	at com.zaigo.pageobjects.BusinessDaysPage.getText(BusinessDaysPage.java:128)
	at com.zaigo.pageobjects.BusinessDaysPage.buttonValidation(BusinessDaysPage.java:480)
	at org.test.ServiceType.verifyUpdateButtonExist(ServiceType.java:354)
	at java.base/java.util.ArrayList.forEach(ArrayList.java:1511)
Caused by: org.openqa.selenium.NoSuchElementException: no such element: Unable to locate element: {&quot;method&quot;:&quot;xpath&quot;,&quot;selector&quot;:&quot;//button[@id=&apos;category_submit_btn&apos;]&quot;}
  (Session info: MicrosoftEdge=111.0.1661.62)
For documentation on this error, please visit: https://selenium.dev/exceptions/#no_such_element
Build info: version: &apos;4.8.1&apos;, revision: &apos;8ebccac989&apos;
System info: os.name: &apos;Windows 11&apos;, os.arch: &apos;amd64&apos;, os.version: &apos;10.0&apos;, java.version: &apos;17.0.3&apos;
Driver info: org.openqa.selenium.edge.EdgeDriver
Command: [636ef1220521f7048a5164ee784e976f, findElement {using=xpath, value=//button[@id=&apos;category_submit_btn&apos;]}]
Capabilities {acceptInsecureCerts: false, browserName: msedge, browserVersion: 111.0.1661.62, ms:edgeOptions: {debuggerAddress: localhost:52851}, msedge: {msedgedriverVersion: 111.0.1661.62 (0a8f453929e6..., userDataDir: C:\Users\ZAIGOP~1\AppData\L...}, networkConnectionEnabled: false, pageLoadStrategy: normal, platformName: WINDOWS, proxy: Proxy(), se:cdp: ws://localhost:52851/devtoo..., se:cdpVersion: 111.0.1661.62, setWindowRect: true, strictFileInteractability: false, timeouts: {implicit: 0, pageLoad: 300000, script: 30000}, unhandledPromptBehavior: dismiss and notify, webauthn:extension:credBlob: true, webauthn:extension:largeBlob: true, webauthn:extension:minPinLength: true, webauthn:extension:prf: true, webauthn:virtualAuthenticators: true}
Session ID: 636ef1220521f7048a5164ee784e976f
	at org.openqa.selenium.remote.codec.w3c.W3CHttpResponseCodec.createException(W3CHttpResponseCodec.java:200)
	at org.openqa.selenium.remote.codec.w3c.W3CHttpResponseCodec.decode(W3CHttpResponseCodec.java:133)
	at org.openqa.selenium.remote.codec.w3c.W3CHttpResponseCodec.decode(W3CHttpResponseCodec.java:53)
	at org.openqa.selenium.remote.HttpCommandExecutor.execute(HttpCommandExecutor.java:184)
	at org.openqa.selenium.remote.service.DriverCommandExecutor.invokeExecute(DriverCommandExecutor.java:167)
	at org.openqa.selenium.remote.service.DriverCommandExecutor.execute(DriverCommandExecutor.java:142)
	at org.openqa.selenium.remote.RemoteWebDriver.execute(RemoteWebDriver.java:543)
	at org.openqa.selenium.remote.ElementLocation$ElementFinder$2.findElement(ElementLocation.java:162)
	at org.openqa.selenium.remote.ElementLocation.findElement(ElementLocation.java:60)
	at org.openqa.selenium.remote.RemoteWebDriver.findElement(RemoteWebDriver.java:352)
	at org.openqa.selenium.remote.RemoteWebDriver.findElement(RemoteWebDriver.java:344)
	at org.openqa.selenium.support.ui.ExpectedConditions$7.apply(ExpectedConditions.java:205)
	at org.openqa.selenium.support.ui.ExpectedConditions$7.apply(ExpectedConditions.java:201)
	at org.openqa.selenium.support.ui.FluentWait.until(FluentWait.java:211)
	... 32 more
... Removed 32 stack frames</pre></div><a href='#' onClick='toggleBox("stack-trace766482241", this, "Click to show all stack frames", "Click to hide stack frames")'>Click to show all stack frames</a>
<div class='stack-trace' id='stack-trace766482241'><pre>org.openqa.selenium.TimeoutException: Expected condition failed: waiting for visibility of element located by By.xpath: //button[@id=&apos;category_submit_btn&apos;] (tried for 30 second(s) with 500 milliseconds interval)
	at org.openqa.selenium.support.ui.WebDriverWait.timeoutException(WebDriverWait.java:138)
	at org.openqa.selenium.support.ui.FluentWait.until(FluentWait.java:234)
	at com.zaigo.pageobjects.BusinessDaysPage.getText(BusinessDaysPage.java:128)
	at com.zaigo.pageobjects.BusinessDaysPage.buttonValidation(BusinessDaysPage.java:480)
	at org.test.ServiceType.verifyUpdateButtonExist(ServiceType.java:354)
	at java.base/jdk.internal.reflect.NativeMethodAccessorImpl.invoke0(Native Method)
	at java.base/jdk.internal.reflect.NativeMethodAccessorImpl.invoke(NativeMethodAccessorImpl.java:77)
	at java.base/jdk.internal.reflect.DelegatingMethodAccessorImpl.invoke(DelegatingMethodAccessorImpl.java:43)
	at java.base/java.lang.reflect.Method.invoke(Method.java:568)
	at org.testng.internal.MethodInvocationHelper.invokeMethod(MethodInvocationHelper.java:133)
	at org.testng.internal.TestInvoker.invokeMethod(TestInvoker.java:598)
	at org.testng.internal.TestInvoker.invokeTestMethod(TestInvoker.java:173)
	at org.testng.internal.MethodRunner.runInSequence(MethodRunner.java:46)
	at org.testng.internal.TestInvoker$MethodInvocationAgent.invoke(TestInvoker.java:824)
	at org.testng.internal.TestInvoker.invokeTestMethods(TestInvoker.java:146)
	at org.testng.internal.TestMethodWorker.invokeTestMethods(TestMethodWorker.java:146)
	at org.testng.internal.TestMethodWorker.run(TestMethodWorker.java:128)
	at java.base/java.util.ArrayList.forEach(ArrayList.java:1511)
	at org.testng.TestRunner.privateRun(TestRunner.java:794)
	at org.testng.TestRunner.run(TestRunner.java:596)
	at org.testng.SuiteRunner.runTest(SuiteRunner.java:377)
	at org.testng.SuiteRunner.runSequentially(SuiteRunner.java:371)
	at org.testng.SuiteRunner.privateRun(SuiteRunner.java:332)
	at org.testng.SuiteRunner.run(SuiteRunner.java:276)
	at org.testng.SuiteRunnerWorker.runSuite(SuiteRunnerWorker.java:53)
	at org.testng.SuiteRunnerWorker.run(SuiteRunnerWorker.java:96)
	at org.testng.TestNG.runSuitesSequentially(TestNG.java:1212)
	at org.testng.TestNG.runSuitesSequentially(TestNG.java:1207)
	at org.testng.TestNG.runSuitesLocally(TestNG.java:1134)
	at org.testng.TestNG.runSuites(TestNG.java:1063)
	at org.testng.TestNG.run(TestNG.java:1031)
	at org.testng.remote.AbstractRemoteTestNG.run(AbstractRemoteTestNG.java:115)
	at org.testng.remote.RemoteTestNG.initAndRun(RemoteTestNG.java:251)
	at org.testng.remote.RemoteTestNG.main(RemoteTestNG.java:77)
Caused by: org.openqa.selenium.NoSuchElementException: no such element: Unable to locate element: {&quot;method&quot;:&quot;xpath&quot;,&quot;selector&quot;:&quot;//button[@id=&apos;category_submit_btn&apos;]&quot;}
  (Session info: MicrosoftEdge=111.0.1661.62)
For documentation on this error, please visit: https://selenium.dev/exceptions/#no_such_element
Build info: version: &apos;4.8.1&apos;, revision: &apos;8ebccac989&apos;
System info: os.name: &apos;Windows 11&apos;, os.arch: &apos;amd64&apos;, os.version: &apos;10.0&apos;, java.version: &apos;17.0.3&apos;
Driver info: org.openqa.selenium.edge.EdgeDriver
Command: [636ef1220521f7048a5164ee784e976f, findElement {using=xpath, value=//button[@id=&apos;category_submit_btn&apos;]}]
Capabilities {acceptInsecureCerts: false, browserName: msedge, browserVersion: 111.0.1661.62, ms:edgeOptions: {debuggerAddress: localhost:52851}, msedge: {msedgedriverVersion: 111.0.1661.62 (0a8f453929e6..., userDataDir: C:\Users\ZAIGOP~1\AppData\L...}, networkConnectionEnabled: false, pageLoadStrategy: normal, platformName: WINDOWS, proxy: Proxy(), se:cdp: ws://localhost:52851/devtoo..., se:cdpVersion: 111.0.1661.62, setWindowRect: true, strictFileInteractability: false, timeouts: {implicit: 0, pageLoad: 300000, script: 30000}, unhandledPromptBehavior: dismiss and notify, webauthn:extension:credBlob: true, webauthn:extension:largeBlob: true, webauthn:extension:minPinLength: true, webauthn:extension:prf: true, webauthn:virtualAuthenticators: true}
Session ID: 636ef1220521f7048a5164ee784e976f
	at jdk.internal.reflect.GeneratedConstructorAccessor15.newInstance(Unknown Source)
	at java.base/jdk.internal.reflect.DelegatingConstructorAccessorImpl.newInstance(DelegatingConstructorAccessorImpl.java:45)
	at java.base/java.lang.reflect.Constructor.newInstanceWithCaller(Constructor.java:499)
	at java.base/java.lang.reflect.Constructor.newInstance(Constructor.java:480)
	at org.openqa.selenium.remote.codec.w3c.W3CHttpResponseCodec.createException(W3CHttpResponseCodec.java:200)
	at org.openqa.selenium.remote.codec.w3c.W3CHttpResponseCodec.decode(W3CHttpResponseCodec.java:133)
	at org.openqa.selenium.remote.codec.w3c.W3CHttpResponseCodec.decode(W3CHttpResponseCodec.java:53)
	at org.openqa.selenium.remote.HttpCommandExecutor.execute(HttpCommandExecutor.java:184)
	at org.openqa.selenium.remote.service.DriverCommandExecutor.invokeExecute(DriverCommandExecutor.java:167)
	at org.openqa.selenium.remote.service.DriverCommandExecutor.execute(DriverCommandExecutor.java:142)
	at org.openqa.selenium.remote.RemoteWebDriver.execute(RemoteWebDriver.java:543)
	at org.openqa.selenium.remote.ElementLocation$ElementFinder$2.findElement(ElementLocation.java:162)
	at org.openqa.selenium.remote.ElementLocation.findElement(ElementLocation.java:60)
	at org.openqa.selenium.remote.RemoteWebDriver.findElement(RemoteWebDriver.java:352)
	at org.openqa.selenium.remote.RemoteWebDriver.findElement(RemoteWebDriver.java:344)
	at org.openqa.selenium.support.ui.ExpectedConditions$7.apply(ExpectedConditions.java:205)
	at org.openqa.selenium.support.ui.ExpectedConditions$7.apply(ExpectedConditions.java:201)
	at org.openqa.selenium.support.ui.FluentWait.until(FluentWait.java:211)
	... 32 more
</pre></div></td>
<td>30</td>
<td>org.test.ServiceType@31ea9581</td></tr>
<tr>
<td title='org.test.TaxModule.editTaxRefectProductService()'><b>editTaxRefectProductService</b><br>Test class: org.test.TaxModule</td>
<td><div><pre>org.openqa.selenium.TimeoutException: Expected condition failed: waiting for visibility of element located by By.xpath: //*[text()=&apos; Product / Service&apos;] (tried for 100 second(s) with 500 milliseconds interval)
	at org.openqa.selenium.support.ui.WebDriverWait.timeoutException(WebDriverWait.java:138)
	at org.openqa.selenium.support.ui.FluentWait.until(FluentWait.java:234)
	at com.zaigo.pageobjects.TaxPage.mouseActionClick(TaxPage.java:77)
	at org.test.TaxModule.editTaxRefectProductService(TaxModule.java:480)
	at java.base/java.util.ArrayList.forEach(ArrayList.java:1511)
Caused by: org.openqa.selenium.NoSuchElementException: no such element: Unable to locate element: {&quot;method&quot;:&quot;xpath&quot;,&quot;selector&quot;:&quot;//*[text()=&apos; Product / Service&apos;]&quot;}
  (Session info: MicrosoftEdge=111.0.1661.62)
For documentation on this error, please visit: https://selenium.dev/exceptions/#no_such_element
Build info: version: &apos;4.8.1&apos;, revision: &apos;8ebccac989&apos;
System info: os.name: &apos;Windows 11&apos;, os.arch: &apos;amd64&apos;, os.version: &apos;10.0&apos;, java.version: &apos;17.0.3&apos;
Driver info: org.openqa.selenium.edge.EdgeDriver
Command: [c488435b55ea36c1439a34a2c505f7c4, findElement {using=xpath, value=//*[text()=&apos; Product / Service&apos;]}]
Capabilities {acceptInsecureCerts: false, browserName: msedge, browserVersion: 111.0.1661.62, ms:edgeOptions: {debuggerAddress: localhost:53383}, msedge: {msedgedriverVersion: 111.0.1661.62 (0a8f453929e6..., userDataDir: C:\Users\ZAIGOP~1\AppData\L...}, networkConnectionEnabled: false, pageLoadStrategy: normal, platformName: WINDOWS, proxy: Proxy(), se:cdp: ws://localhost:53383/devtoo..., se:cdpVersion: 111.0.1661.62, setWindowRect: true, strictFileInteractability: false, timeouts: {implicit: 0, pageLoad: 300000, script: 30000}, unhandledPromptBehavior: dismiss and notify, webauthn:extension:credBlob: true, webauthn:extension:largeBlob: true, webauthn:extension:minPinLength: true, webauthn:extension:prf: true, webauthn:virtualAuthenticators: true}
Session ID: c488435b55ea36c1439a34a2c505f7c4
	at org.openqa.selenium.remote.codec.w3c.W3CHttpResponseCodec.createException(W3CHttpResponseCodec.java:200)
	at org.openqa.selenium.remote.codec.w3c.W3CHttpResponseCodec.decode(W3CHttpResponseCodec.java:133)
	at org.openqa.selenium.remote.codec.w3c.W3CHttpResponseCodec.decode(W3CHttpResponseCodec.java:53)
	at org.openqa.selenium.remote.HttpCommandExecutor.execute(HttpCommandExecutor.java:184)
	at org.openqa.selenium.remote.service.DriverCommandExecutor.invokeExecute(DriverCommandExecutor.java:167)
	at org.openqa.selenium.remote.service.DriverCommandExecutor.execute(DriverCommandExecutor.java:142)
	at org.openqa.selenium.remote.RemoteWebDriver.execute(RemoteWebDriver.java:543)
	at org.openqa.selenium.remote.ElementLocation$ElementFinder$2.findElement(ElementLocation.java:162)
	at org.openqa.selenium.remote.ElementLocation.findElement(ElementLocation.java:60)
	at org.openqa.selenium.remote.RemoteWebDriver.findElement(RemoteWebDriver.java:352)
	at org.openqa.selenium.remote.RemoteWebDriver.findElement(RemoteWebDriver.java:344)
	at org.openqa.selenium.support.ui.ExpectedConditions$7.apply(ExpectedConditions.java:205)
	at org.openqa.selenium.support.ui.ExpectedConditions$7.apply(ExpectedConditions.java:201)
	at org.openqa.selenium.support.ui.FluentWait.until(FluentWait.java:211)
	... 32 more
... Removed 33 stack frames</pre></div><a href='#' onClick='toggleBox("stack-trace1869607456", this, "Click to show all stack frames", "Click to hide stack frames")'>Click to show all stack frames</a>
<div class='stack-trace' id='stack-trace1869607456'><pre>org.openqa.selenium.TimeoutException: Expected condition failed: waiting for visibility of element located by By.xpath: //*[text()=&apos; Product / Service&apos;] (tried for 100 second(s) with 500 milliseconds interval)
	at org.openqa.selenium.support.ui.WebDriverWait.timeoutException(WebDriverWait.java:138)
	at org.openqa.selenium.support.ui.FluentWait.until(FluentWait.java:234)
	at com.zaigo.pageobjects.TaxPage.mouseActionClick(TaxPage.java:77)
	at com.zaigo.pageobjects.TaxPage.reflection(TaxPage.java:387)
	at org.test.TaxModule.editTaxRefectProductService(TaxModule.java:480)
	at java.base/jdk.internal.reflect.NativeMethodAccessorImpl.invoke0(Native Method)
	at java.base/jdk.internal.reflect.NativeMethodAccessorImpl.invoke(NativeMethodAccessorImpl.java:77)
	at java.base/jdk.internal.reflect.DelegatingMethodAccessorImpl.invoke(DelegatingMethodAccessorImpl.java:43)
	at java.base/java.lang.reflect.Method.invoke(Method.java:568)
	at org.testng.internal.MethodInvocationHelper.invokeMethod(MethodInvocationHelper.java:133)
	at org.testng.internal.TestInvoker.invokeMethod(TestInvoker.java:598)
	at org.testng.internal.TestInvoker.invokeTestMethod(TestInvoker.java:173)
	at org.testng.internal.MethodRunner.runInSequence(MethodRunner.java:46)
	at org.testng.internal.TestInvoker$MethodInvocationAgent.invoke(TestInvoker.java:824)
	at org.testng.internal.TestInvoker.invokeTestMethods(TestInvoker.java:146)
	at org.testng.internal.TestMethodWorker.invokeTestMethods(TestMethodWorker.java:146)
	at org.testng.internal.TestMethodWorker.run(TestMethodWorker.java:128)
	at java.base/java.util.ArrayList.forEach(ArrayList.java:1511)
	at org.testng.TestRunner.privateRun(TestRunner.java:794)
	at org.testng.TestRunner.run(TestRunner.java:596)
	at org.testng.SuiteRunner.runTest(SuiteRunner.java:377)
	at org.testng.SuiteRunner.runSequentially(SuiteRunner.java:371)
	at org.testng.SuiteRunner.privateRun(SuiteRunner.java:332)
	at org.testng.SuiteRunner.run(SuiteRunner.java:276)
	at org.testng.SuiteRunnerWorker.runSuite(SuiteRunnerWorker.java:53)
	at org.testng.SuiteRunnerWorker.run(SuiteRunnerWorker.java:96)
	at org.testng.TestNG.runSuitesSequentially(TestNG.java:1212)
	at org.testng.TestNG.runSuitesSequentially(TestNG.java:1207)
	at org.testng.TestNG.runSuitesLocally(TestNG.java:1134)
	at org.testng.TestNG.runSuites(TestNG.java:1063)
	at org.testng.TestNG.run(TestNG.java:1031)
	at org.testng.remote.AbstractRemoteTestNG.run(AbstractRemoteTestNG.java:115)
	at org.testng.remote.RemoteTestNG.initAndRun(RemoteTestNG.java:251)
	at org.testng.remote.RemoteTestNG.main(RemoteTestNG.java:77)
Caused by: org.openqa.selenium.NoSuchElementException: no such element: Unable to locate element: {&quot;method&quot;:&quot;xpath&quot;,&quot;selector&quot;:&quot;//*[text()=&apos; Product / Service&apos;]&quot;}
  (Session info: MicrosoftEdge=111.0.1661.62)
For documentation on this error, please visit: https://selenium.dev/exceptions/#no_such_element
Build info: version: &apos;4.8.1&apos;, revision: &apos;8ebccac989&apos;
System info: os.name: &apos;Windows 11&apos;, os.arch: &apos;amd64&apos;, os.version: &apos;10.0&apos;, java.version: &apos;17.0.3&apos;
Driver info: org.openqa.selenium.edge.EdgeDriver
Command: [c488435b55ea36c1439a34a2c505f7c4, findElement {using=xpath, value=//*[text()=&apos; Product / Service&apos;]}]
Capabilities {acceptInsecureCerts: false, browserName: msedge, browserVersion: 111.0.1661.62, ms:edgeOptions: {debuggerAddress: localhost:53383}, msedge: {msedgedriverVersion: 111.0.1661.62 (0a8f453929e6..., userDataDir: C:\Users\ZAIGOP~1\AppData\L...}, networkConnectionEnabled: false, pageLoadStrategy: normal, platformName: WINDOWS, proxy: Proxy(), se:cdp: ws://localhost:53383/devtoo..., se:cdpVersion: 111.0.1661.62, setWindowRect: true, strictFileInteractability: false, timeouts: {implicit: 0, pageLoad: 300000, script: 30000}, unhandledPromptBehavior: dismiss and notify, webauthn:extension:credBlob: true, webauthn:extension:largeBlob: true, webauthn:extension:minPinLength: true, webauthn:extension:prf: true, webauthn:virtualAuthenticators: true}
Session ID: c488435b55ea36c1439a34a2c505f7c4
	at jdk.internal.reflect.GeneratedConstructorAccessor15.newInstance(Unknown Source)
	at java.base/jdk.internal.reflect.DelegatingConstructorAccessorImpl.newInstance(DelegatingConstructorAccessorImpl.java:45)
	at java.base/java.lang.reflect.Constructor.newInstanceWithCaller(Constructor.java:499)
	at java.base/java.lang.reflect.Constructor.newInstance(Constructor.java:480)
	at org.openqa.selenium.remote.codec.w3c.W3CHttpResponseCodec.createException(W3CHttpResponseCodec.java:200)
	at org.openqa.selenium.remote.codec.w3c.W3CHttpResponseCodec.decode(W3CHttpResponseCodec.java:133)
	at org.openqa.selenium.remote.codec.w3c.W3CHttpResponseCodec.decode(W3CHttpResponseCodec.java:53)
	at org.openqa.selenium.remote.HttpCommandExecutor.execute(HttpCommandExecutor.java:184)
	at org.openqa.selenium.remote.service.DriverCommandExecutor.invokeExecute(DriverCommandExecutor.java:167)
	at org.openqa.selenium.remote.service.DriverCommandExecutor.execute(DriverCommandExecutor.java:142)
	at org.openqa.selenium.remote.RemoteWebDriver.execute(RemoteWebDriver.java:543)
	at org.openqa.selenium.remote.ElementLocation$ElementFinder$2.findElement(ElementLocation.java:162)
	at org.openqa.selenium.remote.ElementLocation.findElement(ElementLocation.java:60)
	at org.openqa.selenium.remote.RemoteWebDriver.findElement(RemoteWebDriver.java:352)
	at org.openqa.selenium.remote.RemoteWebDriver.findElement(RemoteWebDriver.java:344)
	at org.openqa.selenium.support.ui.ExpectedConditions$7.apply(ExpectedConditions.java:205)
	at org.openqa.selenium.support.ui.ExpectedConditions$7.apply(ExpectedConditions.java:201)
	at org.openqa.selenium.support.ui.FluentWait.until(FluentWait.java:211)
	... 32 more
</pre></div></td>
<td>100</td>
<td>org.test.TaxModule@183ec003</td></tr>
</table><p>
<table width='100%' border='1' class='invocation-passed'>
<tr><td colspan='4' align='center'><b>PASSED TESTS</b></td></tr>
<tr><td><b>Test method</b></td>
<td width="30%"><b>Exception</b></td>
<td width="10%"><b>Time (seconds)</b></td>
<td><b>Instance</b></td>
</tr>
<tr>
<td title='org.test.BusinessUnit.settingModule()'><b>settingModule</b><br>Test class: org.test.BusinessUnit</td>
<td></td>
<td>5</td>
<td>org.test.BusinessUnit@5890e879</td></tr>
<tr>
<td title='org.test.TaxModule.updatedTaxList()'><b>updatedTaxList</b><br>Test class: org.test.TaxModule</td>
<td></td>
<td>6</td>
<td>org.test.TaxModule@183ec003</td></tr>
<tr>
<td title='org.test.ServiceType.deleteBusinessUnit()'><b>deleteBusinessUnit</b><br>Test class: org.test.ServiceType</td>
<td></td>
<td>16</td>
<td>org.test.ServiceType@31ea9581</td></tr>
<tr>
<td title='org.test.ProductModule.maximumValidationDescription()'><b>maximumValidationDescription</b><br>Test class: org.test.ProductModule</td>
<td></td>
<td>3</td>
<td>org.test.ProductModule@231f98ef</td></tr>
<tr>
<td title='org.test.ProductModule.createProduct()'><b>createProduct</b><br>Test class: org.test.ProductModule</td>
<td></td>
<td>8</td>
<td>org.test.ProductModule@231f98ef</td></tr>
<tr>
<td title='org.test.ServiceType.serviceTypeCreate()'><b>serviceTypeCreate</b><br>Test class: org.test.ServiceType</td>
<td></td>
<td>7</td>
<td>org.test.ServiceType@31ea9581</td></tr>
<tr>
<td title='org.test.BusinessUnit.deleteBusinessUnit()'><b>deleteBusinessUnit</b><br>Test class: org.test.BusinessUnit</td>
<td></td>
<td>15</td>
<td>org.test.BusinessUnit@5890e879</td></tr>
<tr>
<td title='org.test.CategoryModule.searchProductName()'><b>searchProductName</b><br>Test class: org.test.CategoryModule</td>
<td></td>
<td>1</td>
<td>org.test.CategoryModule@7d9d0818</td></tr>
<tr>
<td title='org.test.ProductModule.editbeforeDecimalPointQuantityHandField()'><b>editbeforeDecimalPointQuantityHandField</b><br>Test class: org.test.ProductModule</td>
<td></td>
<td>0</td>
<td>org.test.ProductModule@231f98ef</td></tr>
<tr>
<td title='org.test.TaxModule.createButton()'><b>createButton</b><br>Test class: org.test.TaxModule</td>
<td></td>
<td>0</td>
<td>org.test.TaxModule@183ec003</td></tr>
<tr>
<td title='org.test.LeadSource.leadSourceUpdate()'><b>leadSourceUpdate</b><br>Test class: org.test.LeadSource</td>
<td></td>
<td>8</td>
<td>org.test.LeadSource@6440112d</td></tr>
<tr>
<td title='org.test.ServiceType.loginPage()'><b>loginPage</b><br>Test class: org.test.ServiceType</td>
<td></td>
<td>23</td>
<td>org.test.ServiceType@31ea9581</td></tr>
<tr>
<td title='org.test.ProductModule.editbeforeDecimalPointLowStockThresoldField()'><b>editbeforeDecimalPointLowStockThresoldField</b><br>Test class: org.test.ProductModule</td>
<td></td>
<td>0</td>
<td>org.test.ProductModule@231f98ef</td></tr>
<tr>
<td title='org.test.BusinessUnit.verifySaveButtonExist()'><b>verifySaveButtonExist</b><br>Test class: org.test.BusinessUnit</td>
<td></td>
<td>0</td>
<td>org.test.BusinessUnit@5890e879</td></tr>
<tr>
<td title='org.test.ProductModule.editmandatoryValidationProductName()'><b>editmandatoryValidationProductName</b><br>Test class: org.test.ProductModule</td>
<td></td>
<td>0</td>
<td>org.test.ProductModule@231f98ef</td></tr>
<tr>
<td title='org.test.TaxModule.createdTaxList()'><b>createdTaxList</b><br>Test class: org.test.TaxModule</td>
<td></td>
<td>0</td>
<td>org.test.TaxModule@183ec003</td></tr>
<tr>
<td title='org.test.LeadSource.maximumValidationLeadSource()'><b>maximumValidationLeadSource</b><br>Test class: org.test.LeadSource</td>
<td></td>
<td>3</td>
<td>org.test.LeadSource@6440112d</td></tr>
<tr>
<td title='org.test.ServiceModule.editmaximumValidationDescription()'><b>editmaximumValidationDescription</b><br>Test class: org.test.ServiceModule</td>
<td></td>
<td>3</td>
<td>org.test.ServiceModule@7c137fd5</td></tr>
<tr>
<td title='org.test.CategoryModule.maximumValidationDescription()'><b>maximumValidationDescription</b><br>Test class: org.test.CategoryModule</td>
<td></td>
<td>3</td>
<td>org.test.CategoryModule@7d9d0818</td></tr>
<tr>
<td title='org.test.ServiceModule.mandatoryValidationServiceName()'><b>mandatoryValidationServiceName</b><br>Test class: org.test.ServiceModule</td>
<td></td>
<td>0</td>
<td>org.test.ServiceModule@7c137fd5</td></tr>
<tr>
<td title='org.test.ServiceModule.editbeforeDecimalPointPriceField()'><b>editbeforeDecimalPointPriceField</b><br>Test class: org.test.ServiceModule</td>
<td></td>
<td>0</td>
<td>org.test.ServiceModule@7c137fd5</td></tr>
<tr>
<td title='org.test.TaxModule.maximumValidationTaxPercentage()'><b>maximumValidationTaxPercentage</b><br>Test class: org.test.TaxModule</td>
<td></td>
<td>7</td>
<td>org.test.TaxModule@183ec003</td></tr>
<tr>
<td title='org.test.TaxModule.maximumValidationProductName()'><b>maximumValidationProductName</b><br>Test class: org.test.TaxModule</td>
<td></td>
<td>7</td>
<td>org.test.TaxModule@183ec003</td></tr>
<tr>
<td title='org.test.ProductModule.editafterDecimalPointPriceField()'><b>editafterDecimalPointPriceField</b><br>Test class: org.test.ProductModule</td>
<td></td>
<td>0</td>
<td>org.test.ProductModule@231f98ef</td></tr>
<tr>
<td title='org.test.ServiceModule.deleteProduct()'><b>deleteProduct</b><br>Test class: org.test.ServiceModule</td>
<td></td>
<td>8</td>
<td>org.test.ServiceModule@7c137fd5</td></tr>
<tr>
<td title='org.test.ProductModule.updateButton()'><b>updateButton</b><br>Test class: org.test.ProductModule</td>
<td></td>
<td>0</td>
<td>org.test.ProductModule@231f98ef</td></tr>
<tr>
<td title='org.test.CategoryModule.UpdateCategoryProduct()'><b>UpdateCategoryProduct</b><br>Test class: org.test.CategoryModule</td>
<td></td>
<td>8</td>
<td>org.test.CategoryModule@7d9d0818</td></tr>
<tr>
<td title='org.test.ServiceModule.editmandatoryValidationPrice()'><b>editmandatoryValidationPrice</b><br>Test class: org.test.ServiceModule</td>
<td></td>
<td>0</td>
<td>org.test.ServiceModule@7c137fd5</td></tr>
<tr>
<td title='org.test.CategoryModule.editmandatoryValidationCategoryName()'><b>editmandatoryValidationCategoryName</b><br>Test class: org.test.CategoryModule</td>
<td></td>
<td>0</td>
<td>org.test.CategoryModule@7d9d0818</td></tr>
<tr>
<td title='org.test.ProductModule.editmaximumValidationProductName()'><b>editmaximumValidationProductName</b><br>Test class: org.test.ProductModule</td>
<td></td>
<td>3</td>
<td>org.test.ProductModule@231f98ef</td></tr>
<tr>
<td title='org.test.ServiceModule.beforeDecimalPointPriceField()'><b>beforeDecimalPointPriceField</b><br>Test class: org.test.ServiceModule</td>
<td></td>
<td>0</td>
<td>org.test.ServiceModule@7c137fd5</td></tr>
<tr>
<td title='org.test.CategoryModule.createCategoryProductList()'><b>createCategoryProductList</b><br>Test class: org.test.CategoryModule</td>
<td></td>
<td>0</td>
<td>org.test.CategoryModule@7d9d0818</td></tr>
<tr>
<td title='org.test.ProductModule.beforeDecimalPointPriceField()'><b>beforeDecimalPointPriceField</b><br>Test class: org.test.ProductModule</td>
<td></td>
<td>0</td>
<td>org.test.ProductModule@231f98ef</td></tr>
<tr>
<td title='org.test.ServiceType.editFormLabel()'><b>editFormLabel</b><br>Test class: org.test.ServiceType</td>
<td></td>
<td>1</td>
<td>org.test.ServiceType@31ea9581</td></tr>
<tr>
<td title='org.test.CategoryModule.editmaximumValidationCategoryName()'><b>editmaximumValidationCategoryName</b><br>Test class: org.test.CategoryModule</td>
<td></td>
<td>3</td>
<td>org.test.CategoryModule@7d9d0818</td></tr>
<tr>
<td title='org.test.ProductModule.beforeDecimalPointQuantityHandField()'><b>beforeDecimalPointQuantityHandField</b><br>Test class: org.test.ProductModule</td>
<td></td>
<td>0</td>
<td>org.test.ProductModule@231f98ef</td></tr>
<tr>
<td title='org.test.CategoryModule.settingModule()'><b>settingModule</b><br>Test class: org.test.CategoryModule</td>
<td></td>
<td>1</td>
<td>org.test.CategoryModule@7d9d0818</td></tr>
<tr>
<td title='org.test.ProductModule.mandatoryValidationDescription()'><b>mandatoryValidationDescription</b><br>Test class: org.test.ProductModule</td>
<td></td>
<td>0</td>
<td>org.test.ProductModule@231f98ef</td></tr>
<tr>
<td title='org.test.ProductModule.editmaximumValidationSKU()'><b>editmaximumValidationSKU</b><br>Test class: org.test.ProductModule</td>
<td></td>
<td>0</td>
<td>org.test.ProductModule@231f98ef</td></tr>
<tr>
<td title='org.test.ServiceModule.createProduct()'><b>createProduct</b><br>Test class: org.test.ServiceModule</td>
<td></td>
<td>8</td>
<td>org.test.ServiceModule@7c137fd5</td></tr>
<tr>
<td title='org.test.TaxModule.mandatoryValidationDescription()'><b>mandatoryValidationDescription</b><br>Test class: org.test.TaxModule</td>
<td></td>
<td>0</td>
<td>org.test.TaxModule@183ec003</td></tr>
<tr>
<td title='org.test.BusinessUnit.editFormLabel()'><b>editFormLabel</b><br>Test class: org.test.BusinessUnit</td>
<td></td>
<td>2</td>
<td>org.test.BusinessUnit@5890e879</td></tr>
<tr>
<td title='org.test.LeadSource.mandatoryValidation()'><b>mandatoryValidation</b><br>Test class: org.test.LeadSource</td>
<td></td>
<td>0</td>
<td>org.test.LeadSource@6440112d</td></tr>
<tr>
<td title='org.test.LeadSource.verifySaveButtonExist()'><b>verifySaveButtonExist</b><br>Test class: org.test.LeadSource</td>
<td></td>
<td>0</td>
<td>org.test.LeadSource@6440112d</td></tr>
<tr>
<td title='org.test.CategoryModule.inactiveProductCategory()'><b>inactiveProductCategory</b><br>Test class: org.test.CategoryModule</td>
<td></td>
<td>12</td>
<td>org.test.CategoryModule@7d9d0818</td></tr>
<tr>
<td title='org.test.ProductModule.searchProductName()'><b>searchProductName</b><br>Test class: org.test.ProductModule</td>
<td></td>
<td>3</td>
<td>org.test.ProductModule@231f98ef</td></tr>
<tr>
<td title='org.test.LeadSource.leadSourceCreateList()'><b>leadSourceCreateList</b><br>Test class: org.test.LeadSource</td>
<td></td>
<td>0</td>
<td>org.test.LeadSource@6440112d</td></tr>
<tr>
<td title='org.test.TaxModule.updateButton()'><b>updateButton</b><br>Test class: org.test.TaxModule</td>
<td></td>
<td>0</td>
<td>org.test.TaxModule@183ec003</td></tr>
<tr>
<td title='org.test.ServiceModule.updateButton()'><b>updateButton</b><br>Test class: org.test.ServiceModule</td>
<td></td>
<td>0</td>
<td>org.test.ServiceModule@7c137fd5</td></tr>
<tr>
<td title='org.test.ProductModule.deleteProduct()'><b>deleteProduct</b><br>Test class: org.test.ProductModule</td>
<td></td>
<td>6</td>
<td>org.test.ProductModule@231f98ef</td></tr>
<tr>
<td title='org.test.LeadSource.deleteLeadSource()'><b>deleteLeadSource</b><br>Test class: org.test.LeadSource</td>
<td></td>
<td>5</td>
<td>org.test.LeadSource@6440112d</td></tr>
<tr>
<td title='org.test.LeadSource.editmandatoryValidation()'><b>editmandatoryValidation</b><br>Test class: org.test.LeadSource</td>
<td></td>
<td>0</td>
<td>org.test.LeadSource@6440112d</td></tr>
<tr>
<td title='org.test.TaxModule.updatedTax()'><b>updatedTax</b><br>Test class: org.test.TaxModule</td>
<td></td>
<td>7</td>
<td>org.test.TaxModule@183ec003</td></tr>
<tr>
<td title='org.test.ServiceModule.maximumValidationPrice()'><b>maximumValidationPrice</b><br>Test class: org.test.ServiceModule</td>
<td></td>
<td>0</td>
<td>org.test.ServiceModule@7c137fd5</td></tr>
<tr>
<td title='org.test.ProductModule.updateProduct()'><b>updateProduct</b><br>Test class: org.test.ProductModule</td>
<td></td>
<td>8</td>
<td>org.test.ProductModule@231f98ef</td></tr>
<tr>
<td title='org.test.ServiceModule.maximumValidationDescription()'><b>maximumValidationDescription</b><br>Test class: org.test.ServiceModule</td>
<td></td>
<td>3</td>
<td>org.test.ServiceModule@7c137fd5</td></tr>
<tr>
<td title='org.test.ServiceModule.mandatoryValidationTaxPercentage()'><b>mandatoryValidationTaxPercentage</b><br>Test class: org.test.ServiceModule</td>
<td></td>
<td>0</td>
<td>org.test.ServiceModule@7c137fd5</td></tr>
<tr>
<td title='org.test.LeadSource.loginPage()'><b>loginPage</b><br>Test class: org.test.LeadSource</td>
<td></td>
<td>23</td>
<td>org.test.LeadSource@6440112d</td></tr>
<tr>
<td title='org.test.BusinessUnit.verifyUpdateButtonExist()'><b>verifyUpdateButtonExist</b><br>Test class: org.test.BusinessUnit</td>
<td></td>
<td>0</td>
<td>org.test.BusinessUnit@5890e879</td></tr>
<tr>
<td title='org.test.BusinessUnit.loginPage()'><b>loginPage</b><br>Test class: org.test.BusinessUnit</td>
<td></td>
<td>26</td>
<td>org.test.BusinessUnit@5890e879</td></tr>
<tr>
<td title='org.test.ProductModule.editmaximumValidationDescription()'><b>editmaximumValidationDescription</b><br>Test class: org.test.ProductModule</td>
<td></td>
<td>3</td>
<td>org.test.ProductModule@231f98ef</td></tr>
<tr>
<td title='org.test.BusinessUnit.businessCreateList()'><b>businessCreateList</b><br>Test class: org.test.BusinessUnit</td>
<td></td>
<td>0</td>
<td>org.test.BusinessUnit@5890e879</td></tr>
<tr>
<td title='org.test.TaxModule.mandatoryValidationTaxName()'><b>mandatoryValidationTaxName</b><br>Test class: org.test.TaxModule</td>
<td></td>
<td>0</td>
<td>org.test.TaxModule@183ec003</td></tr>
<tr>
<td title='org.test.TaxModule.editmaximumValidationTaxPercentage()'><b>editmaximumValidationTaxPercentage</b><br>Test class: org.test.TaxModule</td>
<td></td>
<td>7</td>
<td>org.test.TaxModule@183ec003</td></tr>
<tr>
<td title='org.test.BusinessUnit.editmaximumValidationBussinessUnit()'><b>editmaximumValidationBussinessUnit</b><br>Test class: org.test.BusinessUnit</td>
<td></td>
<td>4</td>
<td>org.test.BusinessUnit@5890e879</td></tr>
<tr>
<td title='org.test.CategoryModule.editFormLabel()'><b>editFormLabel</b><br>Test class: org.test.CategoryModule</td>
<td></td>
<td>3</td>
<td>org.test.CategoryModule@7d9d0818</td></tr>
<tr>
<td title='org.test.CategoryModule.deleteProduct()'><b>deleteProduct</b><br>Test class: org.test.CategoryModule</td>
<td></td>
<td>18</td>
<td>org.test.CategoryModule@7d9d0818</td></tr>
<tr>
<td title='org.test.CategoryModule.createButton()'><b>createButton</b><br>Test class: org.test.CategoryModule</td>
<td></td>
<td>0</td>
<td>org.test.CategoryModule@7d9d0818</td></tr>
<tr>
<td title='org.test.TaxModule.editmandatoryValidationTaxName()'><b>editmandatoryValidationTaxName</b><br>Test class: org.test.TaxModule</td>
<td></td>
<td>0</td>
<td>org.test.TaxModule@183ec003</td></tr>
<tr>
<td title='org.test.TaxModule.createFormLabel()'><b>createFormLabel</b><br>Test class: org.test.TaxModule</td>
<td></td>
<td>0</td>
<td>org.test.TaxModule@183ec003</td></tr>
<tr>
<td title='org.test.ServiceModule.inactiveProduct()'><b>inactiveProduct</b><br>Test class: org.test.ServiceModule</td>
<td></td>
<td>17</td>
<td>org.test.ServiceModule@7c137fd5</td></tr>
<tr>
<td title='org.test.TaxModule.loginPage()'><b>loginPage</b><br>Test class: org.test.TaxModule</td>
<td></td>
<td>24</td>
<td>org.test.TaxModule@183ec003</td></tr>
<tr>
<td title='org.test.ProductModule.maximumValidationLowStockThresold()'><b>maximumValidationLowStockThresold</b><br>Test class: org.test.ProductModule</td>
<td></td>
<td>0</td>
<td>org.test.ProductModule@231f98ef</td></tr>
<tr>
<td title='org.test.CategoryModule.deleteProductService()'><b>deleteProductService</b><br>Test class: org.test.CategoryModule</td>
<td></td>
<td>4</td>
<td>org.test.CategoryModule@7d9d0818</td></tr>
<tr>
<td title='org.test.ProductModule.searchInvalid()'><b>searchInvalid</b><br>Test class: org.test.ProductModule</td>
<td></td>
<td>2</td>
<td>org.test.ProductModule@231f98ef</td></tr>
<tr>
<td title='org.test.ServiceType.verifySaveButtonExist()'><b>verifySaveButtonExist</b><br>Test class: org.test.ServiceType</td>
<td></td>
<td>0</td>
<td>org.test.ServiceType@31ea9581</td></tr>
<tr>
<td title='org.test.ServiceModule.settingModule()'><b>settingModule</b><br>Test class: org.test.ServiceModule</td>
<td></td>
<td>2</td>
<td>org.test.ServiceModule@7c137fd5</td></tr>
<tr>
<td title='org.test.ServiceModule.beforeDecimalPointTaxPercentageField()'><b>beforeDecimalPointTaxPercentageField</b><br>Test class: org.test.ServiceModule</td>
<td></td>
<td>0</td>
<td>org.test.ServiceModule@7c137fd5</td></tr>
<tr>
<td title='org.test.CategoryModule.inactiveProductService()'><b>inactiveProductService</b><br>Test class: org.test.CategoryModule</td>
<td></td>
<td>13</td>
<td>org.test.CategoryModule@7d9d0818</td></tr>
<tr>
<td title='org.test.ServiceType.maximumValidationServiceType()'><b>maximumValidationServiceType</b><br>Test class: org.test.ServiceType</td>
<td></td>
<td>3</td>
<td>org.test.ServiceType@31ea9581</td></tr>
<tr>
<td title='org.test.ProductModule.editbeforeDecimalPointPriceField()'><b>editbeforeDecimalPointPriceField</b><br>Test class: org.test.ProductModule</td>
<td></td>
<td>0</td>
<td>org.test.ProductModule@231f98ef</td></tr>
<tr>
<td title='org.test.LeadSource.editmaximumValidationLeadSource()'><b>editmaximumValidationLeadSource</b><br>Test class: org.test.LeadSource</td>
<td></td>
<td>3</td>
<td>org.test.LeadSource@6440112d</td></tr>
<tr>
<td title='org.test.ServiceModule.afterDecimalPointTaxPercentageField()'><b>afterDecimalPointTaxPercentageField</b><br>Test class: org.test.ServiceModule</td>
<td></td>
<td>0</td>
<td>org.test.ServiceModule@7c137fd5</td></tr>
<tr>
<td title='org.test.ServiceModule.searchInvalid()'><b>searchInvalid</b><br>Test class: org.test.ServiceModule</td>
<td></td>
<td>1</td>
<td>org.test.ServiceModule@7c137fd5</td></tr>
<tr>
<td title='org.test.CategoryModule.updateButton()'><b>updateButton</b><br>Test class: org.test.CategoryModule</td>
<td></td>
<td>0</td>
<td>org.test.CategoryModule@7d9d0818</td></tr>
<tr>
<td title='org.test.BusinessUnit.businessCreate()'><b>businessCreate</b><br>Test class: org.test.BusinessUnit</td>
<td></td>
<td>7</td>
<td>org.test.BusinessUnit@5890e879</td></tr>
<tr>
<td title='org.test.ServiceType.inactiveLeadSource()'><b>inactiveLeadSource</b><br>Test class: org.test.ServiceType</td>
<td></td>
<td>14</td>
<td>org.test.ServiceType@31ea9581</td></tr>
<tr>
<td title='org.test.ServiceModule.searchServiceName()'><b>searchServiceName</b><br>Test class: org.test.ServiceModule</td>
<td></td>
<td>1</td>
<td>org.test.ServiceModule@7c137fd5</td></tr>
<tr>
<td title='org.test.LeadSource.editFormLabel()'><b>editFormLabel</b><br>Test class: org.test.LeadSource</td>
<td></td>
<td>2</td>
<td>org.test.LeadSource@6440112d</td></tr>
<tr>
<td title='org.test.CategoryModule.maximumValidationCategoryName()'><b>maximumValidationCategoryName</b><br>Test class: org.test.CategoryModule</td>
<td></td>
<td>3</td>
<td>org.test.CategoryModule@7d9d0818</td></tr>
<tr>
<td title='org.test.CategoryModule.searchInvalid()'><b>searchInvalid</b><br>Test class: org.test.CategoryModule</td>
<td></td>
<td>1</td>
<td>org.test.CategoryModule@7d9d0818</td></tr>
<tr>
<td title='org.test.ServiceType.leadSourceLabel()'><b>leadSourceLabel</b><br>Test class: org.test.ServiceType</td>
<td></td>
<td>0</td>
<td>org.test.ServiceType@31ea9581</td></tr>
<tr>
<td title='org.test.ServiceModule.mandatoryValidationPrice()'><b>mandatoryValidationPrice</b><br>Test class: org.test.ServiceModule</td>
<td></td>
<td>0</td>
<td>org.test.ServiceModule@7c137fd5</td></tr>
<tr>
<td title='org.test.ProductModule.maximumValidationPrice()'><b>maximumValidationPrice</b><br>Test class: org.test.ProductModule</td>
<td></td>
<td>0</td>
<td>org.test.ProductModule@231f98ef</td></tr>
<tr>
<td title='org.test.ServiceModule.maximumValidationServiceName()'><b>maximumValidationServiceName</b><br>Test class: org.test.ServiceModule</td>
<td></td>
<td>3</td>
<td>org.test.ServiceModule@7c137fd5</td></tr>
<tr>
<td title='org.test.ProductModule.settingModule()'><b>settingModule</b><br>Test class: org.test.ProductModule</td>
<td></td>
<td>1</td>
<td>org.test.ProductModule@231f98ef</td></tr>
<tr>
<td title='org.test.ProductModule.deletedProduct()'><b>deletedProduct</b><br>Test class: org.test.ProductModule</td>
<td></td>
<td>17</td>
<td>org.test.ProductModule@231f98ef</td></tr>
<tr>
<td title='org.test.ProductModule.afterDecimalPointPriceField()'><b>afterDecimalPointPriceField</b><br>Test class: org.test.ProductModule</td>
<td></td>
<td>0</td>
<td>org.test.ProductModule@231f98ef</td></tr>
<tr>
<td title='org.test.CategoryModule.loginPage()'><b>loginPage</b><br>Test class: org.test.CategoryModule</td>
<td></td>
<td>25</td>
<td>org.test.CategoryModule@7d9d0818</td></tr>
<tr>
<td title='org.test.BusinessUnit.maximumValidationBussinessUnit()'><b>maximumValidationBussinessUnit</b><br>Test class: org.test.BusinessUnit</td>
<td></td>
<td>4</td>
<td>org.test.BusinessUnit@5890e879</td></tr>
<tr>
<td title='org.test.ServiceType.activeStatus()'><b>activeStatus</b><br>Test class: org.test.ServiceType</td>
<td></td>
<td>0</td>
<td>org.test.ServiceType@31ea9581</td></tr>
<tr>
<td title='org.test.ProductModule.editmaximumValidationPrice()'><b>editmaximumValidationPrice</b><br>Test class: org.test.ProductModule</td>
<td></td>
<td>0</td>
<td>org.test.ProductModule@231f98ef</td></tr>
<tr>
<td title='org.test.BusinessUnit.inactiveLeadSource()'><b>inactiveLeadSource</b><br>Test class: org.test.BusinessUnit</td>
<td></td>
<td>12</td>
<td>org.test.BusinessUnit@5890e879</td></tr>
<tr>
<td title='org.test.LeadSource.leadSourceCreate()'><b>leadSourceCreate</b><br>Test class: org.test.LeadSource</td>
<td></td>
<td>8</td>
<td>org.test.LeadSource@6440112d</td></tr>
<tr>
<td title='org.test.ServiceType.deleteLeadSource()'><b>deleteLeadSource</b><br>Test class: org.test.ServiceType</td>
<td></td>
<td>4</td>
<td>org.test.ServiceType@31ea9581</td></tr>
<tr>
<td title='org.test.ProductModule.afterDecimalPointTaxPercentageField()'><b>afterDecimalPointTaxPercentageField</b><br>Test class: org.test.ProductModule</td>
<td></td>
<td>0</td>
<td>org.test.ProductModule@231f98ef</td></tr>
<tr>
<td title='org.test.TaxModule.createTax()'><b>createTax</b><br>Test class: org.test.TaxModule</td>
<td></td>
<td>6</td>
<td>org.test.TaxModule@183ec003</td></tr>
<tr>
<td title='org.test.ServiceType.reflectCreateContactPage()'><b>reflectCreateContactPage</b><br>Test class: org.test.ServiceType</td>
<td></td>
<td>22</td>
<td>org.test.ServiceType@31ea9581</td></tr>
<tr>
<td title='org.test.TaxModule.editmandatoryValidationDescription()'><b>editmandatoryValidationDescription</b><br>Test class: org.test.TaxModule</td>
<td></td>
<td>0</td>
<td>org.test.TaxModule@183ec003</td></tr>
<tr>
<td title='org.test.ProductModule.beforeDecimalPointTaxPercentageField()'><b>beforeDecimalPointTaxPercentageField</b><br>Test class: org.test.ProductModule</td>
<td></td>
<td>0</td>
<td>org.test.ProductModule@231f98ef</td></tr>
<tr>
<td title='org.test.ProductModule.editafterDecimalPointLowStockThresoldField()'><b>editafterDecimalPointLowStockThresoldField</b><br>Test class: org.test.ProductModule</td>
<td></td>
<td>0</td>
<td>org.test.ProductModule@231f98ef</td></tr>
<tr>
<td title='org.test.ProductModule.beforeDecimalPointLowStockThresoldField()'><b>beforeDecimalPointLowStockThresoldField</b><br>Test class: org.test.ProductModule</td>
<td></td>
<td>0</td>
<td>org.test.ProductModule@231f98ef</td></tr>
<tr>
<td title='org.test.CategoryModule.reflectCategoryProduct()'><b>reflectCategoryProduct</b><br>Test class: org.test.CategoryModule</td>
<td></td>
<td>19</td>
<td>org.test.CategoryModule@7d9d0818</td></tr>
<tr>
<td title='org.test.BusinessUnit.mandatoryValidation()'><b>mandatoryValidation</b><br>Test class: org.test.BusinessUnit</td>
<td></td>
<td>0</td>
<td>org.test.BusinessUnit@5890e879</td></tr>
<tr>
<td title='org.test.ServiceModule.editmandatoryValidationServiceName()'><b>editmandatoryValidationServiceName</b><br>Test class: org.test.ServiceModule</td>
<td></td>
<td>0</td>
<td>org.test.ServiceModule@7c137fd5</td></tr>
<tr>
<td title='org.test.ProductModule.afterDecimalPointLowStockThresoldField()'><b>afterDecimalPointLowStockThresoldField</b><br>Test class: org.test.ProductModule</td>
<td></td>
<td>0</td>
<td>org.test.ProductModule@231f98ef</td></tr>
<tr>
<td title='org.test.ServiceModule.createFormLabel()'><b>createFormLabel</b><br>Test class: org.test.ServiceModule</td>
<td></td>
<td>1</td>
<td>org.test.ServiceModule@7c137fd5</td></tr>
<tr>
<td title='org.test.ServiceModule.loginPage()'><b>loginPage</b><br>Test class: org.test.ServiceModule</td>
<td></td>
<td>22</td>
<td>org.test.ServiceModule@7c137fd5</td></tr>
<tr>
<td title='org.test.ServiceModule.editFormLabel()'><b>editFormLabel</b><br>Test class: org.test.ServiceModule</td>
<td></td>
<td>3</td>
<td>org.test.ServiceModule@7c137fd5</td></tr>
<tr>
<td title='org.test.ServiceModule.editmandatoryValidationDescription()'><b>editmandatoryValidationDescription</b><br>Test class: org.test.ServiceModule</td>
<td></td>
<td>0</td>
<td>org.test.ServiceModule@7c137fd5</td></tr>
<tr>
<td title='org.test.CategoryModule.deleteProductCategory()'><b>deleteProductCategory</b><br>Test class: org.test.CategoryModule</td>
<td></td>
<td>13</td>
<td>org.test.CategoryModule@7d9d0818</td></tr>
<tr>
<td title='org.test.ProductModule.mandatoryValidationProductName()'><b>mandatoryValidationProductName</b><br>Test class: org.test.ProductModule</td>
<td></td>
<td>0</td>
<td>org.test.ProductModule@231f98ef</td></tr>
<tr>
<td title='org.test.ProductModule.maximumValidationTax()'><b>maximumValidationTax</b><br>Test class: org.test.ProductModule</td>
<td></td>
<td>0</td>
<td>org.test.ProductModule@231f98ef</td></tr>
<tr>
<td title='org.test.ServiceType.mandatoryValidation()'><b>mandatoryValidation</b><br>Test class: org.test.ServiceType</td>
<td></td>
<td>0</td>
<td>org.test.ServiceType@31ea9581</td></tr>
<tr>
<td title='org.test.ProductModule.editmandatoryValidationDescription()'><b>editmandatoryValidationDescription</b><br>Test class: org.test.ProductModule</td>
<td></td>
<td>0</td>
<td>org.test.ProductModule@231f98ef</td></tr>
<tr>
<td title='org.test.LeadSource.inactiveLeadSource()'><b>inactiveLeadSource</b><br>Test class: org.test.LeadSource</td>
<td></td>
<td>15</td>
<td>org.test.LeadSource@6440112d</td></tr>
<tr>
<td title='org.test.TaxModule.editmaximumValidationProductName()'><b>editmaximumValidationProductName</b><br>Test class: org.test.TaxModule</td>
<td></td>
<td>7</td>
<td>org.test.TaxModule@183ec003</td></tr>
<tr>
<td title='org.test.BusinessUnit.activeStatus()'><b>activeStatus</b><br>Test class: org.test.BusinessUnit</td>
<td></td>
<td>0</td>
<td>org.test.BusinessUnit@5890e879</td></tr>
<tr>
<td title='org.test.LeadSource.alreadyExists()'><b>alreadyExists</b><br>Test class: org.test.LeadSource</td>
<td></td>
<td>1</td>
<td>org.test.LeadSource@6440112d</td></tr>
<tr>
<td title='org.test.ProductModule.maximumValidationProductName()'><b>maximumValidationProductName</b><br>Test class: org.test.ProductModule</td>
<td></td>
<td>3</td>
<td>org.test.ProductModule@231f98ef</td></tr>
<tr>
<td title='org.test.BusinessUnit.businessUnitLabel()'><b>businessUnitLabel</b><br>Test class: org.test.BusinessUnit</td>
<td></td>
<td>0</td>
<td>org.test.BusinessUnit@5890e879</td></tr>
<tr>
<td title='org.test.ProductModule.mandatoryValidationTaxPercentage()'><b>mandatoryValidationTaxPercentage</b><br>Test class: org.test.ProductModule</td>
<td></td>
<td>0</td>
<td>org.test.ProductModule@231f98ef</td></tr>
<tr>
<td title='org.test.BusinessUnit.businessUpdate()'><b>businessUpdate</b><br>Test class: org.test.BusinessUnit</td>
<td></td>
<td>8</td>
<td>org.test.BusinessUnit@5890e879</td></tr>
<tr>
<td title='org.test.LeadSource.settingModule()'><b>settingModule</b><br>Test class: org.test.LeadSource</td>
<td></td>
<td>2</td>
<td>org.test.LeadSource@6440112d</td></tr>
<tr>
<td title='org.test.ServiceModule.createButton()'><b>createButton</b><br>Test class: org.test.ServiceModule</td>
<td></td>
<td>0</td>
<td>org.test.ServiceModule@7c137fd5</td></tr>
<tr>
<td title='org.test.LeadSource.activeStatus()'><b>activeStatus</b><br>Test class: org.test.LeadSource</td>
<td></td>
<td>0</td>
<td>org.test.LeadSource@6440112d</td></tr>
<tr>
<td title='org.test.ServiceModule.editmaximumValidationProductName()'><b>editmaximumValidationProductName</b><br>Test class: org.test.ServiceModule</td>
<td></td>
<td>3</td>
<td>org.test.ServiceModule@7c137fd5</td></tr>
<tr>
<td title='org.test.BusinessUnit.createFormLabel()'><b>createFormLabel</b><br>Test class: org.test.BusinessUnit</td>
<td></td>
<td>0</td>
<td>org.test.BusinessUnit@5890e879</td></tr>
<tr>
<td title='org.test.LeadSource.verifyUpdateButtonExist()'><b>verifyUpdateButtonExist</b><br>Test class: org.test.LeadSource</td>
<td></td>
<td>0</td>
<td>org.test.LeadSource@6440112d</td></tr>
<tr>
<td title='org.test.ProductModule.maximumValidationSKU()'><b>maximumValidationSKU</b><br>Test class: org.test.ProductModule</td>
<td></td>
<td>0</td>
<td>org.test.ProductModule@231f98ef</td></tr>
<tr>
<td title='org.test.ProductModule.maximumValidationQuantityHand()'><b>maximumValidationQuantityHand</b><br>Test class: org.test.ProductModule</td>
<td></td>
<td>0</td>
<td>org.test.ProductModule@231f98ef</td></tr>
<tr>
<td title='org.test.LeadSource.deleteBusinessUnit()'><b>deleteBusinessUnit</b><br>Test class: org.test.LeadSource</td>
<td></td>
<td>18</td>
<td>org.test.LeadSource@6440112d</td></tr>
<tr>
<td title='org.test.ServiceType.createFormLabel()'><b>createFormLabel</b><br>Test class: org.test.ServiceType</td>
<td></td>
<td>0</td>
<td>org.test.ServiceType@31ea9581</td></tr>
<tr>
<td title='org.test.ProductModule.editmandatoryValidationPrice()'><b>editmandatoryValidationPrice</b><br>Test class: org.test.ProductModule</td>
<td></td>
<td>0</td>
<td>org.test.ProductModule@231f98ef</td></tr>
<tr>
<td title='org.test.ProductModule.editafterDecimalPointQuantityHandField()'><b>editafterDecimalPointQuantityHandField</b><br>Test class: org.test.ProductModule</td>
<td></td>
<td>0</td>
<td>org.test.ProductModule@231f98ef</td></tr>
<tr>
<td title='org.test.ProductModule.editFormLabel()'><b>editFormLabel</b><br>Test class: org.test.ProductModule</td>
<td></td>
<td>3</td>
<td>org.test.ProductModule@231f98ef</td></tr>
<tr>
<td title='org.test.BusinessUnit.deleteLeadSource()'><b>deleteLeadSource</b><br>Test class: org.test.BusinessUnit</td>
<td></td>
<td>3</td>
<td>org.test.BusinessUnit@5890e879</td></tr>
<tr>
<td title='org.test.ProductModule.afterDecimalPointQuantityHandField()'><b>afterDecimalPointQuantityHandField</b><br>Test class: org.test.ProductModule</td>
<td></td>
<td>0</td>
<td>org.test.ProductModule@231f98ef</td></tr>
<tr>
<td title='org.test.ProductModule.reflectQuotePage()'><b>reflectQuotePage</b><br>Test class: org.test.ProductModule</td>
<td></td>
<td>22</td>
<td>org.test.ProductModule@231f98ef</td></tr>
<tr>
<td title='org.test.CategoryModule.reflectCategoryService()'><b>reflectCategoryService</b><br>Test class: org.test.CategoryModule</td>
<td></td>
<td>20</td>
<td>org.test.CategoryModule@7d9d0818</td></tr>
<tr>
<td title='org.test.ProductModule.editmaximumValidationLowStockThresold()'><b>editmaximumValidationLowStockThresold</b><br>Test class: org.test.ProductModule</td>
<td></td>
<td>0</td>
<td>org.test.ProductModule@231f98ef</td></tr>
<tr>
<td title='org.test.ServiceModule.editafterDecimalPointPriceField()'><b>editafterDecimalPointPriceField</b><br>Test class: org.test.ServiceModule</td>
<td></td>
<td>0</td>
<td>org.test.ServiceModule@7c137fd5</td></tr>
<tr>
<td title='org.test.ServiceModule.reflectQuotePage()'><b>reflectQuotePage</b><br>Test class: org.test.ServiceModule</td>
<td></td>
<td>22</td>
<td>org.test.ServiceModule@7c137fd5</td></tr>
<tr>
<td title='org.test.CategoryModule.editmaximumValidationDescription()'><b>editmaximumValidationDescription</b><br>Test class: org.test.CategoryModule</td>
<td></td>
<td>3</td>
<td>org.test.CategoryModule@7d9d0818</td></tr>
<tr>
<td title='org.test.ServiceType.serviceTypeCreateList()'><b>serviceTypeCreateList</b><br>Test class: org.test.ServiceType</td>
<td></td>
<td>0</td>
<td>org.test.ServiceType@31ea9581</td></tr>
<tr>
<td title='org.test.ProductModule.editmaximumValidationQuantityHand()'><b>editmaximumValidationQuantityHand</b><br>Test class: org.test.ProductModule</td>
<td></td>
<td>0</td>
<td>org.test.ProductModule@231f98ef</td></tr>
<tr>
<td title='org.test.BusinessUnit.reflectCreateContactPage()'><b>reflectCreateContactPage</b><br>Test class: org.test.BusinessUnit</td>
<td></td>
<td>17</td>
<td>org.test.BusinessUnit@5890e879</td></tr>
<tr>
<td title='org.test.ServiceModule.updateProduct()'><b>updateProduct</b><br>Test class: org.test.ServiceModule</td>
<td></td>
<td>7</td>
<td>org.test.ServiceModule@7c137fd5</td></tr>
<tr>
<td title='org.test.TaxModule.settingModule()'><b>settingModule</b><br>Test class: org.test.TaxModule</td>
<td></td>
<td>1</td>
<td>org.test.TaxModule@183ec003</td></tr>
<tr>
<td title='org.test.CategoryModule.createCategoryProduct()'><b>createCategoryProduct</b><br>Test class: org.test.CategoryModule</td>
<td></td>
<td>9</td>
<td>org.test.CategoryModule@7d9d0818</td></tr>
<tr>
<td title='org.test.CategoryModule.createFormLabel()'><b>createFormLabel</b><br>Test class: org.test.CategoryModule</td>
<td></td>
<td>1</td>
<td>org.test.CategoryModule@7d9d0818</td></tr>
<tr>
<td title='org.test.ServiceModule.afterDecimalPointPriceField()'><b>afterDecimalPointPriceField</b><br>Test class: org.test.ServiceModule</td>
<td></td>
<td>0</td>
<td>org.test.ServiceModule@7c137fd5</td></tr>
<tr>
<td title='org.test.LeadSource.reflectCreateContactPage()'><b>reflectCreateContactPage</b><br>Test class: org.test.LeadSource</td>
<td></td>
<td>20</td>
<td>org.test.LeadSource@6440112d</td></tr>
<tr>
<td title='org.test.ProductModule.loginPage()'><b>loginPage</b><br>Test class: org.test.ProductModule</td>
<td></td>
<td>23</td>
<td>org.test.ProductModule@231f98ef</td></tr>
<tr>
<td title='org.test.ProductModule.createFormLabel()'><b>createFormLabel</b><br>Test class: org.test.ProductModule</td>
<td></td>
<td>1</td>
<td>org.test.ProductModule@231f98ef</td></tr>
<tr>
<td title='org.test.ServiceModule.mandatoryValidationDescription()'><b>mandatoryValidationDescription</b><br>Test class: org.test.ServiceModule</td>
<td></td>
<td>0</td>
<td>org.test.ServiceModule@7c137fd5</td></tr>
<tr>
<td title='org.test.TaxModule.editFormLabel()'><b>editFormLabel</b><br>Test class: org.test.TaxModule</td>
<td></td>
<td>2</td>
<td>org.test.TaxModule@183ec003</td></tr>
<tr>
<td title='org.test.LeadSource.leadSourceLabel()'><b>leadSourceLabel</b><br>Test class: org.test.LeadSource</td>
<td></td>
<td>0</td>
<td>org.test.LeadSource@6440112d</td></tr>
<tr>
<td title='org.test.ProductModule.mandatoryValidationPrice()'><b>mandatoryValidationPrice</b><br>Test class: org.test.ProductModule</td>
<td></td>
<td>0</td>
<td>org.test.ProductModule@231f98ef</td></tr>
<tr>
<td title='org.test.ServiceType.settingModule()'><b>settingModule</b><br>Test class: org.test.ServiceType</td>
<td></td>
<td>2</td>
<td>org.test.ServiceType@31ea9581</td></tr>
<tr>
<td title='org.test.ProductModule.inactiveProduct()'><b>inactiveProduct</b><br>Test class: org.test.ProductModule</td>
<td></td>
<td>16</td>
<td>org.test.ProductModule@231f98ef</td></tr>
<tr>
<td title='org.test.ServiceModule.deletedService()'><b>deletedService</b><br>Test class: org.test.ServiceModule</td>
<td></td>
<td>17</td>
<td>org.test.ServiceModule@7c137fd5</td></tr>
<tr>
<td title='org.test.ServiceModule.mandatoryValidationTaxName()'><b>mandatoryValidationTaxName</b><br>Test class: org.test.ServiceModule</td>
<td></td>
<td>0</td>
<td>org.test.ServiceModule@7c137fd5</td></tr>
<tr>
<td title='org.test.ProductModule.mandatoryValidationTaxName()'><b>mandatoryValidationTaxName</b><br>Test class: org.test.ProductModule</td>
<td></td>
<td>0</td>
<td>org.test.ProductModule@231f98ef</td></tr>
<tr>
<td title='org.test.BusinessUnit.editmandatoryValidation()'><b>editmandatoryValidation</b><br>Test class: org.test.BusinessUnit</td>
<td></td>
<td>0</td>
<td>org.test.BusinessUnit@5890e879</td></tr>
<tr>
<td title='org.test.ProductModule.createButton()'><b>createButton</b><br>Test class: org.test.ProductModule</td>
<td></td>
<td>0</td>
<td>org.test.ProductModule@231f98ef</td></tr>
<tr>
<td title='org.test.CategoryModule.mandatoryValidationCategoryName()'><b>mandatoryValidationCategoryName</b><br>Test class: org.test.CategoryModule</td>
<td></td>
<td>2</td>
<td>org.test.CategoryModule@7d9d0818</td></tr>
<tr>
<td title='org.test.LeadSource.createFormLabel()'><b>createFormLabel</b><br>Test class: org.test.LeadSource</td>
<td></td>
<td>0</td>
<td>org.test.LeadSource@6440112d</td></tr>
<tr>
<td title='org.test.ServiceModule.editmaximumValidationPrice()'><b>editmaximumValidationPrice</b><br>Test class: org.test.ServiceModule</td>
<td></td>
<td>0</td>
<td>org.test.ServiceModule@7c137fd5</td></tr>
</table><p>
<table width='100%' border='1' class='invocation-skipped'>
<tr><td colspan='4' align='center'><b>SKIPPED TESTS</b></td></tr>
<tr><td><b>Test method</b></td>
<td width="30%"><b>Exception</b></td>
<td width="10%"><b>Time (seconds)</b></td>
<td><b>Instance</b></td>
</tr>
<tr>
<td title='org.test.ServiceModule.editmandatoryValidationTaxName()'><b>editmandatoryValidationTaxName</b><br>Test class: org.test.ServiceModule</td>
<td><div><pre>org.testng.SkipException: Skipping / Ignoring - Script not Ready for Execution 
	at org.test.ServiceModule.editmandatoryValidationTaxName(ServiceModule.java:559)
	at java.base/java.util.ArrayList.forEach(ArrayList.java:1511)
... Removed 28 stack frames</pre></div><a href='#' onClick='toggleBox("stack-trace484215261", this, "Click to show all stack frames", "Click to hide stack frames")'>Click to show all stack frames</a>
<div class='stack-trace' id='stack-trace484215261'><pre>org.testng.SkipException: Skipping / Ignoring - Script not Ready for Execution 
	at org.test.ServiceModule.editmandatoryValidationTaxName(ServiceModule.java:559)
	at java.base/jdk.internal.reflect.NativeMethodAccessorImpl.invoke0(Native Method)
	at java.base/jdk.internal.reflect.NativeMethodAccessorImpl.invoke(NativeMethodAccessorImpl.java:77)
	at java.base/jdk.internal.reflect.DelegatingMethodAccessorImpl.invoke(DelegatingMethodAccessorImpl.java:43)
	at java.base/java.lang.reflect.Method.invoke(Method.java:568)
	at org.testng.internal.MethodInvocationHelper.invokeMethod(MethodInvocationHelper.java:133)
	at org.testng.internal.TestInvoker.invokeMethod(TestInvoker.java:598)
	at org.testng.internal.TestInvoker.invokeTestMethod(TestInvoker.java:173)
	at org.testng.internal.MethodRunner.runInSequence(MethodRunner.java:46)
	at org.testng.internal.TestInvoker$MethodInvocationAgent.invoke(TestInvoker.java:824)
	at org.testng.internal.TestInvoker.invokeTestMethods(TestInvoker.java:146)
	at org.testng.internal.TestMethodWorker.invokeTestMethods(TestMethodWorker.java:146)
	at org.testng.internal.TestMethodWorker.run(TestMethodWorker.java:128)
	at java.base/java.util.ArrayList.forEach(ArrayList.java:1511)
	at org.testng.TestRunner.privateRun(TestRunner.java:794)
	at org.testng.TestRunner.run(TestRunner.java:596)
	at org.testng.SuiteRunner.runTest(SuiteRunner.java:377)
	at org.testng.SuiteRunner.runSequentially(SuiteRunner.java:371)
	at org.testng.SuiteRunner.privateRun(SuiteRunner.java:332)
	at org.testng.SuiteRunner.run(SuiteRunner.java:276)
	at org.testng.SuiteRunnerWorker.runSuite(SuiteRunnerWorker.java:53)
	at org.testng.SuiteRunnerWorker.run(SuiteRunnerWorker.java:96)
	at org.testng.TestNG.runSuitesSequentially(TestNG.java:1212)
	at org.testng.TestNG.runSuitesSequentially(TestNG.java:1207)
	at org.testng.TestNG.runSuitesLocally(TestNG.java:1134)
	at org.testng.TestNG.runSuites(TestNG.java:1063)
	at org.testng.TestNG.run(TestNG.java:1031)
	at org.testng.remote.AbstractRemoteTestNG.run(AbstractRemoteTestNG.java:115)
	at org.testng.remote.RemoteTestNG.initAndRun(RemoteTestNG.java:251)
	at org.testng.remote.RemoteTestNG.main(RemoteTestNG.java:77)
</pre></div></td>
<td>0</td>
<td>org.test.ServiceModule@7c137fd5</td></tr>
<tr>
<td title='org.test.ServiceModule.editmandatoryValidationTaxPercentage()'><b>editmandatoryValidationTaxPercentage</b><br>Test class: org.test.ServiceModule</td>
<td><div><pre>org.testng.SkipException: Skipping / Ignoring - Script not Ready for Execution 
	at org.test.ServiceModule.editmandatoryValidationTaxPercentage(ServiceModule.java:586)
	at java.base/java.util.ArrayList.forEach(ArrayList.java:1511)
... Removed 28 stack frames</pre></div><a href='#' onClick='toggleBox("stack-trace1874209091", this, "Click to show all stack frames", "Click to hide stack frames")'>Click to show all stack frames</a>
<div class='stack-trace' id='stack-trace1874209091'><pre>org.testng.SkipException: Skipping / Ignoring - Script not Ready for Execution 
	at org.test.ServiceModule.editmandatoryValidationTaxPercentage(ServiceModule.java:586)
	at java.base/jdk.internal.reflect.NativeMethodAccessorImpl.invoke0(Native Method)
	at java.base/jdk.internal.reflect.NativeMethodAccessorImpl.invoke(NativeMethodAccessorImpl.java:77)
	at java.base/jdk.internal.reflect.DelegatingMethodAccessorImpl.invoke(DelegatingMethodAccessorImpl.java:43)
	at java.base/java.lang.reflect.Method.invoke(Method.java:568)
	at org.testng.internal.MethodInvocationHelper.invokeMethod(MethodInvocationHelper.java:133)
	at org.testng.internal.TestInvoker.invokeMethod(TestInvoker.java:598)
	at org.testng.internal.TestInvoker.invokeTestMethod(TestInvoker.java:173)
	at org.testng.internal.MethodRunner.runInSequence(MethodRunner.java:46)
	at org.testng.internal.TestInvoker$MethodInvocationAgent.invoke(TestInvoker.java:824)
	at org.testng.internal.TestInvoker.invokeTestMethods(TestInvoker.java:146)
	at org.testng.internal.TestMethodWorker.invokeTestMethods(TestMethodWorker.java:146)
	at org.testng.internal.TestMethodWorker.run(TestMethodWorker.java:128)
	at java.base/java.util.ArrayList.forEach(ArrayList.java:1511)
	at org.testng.TestRunner.privateRun(TestRunner.java:794)
	at org.testng.TestRunner.run(TestRunner.java:596)
	at org.testng.SuiteRunner.runTest(SuiteRunner.java:377)
	at org.testng.SuiteRunner.runSequentially(SuiteRunner.java:371)
	at org.testng.SuiteRunner.privateRun(SuiteRunner.java:332)
	at org.testng.SuiteRunner.run(SuiteRunner.java:276)
	at org.testng.SuiteRunnerWorker.runSuite(SuiteRunnerWorker.java:53)
	at org.testng.SuiteRunnerWorker.run(SuiteRunnerWorker.java:96)
	at org.testng.TestNG.runSuitesSequentially(TestNG.java:1212)
	at org.testng.TestNG.runSuitesSequentially(TestNG.java:1207)
	at org.testng.TestNG.runSuitesLocally(TestNG.java:1134)
	at org.testng.TestNG.runSuites(TestNG.java:1063)
	at org.testng.TestNG.run(TestNG.java:1031)
	at org.testng.remote.AbstractRemoteTestNG.run(AbstractRemoteTestNG.java:115)
	at org.testng.remote.RemoteTestNG.initAndRun(RemoteTestNG.java:251)
	at org.testng.remote.RemoteTestNG.main(RemoteTestNG.java:77)
</pre></div></td>
<td>0</td>
<td>org.test.ServiceModule@7c137fd5</td></tr>
<tr>
<td title='org.test.ServiceModule.editafterDecimalPointTaxPercentageField()'><b>editafterDecimalPointTaxPercentageField</b><br>Test class: org.test.ServiceModule</td>
<td><div><pre>org.testng.SkipException: Skipping / Ignoring - Script not Ready for Execution 
	at org.test.ServiceModule.editafterDecimalPointTaxPercentageField(ServiceModule.java:792)
	at java.base/java.util.ArrayList.forEach(ArrayList.java:1511)
... Removed 28 stack frames</pre></div><a href='#' onClick='toggleBox("stack-trace799085012", this, "Click to show all stack frames", "Click to hide stack frames")'>Click to show all stack frames</a>
<div class='stack-trace' id='stack-trace799085012'><pre>org.testng.SkipException: Skipping / Ignoring - Script not Ready for Execution 
	at org.test.ServiceModule.editafterDecimalPointTaxPercentageField(ServiceModule.java:792)
	at java.base/jdk.internal.reflect.NativeMethodAccessorImpl.invoke0(Native Method)
	at java.base/jdk.internal.reflect.NativeMethodAccessorImpl.invoke(NativeMethodAccessorImpl.java:77)
	at java.base/jdk.internal.reflect.DelegatingMethodAccessorImpl.invoke(DelegatingMethodAccessorImpl.java:43)
	at java.base/java.lang.reflect.Method.invoke(Method.java:568)
	at org.testng.internal.MethodInvocationHelper.invokeMethod(MethodInvocationHelper.java:133)
	at org.testng.internal.TestInvoker.invokeMethod(TestInvoker.java:598)
	at org.testng.internal.TestInvoker.invokeTestMethod(TestInvoker.java:173)
	at org.testng.internal.MethodRunner.runInSequence(MethodRunner.java:46)
	at org.testng.internal.TestInvoker$MethodInvocationAgent.invoke(TestInvoker.java:824)
	at org.testng.internal.TestInvoker.invokeTestMethods(TestInvoker.java:146)
	at org.testng.internal.TestMethodWorker.invokeTestMethods(TestMethodWorker.java:146)
	at org.testng.internal.TestMethodWorker.run(TestMethodWorker.java:128)
	at java.base/java.util.ArrayList.forEach(ArrayList.java:1511)
	at org.testng.TestRunner.privateRun(TestRunner.java:794)
	at org.testng.TestRunner.run(TestRunner.java:596)
	at org.testng.SuiteRunner.runTest(SuiteRunner.java:377)
	at org.testng.SuiteRunner.runSequentially(SuiteRunner.java:371)
	at org.testng.SuiteRunner.privateRun(SuiteRunner.java:332)
	at org.testng.SuiteRunner.run(SuiteRunner.java:276)
	at org.testng.SuiteRunnerWorker.runSuite(SuiteRunnerWorker.java:53)
	at org.testng.SuiteRunnerWorker.run(SuiteRunnerWorker.java:96)
	at org.testng.TestNG.runSuitesSequentially(TestNG.java:1212)
	at org.testng.TestNG.runSuitesSequentially(TestNG.java:1207)
	at org.testng.TestNG.runSuitesLocally(TestNG.java:1134)
	at org.testng.TestNG.runSuites(TestNG.java:1063)
	at org.testng.TestNG.run(TestNG.java:1031)
	at org.testng.remote.AbstractRemoteTestNG.run(AbstractRemoteTestNG.java:115)
	at org.testng.remote.RemoteTestNG.initAndRun(RemoteTestNG.java:251)
	at org.testng.remote.RemoteTestNG.main(RemoteTestNG.java:77)
</pre></div></td>
<td>0</td>
<td>org.test.ServiceModule@7c137fd5</td></tr>
<tr>
<td title='org.test.ProductModule.editafterDecimalPointTaxPercentageField()'><b>editafterDecimalPointTaxPercentageField</b><br>Test class: org.test.ProductModule</td>
<td><div><pre>org.testng.SkipException: Skipping / Ignoring - Script not Ready for Execution 
	at org.test.ProductModule.editafterDecimalPointTaxPercentageField(ProductModule.java:990)
	at java.base/java.util.ArrayList.forEach(ArrayList.java:1511)
... Removed 28 stack frames</pre></div><a href='#' onClick='toggleBox("stack-trace1031280894", this, "Click to show all stack frames", "Click to hide stack frames")'>Click to show all stack frames</a>
<div class='stack-trace' id='stack-trace1031280894'><pre>org.testng.SkipException: Skipping / Ignoring - Script not Ready for Execution 
	at org.test.ProductModule.editafterDecimalPointTaxPercentageField(ProductModule.java:990)
	at java.base/jdk.internal.reflect.NativeMethodAccessorImpl.invoke0(Native Method)
	at java.base/jdk.internal.reflect.NativeMethodAccessorImpl.invoke(NativeMethodAccessorImpl.java:77)
	at java.base/jdk.internal.reflect.DelegatingMethodAccessorImpl.invoke(DelegatingMethodAccessorImpl.java:43)
	at java.base/java.lang.reflect.Method.invoke(Method.java:568)
	at org.testng.internal.MethodInvocationHelper.invokeMethod(MethodInvocationHelper.java:133)
	at org.testng.internal.TestInvoker.invokeMethod(TestInvoker.java:598)
	at org.testng.internal.TestInvoker.invokeTestMethod(TestInvoker.java:173)
	at org.testng.internal.MethodRunner.runInSequence(MethodRunner.java:46)
	at org.testng.internal.TestInvoker$MethodInvocationAgent.invoke(TestInvoker.java:824)
	at org.testng.internal.TestInvoker.invokeTestMethods(TestInvoker.java:146)
	at org.testng.internal.TestMethodWorker.invokeTestMethods(TestMethodWorker.java:146)
	at org.testng.internal.TestMethodWorker.run(TestMethodWorker.java:128)
	at java.base/java.util.ArrayList.forEach(ArrayList.java:1511)
	at org.testng.TestRunner.privateRun(TestRunner.java:794)
	at org.testng.TestRunner.run(TestRunner.java:596)
	at org.testng.SuiteRunner.runTest(SuiteRunner.java:377)
	at org.testng.SuiteRunner.runSequentially(SuiteRunner.java:371)
	at org.testng.SuiteRunner.privateRun(SuiteRunner.java:332)
	at org.testng.SuiteRunner.run(SuiteRunner.java:276)
	at org.testng.SuiteRunnerWorker.runSuite(SuiteRunnerWorker.java:53)
	at org.testng.SuiteRunnerWorker.run(SuiteRunnerWorker.java:96)
	at org.testng.TestNG.runSuitesSequentially(TestNG.java:1212)
	at org.testng.TestNG.runSuitesSequentially(TestNG.java:1207)
	at org.testng.TestNG.runSuitesLocally(TestNG.java:1134)
	at org.testng.TestNG.runSuites(TestNG.java:1063)
	at org.testng.TestNG.run(TestNG.java:1031)
	at org.testng.remote.AbstractRemoteTestNG.run(AbstractRemoteTestNG.java:115)
	at org.testng.remote.RemoteTestNG.initAndRun(RemoteTestNG.java:251)
	at org.testng.remote.RemoteTestNG.main(RemoteTestNG.java:77)
</pre></div></td>
<td>0</td>
<td>org.test.ProductModule@231f98ef</td></tr>
<tr>
<td title='org.test.ProductModule.editmandatoryValidationTaxName()'><b>editmandatoryValidationTaxName</b><br>Test class: org.test.ProductModule</td>
<td><div><pre>org.testng.SkipException: Skipping / Ignoring - Script not Ready for Execution 
	at org.test.ProductModule.editmandatoryValidationTaxName(ProductModule.java:733)
	at java.base/java.util.ArrayList.forEach(ArrayList.java:1511)
... Removed 28 stack frames</pre></div><a href='#' onClick='toggleBox("stack-trace553618501", this, "Click to show all stack frames", "Click to hide stack frames")'>Click to show all stack frames</a>
<div class='stack-trace' id='stack-trace553618501'><pre>org.testng.SkipException: Skipping / Ignoring - Script not Ready for Execution 
	at org.test.ProductModule.editmandatoryValidationTaxName(ProductModule.java:733)
	at java.base/jdk.internal.reflect.NativeMethodAccessorImpl.invoke0(Native Method)
	at java.base/jdk.internal.reflect.NativeMethodAccessorImpl.invoke(NativeMethodAccessorImpl.java:77)
	at java.base/jdk.internal.reflect.DelegatingMethodAccessorImpl.invoke(DelegatingMethodAccessorImpl.java:43)
	at java.base/java.lang.reflect.Method.invoke(Method.java:568)
	at org.testng.internal.MethodInvocationHelper.invokeMethod(MethodInvocationHelper.java:133)
	at org.testng.internal.TestInvoker.invokeMethod(TestInvoker.java:598)
	at org.testng.internal.TestInvoker.invokeTestMethod(TestInvoker.java:173)
	at org.testng.internal.MethodRunner.runInSequence(MethodRunner.java:46)
	at org.testng.internal.TestInvoker$MethodInvocationAgent.invoke(TestInvoker.java:824)
	at org.testng.internal.TestInvoker.invokeTestMethods(TestInvoker.java:146)
	at org.testng.internal.TestMethodWorker.invokeTestMethods(TestMethodWorker.java:146)
	at org.testng.internal.TestMethodWorker.run(TestMethodWorker.java:128)
	at java.base/java.util.ArrayList.forEach(ArrayList.java:1511)
	at org.testng.TestRunner.privateRun(TestRunner.java:794)
	at org.testng.TestRunner.run(TestRunner.java:596)
	at org.testng.SuiteRunner.runTest(SuiteRunner.java:377)
	at org.testng.SuiteRunner.runSequentially(SuiteRunner.java:371)
	at org.testng.SuiteRunner.privateRun(SuiteRunner.java:332)
	at org.testng.SuiteRunner.run(SuiteRunner.java:276)
	at org.testng.SuiteRunnerWorker.runSuite(SuiteRunnerWorker.java:53)
	at org.testng.SuiteRunnerWorker.run(SuiteRunnerWorker.java:96)
	at org.testng.TestNG.runSuitesSequentially(TestNG.java:1212)
	at org.testng.TestNG.runSuitesSequentially(TestNG.java:1207)
	at org.testng.TestNG.runSuitesLocally(TestNG.java:1134)
	at org.testng.TestNG.runSuites(TestNG.java:1063)
	at org.testng.TestNG.run(TestNG.java:1031)
	at org.testng.remote.AbstractRemoteTestNG.run(AbstractRemoteTestNG.java:115)
	at org.testng.remote.RemoteTestNG.initAndRun(RemoteTestNG.java:251)
	at org.testng.remote.RemoteTestNG.main(RemoteTestNG.java:77)
</pre></div></td>
<td>0</td>
<td>org.test.ProductModule@231f98ef</td></tr>
<tr>
<td title='org.test.ServiceModule.editbeforeDecimalPointTaxPercentageField()'><b>editbeforeDecimalPointTaxPercentageField</b><br>Test class: org.test.ServiceModule</td>
<td><div><pre>org.testng.SkipException: Skipping / Ignoring - Script not Ready for Execution 
	at org.test.ServiceModule.editbeforeDecimalPointTaxPercentageField(ServiceModule.java:763)
	at java.base/java.util.ArrayList.forEach(ArrayList.java:1511)
... Removed 28 stack frames</pre></div><a href='#' onClick='toggleBox("stack-trace1955310033", this, "Click to show all stack frames", "Click to hide stack frames")'>Click to show all stack frames</a>
<div class='stack-trace' id='stack-trace1955310033'><pre>org.testng.SkipException: Skipping / Ignoring - Script not Ready for Execution 
	at org.test.ServiceModule.editbeforeDecimalPointTaxPercentageField(ServiceModule.java:763)
	at java.base/jdk.internal.reflect.NativeMethodAccessorImpl.invoke0(Native Method)
	at java.base/jdk.internal.reflect.NativeMethodAccessorImpl.invoke(NativeMethodAccessorImpl.java:77)
	at java.base/jdk.internal.reflect.DelegatingMethodAccessorImpl.invoke(DelegatingMethodAccessorImpl.java:43)
	at java.base/java.lang.reflect.Method.invoke(Method.java:568)
	at org.testng.internal.MethodInvocationHelper.invokeMethod(MethodInvocationHelper.java:133)
	at org.testng.internal.TestInvoker.invokeMethod(TestInvoker.java:598)
	at org.testng.internal.TestInvoker.invokeTestMethod(TestInvoker.java:173)
	at org.testng.internal.MethodRunner.runInSequence(MethodRunner.java:46)
	at org.testng.internal.TestInvoker$MethodInvocationAgent.invoke(TestInvoker.java:824)
	at org.testng.internal.TestInvoker.invokeTestMethods(TestInvoker.java:146)
	at org.testng.internal.TestMethodWorker.invokeTestMethods(TestMethodWorker.java:146)
	at org.testng.internal.TestMethodWorker.run(TestMethodWorker.java:128)
	at java.base/java.util.ArrayList.forEach(ArrayList.java:1511)
	at org.testng.TestRunner.privateRun(TestRunner.java:794)
	at org.testng.TestRunner.run(TestRunner.java:596)
	at org.testng.SuiteRunner.runTest(SuiteRunner.java:377)
	at org.testng.SuiteRunner.runSequentially(SuiteRunner.java:371)
	at org.testng.SuiteRunner.privateRun(SuiteRunner.java:332)
	at org.testng.SuiteRunner.run(SuiteRunner.java:276)
	at org.testng.SuiteRunnerWorker.runSuite(SuiteRunnerWorker.java:53)
	at org.testng.SuiteRunnerWorker.run(SuiteRunnerWorker.java:96)
	at org.testng.TestNG.runSuitesSequentially(TestNG.java:1212)
	at org.testng.TestNG.runSuitesSequentially(TestNG.java:1207)
	at org.testng.TestNG.runSuitesLocally(TestNG.java:1134)
	at org.testng.TestNG.runSuites(TestNG.java:1063)
	at org.testng.TestNG.run(TestNG.java:1031)
	at org.testng.remote.AbstractRemoteTestNG.run(AbstractRemoteTestNG.java:115)
	at org.testng.remote.RemoteTestNG.initAndRun(RemoteTestNG.java:251)
	at org.testng.remote.RemoteTestNG.main(RemoteTestNG.java:77)
</pre></div></td>
<td>0</td>
<td>org.test.ServiceModule@7c137fd5</td></tr>
<tr>
<td title='org.test.ProductModule.editmandatoryValidationTaxPercentage()'><b>editmandatoryValidationTaxPercentage</b><br>Test class: org.test.ProductModule</td>
<td><div><pre>org.testng.SkipException: Skipping / Ignoring - Script not Ready for Execution 
	at org.test.ProductModule.editmandatoryValidationTaxPercentage(ProductModule.java:760)
	at java.base/java.util.ArrayList.forEach(ArrayList.java:1511)
... Removed 28 stack frames</pre></div><a href='#' onClick='toggleBox("stack-trace1726624822", this, "Click to show all stack frames", "Click to hide stack frames")'>Click to show all stack frames</a>
<div class='stack-trace' id='stack-trace1726624822'><pre>org.testng.SkipException: Skipping / Ignoring - Script not Ready for Execution 
	at org.test.ProductModule.editmandatoryValidationTaxPercentage(ProductModule.java:760)
	at java.base/jdk.internal.reflect.NativeMethodAccessorImpl.invoke0(Native Method)
	at java.base/jdk.internal.reflect.NativeMethodAccessorImpl.invoke(NativeMethodAccessorImpl.java:77)
	at java.base/jdk.internal.reflect.DelegatingMethodAccessorImpl.invoke(DelegatingMethodAccessorImpl.java:43)
	at java.base/java.lang.reflect.Method.invoke(Method.java:568)
	at org.testng.internal.MethodInvocationHelper.invokeMethod(MethodInvocationHelper.java:133)
	at org.testng.internal.TestInvoker.invokeMethod(TestInvoker.java:598)
	at org.testng.internal.TestInvoker.invokeTestMethod(TestInvoker.java:173)
	at org.testng.internal.MethodRunner.runInSequence(MethodRunner.java:46)
	at org.testng.internal.TestInvoker$MethodInvocationAgent.invoke(TestInvoker.java:824)
	at org.testng.internal.TestInvoker.invokeTestMethods(TestInvoker.java:146)
	at org.testng.internal.TestMethodWorker.invokeTestMethods(TestMethodWorker.java:146)
	at org.testng.internal.TestMethodWorker.run(TestMethodWorker.java:128)
	at java.base/java.util.ArrayList.forEach(ArrayList.java:1511)
	at org.testng.TestRunner.privateRun(TestRunner.java:794)
	at org.testng.TestRunner.run(TestRunner.java:596)
	at org.testng.SuiteRunner.runTest(SuiteRunner.java:377)
	at org.testng.SuiteRunner.runSequentially(SuiteRunner.java:371)
	at org.testng.SuiteRunner.privateRun(SuiteRunner.java:332)
	at org.testng.SuiteRunner.run(SuiteRunner.java:276)
	at org.testng.SuiteRunnerWorker.runSuite(SuiteRunnerWorker.java:53)
	at org.testng.SuiteRunnerWorker.run(SuiteRunnerWorker.java:96)
	at org.testng.TestNG.runSuitesSequentially(TestNG.java:1212)
	at org.testng.TestNG.runSuitesSequentially(TestNG.java:1207)
	at org.testng.TestNG.runSuitesLocally(TestNG.java:1134)
	at org.testng.TestNG.runSuites(TestNG.java:1063)
	at org.testng.TestNG.run(TestNG.java:1031)
	at org.testng.remote.AbstractRemoteTestNG.run(AbstractRemoteTestNG.java:115)
	at org.testng.remote.RemoteTestNG.initAndRun(RemoteTestNG.java:251)
	at org.testng.remote.RemoteTestNG.main(RemoteTestNG.java:77)
</pre></div></td>
<td>0</td>
<td>org.test.ProductModule@231f98ef</td></tr>
<tr>
<td title='org.test.ProductModule.editbeforeDecimalPointTaxPercentageField()'><b>editbeforeDecimalPointTaxPercentageField</b><br>Test class: org.test.ProductModule</td>
<td><div><pre>org.testng.SkipException: Skipping / Ignoring - Script not Ready for Execution 
	at org.test.ProductModule.editbeforeDecimalPointTaxPercentageField(ProductModule.java:961)
	at java.base/java.util.ArrayList.forEach(ArrayList.java:1511)
... Removed 28 stack frames</pre></div><a href='#' onClick='toggleBox("stack-trace526116021", this, "Click to show all stack frames", "Click to hide stack frames")'>Click to show all stack frames</a>
<div class='stack-trace' id='stack-trace526116021'><pre>org.testng.SkipException: Skipping / Ignoring - Script not Ready for Execution 
	at org.test.ProductModule.editbeforeDecimalPointTaxPercentageField(ProductModule.java:961)
	at java.base/jdk.internal.reflect.NativeMethodAccessorImpl.invoke0(Native Method)
	at java.base/jdk.internal.reflect.NativeMethodAccessorImpl.invoke(NativeMethodAccessorImpl.java:77)
	at java.base/jdk.internal.reflect.DelegatingMethodAccessorImpl.invoke(DelegatingMethodAccessorImpl.java:43)
	at java.base/java.lang.reflect.Method.invoke(Method.java:568)
	at org.testng.internal.MethodInvocationHelper.invokeMethod(MethodInvocationHelper.java:133)
	at org.testng.internal.TestInvoker.invokeMethod(TestInvoker.java:598)
	at org.testng.internal.TestInvoker.invokeTestMethod(TestInvoker.java:173)
	at org.testng.internal.MethodRunner.runInSequence(MethodRunner.java:46)
	at org.testng.internal.TestInvoker$MethodInvocationAgent.invoke(TestInvoker.java:824)
	at org.testng.internal.TestInvoker.invokeTestMethods(TestInvoker.java:146)
	at org.testng.internal.TestMethodWorker.invokeTestMethods(TestMethodWorker.java:146)
	at org.testng.internal.TestMethodWorker.run(TestMethodWorker.java:128)
	at java.base/java.util.ArrayList.forEach(ArrayList.java:1511)
	at org.testng.TestRunner.privateRun(TestRunner.java:794)
	at org.testng.TestRunner.run(TestRunner.java:596)
	at org.testng.SuiteRunner.runTest(SuiteRunner.java:377)
	at org.testng.SuiteRunner.runSequentially(SuiteRunner.java:371)
	at org.testng.SuiteRunner.privateRun(SuiteRunner.java:332)
	at org.testng.SuiteRunner.run(SuiteRunner.java:276)
	at org.testng.SuiteRunnerWorker.runSuite(SuiteRunnerWorker.java:53)
	at org.testng.SuiteRunnerWorker.run(SuiteRunnerWorker.java:96)
	at org.testng.TestNG.runSuitesSequentially(TestNG.java:1212)
	at org.testng.TestNG.runSuitesSequentially(TestNG.java:1207)
	at org.testng.TestNG.runSuitesLocally(TestNG.java:1134)
	at org.testng.TestNG.runSuites(TestNG.java:1063)
	at org.testng.TestNG.run(TestNG.java:1031)
	at org.testng.remote.AbstractRemoteTestNG.run(AbstractRemoteTestNG.java:115)
	at org.testng.remote.RemoteTestNG.initAndRun(RemoteTestNG.java:251)
	at org.testng.remote.RemoteTestNG.main(RemoteTestNG.java:77)
</pre></div></td>
<td>0</td>
<td>org.test.ProductModule@231f98ef</td></tr>
</table><p>
</body>
</html>