<html>
<head>
<title>TestNG:  Test</title>
<link href="../testng.css" rel="stylesheet" type="text/css" />
<link href="../my-testng.css" rel="stylesheet" type="text/css" />

<style type="text/css">
.log { display: none;} 
.stack-trace { display: none;} 
</style>
<script type="text/javascript">
<!--
function flip(e) {
  current = e.style.display;
  if (current == 'block') {
    e.style.display = 'none';
    return 0;
  }
  else {
    e.style.display = 'block';
    return 1;
  }
}

function toggleBox(szDivId, elem, msg1, msg2)
{
  var res = -1;  if (document.getElementById) {
    res = flip(document.getElementById(szDivId));
  }
  else if (document.all) {
    // this is the way old msie versions work
    res = flip(document.all[szDivId]);
  }
  if(elem) {
    if(res == 0) elem.innerHTML = msg1; else elem.innerHTML = msg2;
  }

}

function toggleAllBoxes() {
  if (document.getElementsByTagName) {
    d = document.getElementsByTagName('div');
    for (i = 0; i < d.length; i++) {
      if (d[i].className == 'log') {
        flip(d[i]);
      }
    }
  }
}

// -->
</script>

</head>
<body>
<h2 align='center'>Test</h2><table border='1' align="center">
<tr>
<td>Tests passed/Failed/Skipped:</td><td>371/9/6</td>
</tr><tr>
<td>Started on:</td><td>Fri May 19 12:10:53 IST 2023</td>
</tr>
<tr><td>Total time:</td><td>3511 seconds (3511462 ms)</td>
</tr><tr>
<td>Included groups:</td><td></td>
</tr><tr>
<td>Excluded groups:</td><td></td>
</tr>
</table><p/>
<small><i>(Hover the method name to see the test class name)</i></small><p/>
<table width='100%' border='1' class='invocation-failed'>
<tr><td colspan='4' align='center'><b>FAILED CONFIGURATIONS</b></td></tr>
<tr><td><b>Test method</b></td>
<td width="30%"><b>Exception</b></td>
<td width="10%"><b>Time (seconds)</b></td>
<td><b>Instance</b></td>
</tr>
<tr>
<td title='org.test.CustomerOrganizationJob.deleteAfterCatch()'><b>deleteAfterCatch</b><br>Test class: org.test.CustomerOrganizationJob</td>
<td><div><pre>org.openqa.selenium.NoSuchWindowException: no such window: target window already closed
from unknown error: web view not found
  (Session info: chrome=113.0.5672.93)
Build info: version: &apos;3.141.5&apos;, revision: &apos;d54ebd709a&apos;, time: &apos;2018-11-06T11:42:16&apos;
System info: host: &apos;DESKTOP-5M7AM2E&apos;, ip: &apos;192.168.56.1&apos;, os.name: &apos;Windows 11&apos;, os.arch: &apos;amd64&apos;, os.version: &apos;10.0&apos;, java.version: &apos;17.0.3&apos;
Driver info: org.openqa.selenium.chrome.ChromeDriver
Capabilities {acceptInsecureCerts: false, browserName: chrome, browserVersion: 113.0.5672.93, chrome: {chromedriverVersion: 113.0.5672.63 (0e1a4471d5ae..., userDataDir: C:\Users\ZAIGOP~1\AppData\L...}, goog:chromeOptions: {debuggerAddress: localhost:55387}, javascriptEnabled: true, networkConnectionEnabled: false, pageLoadStrategy: normal, platform: WINDOWS, platformName: WINDOWS, proxy: Proxy(), setWindowRect: true, strictFileInteractability: false, timeouts: {implicit: 0, pageLoad: 300000, script: 30000}, unhandledPromptBehavior: dismiss and notify, webauthn:extension:credBlob: true, webauthn:extension:largeBlob: true, webauthn:extension:minPinLength: true, webauthn:extension:prf: true, webauthn:virtualAuthenticators: true}
Session ID: 9b2c01655a7615ab7fc92b7b22c81694
	at org.openqa.selenium.remote.http.W3CHttpResponseCodec.createException(W3CHttpResponseCodec.java:187)
	at org.openqa.selenium.remote.http.W3CHttpResponseCodec.decode(W3CHttpResponseCodec.java:122)
	at org.openqa.selenium.remote.http.W3CHttpResponseCodec.decode(W3CHttpResponseCodec.java:49)
	at org.openqa.selenium.remote.HttpCommandExecutor.execute(HttpCommandExecutor.java:158)
	at org.openqa.selenium.remote.service.DriverCommandExecutor.execute(DriverCommandExecutor.java:83)
	at org.openqa.selenium.remote.RemoteWebDriver.execute(RemoteWebDriver.java:552)
	at org.openqa.selenium.remote.RemoteWebDriver.execute(RemoteWebDriver.java:609)
	at org.openqa.selenium.remote.RemoteWebDriver$RemoteWebDriverOptions.deleteAllCookies(RemoteWebDriver.java:694)
	at org.test.CustomerOrganizationJob.deleteAfterCatch(CustomerOrganizationJob.java:57)
	at java.base/java.util.ArrayList.forEach(ArrayList.java:1511)
... Removed 36 stack frames</pre></div><a href='#' onClick='toggleBox("stack-trace362237417", this, "Click to show all stack frames", "Click to hide stack frames")'>Click to show all stack frames</a>
<div class='stack-trace' id='stack-trace362237417'><pre>org.openqa.selenium.NoSuchWindowException: no such window: target window already closed
from unknown error: web view not found
  (Session info: chrome=113.0.5672.93)
Build info: version: &apos;3.141.5&apos;, revision: &apos;d54ebd709a&apos;, time: &apos;2018-11-06T11:42:16&apos;
System info: host: &apos;DESKTOP-5M7AM2E&apos;, ip: &apos;192.168.56.1&apos;, os.name: &apos;Windows 11&apos;, os.arch: &apos;amd64&apos;, os.version: &apos;10.0&apos;, java.version: &apos;17.0.3&apos;
Driver info: org.openqa.selenium.chrome.ChromeDriver
Capabilities {acceptInsecureCerts: false, browserName: chrome, browserVersion: 113.0.5672.93, chrome: {chromedriverVersion: 113.0.5672.63 (0e1a4471d5ae..., userDataDir: C:\Users\ZAIGOP~1\AppData\L...}, goog:chromeOptions: {debuggerAddress: localhost:55387}, javascriptEnabled: true, networkConnectionEnabled: false, pageLoadStrategy: normal, platform: WINDOWS, platformName: WINDOWS, proxy: Proxy(), setWindowRect: true, strictFileInteractability: false, timeouts: {implicit: 0, pageLoad: 300000, script: 30000}, unhandledPromptBehavior: dismiss and notify, webauthn:extension:credBlob: true, webauthn:extension:largeBlob: true, webauthn:extension:minPinLength: true, webauthn:extension:prf: true, webauthn:virtualAuthenticators: true}
Session ID: 9b2c01655a7615ab7fc92b7b22c81694
	at jdk.internal.reflect.GeneratedConstructorAccessor31.newInstance(Unknown Source)
	at java.base/jdk.internal.reflect.DelegatingConstructorAccessorImpl.newInstance(DelegatingConstructorAccessorImpl.java:45)
	at java.base/java.lang.reflect.Constructor.newInstanceWithCaller(Constructor.java:499)
	at java.base/java.lang.reflect.Constructor.newInstance(Constructor.java:480)
	at org.openqa.selenium.remote.http.W3CHttpResponseCodec.createException(W3CHttpResponseCodec.java:187)
	at org.openqa.selenium.remote.http.W3CHttpResponseCodec.decode(W3CHttpResponseCodec.java:122)
	at org.openqa.selenium.remote.http.W3CHttpResponseCodec.decode(W3CHttpResponseCodec.java:49)
	at org.openqa.selenium.remote.HttpCommandExecutor.execute(HttpCommandExecutor.java:158)
	at org.openqa.selenium.remote.service.DriverCommandExecutor.execute(DriverCommandExecutor.java:83)
	at org.openqa.selenium.remote.RemoteWebDriver.execute(RemoteWebDriver.java:552)
	at org.openqa.selenium.remote.RemoteWebDriver.execute(RemoteWebDriver.java:609)
	at org.openqa.selenium.remote.RemoteWebDriver$RemoteWebDriverOptions.deleteAllCookies(RemoteWebDriver.java:694)
	at org.test.CustomerOrganizationJob.deleteAfterCatch(CustomerOrganizationJob.java:57)
	at jdk.internal.reflect.GeneratedMethodAccessor76.invoke(Unknown Source)
	at java.base/jdk.internal.reflect.DelegatingMethodAccessorImpl.invoke(DelegatingMethodAccessorImpl.java:43)
	at java.base/java.lang.reflect.Method.invoke(Method.java:568)
	at org.testng.internal.MethodInvocationHelper.invokeMethod(MethodInvocationHelper.java:133)
	at org.testng.internal.MethodInvocationHelper.invokeMethodConsideringTimeout(MethodInvocationHelper.java:62)
	at org.testng.internal.ConfigInvoker.invokeConfigurationMethod(ConfigInvoker.java:385)
	at org.testng.internal.ConfigInvoker.invokeConfigurations(ConfigInvoker.java:321)
	at org.testng.internal.TestInvoker.runConfigMethods(TestInvoker.java:700)
	at org.testng.internal.TestInvoker.runAfterGroupsConfigurations(TestInvoker.java:676)
	at org.testng.internal.TestInvoker.invokeMethod(TestInvoker.java:660)
	at org.testng.internal.TestInvoker.invokeTestMethod(TestInvoker.java:173)
	at org.testng.internal.MethodRunner.runInSequence(MethodRunner.java:46)
	at org.testng.internal.TestInvoker$MethodInvocationAgent.invoke(TestInvoker.java:824)
	at org.testng.internal.TestInvoker.invokeTestMethods(TestInvoker.java:146)
	at org.testng.internal.TestMethodWorker.invokeTestMethods(TestMethodWorker.java:146)
	at org.testng.internal.TestMethodWorker.run(TestMethodWorker.java:128)
	at java.base/java.util.ArrayList.forEach(ArrayList.java:1511)
	at org.testng.TestRunner.privateRun(TestRunner.java:794)
	at org.testng.TestRunner.run(TestRunner.java:596)
	at org.testng.SuiteRunner.runTest(SuiteRunner.java:377)
	at org.testng.SuiteRunner.runSequentially(SuiteRunner.java:371)
	at org.testng.SuiteRunner.privateRun(SuiteRunner.java:332)
	at org.testng.SuiteRunner.run(SuiteRunner.java:276)
	at org.testng.SuiteRunnerWorker.runSuite(SuiteRunnerWorker.java:53)
	at org.testng.SuiteRunnerWorker.run(SuiteRunnerWorker.java:96)
	at org.testng.TestNG.runSuitesSequentially(TestNG.java:1212)
	at org.testng.TestNG.runSuitesSequentially(TestNG.java:1207)
	at org.testng.TestNG.runSuitesLocally(TestNG.java:1134)
	at org.testng.TestNG.runSuites(TestNG.java:1063)
	at org.testng.TestNG.run(TestNG.java:1031)
	at org.testng.remote.AbstractRemoteTestNG.run(AbstractRemoteTestNG.java:115)
	at org.testng.remote.RemoteTestNG.initAndRun(RemoteTestNG.java:251)
	at org.testng.remote.RemoteTestNG.main(RemoteTestNG.java:77)
</pre></div></td>
<td>0</td>
<td>org.test.CustomerOrganizationJob@1c5920df</td></tr>
</table><p>
<table width='100%' border='1' class='invocation-skipped'>
<tr><td colspan='4' align='center'><b>SKIPPED CONFIGURATIONS</b></td></tr>
<tr><td><b>Test method</b></td>
<td width="30%"><b>Exception</b></td>
<td width="10%"><b>Time (seconds)</b></td>
<td><b>Instance</b></td>
</tr>
<tr>
<td title='org.test.CustomerOrganizationJob.deleteAfterCatch()'><b>deleteAfterCatch</b><br>Test class: org.test.CustomerOrganizationJob</td>
<td></td>
<td>-1684479510</td>
<td>org.test.CustomerOrganizationJob@1c5920df</td></tr>
<tr>
<td title='org.test.CustomerOrganizationJob.deleteAfterCatch()'><b>deleteAfterCatch</b><br>Test class: org.test.CustomerOrganizationJob</td>
<td></td>
<td>-1684479510</td>
<td>org.test.CustomerOrganizationJob@1c5920df</td></tr>
<tr>
<td title='org.test.CustomerOrganizationJob.deleteAfterCatch()'><b>deleteAfterCatch</b><br>Test class: org.test.CustomerOrganizationJob</td>
<td></td>
<td>-1684479510</td>
<td>org.test.CustomerOrganizationJob@1c5920df</td></tr>
<tr>
<td title='org.test.CustomerOrganizationJob.deleteBeforeCatch()'><b>deleteBeforeCatch</b><br>Test class: org.test.CustomerOrganizationJob</td>
<td></td>
<td>-1684479510</td>
<td>org.test.CustomerOrganizationJob@1c5920df</td></tr>
<tr>
<td title='org.test.CustomerOrganizationJob.deleteAfterCatch()'><b>deleteAfterCatch</b><br>Test class: org.test.CustomerOrganizationJob</td>
<td></td>
<td>-1684479510</td>
<td>org.test.CustomerOrganizationJob@1c5920df</td></tr>
<tr>
<td title='org.test.CustomerOrganizationJob.deleteAfterCatch()'><b>deleteAfterCatch</b><br>Test class: org.test.CustomerOrganizationJob</td>
<td></td>
<td>-1684479510</td>
<td>org.test.CustomerOrganizationJob@1c5920df</td></tr>
<tr>
<td title='org.test.CustomerOrganizationJob.deleteAfterCatch()'><b>deleteAfterCatch</b><br>Test class: org.test.CustomerOrganizationJob</td>
<td></td>
<td>-1684479510</td>
<td>org.test.CustomerOrganizationJob@1c5920df</td></tr>
<tr>
<td title='org.test.CustomerOrganizationJob.deleteBeforeCatch()'><b>deleteBeforeCatch</b><br>Test class: org.test.CustomerOrganizationJob</td>
<td></td>
<td>-1684479510</td>
<td>org.test.CustomerOrganizationJob@1c5920df</td></tr>
<tr>
<td title='org.test.CustomerOrganizationJob.deleteBeforeCatch()'><b>deleteBeforeCatch</b><br>Test class: org.test.CustomerOrganizationJob</td>
<td></td>
<td>-1684479510</td>
<td>org.test.CustomerOrganizationJob@1c5920df</td></tr>
<tr>
<td title='org.test.CustomerOrganizationJob.deleteBeforeCatch()'><b>deleteBeforeCatch</b><br>Test class: org.test.CustomerOrganizationJob</td>
<td></td>
<td>-1684479510</td>
<td>org.test.CustomerOrganizationJob@1c5920df</td></tr>
<tr>
<td title='org.test.CustomerOrganizationJob.deleteBeforeCatch()'><b>deleteBeforeCatch</b><br>Test class: org.test.CustomerOrganizationJob</td>
<td></td>
<td>-1684479510</td>
<td>org.test.CustomerOrganizationJob@1c5920df</td></tr>
<tr>
<td title='org.test.CustomerOrganizationJob.exitBrowser()'><b>exitBrowser</b><br>Test class: org.test.CustomerOrganizationJob</td>
<td></td>
<td>-1684479510</td>
<td>org.test.CustomerOrganizationJob@1c5920df</td></tr>
<tr>
<td title='org.test.CustomerOrganizationJob.deleteBeforeCatch()'><b>deleteBeforeCatch</b><br>Test class: org.test.CustomerOrganizationJob</td>
<td></td>
<td>-1684479510</td>
<td>org.test.CustomerOrganizationJob@1c5920df</td></tr>
</table><p>
<table width='100%' border='1' class='invocation-failed'>
<tr><td colspan='4' align='center'><b>FAILED TESTS</b></td></tr>
<tr><td><b>Test method</b></td>
<td width="30%"><b>Exception</b></td>
<td width="10%"><b>Time (seconds)</b></td>
<td><b>Instance</b></td>
</tr>
<tr>
<td title='org.test.CustomerOrganizationJob.createJob_FromDateandTime_ToDateandTime()'><b>createJob_FromDateandTime_ToDateandTime</b><br>Test class: org.test.CustomerOrganizationJob</td>
<td><div><pre>org.openqa.selenium.TimeoutException: Expected condition failed: waiting for visibility of element located by By.id: customer-name (tried for 30 second(s) with 500 milliseconds interval)
	at org.openqa.selenium.support.ui.WebDriverWait.timeoutException(WebDriverWait.java:95)
	at org.openqa.selenium.support.ui.FluentWait.until(FluentWait.java:272)
	at com.zaigo.pageobjects.JobPage.getText(JobPage.java:512)
	at com.zaigo.pageobjects.JobPage.customerName(JobPage.java:634)
	at com.zaigo.pageobjects.JobPage.jobStatusCreation(JobPage.java:893)
	at org.test.CustomerOrganizationJob.createJob_FromDateandTime_ToDateandTime(CustomerOrganizationJob.java:821)
	at java.base/java.util.ArrayList.forEach(ArrayList.java:1511)
Caused by: org.openqa.selenium.NoSuchElementException: no such element: Unable to locate element: {&quot;method&quot;:&quot;css selector&quot;,&quot;selector&quot;:&quot;#customer\-name&quot;}
  (Session info: chrome=113.0.5672.93)
For documentation on this error, please visit: http://seleniumhq.org/exceptions/no_such_element.html
Build info: version: &apos;3.141.5&apos;, revision: &apos;d54ebd709a&apos;, time: &apos;2018-11-06T11:42:16&apos;
System info: host: &apos;DESKTOP-5M7AM2E&apos;, ip: &apos;192.168.56.1&apos;, os.name: &apos;Windows 11&apos;, os.arch: &apos;amd64&apos;, os.version: &apos;10.0&apos;, java.version: &apos;17.0.3&apos;
Driver info: org.openqa.selenium.chrome.ChromeDriver
Capabilities {acceptInsecureCerts: false, browserName: chrome, browserVersion: 113.0.5672.93, chrome: {chromedriverVersion: 113.0.5672.63 (0e1a4471d5ae..., userDataDir: C:\Users\ZAIGOP~1\AppData\L...}, goog:chromeOptions: {debuggerAddress: localhost:55387}, javascriptEnabled: true, networkConnectionEnabled: false, pageLoadStrategy: normal, platform: WINDOWS, platformName: WINDOWS, proxy: Proxy(), setWindowRect: true, strictFileInteractability: false, timeouts: {implicit: 0, pageLoad: 300000, script: 30000}, unhandledPromptBehavior: dismiss and notify, webauthn:extension:credBlob: true, webauthn:extension:largeBlob: true, webauthn:extension:minPinLength: true, webauthn:extension:prf: true, webauthn:virtualAuthenticators: true}
Session ID: 9b2c01655a7615ab7fc92b7b22c81694
*** Element info: {Using=id, value=customer-name}
	at org.openqa.selenium.remote.http.W3CHttpResponseCodec.createException(W3CHttpResponseCodec.java:187)
	at org.openqa.selenium.remote.http.W3CHttpResponseCodec.decode(W3CHttpResponseCodec.java:122)
	at org.openqa.selenium.remote.http.W3CHttpResponseCodec.decode(W3CHttpResponseCodec.java:49)
	at org.openqa.selenium.remote.HttpCommandExecutor.execute(HttpCommandExecutor.java:158)
	at org.openqa.selenium.remote.service.DriverCommandExecutor.execute(DriverCommandExecutor.java:83)
	at org.openqa.selenium.remote.RemoteWebDriver.execute(RemoteWebDriver.java:552)
	at org.openqa.selenium.remote.RemoteWebDriver.findElement(RemoteWebDriver.java:323)
	at org.openqa.selenium.remote.RemoteWebDriver.findElementById(RemoteWebDriver.java:372)
	at org.openqa.selenium.By$ById.findElement(By.java:188)
	at org.openqa.selenium.remote.RemoteWebDriver.findElement(RemoteWebDriver.java:315)
	at org.openqa.selenium.support.ui.ExpectedConditions$7.apply(ExpectedConditions.java:205)
	at org.openqa.selenium.support.ui.ExpectedConditions$7.apply(ExpectedConditions.java:201)
	at org.openqa.selenium.support.ui.FluentWait.until(FluentWait.java:249)
	... 33 more
... Removed 32 stack frames</pre></div><a href='#' onClick='toggleBox("stack-trace1571901921", this, "Click to show all stack frames", "Click to hide stack frames")'>Click to show all stack frames</a>
<div class='stack-trace' id='stack-trace1571901921'><pre>org.openqa.selenium.TimeoutException: Expected condition failed: waiting for visibility of element located by By.id: customer-name (tried for 30 second(s) with 500 milliseconds interval)
	at org.openqa.selenium.support.ui.WebDriverWait.timeoutException(WebDriverWait.java:95)
	at org.openqa.selenium.support.ui.FluentWait.until(FluentWait.java:272)
	at com.zaigo.pageobjects.JobPage.getText(JobPage.java:512)
	at com.zaigo.pageobjects.JobPage.customerName(JobPage.java:634)
	at com.zaigo.pageobjects.JobPage.jobStatusCreation(JobPage.java:893)
	at org.test.CustomerOrganizationJob.createJob_FromDateandTime_ToDateandTime(CustomerOrganizationJob.java:821)
	at java.base/jdk.internal.reflect.NativeMethodAccessorImpl.invoke0(Native Method)
	at java.base/jdk.internal.reflect.NativeMethodAccessorImpl.invoke(NativeMethodAccessorImpl.java:77)
	at java.base/jdk.internal.reflect.DelegatingMethodAccessorImpl.invoke(DelegatingMethodAccessorImpl.java:43)
	at java.base/java.lang.reflect.Method.invoke(Method.java:568)
	at org.testng.internal.MethodInvocationHelper.invokeMethod(MethodInvocationHelper.java:133)
	at org.testng.internal.TestInvoker.invokeMethod(TestInvoker.java:598)
	at org.testng.internal.TestInvoker.invokeTestMethod(TestInvoker.java:173)
	at org.testng.internal.MethodRunner.runInSequence(MethodRunner.java:46)
	at org.testng.internal.TestInvoker$MethodInvocationAgent.invoke(TestInvoker.java:824)
	at org.testng.internal.TestInvoker.invokeTestMethods(TestInvoker.java:146)
	at org.testng.internal.TestMethodWorker.invokeTestMethods(TestMethodWorker.java:146)
	at org.testng.internal.TestMethodWorker.run(TestMethodWorker.java:128)
	at java.base/java.util.ArrayList.forEach(ArrayList.java:1511)
	at org.testng.TestRunner.privateRun(TestRunner.java:794)
	at org.testng.TestRunner.run(TestRunner.java:596)
	at org.testng.SuiteRunner.runTest(SuiteRunner.java:377)
	at org.testng.SuiteRunner.runSequentially(SuiteRunner.java:371)
	at org.testng.SuiteRunner.privateRun(SuiteRunner.java:332)
	at org.testng.SuiteRunner.run(SuiteRunner.java:276)
	at org.testng.SuiteRunnerWorker.runSuite(SuiteRunnerWorker.java:53)
	at org.testng.SuiteRunnerWorker.run(SuiteRunnerWorker.java:96)
	at org.testng.TestNG.runSuitesSequentially(TestNG.java:1212)
	at org.testng.TestNG.runSuitesSequentially(TestNG.java:1207)
	at org.testng.TestNG.runSuitesLocally(TestNG.java:1134)
	at org.testng.TestNG.runSuites(TestNG.java:1063)
	at org.testng.TestNG.run(TestNG.java:1031)
	at org.testng.remote.AbstractRemoteTestNG.run(AbstractRemoteTestNG.java:115)
	at org.testng.remote.RemoteTestNG.initAndRun(RemoteTestNG.java:251)
	at org.testng.remote.RemoteTestNG.main(RemoteTestNG.java:77)
Caused by: org.openqa.selenium.NoSuchElementException: no such element: Unable to locate element: {&quot;method&quot;:&quot;css selector&quot;,&quot;selector&quot;:&quot;#customer\-name&quot;}
  (Session info: chrome=113.0.5672.93)
For documentation on this error, please visit: http://seleniumhq.org/exceptions/no_such_element.html
Build info: version: &apos;3.141.5&apos;, revision: &apos;d54ebd709a&apos;, time: &apos;2018-11-06T11:42:16&apos;
System info: host: &apos;DESKTOP-5M7AM2E&apos;, ip: &apos;192.168.56.1&apos;, os.name: &apos;Windows 11&apos;, os.arch: &apos;amd64&apos;, os.version: &apos;10.0&apos;, java.version: &apos;17.0.3&apos;
Driver info: org.openqa.selenium.chrome.ChromeDriver
Capabilities {acceptInsecureCerts: false, browserName: chrome, browserVersion: 113.0.5672.93, chrome: {chromedriverVersion: 113.0.5672.63 (0e1a4471d5ae..., userDataDir: C:\Users\ZAIGOP~1\AppData\L...}, goog:chromeOptions: {debuggerAddress: localhost:55387}, javascriptEnabled: true, networkConnectionEnabled: false, pageLoadStrategy: normal, platform: WINDOWS, platformName: WINDOWS, proxy: Proxy(), setWindowRect: true, strictFileInteractability: false, timeouts: {implicit: 0, pageLoad: 300000, script: 30000}, unhandledPromptBehavior: dismiss and notify, webauthn:extension:credBlob: true, webauthn:extension:largeBlob: true, webauthn:extension:minPinLength: true, webauthn:extension:prf: true, webauthn:virtualAuthenticators: true}
Session ID: 9b2c01655a7615ab7fc92b7b22c81694
*** Element info: {Using=id, value=customer-name}
	at jdk.internal.reflect.GeneratedConstructorAccessor17.newInstance(Unknown Source)
	at java.base/jdk.internal.reflect.DelegatingConstructorAccessorImpl.newInstance(DelegatingConstructorAccessorImpl.java:45)
	at java.base/java.lang.reflect.Constructor.newInstanceWithCaller(Constructor.java:499)
	at java.base/java.lang.reflect.Constructor.newInstance(Constructor.java:480)
	at org.openqa.selenium.remote.http.W3CHttpResponseCodec.createException(W3CHttpResponseCodec.java:187)
	at org.openqa.selenium.remote.http.W3CHttpResponseCodec.decode(W3CHttpResponseCodec.java:122)
	at org.openqa.selenium.remote.http.W3CHttpResponseCodec.decode(W3CHttpResponseCodec.java:49)
	at org.openqa.selenium.remote.HttpCommandExecutor.execute(HttpCommandExecutor.java:158)
	at org.openqa.selenium.remote.service.DriverCommandExecutor.execute(DriverCommandExecutor.java:83)
	at org.openqa.selenium.remote.RemoteWebDriver.execute(RemoteWebDriver.java:552)
	at org.openqa.selenium.remote.RemoteWebDriver.findElement(RemoteWebDriver.java:323)
	at org.openqa.selenium.remote.RemoteWebDriver.findElementById(RemoteWebDriver.java:372)
	at org.openqa.selenium.By$ById.findElement(By.java:188)
	at org.openqa.selenium.remote.RemoteWebDriver.findElement(RemoteWebDriver.java:315)
	at org.openqa.selenium.support.ui.ExpectedConditions$7.apply(ExpectedConditions.java:205)
	at org.openqa.selenium.support.ui.ExpectedConditions$7.apply(ExpectedConditions.java:201)
	at org.openqa.selenium.support.ui.FluentWait.until(FluentWait.java:249)
	... 33 more
</pre></div></td>
<td>30</td>
<td>org.test.CustomerOrganizationJob@1c5920df</td></tr>
<tr>
<td title='org.test.AvailabilityTechnicians.createdJob90min()'><b>createdJob90min</b><br>Test class: org.test.AvailabilityTechnicians</td>
<td><div><pre>org.openqa.selenium.TimeoutException: Expected condition failed: waiting for visibility of [[ChromeDriver: chrome on WINDOWS (f6f01364246a972aef78c4b650b4d72a)] -&gt; xpath: //*[@class=&apos;pac-item&apos;][1]] (tried for 30 second(s) with 500 milliseconds interval)
Build info: version: &apos;3.141.5&apos;, revision: &apos;d54ebd709a&apos;, time: &apos;2018-11-06T11:42:16&apos;
System info: host: &apos;DESKTOP-5M7AM2E&apos;, ip: &apos;192.168.56.1&apos;, os.name: &apos;Windows 11&apos;, os.arch: &apos;amd64&apos;, os.version: &apos;10.0&apos;, java.version: &apos;17.0.3&apos;
Driver info: org.openqa.selenium.chrome.ChromeDriver
Capabilities {acceptInsecureCerts: false, browserName: chrome, browserVersion: 113.0.5672.93, chrome: {chromedriverVersion: 113.0.5672.63 (0e1a4471d5ae..., userDataDir: C:\Users\ZAIGOP~1\AppData\L...}, goog:chromeOptions: {debuggerAddress: localhost:56684}, javascriptEnabled: true, networkConnectionEnabled: false, pageLoadStrategy: normal, platform: WINDOWS, platformName: WINDOWS, proxy: Proxy(), setWindowRect: true, strictFileInteractability: false, timeouts: {implicit: 0, pageLoad: 300000, script: 30000}, unhandledPromptBehavior: dismiss and notify, webauthn:extension:credBlob: true, webauthn:extension:largeBlob: true, webauthn:extension:minPinLength: true, webauthn:extension:prf: true, webauthn:virtualAuthenticators: true}
Session ID: f6f01364246a972aef78c4b650b4d72a
	at org.openqa.selenium.support.ui.WebDriverWait.timeoutException(WebDriverWait.java:95)
	at org.openqa.selenium.support.ui.FluentWait.until(FluentWait.java:272)
	at com.zaigo.pageobjects.JobPage.mouseActionClick(JobPage.java:472)
	at com.zaigo.pageobjects.JobPage.picKLocation(JobPage.java:701)
	at com.zaigo.pageobjects.JobPage.jobStatusCreation(JobPage.java:904)
	at org.test.AvailabilityTechnicians.createdJob90min(AvailabilityTechnicians.java:194)
	at java.base/java.util.ArrayList.forEach(ArrayList.java:1511)
... Removed 28 stack frames</pre></div><a href='#' onClick='toggleBox("stack-trace955616549", this, "Click to show all stack frames", "Click to hide stack frames")'>Click to show all stack frames</a>
<div class='stack-trace' id='stack-trace955616549'><pre>org.openqa.selenium.TimeoutException: Expected condition failed: waiting for visibility of [[ChromeDriver: chrome on WINDOWS (f6f01364246a972aef78c4b650b4d72a)] -&gt; xpath: //*[@class=&apos;pac-item&apos;][1]] (tried for 30 second(s) with 500 milliseconds interval)
Build info: version: &apos;3.141.5&apos;, revision: &apos;d54ebd709a&apos;, time: &apos;2018-11-06T11:42:16&apos;
System info: host: &apos;DESKTOP-5M7AM2E&apos;, ip: &apos;192.168.56.1&apos;, os.name: &apos;Windows 11&apos;, os.arch: &apos;amd64&apos;, os.version: &apos;10.0&apos;, java.version: &apos;17.0.3&apos;
Driver info: org.openqa.selenium.chrome.ChromeDriver
Capabilities {acceptInsecureCerts: false, browserName: chrome, browserVersion: 113.0.5672.93, chrome: {chromedriverVersion: 113.0.5672.63 (0e1a4471d5ae..., userDataDir: C:\Users\ZAIGOP~1\AppData\L...}, goog:chromeOptions: {debuggerAddress: localhost:56684}, javascriptEnabled: true, networkConnectionEnabled: false, pageLoadStrategy: normal, platform: WINDOWS, platformName: WINDOWS, proxy: Proxy(), setWindowRect: true, strictFileInteractability: false, timeouts: {implicit: 0, pageLoad: 300000, script: 30000}, unhandledPromptBehavior: dismiss and notify, webauthn:extension:credBlob: true, webauthn:extension:largeBlob: true, webauthn:extension:minPinLength: true, webauthn:extension:prf: true, webauthn:virtualAuthenticators: true}
Session ID: f6f01364246a972aef78c4b650b4d72a
	at org.openqa.selenium.support.ui.WebDriverWait.timeoutException(WebDriverWait.java:95)
	at org.openqa.selenium.support.ui.FluentWait.until(FluentWait.java:272)
	at com.zaigo.pageobjects.JobPage.mouseActionClick(JobPage.java:472)
	at com.zaigo.pageobjects.JobPage.picKLocation(JobPage.java:701)
	at com.zaigo.pageobjects.JobPage.jobStatusCreation(JobPage.java:904)
	at org.test.AvailabilityTechnicians.createdJob90min(AvailabilityTechnicians.java:194)
	at java.base/jdk.internal.reflect.NativeMethodAccessorImpl.invoke0(Native Method)
	at java.base/jdk.internal.reflect.NativeMethodAccessorImpl.invoke(NativeMethodAccessorImpl.java:77)
	at java.base/jdk.internal.reflect.DelegatingMethodAccessorImpl.invoke(DelegatingMethodAccessorImpl.java:43)
	at java.base/java.lang.reflect.Method.invoke(Method.java:568)
	at org.testng.internal.MethodInvocationHelper.invokeMethod(MethodInvocationHelper.java:133)
	at org.testng.internal.TestInvoker.invokeMethod(TestInvoker.java:598)
	at org.testng.internal.TestInvoker.invokeTestMethod(TestInvoker.java:173)
	at org.testng.internal.MethodRunner.runInSequence(MethodRunner.java:46)
	at org.testng.internal.TestInvoker$MethodInvocationAgent.invoke(TestInvoker.java:824)
	at org.testng.internal.TestInvoker.invokeTestMethods(TestInvoker.java:146)
	at org.testng.internal.TestMethodWorker.invokeTestMethods(TestMethodWorker.java:146)
	at org.testng.internal.TestMethodWorker.run(TestMethodWorker.java:128)
	at java.base/java.util.ArrayList.forEach(ArrayList.java:1511)
	at org.testng.TestRunner.privateRun(TestRunner.java:794)
	at org.testng.TestRunner.run(TestRunner.java:596)
	at org.testng.SuiteRunner.runTest(SuiteRunner.java:377)
	at org.testng.SuiteRunner.runSequentially(SuiteRunner.java:371)
	at org.testng.SuiteRunner.privateRun(SuiteRunner.java:332)
	at org.testng.SuiteRunner.run(SuiteRunner.java:276)
	at org.testng.SuiteRunnerWorker.runSuite(SuiteRunnerWorker.java:53)
	at org.testng.SuiteRunnerWorker.run(SuiteRunnerWorker.java:96)
	at org.testng.TestNG.runSuitesSequentially(TestNG.java:1212)
	at org.testng.TestNG.runSuitesSequentially(TestNG.java:1207)
	at org.testng.TestNG.runSuitesLocally(TestNG.java:1134)
	at org.testng.TestNG.runSuites(TestNG.java:1063)
	at org.testng.TestNG.run(TestNG.java:1031)
	at org.testng.remote.AbstractRemoteTestNG.run(AbstractRemoteTestNG.java:115)
	at org.testng.remote.RemoteTestNG.initAndRun(RemoteTestNG.java:251)
	at org.testng.remote.RemoteTestNG.main(RemoteTestNG.java:77)
</pre></div></td>
<td>38</td>
<td>org.test.AvailabilityTechnicians@196a42c3</td></tr>
<tr>
<td title='org.test.AvailabilityTechnicians.technicianAvailability6()'><b>technicianAvailability6</b><br>Test class: org.test.AvailabilityTechnicians</td>
<td><div><pre>org.openqa.selenium.TimeoutException: Expected condition failed: waiting for visibility of Proxy element for: DefaultElementLocator &apos;By.all({By.xpath: //*[@gloss=&apos;Cancel&apos;],By.xpath: //*[@id=&apos;fieldy-main-job-all-list_aserpttbl&apos;]//tr[3]//td[1]//ul//li[7]})&apos; (tried for 30 second(s) with 500 milliseconds interval)
	at org.openqa.selenium.support.ui.WebDriverWait.timeoutException(WebDriverWait.java:95)
	at org.openqa.selenium.support.ui.FluentWait.until(FluentWait.java:272)
	at com.zaigo.pageobjects.JobPage.mouseActionClick(JobPage.java:472)
	at com.zaigo.pageobjects.JobPage.tiggerFunction(JobPage.java:1018)
	at com.zaigo.pageobjects.JobPage.jobStatusCreation(JobPage.java:936)
	at org.test.AvailabilityTechnicians.technicianAvailability6(AvailabilityTechnicians.java:341)
	at java.base/java.util.ArrayList.forEach(ArrayList.java:1511)
Caused by: org.openqa.selenium.NoSuchElementException: Cannot locate an element using By.all({By.xpath: //*[@gloss=&apos;Cancel&apos;],By.xpath: //*[@id=&apos;fieldy-main-job-all-list_aserpttbl&apos;]//tr[3]//td[1]//ul//li[7]})
For documentation on this error, please visit: http://seleniumhq.org/exceptions/no_such_element.html
Build info: version: &apos;3.141.5&apos;, revision: &apos;d54ebd709a&apos;, time: &apos;2018-11-06T11:42:16&apos;
System info: host: &apos;DESKTOP-5M7AM2E&apos;, ip: &apos;192.168.56.1&apos;, os.name: &apos;Windows 11&apos;, os.arch: &apos;amd64&apos;, os.version: &apos;10.0&apos;, java.version: &apos;17.0.3&apos;
Driver info: driver.version: RemoteWebDriver
	at org.openqa.selenium.support.pagefactory.ByAll.findElement(ByAll.java:58)
	at org.openqa.selenium.remote.RemoteWebDriver.findElement(RemoteWebDriver.java:315)
	at org.openqa.selenium.support.pagefactory.DefaultElementLocator.findElement(DefaultElementLocator.java:69)
	at org.openqa.selenium.support.pagefactory.internal.LocatingElementHandler.invoke(LocatingElementHandler.java:38)
	at jdk.proxy2/jdk.proxy2.$Proxy15.isDisplayed(Unknown Source)
	at org.openqa.selenium.support.ui.ExpectedConditions.elementIfVisible(ExpectedConditions.java:314)
	at org.openqa.selenium.support.ui.ExpectedConditions.access$000(ExpectedConditions.java:43)
	at org.openqa.selenium.support.ui.ExpectedConditions$10.apply(ExpectedConditions.java:300)
	at org.openqa.selenium.support.ui.ExpectedConditions$10.apply(ExpectedConditions.java:297)
	at org.openqa.selenium.support.ui.FluentWait.until(FluentWait.java:249)
	... 33 more
... Removed 28 stack frames</pre></div><a href='#' onClick='toggleBox("stack-trace1537482116", this, "Click to show all stack frames", "Click to hide stack frames")'>Click to show all stack frames</a>
<div class='stack-trace' id='stack-trace1537482116'><pre>org.openqa.selenium.TimeoutException: Expected condition failed: waiting for visibility of Proxy element for: DefaultElementLocator &apos;By.all({By.xpath: //*[@gloss=&apos;Cancel&apos;],By.xpath: //*[@id=&apos;fieldy-main-job-all-list_aserpttbl&apos;]//tr[3]//td[1]//ul//li[7]})&apos; (tried for 30 second(s) with 500 milliseconds interval)
	at org.openqa.selenium.support.ui.WebDriverWait.timeoutException(WebDriverWait.java:95)
	at org.openqa.selenium.support.ui.FluentWait.until(FluentWait.java:272)
	at com.zaigo.pageobjects.JobPage.mouseActionClick(JobPage.java:472)
	at com.zaigo.pageobjects.JobPage.tiggerFunction(JobPage.java:1018)
	at com.zaigo.pageobjects.JobPage.jobStatusCreation(JobPage.java:936)
	at org.test.AvailabilityTechnicians.technicianAvailability6(AvailabilityTechnicians.java:341)
	at java.base/jdk.internal.reflect.NativeMethodAccessorImpl.invoke0(Native Method)
	at java.base/jdk.internal.reflect.NativeMethodAccessorImpl.invoke(NativeMethodAccessorImpl.java:77)
	at java.base/jdk.internal.reflect.DelegatingMethodAccessorImpl.invoke(DelegatingMethodAccessorImpl.java:43)
	at java.base/java.lang.reflect.Method.invoke(Method.java:568)
	at org.testng.internal.MethodInvocationHelper.invokeMethod(MethodInvocationHelper.java:133)
	at org.testng.internal.TestInvoker.invokeMethod(TestInvoker.java:598)
	at org.testng.internal.TestInvoker.invokeTestMethod(TestInvoker.java:173)
	at org.testng.internal.MethodRunner.runInSequence(MethodRunner.java:46)
	at org.testng.internal.TestInvoker$MethodInvocationAgent.invoke(TestInvoker.java:824)
	at org.testng.internal.TestInvoker.invokeTestMethods(TestInvoker.java:146)
	at org.testng.internal.TestMethodWorker.invokeTestMethods(TestMethodWorker.java:146)
	at org.testng.internal.TestMethodWorker.run(TestMethodWorker.java:128)
	at java.base/java.util.ArrayList.forEach(ArrayList.java:1511)
	at org.testng.TestRunner.privateRun(TestRunner.java:794)
	at org.testng.TestRunner.run(TestRunner.java:596)
	at org.testng.SuiteRunner.runTest(SuiteRunner.java:377)
	at org.testng.SuiteRunner.runSequentially(SuiteRunner.java:371)
	at org.testng.SuiteRunner.privateRun(SuiteRunner.java:332)
	at org.testng.SuiteRunner.run(SuiteRunner.java:276)
	at org.testng.SuiteRunnerWorker.runSuite(SuiteRunnerWorker.java:53)
	at org.testng.SuiteRunnerWorker.run(SuiteRunnerWorker.java:96)
	at org.testng.TestNG.runSuitesSequentially(TestNG.java:1212)
	at org.testng.TestNG.runSuitesSequentially(TestNG.java:1207)
	at org.testng.TestNG.runSuitesLocally(TestNG.java:1134)
	at org.testng.TestNG.runSuites(TestNG.java:1063)
	at org.testng.TestNG.run(TestNG.java:1031)
	at org.testng.remote.AbstractRemoteTestNG.run(AbstractRemoteTestNG.java:115)
	at org.testng.remote.RemoteTestNG.initAndRun(RemoteTestNG.java:251)
	at org.testng.remote.RemoteTestNG.main(RemoteTestNG.java:77)
Caused by: org.openqa.selenium.NoSuchElementException: Cannot locate an element using By.all({By.xpath: //*[@gloss=&apos;Cancel&apos;],By.xpath: //*[@id=&apos;fieldy-main-job-all-list_aserpttbl&apos;]//tr[3]//td[1]//ul//li[7]})
For documentation on this error, please visit: http://seleniumhq.org/exceptions/no_such_element.html
Build info: version: &apos;3.141.5&apos;, revision: &apos;d54ebd709a&apos;, time: &apos;2018-11-06T11:42:16&apos;
System info: host: &apos;DESKTOP-5M7AM2E&apos;, ip: &apos;192.168.56.1&apos;, os.name: &apos;Windows 11&apos;, os.arch: &apos;amd64&apos;, os.version: &apos;10.0&apos;, java.version: &apos;17.0.3&apos;
Driver info: driver.version: RemoteWebDriver
	at org.openqa.selenium.support.pagefactory.ByAll.findElement(ByAll.java:58)
	at org.openqa.selenium.remote.RemoteWebDriver.findElement(RemoteWebDriver.java:315)
	at org.openqa.selenium.support.pagefactory.DefaultElementLocator.findElement(DefaultElementLocator.java:69)
	at org.openqa.selenium.support.pagefactory.internal.LocatingElementHandler.invoke(LocatingElementHandler.java:38)
	at jdk.proxy2/jdk.proxy2.$Proxy15.isDisplayed(Unknown Source)
	at org.openqa.selenium.support.ui.ExpectedConditions.elementIfVisible(ExpectedConditions.java:314)
	at org.openqa.selenium.support.ui.ExpectedConditions.access$000(ExpectedConditions.java:43)
	at org.openqa.selenium.support.ui.ExpectedConditions$10.apply(ExpectedConditions.java:300)
	at org.openqa.selenium.support.ui.ExpectedConditions$10.apply(ExpectedConditions.java:297)
	at org.openqa.selenium.support.ui.FluentWait.until(FluentWait.java:249)
	... 33 more
</pre></div></td>
<td>36</td>
<td>org.test.AvailabilityTechnicians@196a42c3</td></tr>
<tr>
<td title='org.test.CustomerOrganizationJob.editJobwithFromDateFromTime()'><b>editJobwithFromDateFromTime</b><br>Test class: org.test.CustomerOrganizationJob</td>
<td><div><pre>org.openqa.selenium.TimeoutException: Expected condition failed: waiting for visibility of Proxy element for: DefaultElementLocator &apos;By.all({By.xpath: //*[@class=&apos;pac-item&apos;][1]})&apos; (tried for 30 second(s) with 500 milliseconds interval)
	at org.openqa.selenium.support.ui.WebDriverWait.timeoutException(WebDriverWait.java:95)
	at org.openqa.selenium.support.ui.FluentWait.until(FluentWait.java:272)
	at com.zaigo.pageobjects.JobPage.mouseActionClick(JobPage.java:472)
	at com.zaigo.pageobjects.JobPage.picKLocation(JobPage.java:701)
	at com.zaigo.pageobjects.JobPage.jobStatusCreation(JobPage.java:882)
	at org.test.CustomerOrganizationJob.editJobwithFromDateFromTime(CustomerOrganizationJob.java:797)
	at java.base/java.util.ArrayList.forEach(ArrayList.java:1511)
Caused by: org.openqa.selenium.NoSuchElementException: Cannot locate an element using By.all({By.xpath: //*[@class=&apos;pac-item&apos;][1]})
For documentation on this error, please visit: http://seleniumhq.org/exceptions/no_such_element.html
Build info: version: &apos;3.141.5&apos;, revision: &apos;d54ebd709a&apos;, time: &apos;2018-11-06T11:42:16&apos;
System info: host: &apos;DESKTOP-5M7AM2E&apos;, ip: &apos;192.168.56.1&apos;, os.name: &apos;Windows 11&apos;, os.arch: &apos;amd64&apos;, os.version: &apos;10.0&apos;, java.version: &apos;17.0.3&apos;
Driver info: driver.version: RemoteWebDriver
	at org.openqa.selenium.support.pagefactory.ByAll.findElement(ByAll.java:58)
	at org.openqa.selenium.remote.RemoteWebDriver.findElement(RemoteWebDriver.java:315)
	at org.openqa.selenium.support.pagefactory.DefaultElementLocator.findElement(DefaultElementLocator.java:69)
	at org.openqa.selenium.support.pagefactory.internal.LocatingElementHandler.invoke(LocatingElementHandler.java:38)
	at jdk.proxy2/jdk.proxy2.$Proxy15.isDisplayed(Unknown Source)
	at org.openqa.selenium.support.ui.ExpectedConditions.elementIfVisible(ExpectedConditions.java:314)
	at org.openqa.selenium.support.ui.ExpectedConditions.access$000(ExpectedConditions.java:43)
	at org.openqa.selenium.support.ui.ExpectedConditions$10.apply(ExpectedConditions.java:300)
	at org.openqa.selenium.support.ui.ExpectedConditions$10.apply(ExpectedConditions.java:297)
	at org.openqa.selenium.support.ui.FluentWait.until(FluentWait.java:249)
	... 33 more
... Removed 28 stack frames</pre></div><a href='#' onClick='toggleBox("stack-trace800812009", this, "Click to show all stack frames", "Click to hide stack frames")'>Click to show all stack frames</a>
<div class='stack-trace' id='stack-trace800812009'><pre>org.openqa.selenium.TimeoutException: Expected condition failed: waiting for visibility of Proxy element for: DefaultElementLocator &apos;By.all({By.xpath: //*[@class=&apos;pac-item&apos;][1]})&apos; (tried for 30 second(s) with 500 milliseconds interval)
	at org.openqa.selenium.support.ui.WebDriverWait.timeoutException(WebDriverWait.java:95)
	at org.openqa.selenium.support.ui.FluentWait.until(FluentWait.java:272)
	at com.zaigo.pageobjects.JobPage.mouseActionClick(JobPage.java:472)
	at com.zaigo.pageobjects.JobPage.picKLocation(JobPage.java:701)
	at com.zaigo.pageobjects.JobPage.jobStatusCreation(JobPage.java:882)
	at org.test.CustomerOrganizationJob.editJobwithFromDateFromTime(CustomerOrganizationJob.java:797)
	at java.base/jdk.internal.reflect.NativeMethodAccessorImpl.invoke0(Native Method)
	at java.base/jdk.internal.reflect.NativeMethodAccessorImpl.invoke(NativeMethodAccessorImpl.java:77)
	at java.base/jdk.internal.reflect.DelegatingMethodAccessorImpl.invoke(DelegatingMethodAccessorImpl.java:43)
	at java.base/java.lang.reflect.Method.invoke(Method.java:568)
	at org.testng.internal.MethodInvocationHelper.invokeMethod(MethodInvocationHelper.java:133)
	at org.testng.internal.TestInvoker.invokeMethod(TestInvoker.java:598)
	at org.testng.internal.TestInvoker.invokeTestMethod(TestInvoker.java:173)
	at org.testng.internal.MethodRunner.runInSequence(MethodRunner.java:46)
	at org.testng.internal.TestInvoker$MethodInvocationAgent.invoke(TestInvoker.java:824)
	at org.testng.internal.TestInvoker.invokeTestMethods(TestInvoker.java:146)
	at org.testng.internal.TestMethodWorker.invokeTestMethods(TestMethodWorker.java:146)
	at org.testng.internal.TestMethodWorker.run(TestMethodWorker.java:128)
	at java.base/java.util.ArrayList.forEach(ArrayList.java:1511)
	at org.testng.TestRunner.privateRun(TestRunner.java:794)
	at org.testng.TestRunner.run(TestRunner.java:596)
	at org.testng.SuiteRunner.runTest(SuiteRunner.java:377)
	at org.testng.SuiteRunner.runSequentially(SuiteRunner.java:371)
	at org.testng.SuiteRunner.privateRun(SuiteRunner.java:332)
	at org.testng.SuiteRunner.run(SuiteRunner.java:276)
	at org.testng.SuiteRunnerWorker.runSuite(SuiteRunnerWorker.java:53)
	at org.testng.SuiteRunnerWorker.run(SuiteRunnerWorker.java:96)
	at org.testng.TestNG.runSuitesSequentially(TestNG.java:1212)
	at org.testng.TestNG.runSuitesSequentially(TestNG.java:1207)
	at org.testng.TestNG.runSuitesLocally(TestNG.java:1134)
	at org.testng.TestNG.runSuites(TestNG.java:1063)
	at org.testng.TestNG.run(TestNG.java:1031)
	at org.testng.remote.AbstractRemoteTestNG.run(AbstractRemoteTestNG.java:115)
	at org.testng.remote.RemoteTestNG.initAndRun(RemoteTestNG.java:251)
	at org.testng.remote.RemoteTestNG.main(RemoteTestNG.java:77)
Caused by: org.openqa.selenium.NoSuchElementException: Cannot locate an element using By.all({By.xpath: //*[@class=&apos;pac-item&apos;][1]})
For documentation on this error, please visit: http://seleniumhq.org/exceptions/no_such_element.html
Build info: version: &apos;3.141.5&apos;, revision: &apos;d54ebd709a&apos;, time: &apos;2018-11-06T11:42:16&apos;
System info: host: &apos;DESKTOP-5M7AM2E&apos;, ip: &apos;192.168.56.1&apos;, os.name: &apos;Windows 11&apos;, os.arch: &apos;amd64&apos;, os.version: &apos;10.0&apos;, java.version: &apos;17.0.3&apos;
Driver info: driver.version: RemoteWebDriver
	at org.openqa.selenium.support.pagefactory.ByAll.findElement(ByAll.java:58)
	at org.openqa.selenium.remote.RemoteWebDriver.findElement(RemoteWebDriver.java:315)
	at org.openqa.selenium.support.pagefactory.DefaultElementLocator.findElement(DefaultElementLocator.java:69)
	at org.openqa.selenium.support.pagefactory.internal.LocatingElementHandler.invoke(LocatingElementHandler.java:38)
	at jdk.proxy2/jdk.proxy2.$Proxy15.isDisplayed(Unknown Source)
	at org.openqa.selenium.support.ui.ExpectedConditions.elementIfVisible(ExpectedConditions.java:314)
	at org.openqa.selenium.support.ui.ExpectedConditions.access$000(ExpectedConditions.java:43)
	at org.openqa.selenium.support.ui.ExpectedConditions$10.apply(ExpectedConditions.java:300)
	at org.openqa.selenium.support.ui.ExpectedConditions$10.apply(ExpectedConditions.java:297)
	at org.openqa.selenium.support.ui.FluentWait.until(FluentWait.java:249)
	... 33 more
</pre></div></td>
<td>30</td>
<td>org.test.CustomerOrganizationJob@1c5920df</td></tr>
<tr>
<td title='org.test.CustomerOrganizationJob.jobCancelledStatus()'><b>jobCancelledStatus</b><br>Test class: org.test.CustomerOrganizationJob</td>
<td><div><pre>org.openqa.selenium.NoSuchWindowException: no such window: target window already closed
from unknown error: web view not found
  (Session info: chrome=113.0.5672.93)
Build info: version: &apos;3.141.5&apos;, revision: &apos;d54ebd709a&apos;, time: &apos;2018-11-06T11:42:16&apos;
System info: host: &apos;DESKTOP-5M7AM2E&apos;, ip: &apos;192.168.56.1&apos;, os.name: &apos;Windows 11&apos;, os.arch: &apos;amd64&apos;, os.version: &apos;10.0&apos;, java.version: &apos;17.0.3&apos;
Driver info: org.openqa.selenium.chrome.ChromeDriver
Capabilities {acceptInsecureCerts: false, browserName: chrome, browserVersion: 113.0.5672.93, chrome: {chromedriverVersion: 113.0.5672.63 (0e1a4471d5ae..., userDataDir: C:\Users\ZAIGOP~1\AppData\L...}, goog:chromeOptions: {debuggerAddress: localhost:55387}, javascriptEnabled: true, networkConnectionEnabled: false, pageLoadStrategy: normal, platform: WINDOWS, platformName: WINDOWS, proxy: Proxy(), setWindowRect: true, strictFileInteractability: false, timeouts: {implicit: 0, pageLoad: 300000, script: 30000}, unhandledPromptBehavior: dismiss and notify, webauthn:extension:credBlob: true, webauthn:extension:largeBlob: true, webauthn:extension:minPinLength: true, webauthn:extension:prf: true, webauthn:virtualAuthenticators: true}
Session ID: 9b2c01655a7615ab7fc92b7b22c81694
	at org.openqa.selenium.remote.http.W3CHttpResponseCodec.createException(W3CHttpResponseCodec.java:187)
	at org.openqa.selenium.remote.http.W3CHttpResponseCodec.decode(W3CHttpResponseCodec.java:122)
	at org.openqa.selenium.remote.http.W3CHttpResponseCodec.decode(W3CHttpResponseCodec.java:49)
	at org.openqa.selenium.remote.HttpCommandExecutor.execute(HttpCommandExecutor.java:158)
	at org.openqa.selenium.remote.service.DriverCommandExecutor.execute(DriverCommandExecutor.java:83)
	at org.openqa.selenium.remote.RemoteWebDriver.execute(RemoteWebDriver.java:552)
	at org.openqa.selenium.remote.RemoteWebDriver.execute(RemoteWebDriver.java:609)
	at org.openqa.selenium.remote.RemoteWebDriver$RemoteNavigation.refresh(RemoteWebDriver.java:865)
	at com.zaigo.pageobjects.JobPage.listValidation(JobPage.java:1263)
	at org.test.CustomerOrganizationJob.jobCancelledStatus(CustomerOrganizationJob.java:1016)
	at java.base/java.util.ArrayList.forEach(ArrayList.java:1511)
... Removed 32 stack frames</pre></div><a href='#' onClick='toggleBox("stack-trace344494381", this, "Click to show all stack frames", "Click to hide stack frames")'>Click to show all stack frames</a>
<div class='stack-trace' id='stack-trace344494381'><pre>org.openqa.selenium.NoSuchWindowException: no such window: target window already closed
from unknown error: web view not found
  (Session info: chrome=113.0.5672.93)
Build info: version: &apos;3.141.5&apos;, revision: &apos;d54ebd709a&apos;, time: &apos;2018-11-06T11:42:16&apos;
System info: host: &apos;DESKTOP-5M7AM2E&apos;, ip: &apos;192.168.56.1&apos;, os.name: &apos;Windows 11&apos;, os.arch: &apos;amd64&apos;, os.version: &apos;10.0&apos;, java.version: &apos;17.0.3&apos;
Driver info: org.openqa.selenium.chrome.ChromeDriver
Capabilities {acceptInsecureCerts: false, browserName: chrome, browserVersion: 113.0.5672.93, chrome: {chromedriverVersion: 113.0.5672.63 (0e1a4471d5ae..., userDataDir: C:\Users\ZAIGOP~1\AppData\L...}, goog:chromeOptions: {debuggerAddress: localhost:55387}, javascriptEnabled: true, networkConnectionEnabled: false, pageLoadStrategy: normal, platform: WINDOWS, platformName: WINDOWS, proxy: Proxy(), setWindowRect: true, strictFileInteractability: false, timeouts: {implicit: 0, pageLoad: 300000, script: 30000}, unhandledPromptBehavior: dismiss and notify, webauthn:extension:credBlob: true, webauthn:extension:largeBlob: true, webauthn:extension:minPinLength: true, webauthn:extension:prf: true, webauthn:virtualAuthenticators: true}
Session ID: 9b2c01655a7615ab7fc92b7b22c81694
	at jdk.internal.reflect.GeneratedConstructorAccessor31.newInstance(Unknown Source)
	at java.base/jdk.internal.reflect.DelegatingConstructorAccessorImpl.newInstance(DelegatingConstructorAccessorImpl.java:45)
	at java.base/java.lang.reflect.Constructor.newInstanceWithCaller(Constructor.java:499)
	at java.base/java.lang.reflect.Constructor.newInstance(Constructor.java:480)
	at org.openqa.selenium.remote.http.W3CHttpResponseCodec.createException(W3CHttpResponseCodec.java:187)
	at org.openqa.selenium.remote.http.W3CHttpResponseCodec.decode(W3CHttpResponseCodec.java:122)
	at org.openqa.selenium.remote.http.W3CHttpResponseCodec.decode(W3CHttpResponseCodec.java:49)
	at org.openqa.selenium.remote.HttpCommandExecutor.execute(HttpCommandExecutor.java:158)
	at org.openqa.selenium.remote.service.DriverCommandExecutor.execute(DriverCommandExecutor.java:83)
	at org.openqa.selenium.remote.RemoteWebDriver.execute(RemoteWebDriver.java:552)
	at org.openqa.selenium.remote.RemoteWebDriver.execute(RemoteWebDriver.java:609)
	at org.openqa.selenium.remote.RemoteWebDriver$RemoteNavigation.refresh(RemoteWebDriver.java:865)
	at com.zaigo.pageobjects.JobPage.listValidation(JobPage.java:1263)
	at org.test.CustomerOrganizationJob.jobCancelledStatus(CustomerOrganizationJob.java:1016)
	at java.base/jdk.internal.reflect.NativeMethodAccessorImpl.invoke0(Native Method)
	at java.base/jdk.internal.reflect.NativeMethodAccessorImpl.invoke(NativeMethodAccessorImpl.java:77)
	at java.base/jdk.internal.reflect.DelegatingMethodAccessorImpl.invoke(DelegatingMethodAccessorImpl.java:43)
	at java.base/java.lang.reflect.Method.invoke(Method.java:568)
	at org.testng.internal.MethodInvocationHelper.invokeMethod(MethodInvocationHelper.java:133)
	at org.testng.internal.TestInvoker.invokeMethod(TestInvoker.java:598)
	at org.testng.internal.TestInvoker.invokeTestMethod(TestInvoker.java:173)
	at org.testng.internal.MethodRunner.runInSequence(MethodRunner.java:46)
	at org.testng.internal.TestInvoker$MethodInvocationAgent.invoke(TestInvoker.java:824)
	at org.testng.internal.TestInvoker.invokeTestMethods(TestInvoker.java:146)
	at org.testng.internal.TestMethodWorker.invokeTestMethods(TestMethodWorker.java:146)
	at org.testng.internal.TestMethodWorker.run(TestMethodWorker.java:128)
	at java.base/java.util.ArrayList.forEach(ArrayList.java:1511)
	at org.testng.TestRunner.privateRun(TestRunner.java:794)
	at org.testng.TestRunner.run(TestRunner.java:596)
	at org.testng.SuiteRunner.runTest(SuiteRunner.java:377)
	at org.testng.SuiteRunner.runSequentially(SuiteRunner.java:371)
	at org.testng.SuiteRunner.privateRun(SuiteRunner.java:332)
	at org.testng.SuiteRunner.run(SuiteRunner.java:276)
	at org.testng.SuiteRunnerWorker.runSuite(SuiteRunnerWorker.java:53)
	at org.testng.SuiteRunnerWorker.run(SuiteRunnerWorker.java:96)
	at org.testng.TestNG.runSuitesSequentially(TestNG.java:1212)
	at org.testng.TestNG.runSuitesSequentially(TestNG.java:1207)
	at org.testng.TestNG.runSuitesLocally(TestNG.java:1134)
	at org.testng.TestNG.runSuites(TestNG.java:1063)
	at org.testng.TestNG.run(TestNG.java:1031)
	at org.testng.remote.AbstractRemoteTestNG.run(AbstractRemoteTestNG.java:115)
	at org.testng.remote.RemoteTestNG.initAndRun(RemoteTestNG.java:251)
	at org.testng.remote.RemoteTestNG.main(RemoteTestNG.java:77)
</pre></div></td>
<td>434</td>
<td>org.test.CustomerOrganizationJob@1c5920df</td></tr>
<tr>
<td title='org.test.AvailabilityTechnicians.technicianAvailability2()'><b>technicianAvailability2</b><br>Test class: org.test.AvailabilityTechnicians</td>
<td><div><pre>org.openqa.selenium.TimeoutException: Expected condition failed: waiting for element to be clickable: By.xpath: //*[@id=&apos;technician-request&apos;]/div[2]/div[1]/input[1] (tried for 20 second(s) with 500 milliseconds interval)
Build info: version: &apos;3.141.5&apos;, revision: &apos;d54ebd709a&apos;, time: &apos;2018-11-06T11:42:16&apos;
System info: host: &apos;DESKTOP-5M7AM2E&apos;, ip: &apos;192.168.56.1&apos;, os.name: &apos;Windows 11&apos;, os.arch: &apos;amd64&apos;, os.version: &apos;10.0&apos;, java.version: &apos;17.0.3&apos;
Driver info: org.openqa.selenium.chrome.ChromeDriver
Capabilities {acceptInsecureCerts: false, browserName: chrome, browserVersion: 113.0.5672.93, chrome: {chromedriverVersion: 113.0.5672.63 (0e1a4471d5ae..., userDataDir: C:\Users\ZAIGOP~1\AppData\L...}, goog:chromeOptions: {debuggerAddress: localhost:56684}, javascriptEnabled: true, networkConnectionEnabled: false, pageLoadStrategy: normal, platform: WINDOWS, platformName: WINDOWS, proxy: Proxy(), setWindowRect: true, strictFileInteractability: false, timeouts: {implicit: 0, pageLoad: 300000, script: 30000}, unhandledPromptBehavior: dismiss and notify, webauthn:extension:credBlob: true, webauthn:extension:largeBlob: true, webauthn:extension:minPinLength: true, webauthn:extension:prf: true, webauthn:virtualAuthenticators: true}
Session ID: f6f01364246a972aef78c4b650b4d72a
	at org.openqa.selenium.support.ui.WebDriverWait.timeoutException(WebDriverWait.java:95)
	at org.openqa.selenium.support.ui.FluentWait.until(FluentWait.java:272)
	at com.zaigo.pageobjects.JobPage.mouseActionClick(JobPage.java:465)
	at com.zaigo.pageobjects.JobPage.checkTechnician(JobPage.java:1300)
	at org.test.AvailabilityTechnicians.technicianAvailability2(AvailabilityTechnicians.java:242)
	at java.base/java.util.ArrayList.forEach(ArrayList.java:1511)
... Removed 28 stack frames</pre></div><a href='#' onClick='toggleBox("stack-trace1660456576", this, "Click to show all stack frames", "Click to hide stack frames")'>Click to show all stack frames</a>
<div class='stack-trace' id='stack-trace1660456576'><pre>org.openqa.selenium.TimeoutException: Expected condition failed: waiting for element to be clickable: By.xpath: //*[@id=&apos;technician-request&apos;]/div[2]/div[1]/input[1] (tried for 20 second(s) with 500 milliseconds interval)
Build info: version: &apos;3.141.5&apos;, revision: &apos;d54ebd709a&apos;, time: &apos;2018-11-06T11:42:16&apos;
System info: host: &apos;DESKTOP-5M7AM2E&apos;, ip: &apos;192.168.56.1&apos;, os.name: &apos;Windows 11&apos;, os.arch: &apos;amd64&apos;, os.version: &apos;10.0&apos;, java.version: &apos;17.0.3&apos;
Driver info: org.openqa.selenium.chrome.ChromeDriver
Capabilities {acceptInsecureCerts: false, browserName: chrome, browserVersion: 113.0.5672.93, chrome: {chromedriverVersion: 113.0.5672.63 (0e1a4471d5ae..., userDataDir: C:\Users\ZAIGOP~1\AppData\L...}, goog:chromeOptions: {debuggerAddress: localhost:56684}, javascriptEnabled: true, networkConnectionEnabled: false, pageLoadStrategy: normal, platform: WINDOWS, platformName: WINDOWS, proxy: Proxy(), setWindowRect: true, strictFileInteractability: false, timeouts: {implicit: 0, pageLoad: 300000, script: 30000}, unhandledPromptBehavior: dismiss and notify, webauthn:extension:credBlob: true, webauthn:extension:largeBlob: true, webauthn:extension:minPinLength: true, webauthn:extension:prf: true, webauthn:virtualAuthenticators: true}
Session ID: f6f01364246a972aef78c4b650b4d72a
	at org.openqa.selenium.support.ui.WebDriverWait.timeoutException(WebDriverWait.java:95)
	at org.openqa.selenium.support.ui.FluentWait.until(FluentWait.java:272)
	at com.zaigo.pageobjects.JobPage.mouseActionClick(JobPage.java:465)
	at com.zaigo.pageobjects.JobPage.checkTechnician(JobPage.java:1300)
	at org.test.AvailabilityTechnicians.technicianAvailability2(AvailabilityTechnicians.java:242)
	at java.base/jdk.internal.reflect.NativeMethodAccessorImpl.invoke0(Native Method)
	at java.base/jdk.internal.reflect.NativeMethodAccessorImpl.invoke(NativeMethodAccessorImpl.java:77)
	at java.base/jdk.internal.reflect.DelegatingMethodAccessorImpl.invoke(DelegatingMethodAccessorImpl.java:43)
	at java.base/java.lang.reflect.Method.invoke(Method.java:568)
	at org.testng.internal.MethodInvocationHelper.invokeMethod(MethodInvocationHelper.java:133)
	at org.testng.internal.TestInvoker.invokeMethod(TestInvoker.java:598)
	at org.testng.internal.TestInvoker.invokeTestMethod(TestInvoker.java:173)
	at org.testng.internal.MethodRunner.runInSequence(MethodRunner.java:46)
	at org.testng.internal.TestInvoker$MethodInvocationAgent.invoke(TestInvoker.java:824)
	at org.testng.internal.TestInvoker.invokeTestMethods(TestInvoker.java:146)
	at org.testng.internal.TestMethodWorker.invokeTestMethods(TestMethodWorker.java:146)
	at org.testng.internal.TestMethodWorker.run(TestMethodWorker.java:128)
	at java.base/java.util.ArrayList.forEach(ArrayList.java:1511)
	at org.testng.TestRunner.privateRun(TestRunner.java:794)
	at org.testng.TestRunner.run(TestRunner.java:596)
	at org.testng.SuiteRunner.runTest(SuiteRunner.java:377)
	at org.testng.SuiteRunner.runSequentially(SuiteRunner.java:371)
	at org.testng.SuiteRunner.privateRun(SuiteRunner.java:332)
	at org.testng.SuiteRunner.run(SuiteRunner.java:276)
	at org.testng.SuiteRunnerWorker.runSuite(SuiteRunnerWorker.java:53)
	at org.testng.SuiteRunnerWorker.run(SuiteRunnerWorker.java:96)
	at org.testng.TestNG.runSuitesSequentially(TestNG.java:1212)
	at org.testng.TestNG.runSuitesSequentially(TestNG.java:1207)
	at org.testng.TestNG.runSuitesLocally(TestNG.java:1134)
	at org.testng.TestNG.runSuites(TestNG.java:1063)
	at org.testng.TestNG.run(TestNG.java:1031)
	at org.testng.remote.AbstractRemoteTestNG.run(AbstractRemoteTestNG.java:115)
	at org.testng.remote.RemoteTestNG.initAndRun(RemoteTestNG.java:251)
	at org.testng.remote.RemoteTestNG.main(RemoteTestNG.java:77)
</pre></div></td>
<td>21</td>
<td>org.test.AvailabilityTechnicians@196a42c3</td></tr>
<tr>
<td title='org.test.AvailabilityTechnicians.technicianAvailability1()'><b>technicianAvailability1</b><br>Test class: org.test.AvailabilityTechnicians</td>
<td><div><pre>org.openqa.selenium.TimeoutException: Expected condition failed: waiting for visibility of element located by By.id: customer-name (tried for 30 second(s) with 500 milliseconds interval)
	at org.openqa.selenium.support.ui.WebDriverWait.timeoutException(WebDriverWait.java:95)
	at org.openqa.selenium.support.ui.FluentWait.until(FluentWait.java:272)
	at com.zaigo.pageobjects.JobPage.getText(JobPage.java:512)
	at com.zaigo.pageobjects.JobPage.customerName(JobPage.java:634)
	at com.zaigo.pageobjects.JobPage.jobStatusCreation(JobPage.java:893)
	at org.test.AvailabilityTechnicians.technicianAvailability1(AvailabilityTechnicians.java:218)
	at java.base/java.util.ArrayList.forEach(ArrayList.java:1511)
Caused by: org.openqa.selenium.NoSuchElementException: no such element: Unable to locate element: {&quot;method&quot;:&quot;css selector&quot;,&quot;selector&quot;:&quot;#customer\-name&quot;}
  (Session info: chrome=113.0.5672.93)
For documentation on this error, please visit: http://seleniumhq.org/exceptions/no_such_element.html
Build info: version: &apos;3.141.5&apos;, revision: &apos;d54ebd709a&apos;, time: &apos;2018-11-06T11:42:16&apos;
System info: host: &apos;DESKTOP-5M7AM2E&apos;, ip: &apos;192.168.56.1&apos;, os.name: &apos;Windows 11&apos;, os.arch: &apos;amd64&apos;, os.version: &apos;10.0&apos;, java.version: &apos;17.0.3&apos;
Driver info: org.openqa.selenium.chrome.ChromeDriver
Capabilities {acceptInsecureCerts: false, browserName: chrome, browserVersion: 113.0.5672.93, chrome: {chromedriverVersion: 113.0.5672.63 (0e1a4471d5ae..., userDataDir: C:\Users\ZAIGOP~1\AppData\L...}, goog:chromeOptions: {debuggerAddress: localhost:56684}, javascriptEnabled: true, networkConnectionEnabled: false, pageLoadStrategy: normal, platform: WINDOWS, platformName: WINDOWS, proxy: Proxy(), setWindowRect: true, strictFileInteractability: false, timeouts: {implicit: 0, pageLoad: 300000, script: 30000}, unhandledPromptBehavior: dismiss and notify, webauthn:extension:credBlob: true, webauthn:extension:largeBlob: true, webauthn:extension:minPinLength: true, webauthn:extension:prf: true, webauthn:virtualAuthenticators: true}
Session ID: f6f01364246a972aef78c4b650b4d72a
*** Element info: {Using=id, value=customer-name}
	at org.openqa.selenium.remote.http.W3CHttpResponseCodec.createException(W3CHttpResponseCodec.java:187)
	at org.openqa.selenium.remote.http.W3CHttpResponseCodec.decode(W3CHttpResponseCodec.java:122)
	at org.openqa.selenium.remote.http.W3CHttpResponseCodec.decode(W3CHttpResponseCodec.java:49)
	at org.openqa.selenium.remote.HttpCommandExecutor.execute(HttpCommandExecutor.java:158)
	at org.openqa.selenium.remote.service.DriverCommandExecutor.execute(DriverCommandExecutor.java:83)
	at org.openqa.selenium.remote.RemoteWebDriver.execute(RemoteWebDriver.java:552)
	at org.openqa.selenium.remote.RemoteWebDriver.findElement(RemoteWebDriver.java:323)
	at org.openqa.selenium.remote.RemoteWebDriver.findElementById(RemoteWebDriver.java:372)
	at org.openqa.selenium.By$ById.findElement(By.java:188)
	at org.openqa.selenium.remote.RemoteWebDriver.findElement(RemoteWebDriver.java:315)
	at org.openqa.selenium.support.ui.ExpectedConditions$7.apply(ExpectedConditions.java:205)
	at org.openqa.selenium.support.ui.ExpectedConditions$7.apply(ExpectedConditions.java:201)
	at org.openqa.selenium.support.ui.FluentWait.until(FluentWait.java:249)
	... 33 more
... Removed 32 stack frames</pre></div><a href='#' onClick='toggleBox("stack-trace1140293294", this, "Click to show all stack frames", "Click to hide stack frames")'>Click to show all stack frames</a>
<div class='stack-trace' id='stack-trace1140293294'><pre>org.openqa.selenium.TimeoutException: Expected condition failed: waiting for visibility of element located by By.id: customer-name (tried for 30 second(s) with 500 milliseconds interval)
	at org.openqa.selenium.support.ui.WebDriverWait.timeoutException(WebDriverWait.java:95)
	at org.openqa.selenium.support.ui.FluentWait.until(FluentWait.java:272)
	at com.zaigo.pageobjects.JobPage.getText(JobPage.java:512)
	at com.zaigo.pageobjects.JobPage.customerName(JobPage.java:634)
	at com.zaigo.pageobjects.JobPage.jobStatusCreation(JobPage.java:893)
	at org.test.AvailabilityTechnicians.technicianAvailability1(AvailabilityTechnicians.java:218)
	at java.base/jdk.internal.reflect.NativeMethodAccessorImpl.invoke0(Native Method)
	at java.base/jdk.internal.reflect.NativeMethodAccessorImpl.invoke(NativeMethodAccessorImpl.java:77)
	at java.base/jdk.internal.reflect.DelegatingMethodAccessorImpl.invoke(DelegatingMethodAccessorImpl.java:43)
	at java.base/java.lang.reflect.Method.invoke(Method.java:568)
	at org.testng.internal.MethodInvocationHelper.invokeMethod(MethodInvocationHelper.java:133)
	at org.testng.internal.TestInvoker.invokeMethod(TestInvoker.java:598)
	at org.testng.internal.TestInvoker.invokeTestMethod(TestInvoker.java:173)
	at org.testng.internal.MethodRunner.runInSequence(MethodRunner.java:46)
	at org.testng.internal.TestInvoker$MethodInvocationAgent.invoke(TestInvoker.java:824)
	at org.testng.internal.TestInvoker.invokeTestMethods(TestInvoker.java:146)
	at org.testng.internal.TestMethodWorker.invokeTestMethods(TestMethodWorker.java:146)
	at org.testng.internal.TestMethodWorker.run(TestMethodWorker.java:128)
	at java.base/java.util.ArrayList.forEach(ArrayList.java:1511)
	at org.testng.TestRunner.privateRun(TestRunner.java:794)
	at org.testng.TestRunner.run(TestRunner.java:596)
	at org.testng.SuiteRunner.runTest(SuiteRunner.java:377)
	at org.testng.SuiteRunner.runSequentially(SuiteRunner.java:371)
	at org.testng.SuiteRunner.privateRun(SuiteRunner.java:332)
	at org.testng.SuiteRunner.run(SuiteRunner.java:276)
	at org.testng.SuiteRunnerWorker.runSuite(SuiteRunnerWorker.java:53)
	at org.testng.SuiteRunnerWorker.run(SuiteRunnerWorker.java:96)
	at org.testng.TestNG.runSuitesSequentially(TestNG.java:1212)
	at org.testng.TestNG.runSuitesSequentially(TestNG.java:1207)
	at org.testng.TestNG.runSuitesLocally(TestNG.java:1134)
	at org.testng.TestNG.runSuites(TestNG.java:1063)
	at org.testng.TestNG.run(TestNG.java:1031)
	at org.testng.remote.AbstractRemoteTestNG.run(AbstractRemoteTestNG.java:115)
	at org.testng.remote.RemoteTestNG.initAndRun(RemoteTestNG.java:251)
	at org.testng.remote.RemoteTestNG.main(RemoteTestNG.java:77)
Caused by: org.openqa.selenium.NoSuchElementException: no such element: Unable to locate element: {&quot;method&quot;:&quot;css selector&quot;,&quot;selector&quot;:&quot;#customer\-name&quot;}
  (Session info: chrome=113.0.5672.93)
For documentation on this error, please visit: http://seleniumhq.org/exceptions/no_such_element.html
Build info: version: &apos;3.141.5&apos;, revision: &apos;d54ebd709a&apos;, time: &apos;2018-11-06T11:42:16&apos;
System info: host: &apos;DESKTOP-5M7AM2E&apos;, ip: &apos;192.168.56.1&apos;, os.name: &apos;Windows 11&apos;, os.arch: &apos;amd64&apos;, os.version: &apos;10.0&apos;, java.version: &apos;17.0.3&apos;
Driver info: org.openqa.selenium.chrome.ChromeDriver
Capabilities {acceptInsecureCerts: false, browserName: chrome, browserVersion: 113.0.5672.93, chrome: {chromedriverVersion: 113.0.5672.63 (0e1a4471d5ae..., userDataDir: C:\Users\ZAIGOP~1\AppData\L...}, goog:chromeOptions: {debuggerAddress: localhost:56684}, javascriptEnabled: true, networkConnectionEnabled: false, pageLoadStrategy: normal, platform: WINDOWS, platformName: WINDOWS, proxy: Proxy(), setWindowRect: true, strictFileInteractability: false, timeouts: {implicit: 0, pageLoad: 300000, script: 30000}, unhandledPromptBehavior: dismiss and notify, webauthn:extension:credBlob: true, webauthn:extension:largeBlob: true, webauthn:extension:minPinLength: true, webauthn:extension:prf: true, webauthn:virtualAuthenticators: true}
Session ID: f6f01364246a972aef78c4b650b4d72a
*** Element info: {Using=id, value=customer-name}
	at jdk.internal.reflect.GeneratedConstructorAccessor17.newInstance(Unknown Source)
	at java.base/jdk.internal.reflect.DelegatingConstructorAccessorImpl.newInstance(DelegatingConstructorAccessorImpl.java:45)
	at java.base/java.lang.reflect.Constructor.newInstanceWithCaller(Constructor.java:499)
	at java.base/java.lang.reflect.Constructor.newInstance(Constructor.java:480)
	at org.openqa.selenium.remote.http.W3CHttpResponseCodec.createException(W3CHttpResponseCodec.java:187)
	at org.openqa.selenium.remote.http.W3CHttpResponseCodec.decode(W3CHttpResponseCodec.java:122)
	at org.openqa.selenium.remote.http.W3CHttpResponseCodec.decode(W3CHttpResponseCodec.java:49)
	at org.openqa.selenium.remote.HttpCommandExecutor.execute(HttpCommandExecutor.java:158)
	at org.openqa.selenium.remote.service.DriverCommandExecutor.execute(DriverCommandExecutor.java:83)
	at org.openqa.selenium.remote.RemoteWebDriver.execute(RemoteWebDriver.java:552)
	at org.openqa.selenium.remote.RemoteWebDriver.findElement(RemoteWebDriver.java:323)
	at org.openqa.selenium.remote.RemoteWebDriver.findElementById(RemoteWebDriver.java:372)
	at org.openqa.selenium.By$ById.findElement(By.java:188)
	at org.openqa.selenium.remote.RemoteWebDriver.findElement(RemoteWebDriver.java:315)
	at org.openqa.selenium.support.ui.ExpectedConditions$7.apply(ExpectedConditions.java:205)
	at org.openqa.selenium.support.ui.ExpectedConditions$7.apply(ExpectedConditions.java:201)
	at org.openqa.selenium.support.ui.FluentWait.until(FluentWait.java:249)
	... 33 more
</pre></div></td>
<td>30</td>
<td>org.test.AvailabilityTechnicians@196a42c3</td></tr>
<tr>
<td title='org.test.CustomerOrganizationJob.startedJob()'><b>startedJob</b><br>Test class: org.test.CustomerOrganizationJob</td>
<td><div><pre>org.openqa.selenium.TimeoutException: Expected condition failed: waiting for element to be clickable: By.xpath: //*[text()=&apos;Yes&apos;] (tried for 20 second(s) with 500 milliseconds interval)
	at org.openqa.selenium.support.ui.WebDriverWait.timeoutException(WebDriverWait.java:95)
	at org.openqa.selenium.support.ui.FluentWait.until(FluentWait.java:272)
	at com.zaigo.pageobjects.JobPage.mouseActionClick(JobPage.java:465)
	at com.zaigo.pageobjects.JobPage.tiggerFunction(JobPage.java:1022)
	at org.test.CustomerOrganizationJob.startedJob(CustomerOrganizationJob.java:906)
	at java.base/java.util.ArrayList.forEach(ArrayList.java:1511)
Caused by: org.openqa.selenium.NoSuchElementException: no such element: Unable to locate element: {&quot;method&quot;:&quot;xpath&quot;,&quot;selector&quot;:&quot;//*[text()=&apos;Yes&apos;]&quot;}
  (Session info: chrome=113.0.5672.93)
For documentation on this error, please visit: http://seleniumhq.org/exceptions/no_such_element.html
Build info: version: &apos;3.141.5&apos;, revision: &apos;d54ebd709a&apos;, time: &apos;2018-11-06T11:42:16&apos;
System info: host: &apos;DESKTOP-5M7AM2E&apos;, ip: &apos;192.168.56.1&apos;, os.name: &apos;Windows 11&apos;, os.arch: &apos;amd64&apos;, os.version: &apos;10.0&apos;, java.version: &apos;17.0.3&apos;
Driver info: org.openqa.selenium.chrome.ChromeDriver
Capabilities {acceptInsecureCerts: false, browserName: chrome, browserVersion: 113.0.5672.93, chrome: {chromedriverVersion: 113.0.5672.63 (0e1a4471d5ae..., userDataDir: C:\Users\ZAIGOP~1\AppData\L...}, goog:chromeOptions: {debuggerAddress: localhost:55387}, javascriptEnabled: true, networkConnectionEnabled: false, pageLoadStrategy: normal, platform: WINDOWS, platformName: WINDOWS, proxy: Proxy(), setWindowRect: true, strictFileInteractability: false, timeouts: {implicit: 0, pageLoad: 300000, script: 30000}, unhandledPromptBehavior: dismiss and notify, webauthn:extension:credBlob: true, webauthn:extension:largeBlob: true, webauthn:extension:minPinLength: true, webauthn:extension:prf: true, webauthn:virtualAuthenticators: true}
Session ID: 9b2c01655a7615ab7fc92b7b22c81694
*** Element info: {Using=xpath, value=//*[text()=&apos;Yes&apos;]}
	at org.openqa.selenium.remote.http.W3CHttpResponseCodec.createException(W3CHttpResponseCodec.java:187)
	at org.openqa.selenium.remote.http.W3CHttpResponseCodec.decode(W3CHttpResponseCodec.java:122)
	at org.openqa.selenium.remote.http.W3CHttpResponseCodec.decode(W3CHttpResponseCodec.java:49)
	at org.openqa.selenium.remote.HttpCommandExecutor.execute(HttpCommandExecutor.java:158)
	at org.openqa.selenium.remote.service.DriverCommandExecutor.execute(DriverCommandExecutor.java:83)
	at org.openqa.selenium.remote.RemoteWebDriver.execute(RemoteWebDriver.java:552)
	at org.openqa.selenium.remote.RemoteWebDriver.findElement(RemoteWebDriver.java:323)
	at org.openqa.selenium.remote.RemoteWebDriver.findElementByXPath(RemoteWebDriver.java:428)
	at org.openqa.selenium.By$ByXPath.findElement(By.java:353)
	at org.openqa.selenium.remote.RemoteWebDriver.findElement(RemoteWebDriver.java:315)
	at org.openqa.selenium.support.ui.ExpectedConditions$7.apply(ExpectedConditions.java:205)
	at org.openqa.selenium.support.ui.ExpectedConditions$7.apply(ExpectedConditions.java:201)
	at org.openqa.selenium.support.ui.ExpectedConditions$22.apply(ExpectedConditions.java:641)
	at org.openqa.selenium.support.ui.ExpectedConditions$22.apply(ExpectedConditions.java:638)
	at org.openqa.selenium.support.ui.FluentWait.until(FluentWait.java:249)
	... 32 more
... Removed 32 stack frames</pre></div><a href='#' onClick='toggleBox("stack-trace1084934949", this, "Click to show all stack frames", "Click to hide stack frames")'>Click to show all stack frames</a>
<div class='stack-trace' id='stack-trace1084934949'><pre>org.openqa.selenium.TimeoutException: Expected condition failed: waiting for element to be clickable: By.xpath: //*[text()=&apos;Yes&apos;] (tried for 20 second(s) with 500 milliseconds interval)
	at org.openqa.selenium.support.ui.WebDriverWait.timeoutException(WebDriverWait.java:95)
	at org.openqa.selenium.support.ui.FluentWait.until(FluentWait.java:272)
	at com.zaigo.pageobjects.JobPage.mouseActionClick(JobPage.java:465)
	at com.zaigo.pageobjects.JobPage.tiggerFunction(JobPage.java:1022)
	at org.test.CustomerOrganizationJob.startedJob(CustomerOrganizationJob.java:906)
	at java.base/jdk.internal.reflect.NativeMethodAccessorImpl.invoke0(Native Method)
	at java.base/jdk.internal.reflect.NativeMethodAccessorImpl.invoke(NativeMethodAccessorImpl.java:77)
	at java.base/jdk.internal.reflect.DelegatingMethodAccessorImpl.invoke(DelegatingMethodAccessorImpl.java:43)
	at java.base/java.lang.reflect.Method.invoke(Method.java:568)
	at org.testng.internal.MethodInvocationHelper.invokeMethod(MethodInvocationHelper.java:133)
	at org.testng.internal.TestInvoker.invokeMethod(TestInvoker.java:598)
	at org.testng.internal.TestInvoker.invokeTestMethod(TestInvoker.java:173)
	at org.testng.internal.MethodRunner.runInSequence(MethodRunner.java:46)
	at org.testng.internal.TestInvoker$MethodInvocationAgent.invoke(TestInvoker.java:824)
	at org.testng.internal.TestInvoker.invokeTestMethods(TestInvoker.java:146)
	at org.testng.internal.TestMethodWorker.invokeTestMethods(TestMethodWorker.java:146)
	at org.testng.internal.TestMethodWorker.run(TestMethodWorker.java:128)
	at java.base/java.util.ArrayList.forEach(ArrayList.java:1511)
	at org.testng.TestRunner.privateRun(TestRunner.java:794)
	at org.testng.TestRunner.run(TestRunner.java:596)
	at org.testng.SuiteRunner.runTest(SuiteRunner.java:377)
	at org.testng.SuiteRunner.runSequentially(SuiteRunner.java:371)
	at org.testng.SuiteRunner.privateRun(SuiteRunner.java:332)
	at org.testng.SuiteRunner.run(SuiteRunner.java:276)
	at org.testng.SuiteRunnerWorker.runSuite(SuiteRunnerWorker.java:53)
	at org.testng.SuiteRunnerWorker.run(SuiteRunnerWorker.java:96)
	at org.testng.TestNG.runSuitesSequentially(TestNG.java:1212)
	at org.testng.TestNG.runSuitesSequentially(TestNG.java:1207)
	at org.testng.TestNG.runSuitesLocally(TestNG.java:1134)
	at org.testng.TestNG.runSuites(TestNG.java:1063)
	at org.testng.TestNG.run(TestNG.java:1031)
	at org.testng.remote.AbstractRemoteTestNG.run(AbstractRemoteTestNG.java:115)
	at org.testng.remote.RemoteTestNG.initAndRun(RemoteTestNG.java:251)
	at org.testng.remote.RemoteTestNG.main(RemoteTestNG.java:77)
Caused by: org.openqa.selenium.NoSuchElementException: no such element: Unable to locate element: {&quot;method&quot;:&quot;xpath&quot;,&quot;selector&quot;:&quot;//*[text()=&apos;Yes&apos;]&quot;}
  (Session info: chrome=113.0.5672.93)
For documentation on this error, please visit: http://seleniumhq.org/exceptions/no_such_element.html
Build info: version: &apos;3.141.5&apos;, revision: &apos;d54ebd709a&apos;, time: &apos;2018-11-06T11:42:16&apos;
System info: host: &apos;DESKTOP-5M7AM2E&apos;, ip: &apos;192.168.56.1&apos;, os.name: &apos;Windows 11&apos;, os.arch: &apos;amd64&apos;, os.version: &apos;10.0&apos;, java.version: &apos;17.0.3&apos;
Driver info: org.openqa.selenium.chrome.ChromeDriver
Capabilities {acceptInsecureCerts: false, browserName: chrome, browserVersion: 113.0.5672.93, chrome: {chromedriverVersion: 113.0.5672.63 (0e1a4471d5ae..., userDataDir: C:\Users\ZAIGOP~1\AppData\L...}, goog:chromeOptions: {debuggerAddress: localhost:55387}, javascriptEnabled: true, networkConnectionEnabled: false, pageLoadStrategy: normal, platform: WINDOWS, platformName: WINDOWS, proxy: Proxy(), setWindowRect: true, strictFileInteractability: false, timeouts: {implicit: 0, pageLoad: 300000, script: 30000}, unhandledPromptBehavior: dismiss and notify, webauthn:extension:credBlob: true, webauthn:extension:largeBlob: true, webauthn:extension:minPinLength: true, webauthn:extension:prf: true, webauthn:virtualAuthenticators: true}
Session ID: 9b2c01655a7615ab7fc92b7b22c81694
*** Element info: {Using=xpath, value=//*[text()=&apos;Yes&apos;]}
	at jdk.internal.reflect.GeneratedConstructorAccessor17.newInstance(Unknown Source)
	at java.base/jdk.internal.reflect.DelegatingConstructorAccessorImpl.newInstance(DelegatingConstructorAccessorImpl.java:45)
	at java.base/java.lang.reflect.Constructor.newInstanceWithCaller(Constructor.java:499)
	at java.base/java.lang.reflect.Constructor.newInstance(Constructor.java:480)
	at org.openqa.selenium.remote.http.W3CHttpResponseCodec.createException(W3CHttpResponseCodec.java:187)
	at org.openqa.selenium.remote.http.W3CHttpResponseCodec.decode(W3CHttpResponseCodec.java:122)
	at org.openqa.selenium.remote.http.W3CHttpResponseCodec.decode(W3CHttpResponseCodec.java:49)
	at org.openqa.selenium.remote.HttpCommandExecutor.execute(HttpCommandExecutor.java:158)
	at org.openqa.selenium.remote.service.DriverCommandExecutor.execute(DriverCommandExecutor.java:83)
	at org.openqa.selenium.remote.RemoteWebDriver.execute(RemoteWebDriver.java:552)
	at org.openqa.selenium.remote.RemoteWebDriver.findElement(RemoteWebDriver.java:323)
	at org.openqa.selenium.remote.RemoteWebDriver.findElementByXPath(RemoteWebDriver.java:428)
	at org.openqa.selenium.By$ByXPath.findElement(By.java:353)
	at org.openqa.selenium.remote.RemoteWebDriver.findElement(RemoteWebDriver.java:315)
	at org.openqa.selenium.support.ui.ExpectedConditions$7.apply(ExpectedConditions.java:205)
	at org.openqa.selenium.support.ui.ExpectedConditions$7.apply(ExpectedConditions.java:201)
	at org.openqa.selenium.support.ui.ExpectedConditions$22.apply(ExpectedConditions.java:641)
	at org.openqa.selenium.support.ui.ExpectedConditions$22.apply(ExpectedConditions.java:638)
	at org.openqa.selenium.support.ui.FluentWait.until(FluentWait.java:249)
	... 32 more
</pre></div></td>
<td>22</td>
<td>org.test.CustomerOrganizationJob@1c5920df</td></tr>
<tr>
<td title='org.test.CustomerOrganizationJob.cancelledJob()'><b>cancelledJob</b><br>Test class: org.test.CustomerOrganizationJob</td>
<td><div><pre>org.openqa.selenium.TimeoutException: Expected condition failed: waiting for visibility of Proxy element for: DefaultElementLocator &apos;By.all({By.xpath: //*[@gloss=&apos;Cancel&apos;],By.xpath: //*[@id=&apos;fieldy-main-job-all-list_aserpttbl&apos;]//tr[3]//td[1]//ul//li[7]})&apos; (tried for 30 second(s) with 500 milliseconds interval)
	at org.openqa.selenium.support.ui.WebDriverWait.timeoutException(WebDriverWait.java:95)
	at org.openqa.selenium.support.ui.FluentWait.until(FluentWait.java:272)
	at com.zaigo.pageobjects.JobPage.mouseActionClick(JobPage.java:472)
	at com.zaigo.pageobjects.JobPage.tiggerFunction(JobPage.java:1018)
	at org.test.CustomerOrganizationJob.cancelledJob(CustomerOrganizationJob.java:992)
	at java.base/java.util.ArrayList.forEach(ArrayList.java:1511)
Caused by: org.openqa.selenium.NoSuchElementException: Cannot locate an element using By.all({By.xpath: //*[@gloss=&apos;Cancel&apos;],By.xpath: //*[@id=&apos;fieldy-main-job-all-list_aserpttbl&apos;]//tr[3]//td[1]//ul//li[7]})
For documentation on this error, please visit: http://seleniumhq.org/exceptions/no_such_element.html
Build info: version: &apos;3.141.5&apos;, revision: &apos;d54ebd709a&apos;, time: &apos;2018-11-06T11:42:16&apos;
System info: host: &apos;DESKTOP-5M7AM2E&apos;, ip: &apos;192.168.56.1&apos;, os.name: &apos;Windows 11&apos;, os.arch: &apos;amd64&apos;, os.version: &apos;10.0&apos;, java.version: &apos;17.0.3&apos;
Driver info: driver.version: RemoteWebDriver
	at org.openqa.selenium.support.pagefactory.ByAll.findElement(ByAll.java:58)
	at org.openqa.selenium.remote.RemoteWebDriver.findElement(RemoteWebDriver.java:315)
	at org.openqa.selenium.support.pagefactory.DefaultElementLocator.findElement(DefaultElementLocator.java:69)
	at org.openqa.selenium.support.pagefactory.internal.LocatingElementHandler.invoke(LocatingElementHandler.java:38)
	at jdk.proxy2/jdk.proxy2.$Proxy15.isDisplayed(Unknown Source)
	at org.openqa.selenium.support.ui.ExpectedConditions.elementIfVisible(ExpectedConditions.java:314)
	at org.openqa.selenium.support.ui.ExpectedConditions.access$000(ExpectedConditions.java:43)
	at org.openqa.selenium.support.ui.ExpectedConditions$10.apply(ExpectedConditions.java:300)
	at org.openqa.selenium.support.ui.ExpectedConditions$10.apply(ExpectedConditions.java:297)
	at org.openqa.selenium.support.ui.FluentWait.until(FluentWait.java:249)
	... 32 more
... Removed 28 stack frames</pre></div><a href='#' onClick='toggleBox("stack-trace1613653073", this, "Click to show all stack frames", "Click to hide stack frames")'>Click to show all stack frames</a>
<div class='stack-trace' id='stack-trace1613653073'><pre>org.openqa.selenium.TimeoutException: Expected condition failed: waiting for visibility of Proxy element for: DefaultElementLocator &apos;By.all({By.xpath: //*[@gloss=&apos;Cancel&apos;],By.xpath: //*[@id=&apos;fieldy-main-job-all-list_aserpttbl&apos;]//tr[3]//td[1]//ul//li[7]})&apos; (tried for 30 second(s) with 500 milliseconds interval)
	at org.openqa.selenium.support.ui.WebDriverWait.timeoutException(WebDriverWait.java:95)
	at org.openqa.selenium.support.ui.FluentWait.until(FluentWait.java:272)
	at com.zaigo.pageobjects.JobPage.mouseActionClick(JobPage.java:472)
	at com.zaigo.pageobjects.JobPage.tiggerFunction(JobPage.java:1018)
	at org.test.CustomerOrganizationJob.cancelledJob(CustomerOrganizationJob.java:992)
	at java.base/jdk.internal.reflect.NativeMethodAccessorImpl.invoke0(Native Method)
	at java.base/jdk.internal.reflect.NativeMethodAccessorImpl.invoke(NativeMethodAccessorImpl.java:77)
	at java.base/jdk.internal.reflect.DelegatingMethodAccessorImpl.invoke(DelegatingMethodAccessorImpl.java:43)
	at java.base/java.lang.reflect.Method.invoke(Method.java:568)
	at org.testng.internal.MethodInvocationHelper.invokeMethod(MethodInvocationHelper.java:133)
	at org.testng.internal.TestInvoker.invokeMethod(TestInvoker.java:598)
	at org.testng.internal.TestInvoker.invokeTestMethod(TestInvoker.java:173)
	at org.testng.internal.MethodRunner.runInSequence(MethodRunner.java:46)
	at org.testng.internal.TestInvoker$MethodInvocationAgent.invoke(TestInvoker.java:824)
	at org.testng.internal.TestInvoker.invokeTestMethods(TestInvoker.java:146)
	at org.testng.internal.TestMethodWorker.invokeTestMethods(TestMethodWorker.java:146)
	at org.testng.internal.TestMethodWorker.run(TestMethodWorker.java:128)
	at java.base/java.util.ArrayList.forEach(ArrayList.java:1511)
	at org.testng.TestRunner.privateRun(TestRunner.java:794)
	at org.testng.TestRunner.run(TestRunner.java:596)
	at org.testng.SuiteRunner.runTest(SuiteRunner.java:377)
	at org.testng.SuiteRunner.runSequentially(SuiteRunner.java:371)
	at org.testng.SuiteRunner.privateRun(SuiteRunner.java:332)
	at org.testng.SuiteRunner.run(SuiteRunner.java:276)
	at org.testng.SuiteRunnerWorker.runSuite(SuiteRunnerWorker.java:53)
	at org.testng.SuiteRunnerWorker.run(SuiteRunnerWorker.java:96)
	at org.testng.TestNG.runSuitesSequentially(TestNG.java:1212)
	at org.testng.TestNG.runSuitesSequentially(TestNG.java:1207)
	at org.testng.TestNG.runSuitesLocally(TestNG.java:1134)
	at org.testng.TestNG.runSuites(TestNG.java:1063)
	at org.testng.TestNG.run(TestNG.java:1031)
	at org.testng.remote.AbstractRemoteTestNG.run(AbstractRemoteTestNG.java:115)
	at org.testng.remote.RemoteTestNG.initAndRun(RemoteTestNG.java:251)
	at org.testng.remote.RemoteTestNG.main(RemoteTestNG.java:77)
Caused by: org.openqa.selenium.NoSuchElementException: Cannot locate an element using By.all({By.xpath: //*[@gloss=&apos;Cancel&apos;],By.xpath: //*[@id=&apos;fieldy-main-job-all-list_aserpttbl&apos;]//tr[3]//td[1]//ul//li[7]})
For documentation on this error, please visit: http://seleniumhq.org/exceptions/no_such_element.html
Build info: version: &apos;3.141.5&apos;, revision: &apos;d54ebd709a&apos;, time: &apos;2018-11-06T11:42:16&apos;
System info: host: &apos;DESKTOP-5M7AM2E&apos;, ip: &apos;192.168.56.1&apos;, os.name: &apos;Windows 11&apos;, os.arch: &apos;amd64&apos;, os.version: &apos;10.0&apos;, java.version: &apos;17.0.3&apos;
Driver info: driver.version: RemoteWebDriver
	at org.openqa.selenium.support.pagefactory.ByAll.findElement(ByAll.java:58)
	at org.openqa.selenium.remote.RemoteWebDriver.findElement(RemoteWebDriver.java:315)
	at org.openqa.selenium.support.pagefactory.DefaultElementLocator.findElement(DefaultElementLocator.java:69)
	at org.openqa.selenium.support.pagefactory.internal.LocatingElementHandler.invoke(LocatingElementHandler.java:38)
	at jdk.proxy2/jdk.proxy2.$Proxy15.isDisplayed(Unknown Source)
	at org.openqa.selenium.support.ui.ExpectedConditions.elementIfVisible(ExpectedConditions.java:314)
	at org.openqa.selenium.support.ui.ExpectedConditions.access$000(ExpectedConditions.java:43)
	at org.openqa.selenium.support.ui.ExpectedConditions$10.apply(ExpectedConditions.java:300)
	at org.openqa.selenium.support.ui.ExpectedConditions$10.apply(ExpectedConditions.java:297)
	at org.openqa.selenium.support.ui.FluentWait.until(FluentWait.java:249)
	... 32 more
</pre></div></td>
<td>30</td>
<td>org.test.CustomerOrganizationJob@1c5920df</td></tr>
</table><p>
<table width='100%' border='1' class='invocation-passed'>
<tr><td colspan='4' align='center'><b>PASSED TESTS</b></td></tr>
<tr><td><b>Test method</b></td>
<td width="30%"><b>Exception</b></td>
<td width="10%"><b>Time (seconds)</b></td>
<td><b>Instance</b></td>
</tr>
<tr>
<td title='org.test.GlobalContactJob.startedJob()'><b>startedJob</b><br>Test class: org.test.GlobalContactJob</td>
<td></td>
<td>12</td>
<td>org.test.GlobalContactJob@17f9d882</td></tr>
<tr>
<td title='org.test.GlobalContactJob.jobCancelledStatus()'><b>jobCancelledStatus</b><br>Test class: org.test.GlobalContactJob</td>
<td></td>
<td>0</td>
<td>org.test.GlobalContactJob@17f9d882</td></tr>
<tr>
<td title='org.test.GlobalOrganizationJob.autoCompleteOrganizationCreation()'><b>autoCompleteOrganizationCreation</b><br>Test class: org.test.GlobalOrganizationJob</td>
<td></td>
<td>15</td>
<td>org.test.GlobalOrganizationJob@79e4c792</td></tr>
<tr>
<td title='org.test.CustomerOrganizationRequest.requestDispatchedStatus()'><b>requestDispatchedStatus</b><br>Test class: org.test.CustomerOrganizationRequest</td>
<td></td>
<td>0</td>
<td>org.test.CustomerOrganizationRequest@15043a2f</td></tr>
<tr>
<td title='org.test.GlobalContactJob.updateButton()'><b>updateButton</b><br>Test class: org.test.GlobalContactJob</td>
<td></td>
<td>0</td>
<td>org.test.GlobalContactJob@17f9d882</td></tr>
<tr>
<td title='org.test.GlobalOrganizationJob.searchCustomerName()'><b>searchCustomerName</b><br>Test class: org.test.GlobalOrganizationJob</td>
<td></td>
<td>4</td>
<td>org.test.GlobalOrganizationJob@79e4c792</td></tr>
<tr>
<td title='org.test.CustomerContactJob.labelEditValidation()'><b>labelEditValidation</b><br>Test class: org.test.CustomerContactJob</td>
<td></td>
<td>7</td>
<td>org.test.CustomerContactJob@350aac89</td></tr>
<tr>
<td title='org.test.CustomerContactRequest.requestScheduleStatus()'><b>requestScheduleStatus</b><br>Test class: org.test.CustomerContactRequest</td>
<td></td>
<td>0</td>
<td>org.test.CustomerContactRequest@4c60d6e9</td></tr>
<tr>
<td title='org.test.GlobalContactRequest.editmaximumTagValidation()'><b>editmaximumTagValidation</b><br>Test class: org.test.GlobalContactRequest</td>
<td></td>
<td>0</td>
<td>org.test.GlobalContactRequest@4a83a74a</td></tr>
<tr>
<td title='org.test.CustomerOrganizationJob.namePrepopulation()'><b>namePrepopulation</b><br>Test class: org.test.CustomerOrganizationJob</td>
<td></td>
<td>1</td>
<td>org.test.CustomerOrganizationJob@1c5920df</td></tr>
<tr>
<td title='org.test.CustomerOrganizationRequest.requestScheduleStatus()'><b>requestScheduleStatus</b><br>Test class: org.test.CustomerOrganizationRequest</td>
<td></td>
<td>0</td>
<td>org.test.CustomerOrganizationRequest@15043a2f</td></tr>
<tr>
<td title='org.test.CustomerOrganizationRequest.editmandatoryValidationLocation()'><b>editmandatoryValidationLocation</b><br>Test class: org.test.CustomerOrganizationRequest</td>
<td></td>
<td>0</td>
<td>org.test.CustomerOrganizationRequest@15043a2f</td></tr>
<tr>
<td title='org.test.GlobalContactRequest.maxTagLimitValidation()'><b>maxTagLimitValidation</b><br>Test class: org.test.GlobalContactRequest</td>
<td></td>
<td>18</td>
<td>org.test.GlobalContactRequest@4a83a74a</td></tr>
<tr>
<td title='org.test.CustomerContactRequest.editduplicateTagsValidation()'><b>editduplicateTagsValidation</b><br>Test class: org.test.CustomerContactRequest</td>
<td></td>
<td>0</td>
<td>org.test.CustomerContactRequest@4c60d6e9</td></tr>
<tr>
<td title='org.test.GlobalOrganizationRequest.searchLocation()'><b>searchLocation</b><br>Test class: org.test.GlobalOrganizationRequest</td>
<td></td>
<td>3</td>
<td>org.test.GlobalOrganizationRequest@1349883</td></tr>
<tr>
<td title='org.test.CustomerOrganizationJob.maximumValidationDescription()'><b>maximumValidationDescription</b><br>Test class: org.test.CustomerOrganizationJob</td>
<td></td>
<td>4</td>
<td>org.test.CustomerOrganizationJob@1c5920df</td></tr>
<tr>
<td title='org.test.CustomerOrganizationJob.labelValidation()'><b>labelValidation</b><br>Test class: org.test.CustomerOrganizationJob</td>
<td></td>
<td>3</td>
<td>org.test.CustomerOrganizationJob@1c5920df</td></tr>
<tr>
<td title='org.test.CustomerOrganizationRequest.editmaxTagLimitValidation()'><b>editmaxTagLimitValidation</b><br>Test class: org.test.CustomerOrganizationRequest</td>
<td></td>
<td>19</td>
<td>org.test.CustomerOrganizationRequest@15043a2f</td></tr>
<tr>
<td title='org.test.CustomerContactRequest.createRequest_FromDateandTime_ToDateandTime()'><b>createRequest_FromDateandTime_ToDateandTime</b><br>Test class: org.test.CustomerContactRequest</td>
<td></td>
<td>16</td>
<td>org.test.CustomerContactRequest@4c60d6e9</td></tr>
<tr>
<td title='org.test.GlobalOrganizationRequest.updatedRequest()'><b>updatedRequest</b><br>Test class: org.test.GlobalOrganizationRequest</td>
<td></td>
<td>12</td>
<td>org.test.GlobalOrganizationRequest@1349883</td></tr>
<tr>
<td title='org.test.GlobalOrganizationJob.labelValidation()'><b>labelValidation</b><br>Test class: org.test.GlobalOrganizationJob</td>
<td></td>
<td>4</td>
<td>org.test.GlobalOrganizationJob@79e4c792</td></tr>
<tr>
<td title='org.test.GlobalContactRequest.maximumValidationNotes()'><b>maximumValidationNotes</b><br>Test class: org.test.GlobalContactRequest</td>
<td></td>
<td>5</td>
<td>org.test.GlobalContactRequest@4a83a74a</td></tr>
<tr>
<td title='org.test.CustomerContactJob.editJobwithFromDateFromTime()'><b>editJobwithFromDateFromTime</b><br>Test class: org.test.CustomerContactJob</td>
<td></td>
<td>11</td>
<td>org.test.CustomerContactJob@350aac89</td></tr>
<tr>
<td title='org.test.CustomerContactRequest.editmaximumValidationNotes()'><b>editmaximumValidationNotes</b><br>Test class: org.test.CustomerContactRequest</td>
<td></td>
<td>5</td>
<td>org.test.CustomerContactRequest@4c60d6e9</td></tr>
<tr>
<td title='org.test.CustomerContactRequest.startedRequest()'><b>startedRequest</b><br>Test class: org.test.CustomerContactRequest</td>
<td></td>
<td>15</td>
<td>org.test.CustomerContactRequest@4c60d6e9</td></tr>
<tr>
<td title='org.test.CustomerOrganizationRequest.maximumValidationTittle()'><b>maximumValidationTittle</b><br>Test class: org.test.CustomerOrganizationRequest</td>
<td></td>
<td>0</td>
<td>org.test.CustomerOrganizationRequest@15043a2f</td></tr>
<tr>
<td title='org.test.GlobalContactRequest.searchLocation()'><b>searchLocation</b><br>Test class: org.test.GlobalContactRequest</td>
<td></td>
<td>2</td>
<td>org.test.GlobalContactRequest@4a83a74a</td></tr>
<tr>
<td title='org.test.GlobalOrganizationRequest.requestCompleteStatus()'><b>requestCompleteStatus</b><br>Test class: org.test.GlobalOrganizationRequest</td>
<td></td>
<td>0</td>
<td>org.test.GlobalOrganizationRequest@1349883</td></tr>
<tr>
<td title='org.test.CustomerContactRequest.CreateContact()'><b>CreateContact</b><br>Test class: org.test.CustomerContactRequest</td>
<td></td>
<td>18</td>
<td>org.test.CustomerContactRequest@4c60d6e9</td></tr>
<tr>
<td title='org.test.GlobalContactJob.contactNumberDisplayed()'><b>contactNumberDisplayed</b><br>Test class: org.test.GlobalContactJob</td>
<td></td>
<td>0</td>
<td>org.test.GlobalContactJob@17f9d882</td></tr>
<tr>
<td title='org.test.GlobalContactRequest.requestCancelledStatus()'><b>requestCancelledStatus</b><br>Test class: org.test.GlobalContactRequest</td>
<td></td>
<td>0</td>
<td>org.test.GlobalContactRequest@4a83a74a</td></tr>
<tr>
<td title='org.test.GlobalOrganizationRequest.labelValidation()'><b>labelValidation</b><br>Test class: org.test.GlobalOrganizationRequest</td>
<td></td>
<td>1</td>
<td>org.test.GlobalOrganizationRequest@1349883</td></tr>
<tr>
<td title='org.test.CustomerOrganizationJob.maximumTagValidation()'><b>maximumTagValidation</b><br>Test class: org.test.CustomerOrganizationJob</td>
<td></td>
<td>0</td>
<td>org.test.CustomerOrganizationJob@1c5920df</td></tr>
<tr>
<td title='org.test.CustomerContactJob.editmaxTagLimitValidation()'><b>editmaxTagLimitValidation</b><br>Test class: org.test.CustomerContactJob</td>
<td></td>
<td>16</td>
<td>org.test.CustomerContactJob@350aac89</td></tr>
<tr>
<td title='org.test.AvailabilityTechnicians.listabelValidation()'><b>listabelValidation</b><br>Test class: org.test.AvailabilityTechnicians</td>
<td></td>
<td>10</td>
<td>org.test.AvailabilityTechnicians@196a42c3</td></tr>
<tr>
<td title='org.test.CustomerContactRequest.editmaximumTagValidation()'><b>editmaximumTagValidation</b><br>Test class: org.test.CustomerContactRequest</td>
<td></td>
<td>0</td>
<td>org.test.CustomerContactRequest@4c60d6e9</td></tr>
<tr>
<td title='org.test.CustomerContactJob.dispatchedJob()'><b>dispatchedJob</b><br>Test class: org.test.CustomerContactJob</td>
<td></td>
<td>12</td>
<td>org.test.CustomerContactJob@350aac89</td></tr>
<tr>
<td title='org.test.CustomerContactRequest.searchFilterByDate()'><b>searchFilterByDate</b><br>Test class: org.test.CustomerContactRequest</td>
<td></td>
<td>3</td>
<td>org.test.CustomerContactRequest@4c60d6e9</td></tr>
<tr>
<td title='org.test.GlobalContactRequest.editduplicateTagsValidation()'><b>editduplicateTagsValidation</b><br>Test class: org.test.GlobalContactRequest</td>
<td></td>
<td>0</td>
<td>org.test.GlobalContactRequest@4a83a74a</td></tr>
<tr>
<td title='org.test.CustomerOrganizationJob.editduplicateTagsValidation()'><b>editduplicateTagsValidation</b><br>Test class: org.test.CustomerOrganizationJob</td>
<td></td>
<td>0</td>
<td>org.test.CustomerOrganizationJob@1c5920df</td></tr>
<tr>
<td title='org.test.GlobalOrganizationJob.editmaximumValidationTittle()'><b>editmaximumValidationTittle</b><br>Test class: org.test.GlobalOrganizationJob</td>
<td></td>
<td>0</td>
<td>org.test.GlobalOrganizationJob@79e4c792</td></tr>
<tr>
<td title='org.test.GlobalContactRequest.requestDispatchedStatus()'><b>requestDispatchedStatus</b><br>Test class: org.test.GlobalContactRequest</td>
<td></td>
<td>0</td>
<td>org.test.GlobalContactRequest@4a83a74a</td></tr>
<tr>
<td title='org.test.CustomerOrganizationJob.completedJob()'><b>completedJob</b><br>Test class: org.test.CustomerOrganizationJob</td>
<td></td>
<td>12</td>
<td>org.test.CustomerOrganizationJob@1c5920df</td></tr>
<tr>
<td title='org.test.GlobalContactJob.loginPage()'><b>loginPage</b><br>Test class: org.test.GlobalContactJob</td>
<td></td>
<td>50</td>
<td>org.test.GlobalContactJob@17f9d882</td></tr>
<tr>
<td title='org.test.CustomerContactRequest.maxTagLimitValidation()'><b>maxTagLimitValidation</b><br>Test class: org.test.CustomerContactRequest</td>
<td></td>
<td>18</td>
<td>org.test.CustomerContactRequest@4c60d6e9</td></tr>
<tr>
<td title='org.test.CustomerContactRequest.editmaximumValidationLocation()'><b>editmaximumValidationLocation</b><br>Test class: org.test.CustomerContactRequest</td>
<td></td>
<td>6</td>
<td>org.test.CustomerContactRequest@4c60d6e9</td></tr>
<tr>
<td title='org.test.CustomerOrganizationRequest.completedRequest()'><b>completedRequest</b><br>Test class: org.test.CustomerOrganizationRequest</td>
<td></td>
<td>12</td>
<td>org.test.CustomerOrganizationRequest@15043a2f</td></tr>
<tr>
<td title='org.test.CustomerOrganizationRequest.listabelValidation()'><b>listabelValidation</b><br>Test class: org.test.CustomerOrganizationRequest</td>
<td></td>
<td>6</td>
<td>org.test.CustomerOrganizationRequest@15043a2f</td></tr>
<tr>
<td title='org.test.CustomerOrganizationJob.dispatchedJob()'><b>dispatchedJob</b><br>Test class: org.test.CustomerOrganizationJob</td>
<td></td>
<td>3</td>
<td>org.test.CustomerOrganizationJob@1c5920df</td></tr>
<tr>
<td title='org.test.AvailabilityTechnicians.contactModule()'><b>contactModule</b><br>Test class: org.test.AvailabilityTechnicians</td>
<td></td>
<td>9</td>
<td>org.test.AvailabilityTechnicians@196a42c3</td></tr>
<tr>
<td title='org.test.CustomerContactRequest.duplicateTagsValidation()'><b>duplicateTagsValidation</b><br>Test class: org.test.CustomerContactRequest</td>
<td></td>
<td>0</td>
<td>org.test.CustomerContactRequest@4c60d6e9</td></tr>
<tr>
<td title='org.test.GlobalContactRequest.contactMandatoryValidation()'><b>contactMandatoryValidation</b><br>Test class: org.test.GlobalContactRequest</td>
<td></td>
<td>1</td>
<td>org.test.GlobalContactRequest@4a83a74a</td></tr>
<tr>
<td title='org.test.CustomerContactJob.labelValidation()'><b>labelValidation</b><br>Test class: org.test.CustomerContactJob</td>
<td></td>
<td>3</td>
<td>org.test.CustomerContactJob@350aac89</td></tr>
<tr>
<td title='org.test.GlobalContactJob.editJobwithFromDateFromTime()'><b>editJobwithFromDateFromTime</b><br>Test class: org.test.GlobalContactJob</td>
<td></td>
<td>11</td>
<td>org.test.GlobalContactJob@17f9d882</td></tr>
<tr>
<td title='org.test.CustomerOrganizationJob.jobDispatchedStatus()'><b>jobDispatchedStatus</b><br>Test class: org.test.CustomerOrganizationJob</td>
<td></td>
<td>0</td>
<td>org.test.CustomerOrganizationJob@1c5920df</td></tr>
<tr>
<td title='org.test.CustomerOrganizationRequest.duplicateTagsValidation()'><b>duplicateTagsValidation</b><br>Test class: org.test.CustomerOrganizationRequest</td>
<td></td>
<td>0</td>
<td>org.test.CustomerOrganizationRequest@15043a2f</td></tr>
<tr>
<td title='org.test.GlobalContactRequest.editmaximumValidationNotes()'><b>editmaximumValidationNotes</b><br>Test class: org.test.GlobalContactRequest</td>
<td></td>
<td>6</td>
<td>org.test.GlobalContactRequest@4a83a74a</td></tr>
<tr>
<td title='org.test.GlobalContactRequest.labelValidation()'><b>labelValidation</b><br>Test class: org.test.GlobalContactRequest</td>
<td></td>
<td>2</td>
<td>org.test.GlobalContactRequest@4a83a74a</td></tr>
<tr>
<td title='org.test.CustomerContactJob.jobCreatedCount()'><b>jobCreatedCount</b><br>Test class: org.test.CustomerContactJob</td>
<td></td>
<td>0</td>
<td>org.test.CustomerContactJob@350aac89</td></tr>
<tr>
<td title='org.test.GlobalOrganizationJob.updateButton()'><b>updateButton</b><br>Test class: org.test.GlobalOrganizationJob</td>
<td></td>
<td>0</td>
<td>org.test.GlobalOrganizationJob@79e4c792</td></tr>
<tr>
<td title='org.test.CustomerContactRequest.editmaxTagLimitValidation()'><b>editmaxTagLimitValidation</b><br>Test class: org.test.CustomerContactRequest</td>
<td></td>
<td>18</td>
<td>org.test.CustomerContactRequest@4c60d6e9</td></tr>
<tr>
<td title='org.test.GlobalContactRequest.requestStartedStatus()'><b>requestStartedStatus</b><br>Test class: org.test.GlobalContactRequest</td>
<td></td>
<td>0</td>
<td>org.test.GlobalContactRequest@4a83a74a</td></tr>
<tr>
<td title='org.test.GlobalOrganizationRequest.maximumValidationLocation()'><b>maximumValidationLocation</b><br>Test class: org.test.GlobalOrganizationRequest</td>
<td></td>
<td>7</td>
<td>org.test.GlobalOrganizationRequest@1349883</td></tr>
<tr>
<td title='org.test.GlobalOrganizationJob.jobDispatchedStatus()'><b>jobDispatchedStatus</b><br>Test class: org.test.GlobalOrganizationJob</td>
<td></td>
<td>0</td>
<td>org.test.GlobalOrganizationJob@79e4c792</td></tr>
<tr>
<td title='org.test.GlobalOrganizationRequest.createRequest_FromDateandTime_ToDateandTime()'><b>createRequest_FromDateandTime_ToDateandTime</b><br>Test class: org.test.GlobalOrganizationRequest</td>
<td></td>
<td>309</td>
<td>org.test.GlobalOrganizationRequest@1349883</td></tr>
<tr>
<td title='org.test.GlobalContactRequest.contactNumberDisplayed()'><b>contactNumberDisplayed</b><br>Test class: org.test.GlobalContactRequest</td>
<td></td>
<td>0</td>
<td>org.test.GlobalContactRequest@4a83a74a</td></tr>
<tr>
<td title='org.test.CustomerOrganizationRequest.requestDraftStatus()'><b>requestDraftStatus</b><br>Test class: org.test.CustomerOrganizationRequest</td>
<td></td>
<td>11</td>
<td>org.test.CustomerOrganizationRequest@15043a2f</td></tr>
<tr>
<td title='org.test.CustomerOrganizationRequest.startedRequest()'><b>startedRequest</b><br>Test class: org.test.CustomerOrganizationRequest</td>
<td></td>
<td>13</td>
<td>org.test.CustomerOrganizationRequest@15043a2f</td></tr>
<tr>
<td title='org.test.CustomerContactJob.jobScheduleStatus()'><b>jobScheduleStatus</b><br>Test class: org.test.CustomerContactJob</td>
<td></td>
<td>0</td>
<td>org.test.CustomerContactJob@350aac89</td></tr>
<tr>
<td title='org.test.GlobalOrganizationJob.maximumValidationNotes()'><b>maximumValidationNotes</b><br>Test class: org.test.GlobalOrganizationJob</td>
<td></td>
<td>5</td>
<td>org.test.GlobalOrganizationJob@79e4c792</td></tr>
<tr>
<td title='org.test.CustomerContactRequest.deletedRequest()'><b>deletedRequest</b><br>Test class: org.test.CustomerContactRequest</td>
<td></td>
<td>7</td>
<td>org.test.CustomerContactRequest@4c60d6e9</td></tr>
<tr>
<td title='org.test.CustomerOrganizationRequest.labelEditValidation()'><b>labelEditValidation</b><br>Test class: org.test.CustomerOrganizationRequest</td>
<td></td>
<td>7</td>
<td>org.test.CustomerOrganizationRequest@15043a2f</td></tr>
<tr>
<td title='org.test.CustomerContactJob.editmaximumValidationLocation()'><b>editmaximumValidationLocation</b><br>Test class: org.test.CustomerContactJob</td>
<td></td>
<td>5</td>
<td>org.test.CustomerContactJob@350aac89</td></tr>
<tr>
<td title='org.test.GlobalOrganizationJob.maximumValidationLocation()'><b>maximumValidationLocation</b><br>Test class: org.test.GlobalOrganizationJob</td>
<td></td>
<td>6</td>
<td>org.test.GlobalOrganizationJob@79e4c792</td></tr>
<tr>
<td title='org.test.GlobalOrganizationRequest.editmaximumValidationNotes()'><b>editmaximumValidationNotes</b><br>Test class: org.test.GlobalOrganizationRequest</td>
<td></td>
<td>5</td>
<td>org.test.GlobalOrganizationRequest@1349883</td></tr>
<tr>
<td title='org.test.GlobalOrganizationJob.editmaximumValidationLocation()'><b>editmaximumValidationLocation</b><br>Test class: org.test.GlobalOrganizationJob</td>
<td></td>
<td>6</td>
<td>org.test.GlobalOrganizationJob@79e4c792</td></tr>
<tr>
<td title='org.test.CustomerContactRequest.updatedRequest()'><b>updatedRequest</b><br>Test class: org.test.CustomerContactRequest</td>
<td></td>
<td>13</td>
<td>org.test.CustomerContactRequest@4c60d6e9</td></tr>
<tr>
<td title='org.test.CustomerContactRequest.completedRequest()'><b>completedRequest</b><br>Test class: org.test.CustomerContactRequest</td>
<td></td>
<td>13</td>
<td>org.test.CustomerContactRequest@4c60d6e9</td></tr>
<tr>
<td title='org.test.CustomerOrganizationRequest.createOrganization()'><b>createOrganization</b><br>Test class: org.test.CustomerOrganizationRequest</td>
<td></td>
<td>23</td>
<td>org.test.CustomerOrganizationRequest@15043a2f</td></tr>
<tr>
<td title='org.test.CustomerContactRequest.namePrepopulation()'><b>namePrepopulation</b><br>Test class: org.test.CustomerContactRequest</td>
<td></td>
<td>1</td>
<td>org.test.CustomerContactRequest@4c60d6e9</td></tr>
<tr>
<td title='org.test.CustomerContactRequest.maximumTagValidation()'><b>maximumTagValidation</b><br>Test class: org.test.CustomerContactRequest</td>
<td></td>
<td>0</td>
<td>org.test.CustomerContactRequest@4c60d6e9</td></tr>
<tr>
<td title='org.test.CustomerOrganizationRequest.editmaximumValidationLocation()'><b>editmaximumValidationLocation</b><br>Test class: org.test.CustomerOrganizationRequest</td>
<td></td>
<td>6</td>
<td>org.test.CustomerOrganizationRequest@15043a2f</td></tr>
<tr>
<td title='org.test.CustomerContactRequest.searchRequestNo()'><b>searchRequestNo</b><br>Test class: org.test.CustomerContactRequest</td>
<td></td>
<td>2</td>
<td>org.test.CustomerContactRequest@4c60d6e9</td></tr>
<tr>
<td title='org.test.GlobalContactJob.editmaximumValidationLocation()'><b>editmaximumValidationLocation</b><br>Test class: org.test.GlobalContactJob</td>
<td></td>
<td>5</td>
<td>org.test.GlobalContactJob@17f9d882</td></tr>
<tr>
<td title='org.test.GlobalOrganizationRequest.unsssignedRequest()'><b>unsssignedRequest</b><br>Test class: org.test.GlobalOrganizationRequest</td>
<td></td>
<td>14</td>
<td>org.test.GlobalOrganizationRequest@1349883</td></tr>
<tr>
<td title='org.test.CustomerOrganizationJob.mandatoryValidationDescription()'><b>mandatoryValidationDescription</b><br>Test class: org.test.CustomerOrganizationJob</td>
<td></td>
<td>0</td>
<td>org.test.CustomerOrganizationJob@1c5920df</td></tr>
<tr>
<td title='org.test.GlobalOrganizationJob.jobCompleteStatus()'><b>jobCompleteStatus</b><br>Test class: org.test.GlobalOrganizationJob</td>
<td></td>
<td>0</td>
<td>org.test.GlobalOrganizationJob@79e4c792</td></tr>
<tr>
<td title='org.test.CustomerContactJob.loginPage()'><b>loginPage</b><br>Test class: org.test.CustomerContactJob</td>
<td></td>
<td>47</td>
<td>org.test.CustomerContactJob@350aac89</td></tr>
<tr>
<td title='org.test.GlobalOrganizationJob.searchLocation()'><b>searchLocation</b><br>Test class: org.test.GlobalOrganizationJob</td>
<td></td>
<td>0</td>
<td>org.test.GlobalOrganizationJob@79e4c792</td></tr>
<tr>
<td title='org.test.GlobalOrganizationJob.organizationMandatoryValidation()'><b>organizationMandatoryValidation</b><br>Test class: org.test.GlobalOrganizationJob</td>
<td></td>
<td>3</td>
<td>org.test.GlobalOrganizationJob@79e4c792</td></tr>
<tr>
<td title='org.test.CustomerContactRequest.mandatoryValidationDescription()'><b>mandatoryValidationDescription</b><br>Test class: org.test.CustomerContactRequest</td>
<td></td>
<td>0</td>
<td>org.test.CustomerContactRequest@4c60d6e9</td></tr>
<tr>
<td title='org.test.CustomerOrganizationRequest.deletedRequest()'><b>deletedRequest</b><br>Test class: org.test.CustomerOrganizationRequest</td>
<td></td>
<td>7</td>
<td>org.test.CustomerOrganizationRequest@15043a2f</td></tr>
<tr>
<td title='org.test.CustomerOrganizationRequest.organizationModule()'><b>organizationModule</b><br>Test class: org.test.CustomerOrganizationRequest</td>
<td></td>
<td>7</td>
<td>org.test.CustomerOrganizationRequest@15043a2f</td></tr>
<tr>
<td title='org.test.GlobalContactJob.maximumValidationNotes()'><b>maximumValidationNotes</b><br>Test class: org.test.GlobalContactJob</td>
<td></td>
<td>4</td>
<td>org.test.GlobalContactJob@17f9d882</td></tr>
<tr>
<td title='org.test.CustomerContactRequest.maximumValidationDescription()'><b>maximumValidationDescription</b><br>Test class: org.test.CustomerContactRequest</td>
<td></td>
<td>4</td>
<td>org.test.CustomerContactRequest@4c60d6e9</td></tr>
<tr>
<td title='org.test.CustomerOrganizationRequest.createButton()'><b>createButton</b><br>Test class: org.test.CustomerOrganizationRequest</td>
<td></td>
<td>0</td>
<td>org.test.CustomerOrganizationRequest@15043a2f</td></tr>
<tr>
<td title='org.test.GlobalOrganizationRequest.maximumValidationNotes()'><b>maximumValidationNotes</b><br>Test class: org.test.GlobalOrganizationRequest</td>
<td></td>
<td>5</td>
<td>org.test.GlobalOrganizationRequest@1349883</td></tr>
<tr>
<td title='org.test.GlobalContactJob.searchCustomerName()'><b>searchCustomerName</b><br>Test class: org.test.GlobalContactJob</td>
<td></td>
<td>3</td>
<td>org.test.GlobalContactJob@17f9d882</td></tr>
<tr>
<td title='org.test.CustomerContactRequest.unsssignedRequest()'><b>unsssignedRequest</b><br>Test class: org.test.CustomerContactRequest</td>
<td></td>
<td>14</td>
<td>org.test.CustomerContactRequest@4c60d6e9</td></tr>
<tr>
<td title='org.test.GlobalContactJob.duplicateTagsValidation()'><b>duplicateTagsValidation</b><br>Test class: org.test.GlobalContactJob</td>
<td></td>
<td>0</td>
<td>org.test.GlobalContactJob@17f9d882</td></tr>
<tr>
<td title='org.test.CustomerOrganizationRequest.mandatoryValidationLocation()'><b>mandatoryValidationLocation</b><br>Test class: org.test.CustomerOrganizationRequest</td>
<td></td>
<td>0</td>
<td>org.test.CustomerOrganizationRequest@15043a2f</td></tr>
<tr>
<td title='org.test.CustomerOrganizationJob.autoCompleteOrganizationContactCreation()'><b>autoCompleteOrganizationContactCreation</b><br>Test class: org.test.CustomerOrganizationJob</td>
<td></td>
<td>10</td>
<td>org.test.CustomerOrganizationJob@1c5920df</td></tr>
<tr>
<td title='org.test.AvailabilityTechnicians.CreateContact()'><b>CreateContact</b><br>Test class: org.test.AvailabilityTechnicians</td>
<td></td>
<td>14</td>
<td>org.test.AvailabilityTechnicians@196a42c3</td></tr>
<tr>
<td title='org.test.CustomerContactJob.unsssignedJob()'><b>unsssignedJob</b><br>Test class: org.test.CustomerContactJob</td>
<td></td>
<td>13</td>
<td>org.test.CustomerContactJob@350aac89</td></tr>
<tr>
<td title='org.test.CustomerOrganizationRequest.searchFilterByDate()'><b>searchFilterByDate</b><br>Test class: org.test.CustomerOrganizationRequest</td>
<td></td>
<td>2</td>
<td>org.test.CustomerOrganizationRequest@15043a2f</td></tr>
<tr>
<td title='org.test.GlobalOrganizationRequest.editmaximumValidationTittle()'><b>editmaximumValidationTittle</b><br>Test class: org.test.GlobalOrganizationRequest</td>
<td></td>
<td>0</td>
<td>org.test.GlobalOrganizationRequest@1349883</td></tr>
<tr>
<td title='org.test.CustomerContactJob.editmaximumValidationNotes()'><b>editmaximumValidationNotes</b><br>Test class: org.test.CustomerContactJob</td>
<td></td>
<td>4</td>
<td>org.test.CustomerContactJob@350aac89</td></tr>
<tr>
<td title='org.test.CustomerContactJob.searchJobNo()'><b>searchJobNo</b><br>Test class: org.test.CustomerContactJob</td>
<td></td>
<td>2</td>
<td>org.test.CustomerContactJob@350aac89</td></tr>
<tr>
<td title='org.test.CustomerContactRequest.labelValidation()'><b>labelValidation</b><br>Test class: org.test.CustomerContactRequest</td>
<td></td>
<td>1</td>
<td>org.test.CustomerContactRequest@4c60d6e9</td></tr>
<tr>
<td title='org.test.CustomerOrganizationJob.maximumValidationTittle()'><b>maximumValidationTittle</b><br>Test class: org.test.CustomerOrganizationJob</td>
<td></td>
<td>4</td>
<td>org.test.CustomerOrganizationJob@1c5920df</td></tr>
<tr>
<td title='org.test.GlobalOrganizationJob.dispatchedJob()'><b>dispatchedJob</b><br>Test class: org.test.GlobalOrganizationJob</td>
<td></td>
<td>12</td>
<td>org.test.GlobalOrganizationJob@79e4c792</td></tr>
<tr>
<td title='org.test.CustomerOrganizationJob.jobCompletedStatus()'><b>jobCompletedStatus</b><br>Test class: org.test.CustomerOrganizationJob</td>
<td></td>
<td>0</td>
<td>org.test.CustomerOrganizationJob@1c5920df</td></tr>
<tr>
<td title='org.test.CustomerContactJob.deletedJob()'><b>deletedJob</b><br>Test class: org.test.CustomerContactJob</td>
<td></td>
<td>7</td>
<td>org.test.CustomerContactJob@350aac89</td></tr>
<tr>
<td title='org.test.CustomerOrganizationRequest.editduplicateTagsValidation()'><b>editduplicateTagsValidation</b><br>Test class: org.test.CustomerOrganizationRequest</td>
<td></td>
<td>0</td>
<td>org.test.CustomerOrganizationRequest@15043a2f</td></tr>
<tr>
<td title='org.test.CustomerContactJob.editmaximumValidationTittle()'><b>editmaximumValidationTittle</b><br>Test class: org.test.CustomerContactJob</td>
<td></td>
<td>4</td>
<td>org.test.CustomerContactJob@350aac89</td></tr>
<tr>
<td title='org.test.GlobalContactJob.cancelledJob()'><b>cancelledJob</b><br>Test class: org.test.GlobalContactJob</td>
<td></td>
<td>12</td>
<td>org.test.GlobalContactJob@17f9d882</td></tr>
<tr>
<td title='org.test.CustomerContactJob.editduplicateTagsValidation()'><b>editduplicateTagsValidation</b><br>Test class: org.test.CustomerContactJob</td>
<td></td>
<td>0</td>
<td>org.test.CustomerContactJob@350aac89</td></tr>
<tr>
<td title='org.test.CustomerOrganizationRequest.loginPage()'><b>loginPage</b><br>Test class: org.test.CustomerOrganizationRequest</td>
<td></td>
<td>48</td>
<td>org.test.CustomerOrganizationRequest@15043a2f</td></tr>
<tr>
<td title='org.test.GlobalOrganizationRequest.searchCustomerName()'><b>searchCustomerName</b><br>Test class: org.test.GlobalOrganizationRequest</td>
<td></td>
<td>2</td>
<td>org.test.GlobalOrganizationRequest@1349883</td></tr>
<tr>
<td title='org.test.GlobalContactRequest.editmaxTagLimitValidation()'><b>editmaxTagLimitValidation</b><br>Test class: org.test.GlobalContactRequest</td>
<td></td>
<td>18</td>
<td>org.test.GlobalContactRequest@4a83a74a</td></tr>
<tr>
<td title='org.test.CustomerContactJob.editmandatoryValidationDescription()'><b>editmandatoryValidationDescription</b><br>Test class: org.test.CustomerContactJob</td>
<td></td>
<td>0</td>
<td>org.test.CustomerContactJob@350aac89</td></tr>
<tr>
<td title='org.test.CustomerOrganizationJob.editmaxTagLimitValidation()'><b>editmaxTagLimitValidation</b><br>Test class: org.test.CustomerOrganizationJob</td>
<td></td>
<td>15</td>
<td>org.test.CustomerOrganizationJob@1c5920df</td></tr>
<tr>
<td title='org.test.GlobalContactJob.maximumTagValidation()'><b>maximumTagValidation</b><br>Test class: org.test.GlobalContactJob</td>
<td></td>
<td>0</td>
<td>org.test.GlobalContactJob@17f9d882</td></tr>
<tr>
<td title='org.test.CustomerOrganizationRequest.autoCompleteOrganizationContactCreation()'><b>autoCompleteOrganizationContactCreation</b><br>Test class: org.test.CustomerOrganizationRequest</td>
<td></td>
<td>11</td>
<td>org.test.CustomerOrganizationRequest@15043a2f</td></tr>
<tr>
<td title='org.test.GlobalOrganizationJob.jobCancelledStatus()'><b>jobCancelledStatus</b><br>Test class: org.test.GlobalOrganizationJob</td>
<td></td>
<td>0</td>
<td>org.test.GlobalOrganizationJob@79e4c792</td></tr>
<tr>
<td title='org.test.GlobalOrganizationJob.unsssignedJob()'><b>unsssignedJob</b><br>Test class: org.test.GlobalOrganizationJob</td>
<td></td>
<td>16</td>
<td>org.test.GlobalOrganizationJob@79e4c792</td></tr>
<tr>
<td title='org.test.GlobalOrganizationRequest.requestModule()'><b>requestModule</b><br>Test class: org.test.GlobalOrganizationRequest</td>
<td></td>
<td>1</td>
<td>org.test.GlobalOrganizationRequest@1349883</td></tr>
<tr>
<td title='org.test.GlobalContactRequest.loginPage()'><b>loginPage</b><br>Test class: org.test.GlobalContactRequest</td>
<td></td>
<td>49</td>
<td>org.test.GlobalContactRequest@4a83a74a</td></tr>
<tr>
<td title='org.test.GlobalContactRequest.searchCustomerName()'><b>searchCustomerName</b><br>Test class: org.test.GlobalContactRequest</td>
<td></td>
<td>3</td>
<td>org.test.GlobalContactRequest@4a83a74a</td></tr>
<tr>
<td title='org.test.CustomerContactRequest.dispatchedRequest()'><b>dispatchedRequest</b><br>Test class: org.test.CustomerContactRequest</td>
<td></td>
<td>12</td>
<td>org.test.CustomerContactRequest@4c60d6e9</td></tr>
<tr>
<td title='org.test.GlobalContactRequest.editmandatoryValidationLocation()'><b>editmandatoryValidationLocation</b><br>Test class: org.test.GlobalContactRequest</td>
<td></td>
<td>0</td>
<td>org.test.GlobalContactRequest@4a83a74a</td></tr>
<tr>
<td title='org.test.CustomerContactJob.completedJob()'><b>completedJob</b><br>Test class: org.test.CustomerContactJob</td>
<td></td>
<td>11</td>
<td>org.test.CustomerContactJob@350aac89</td></tr>
<tr>
<td title='org.test.CustomerOrganizationRequest.requestStartedStatus()'><b>requestStartedStatus</b><br>Test class: org.test.CustomerOrganizationRequest</td>
<td></td>
<td>0</td>
<td>org.test.CustomerOrganizationRequest@15043a2f</td></tr>
<tr>
<td title='org.test.GlobalOrganizationRequest.requestDispatchedStatus()'><b>requestDispatchedStatus</b><br>Test class: org.test.GlobalOrganizationRequest</td>
<td></td>
<td>0</td>
<td>org.test.GlobalOrganizationRequest@1349883</td></tr>
<tr>
<td title='org.test.GlobalOrganizationJob.editmaximumTagValidation()'><b>editmaximumTagValidation</b><br>Test class: org.test.GlobalOrganizationJob</td>
<td></td>
<td>0</td>
<td>org.test.GlobalOrganizationJob@79e4c792</td></tr>
<tr>
<td title='org.test.GlobalOrganizationJob.maximumValidationDescription()'><b>maximumValidationDescription</b><br>Test class: org.test.GlobalOrganizationJob</td>
<td></td>
<td>4</td>
<td>org.test.GlobalOrganizationJob@79e4c792</td></tr>
<tr>
<td title='org.test.GlobalOrganizationJob.duplicateTagsValidation()'><b>duplicateTagsValidation</b><br>Test class: org.test.GlobalOrganizationJob</td>
<td></td>
<td>0</td>
<td>org.test.GlobalOrganizationJob@79e4c792</td></tr>
<tr>
<td title='org.test.GlobalOrganizationRequest.searchFilterByDate()'><b>searchFilterByDate</b><br>Test class: org.test.GlobalOrganizationRequest</td>
<td></td>
<td>5</td>
<td>org.test.GlobalOrganizationRequest@1349883</td></tr>
<tr>
<td title='org.test.CustomerOrganizationJob.editmaximumValidationLocation()'><b>editmaximumValidationLocation</b><br>Test class: org.test.CustomerOrganizationJob</td>
<td></td>
<td>4</td>
<td>org.test.CustomerOrganizationJob@1c5920df</td></tr>
<tr>
<td title='org.test.GlobalContactJob.searchLocation()'><b>searchLocation</b><br>Test class: org.test.GlobalContactJob</td>
<td></td>
<td>2</td>
<td>org.test.GlobalContactJob@17f9d882</td></tr>
<tr>
<td title='org.test.GlobalOrganizationJob.autoCompleteOrganizationContactCreation()'><b>autoCompleteOrganizationContactCreation</b><br>Test class: org.test.GlobalOrganizationJob</td>
<td></td>
<td>12</td>
<td>org.test.GlobalOrganizationJob@79e4c792</td></tr>
<tr>
<td title='org.test.GlobalContactRequest.requestScheduleStatus()'><b>requestScheduleStatus</b><br>Test class: org.test.GlobalContactRequest</td>
<td></td>
<td>0</td>
<td>org.test.GlobalContactRequest@4a83a74a</td></tr>
<tr>
<td title='org.test.GlobalContactJob.editmandatoryValidationLocation()'><b>editmandatoryValidationLocation</b><br>Test class: org.test.GlobalContactJob</td>
<td></td>
<td>0</td>
<td>org.test.GlobalContactJob@17f9d882</td></tr>
<tr>
<td title='org.test.CustomerContactJob.maximumValidationTittle()'><b>maximumValidationTittle</b><br>Test class: org.test.CustomerContactJob</td>
<td></td>
<td>4</td>
<td>org.test.CustomerContactJob@350aac89</td></tr>
<tr>
<td title='org.test.GlobalContactRequest.requestCompleteStatus()'><b>requestCompleteStatus</b><br>Test class: org.test.GlobalContactRequest</td>
<td></td>
<td>0</td>
<td>org.test.GlobalContactRequest@4a83a74a</td></tr>
<tr>
<td title='org.test.GlobalContactJob.searchFilterByDate()'><b>searchFilterByDate</b><br>Test class: org.test.GlobalContactJob</td>
<td></td>
<td>4</td>
<td>org.test.GlobalContactJob@17f9d882</td></tr>
<tr>
<td title='org.test.GlobalContactRequest.editmandatoryValidationDescription()'><b>editmandatoryValidationDescription</b><br>Test class: org.test.GlobalContactRequest</td>
<td></td>
<td>0</td>
<td>org.test.GlobalContactRequest@4a83a74a</td></tr>
<tr>
<td title='org.test.GlobalOrganizationRequest.editmaxTagLimitValidation()'><b>editmaxTagLimitValidation</b><br>Test class: org.test.GlobalOrganizationRequest</td>
<td></td>
<td>17</td>
<td>org.test.GlobalOrganizationRequest@1349883</td></tr>
<tr>
<td title='org.test.CustomerOrganizationJob.contactModule()'><b>contactModule</b><br>Test class: org.test.CustomerOrganizationJob</td>
<td></td>
<td>5</td>
<td>org.test.CustomerOrganizationJob@1c5920df</td></tr>
<tr>
<td title='org.test.CustomerOrganizationJob.mandatoryValidationLocation()'><b>mandatoryValidationLocation</b><br>Test class: org.test.CustomerOrganizationJob</td>
<td></td>
<td>0</td>
<td>org.test.CustomerOrganizationJob@1c5920df</td></tr>
<tr>
<td title='org.test.GlobalOrganizationJob.searchInvalid()'><b>searchInvalid</b><br>Test class: org.test.GlobalOrganizationJob</td>
<td></td>
<td>4</td>
<td>org.test.GlobalOrganizationJob@79e4c792</td></tr>
<tr>
<td title='org.test.CustomerContactJob.maximumValidationLocation()'><b>maximumValidationLocation</b><br>Test class: org.test.CustomerContactJob</td>
<td></td>
<td>5</td>
<td>org.test.CustomerContactJob@350aac89</td></tr>
<tr>
<td title='org.test.GlobalOrganizationRequest.contactMandatoryValidation()'><b>contactMandatoryValidation</b><br>Test class: org.test.GlobalOrganizationRequest</td>
<td></td>
<td>1</td>
<td>org.test.GlobalOrganizationRequest@1349883</td></tr>
<tr>
<td title='org.test.GlobalContactRequest.requestModule()'><b>requestModule</b><br>Test class: org.test.GlobalContactRequest</td>
<td></td>
<td>1</td>
<td>org.test.GlobalContactRequest@4a83a74a</td></tr>
<tr>
<td title='org.test.GlobalContactRequest.updatedRequest()'><b>updatedRequest</b><br>Test class: org.test.GlobalContactRequest</td>
<td></td>
<td>13</td>
<td>org.test.GlobalContactRequest@4a83a74a</td></tr>
<tr>
<td title='org.test.CustomerContactJob.duplicateTagsValidation()'><b>duplicateTagsValidation</b><br>Test class: org.test.CustomerContactJob</td>
<td></td>
<td>0</td>
<td>org.test.CustomerContactJob@350aac89</td></tr>
<tr>
<td title='org.test.GlobalOrganizationRequest.editmaximumTagValidation()'><b>editmaximumTagValidation</b><br>Test class: org.test.GlobalOrganizationRequest</td>
<td></td>
<td>0</td>
<td>org.test.GlobalOrganizationRequest@1349883</td></tr>
<tr>
<td title='org.test.CustomerContactJob.searchLocation()'><b>searchLocation</b><br>Test class: org.test.CustomerContactJob</td>
<td></td>
<td>1</td>
<td>org.test.CustomerContactJob@350aac89</td></tr>
<tr>
<td title='org.test.CustomerContactJob.jobStartedStatus()'><b>jobStartedStatus</b><br>Test class: org.test.CustomerContactJob</td>
<td></td>
<td>0</td>
<td>org.test.CustomerContactJob@350aac89</td></tr>
<tr>
<td title='org.test.GlobalOrganizationRequest.maximumValidationDescription()'><b>maximumValidationDescription</b><br>Test class: org.test.GlobalOrganizationRequest</td>
<td></td>
<td>4</td>
<td>org.test.GlobalOrganizationRequest@1349883</td></tr>
<tr>
<td title='org.test.GlobalContactJob.jobModule()'><b>jobModule</b><br>Test class: org.test.GlobalContactJob</td>
<td></td>
<td>0</td>
<td>org.test.GlobalContactJob@17f9d882</td></tr>
<tr>
<td title='org.test.CustomerContactJob.mandatoryValidationDescription()'><b>mandatoryValidationDescription</b><br>Test class: org.test.CustomerContactJob</td>
<td></td>
<td>0</td>
<td>org.test.CustomerContactJob@350aac89</td></tr>
<tr>
<td title='org.test.CustomerContactJob.maximumValidationNotes()'><b>maximumValidationNotes</b><br>Test class: org.test.CustomerContactJob</td>
<td></td>
<td>3</td>
<td>org.test.CustomerContactJob@350aac89</td></tr>
<tr>
<td title='org.test.GlobalOrganizationRequest.duplicateTagsValidation()'><b>duplicateTagsValidation</b><br>Test class: org.test.GlobalOrganizationRequest</td>
<td></td>
<td>0</td>
<td>org.test.GlobalOrganizationRequest@1349883</td></tr>
<tr>
<td title='org.test.CustomerOrganizationJob.maximumValidationLocation()'><b>maximumValidationLocation</b><br>Test class: org.test.CustomerOrganizationJob</td>
<td></td>
<td>6</td>
<td>org.test.CustomerOrganizationJob@1c5920df</td></tr>
<tr>
<td title='org.test.GlobalContactJob.jobCompleteStatus()'><b>jobCompleteStatus</b><br>Test class: org.test.GlobalContactJob</td>
<td></td>
<td>0</td>
<td>org.test.GlobalContactJob@17f9d882</td></tr>
<tr>
<td title='org.test.CustomerOrganizationRequest.editmaximumValidationDescription()'><b>editmaximumValidationDescription</b><br>Test class: org.test.CustomerOrganizationRequest</td>
<td></td>
<td>4</td>
<td>org.test.CustomerOrganizationRequest@15043a2f</td></tr>
<tr>
<td title='org.test.CustomerContactJob.jobDispatchedStatus()'><b>jobDispatchedStatus</b><br>Test class: org.test.CustomerContactJob</td>
<td></td>
<td>0</td>
<td>org.test.CustomerContactJob@350aac89</td></tr>
<tr>
<td title='org.test.CustomerOrganizationJob.maxTagLimitValidation()'><b>maxTagLimitValidation</b><br>Test class: org.test.CustomerOrganizationJob</td>
<td></td>
<td>15</td>
<td>org.test.CustomerOrganizationJob@1c5920df</td></tr>
<tr>
<td title='org.test.GlobalContactJob.mandatoryValidationDescription()'><b>mandatoryValidationDescription</b><br>Test class: org.test.GlobalContactJob</td>
<td></td>
<td>0</td>
<td>org.test.GlobalContactJob@17f9d882</td></tr>
<tr>
<td title='org.test.GlobalContactRequest.requestUnassignedStatus()'><b>requestUnassignedStatus</b><br>Test class: org.test.GlobalContactRequest</td>
<td></td>
<td>0</td>
<td>org.test.GlobalContactRequest@4a83a74a</td></tr>
<tr>
<td title='org.test.CustomerContactJob.searchFilterByDate()'><b>searchFilterByDate</b><br>Test class: org.test.CustomerContactJob</td>
<td></td>
<td>2</td>
<td>org.test.CustomerContactJob@350aac89</td></tr>
<tr>
<td title='org.test.CustomerOrganizationJob.labelEditValidation()'><b>labelEditValidation</b><br>Test class: org.test.CustomerOrganizationJob</td>
<td></td>
<td>8</td>
<td>org.test.CustomerOrganizationJob@1c5920df</td></tr>
<tr>
<td title='org.test.GlobalOrganizationJob.mandatoryValidationDescription()'><b>mandatoryValidationDescription</b><br>Test class: org.test.GlobalOrganizationJob</td>
<td></td>
<td>0</td>
<td>org.test.GlobalOrganizationJob@79e4c792</td></tr>
<tr>
<td title='org.test.GlobalOrganizationJob.maximumTagValidation()'><b>maximumTagValidation</b><br>Test class: org.test.GlobalOrganizationJob</td>
<td></td>
<td>0</td>
<td>org.test.GlobalOrganizationJob@79e4c792</td></tr>
<tr>
<td title='org.test.CustomerOrganizationRequest.namePrepopulation()'><b>namePrepopulation</b><br>Test class: org.test.CustomerOrganizationRequest</td>
<td></td>
<td>1</td>
<td>org.test.CustomerOrganizationRequest@15043a2f</td></tr>
<tr>
<td title='org.test.GlobalOrganizationJob.jobUnassignedStatus()'><b>jobUnassignedStatus</b><br>Test class: org.test.GlobalOrganizationJob</td>
<td></td>
<td>0</td>
<td>org.test.GlobalOrganizationJob@79e4c792</td></tr>
<tr>
<td title='org.test.GlobalContactRequest.cancelledRequest()'><b>cancelledRequest</b><br>Test class: org.test.GlobalContactRequest</td>
<td></td>
<td>13</td>
<td>org.test.GlobalContactRequest@4a83a74a</td></tr>
<tr>
<td title='org.test.GlobalContactRequest.unsssignedRequest()'><b>unsssignedRequest</b><br>Test class: org.test.GlobalContactRequest</td>
<td></td>
<td>14</td>
<td>org.test.GlobalContactRequest@4a83a74a</td></tr>
<tr>
<td title='org.test.GlobalOrganizationRequest.mandatoryValidationDescription()'><b>mandatoryValidationDescription</b><br>Test class: org.test.GlobalOrganizationRequest</td>
<td></td>
<td>0</td>
<td>org.test.GlobalOrganizationRequest@1349883</td></tr>
<tr>
<td title='org.test.GlobalOrganizationRequest.requestStartedStatus()'><b>requestStartedStatus</b><br>Test class: org.test.GlobalOrganizationRequest</td>
<td></td>
<td>0</td>
<td>org.test.GlobalOrganizationRequest@1349883</td></tr>
<tr>
<td title='org.test.AvailabilityTechnicians.createdJobTwoDays()'><b>createdJobTwoDays</b><br>Test class: org.test.AvailabilityTechnicians</td>
<td></td>
<td>21</td>
<td>org.test.AvailabilityTechnicians@196a42c3</td></tr>
<tr>
<td title='org.test.CustomerContactJob.maxTagLimitValidation()'><b>maxTagLimitValidation</b><br>Test class: org.test.CustomerContactJob</td>
<td></td>
<td>16</td>
<td>org.test.CustomerContactJob@350aac89</td></tr>
<tr>
<td title='org.test.CustomerOrganizationJob.jobStartedStatus()'><b>jobStartedStatus</b><br>Test class: org.test.CustomerOrganizationJob</td>
<td></td>
<td>0</td>
<td>org.test.CustomerOrganizationJob@1c5920df</td></tr>
<tr>
<td title='org.test.GlobalOrganizationRequest.mandatoryValidationLocation()'><b>mandatoryValidationLocation</b><br>Test class: org.test.GlobalOrganizationRequest</td>
<td></td>
<td>0</td>
<td>org.test.GlobalOrganizationRequest@1349883</td></tr>
<tr>
<td title='org.test.CustomerOrganizationRequest.requestCompleteStatus()'><b>requestCompleteStatus</b><br>Test class: org.test.CustomerOrganizationRequest</td>
<td></td>
<td>0</td>
<td>org.test.CustomerOrganizationRequest@15043a2f</td></tr>
<tr>
<td title='org.test.GlobalContactRequest.maximumValidationDescription()'><b>maximumValidationDescription</b><br>Test class: org.test.GlobalContactRequest</td>
<td></td>
<td>4</td>
<td>org.test.GlobalContactRequest@4a83a74a</td></tr>
<tr>
<td title='org.test.CustomerContactJob.createJob_FromDateandTime_ToDateandTime()'><b>createJob_FromDateandTime_ToDateandTime</b><br>Test class: org.test.CustomerContactJob</td>
<td></td>
<td>16</td>
<td>org.test.CustomerContactJob@350aac89</td></tr>
<tr>
<td title='org.test.CustomerOrganizationJob.jobScheduleStatus()'><b>jobScheduleStatus</b><br>Test class: org.test.CustomerOrganizationJob</td>
<td></td>
<td>4</td>
<td>org.test.CustomerOrganizationJob@1c5920df</td></tr>
<tr>
<td title='org.test.GlobalContactRequest.maximumValidationTittle()'><b>maximumValidationTittle</b><br>Test class: org.test.GlobalContactRequest</td>
<td></td>
<td>0</td>
<td>org.test.GlobalContactRequest@4a83a74a</td></tr>
<tr>
<td title='org.test.GlobalContactRequest.editmaximumValidationTittle()'><b>editmaximumValidationTittle</b><br>Test class: org.test.GlobalContactRequest</td>
<td></td>
<td>0</td>
<td>org.test.GlobalContactRequest@4a83a74a</td></tr>
<tr>
<td title='org.test.CustomerContactJob.jobDraftStatus()'><b>jobDraftStatus</b><br>Test class: org.test.CustomerContactJob</td>
<td></td>
<td>9</td>
<td>org.test.CustomerContactJob@350aac89</td></tr>
<tr>
<td title='org.test.AvailabilityTechnicians.loginPage()'><b>loginPage</b><br>Test class: org.test.AvailabilityTechnicians</td>
<td></td>
<td>67</td>
<td>org.test.AvailabilityTechnicians@196a42c3</td></tr>
<tr>
<td title='org.test.CustomerOrganizationRequest.editmaximumTagValidation()'><b>editmaximumTagValidation</b><br>Test class: org.test.CustomerOrganizationRequest</td>
<td></td>
<td>0</td>
<td>org.test.CustomerOrganizationRequest@15043a2f</td></tr>
<tr>
<td title='org.test.CustomerOrganizationJob.createOrganization()'><b>createOrganization</b><br>Test class: org.test.CustomerOrganizationJob</td>
<td></td>
<td>19</td>
<td>org.test.CustomerOrganizationJob@1c5920df</td></tr>
<tr>
<td title='org.test.GlobalOrganizationJob.contactNumberDisplayed()'><b>contactNumberDisplayed</b><br>Test class: org.test.GlobalOrganizationJob</td>
<td></td>
<td>0</td>
<td>org.test.GlobalOrganizationJob@79e4c792</td></tr>
<tr>
<td title='org.test.GlobalOrganizationJob.editduplicateTagsValidation()'><b>editduplicateTagsValidation</b><br>Test class: org.test.GlobalOrganizationJob</td>
<td></td>
<td>0</td>
<td>org.test.GlobalOrganizationJob@79e4c792</td></tr>
<tr>
<td title='org.test.CustomerOrganizationJob.unsssignedJob()'><b>unsssignedJob</b><br>Test class: org.test.CustomerOrganizationJob</td>
<td></td>
<td>13</td>
<td>org.test.CustomerOrganizationJob@1c5920df</td></tr>
<tr>
<td title='org.test.GlobalContactJob.maximumValidationDescription()'><b>maximumValidationDescription</b><br>Test class: org.test.GlobalContactJob</td>
<td></td>
<td>4</td>
<td>org.test.GlobalContactJob@17f9d882</td></tr>
<tr>
<td title='org.test.AvailabilityTechnicians.technianAvailabilityMidDate()'><b>technianAvailabilityMidDate</b><br>Test class: org.test.AvailabilityTechnicians</td>
<td></td>
<td>22</td>
<td>org.test.AvailabilityTechnicians@196a42c3</td></tr>
<tr>
<td title='org.test.GlobalContactRequest.dispatchedRequest()'><b>dispatchedRequest</b><br>Test class: org.test.GlobalContactRequest</td>
<td></td>
<td>13</td>
<td>org.test.GlobalContactRequest@4a83a74a</td></tr>
<tr>
<td title='org.test.GlobalOrganizationRequest.editmaximumValidationLocation()'><b>editmaximumValidationLocation</b><br>Test class: org.test.GlobalOrganizationRequest</td>
<td></td>
<td>6</td>
<td>org.test.GlobalOrganizationRequest@1349883</td></tr>
<tr>
<td title='org.test.GlobalOrganizationJob.jobScheduleStatus()'><b>jobScheduleStatus</b><br>Test class: org.test.GlobalOrganizationJob</td>
<td></td>
<td>0</td>
<td>org.test.GlobalOrganizationJob@79e4c792</td></tr>
<tr>
<td title='org.test.GlobalContactRequest.editmaximumValidationDescription()'><b>editmaximumValidationDescription</b><br>Test class: org.test.GlobalContactRequest</td>
<td></td>
<td>4</td>
<td>org.test.GlobalContactRequest@4a83a74a</td></tr>
<tr>
<td title='org.test.GlobalContactJob.editmandatoryValidationDescription()'><b>editmandatoryValidationDescription</b><br>Test class: org.test.GlobalContactJob</td>
<td></td>
<td>0</td>
<td>org.test.GlobalContactJob@17f9d882</td></tr>
<tr>
<td title='org.test.GlobalContactJob.jobUnassignedStatus()'><b>jobUnassignedStatus</b><br>Test class: org.test.GlobalContactJob</td>
<td></td>
<td>0</td>
<td>org.test.GlobalContactJob@17f9d882</td></tr>
<tr>
<td title='org.test.GlobalContactRequest.duplicateTagsValidation()'><b>duplicateTagsValidation</b><br>Test class: org.test.GlobalContactRequest</td>
<td></td>
<td>0</td>
<td>org.test.GlobalContactRequest@4a83a74a</td></tr>
<tr>
<td title='org.test.CustomerContactJob.maximumValidationDescription()'><b>maximumValidationDescription</b><br>Test class: org.test.CustomerContactJob</td>
<td></td>
<td>3</td>
<td>org.test.CustomerContactJob@350aac89</td></tr>
<tr>
<td title='org.test.CustomerContactJob.jobUnassignedStatus()'><b>jobUnassignedStatus</b><br>Test class: org.test.CustomerContactJob</td>
<td></td>
<td>0</td>
<td>org.test.CustomerContactJob@350aac89</td></tr>
<tr>
<td title='org.test.CustomerOrganizationJob.editmandatoryValidationDescription()'><b>editmandatoryValidationDescription</b><br>Test class: org.test.CustomerOrganizationJob</td>
<td></td>
<td>0</td>
<td>org.test.CustomerOrganizationJob@1c5920df</td></tr>
<tr>
<td title='org.test.AvailabilityTechnicians.technicianAvailability5()'><b>technicianAvailability5</b><br>Test class: org.test.AvailabilityTechnicians</td>
<td></td>
<td>3</td>
<td>org.test.AvailabilityTechnicians@196a42c3</td></tr>
<tr>
<td title='org.test.GlobalOrganizationRequest.labelEditValidation()'><b>labelEditValidation</b><br>Test class: org.test.GlobalOrganizationRequest</td>
<td></td>
<td>8</td>
<td>org.test.GlobalOrganizationRequest@1349883</td></tr>
<tr>
<td title='org.test.GlobalOrganizationJob.editmaxTagLimitValidation()'><b>editmaxTagLimitValidation</b><br>Test class: org.test.GlobalOrganizationJob</td>
<td></td>
<td>20</td>
<td>org.test.GlobalOrganizationJob@79e4c792</td></tr>
<tr>
<td title='org.test.GlobalContactJob.searchJobNo()'><b>searchJobNo</b><br>Test class: org.test.GlobalContactJob</td>
<td></td>
<td>2</td>
<td>org.test.GlobalContactJob@17f9d882</td></tr>
<tr>
<td title='org.test.GlobalOrganizationJob.maximumValidationTittle()'><b>maximumValidationTittle</b><br>Test class: org.test.GlobalOrganizationJob</td>
<td></td>
<td>5</td>
<td>org.test.GlobalOrganizationJob@79e4c792</td></tr>
<tr>
<td title='org.test.CustomerContactRequest.searchLocation()'><b>searchLocation</b><br>Test class: org.test.CustomerContactRequest</td>
<td></td>
<td>2</td>
<td>org.test.CustomerContactRequest@4c60d6e9</td></tr>
<tr>
<td title='org.test.GlobalContactRequest.createRequest_FromDateandTime_ToDateandTime()'><b>createRequest_FromDateandTime_ToDateandTime</b><br>Test class: org.test.GlobalContactRequest</td>
<td></td>
<td>26</td>
<td>org.test.GlobalContactRequest@4a83a74a</td></tr>
<tr>
<td title='org.test.CustomerOrganizationJob.editmaximumValidationDescription()'><b>editmaximumValidationDescription</b><br>Test class: org.test.CustomerOrganizationJob</td>
<td></td>
<td>3</td>
<td>org.test.CustomerOrganizationJob@1c5920df</td></tr>
<tr>
<td title='org.test.GlobalOrganizationJob.searchJobNo()'><b>searchJobNo</b><br>Test class: org.test.GlobalOrganizationJob</td>
<td></td>
<td>2</td>
<td>org.test.GlobalOrganizationJob@79e4c792</td></tr>
<tr>
<td title='org.test.CustomerContactRequest.contactModule()'><b>contactModule</b><br>Test class: org.test.CustomerContactRequest</td>
<td></td>
<td>9</td>
<td>org.test.CustomerContactRequest@4c60d6e9</td></tr>
<tr>
<td title='org.test.GlobalContactJob.maximumValidationLocation()'><b>maximumValidationLocation</b><br>Test class: org.test.GlobalContactJob</td>
<td></td>
<td>5</td>
<td>org.test.GlobalContactJob@17f9d882</td></tr>
<tr>
<td title='org.test.GlobalContactRequest.maximumValidationLocation()'><b>maximumValidationLocation</b><br>Test class: org.test.GlobalContactRequest</td>
<td></td>
<td>7</td>
<td>org.test.GlobalContactRequest@4a83a74a</td></tr>
<tr>
<td title='org.test.CustomerContactRequest.requestCompleteStatus()'><b>requestCompleteStatus</b><br>Test class: org.test.CustomerContactRequest</td>
<td></td>
<td>0</td>
<td>org.test.CustomerContactRequest@4c60d6e9</td></tr>
<tr>
<td title='org.test.CustomerOrganizationRequest.searchLocation()'><b>searchLocation</b><br>Test class: org.test.CustomerOrganizationRequest</td>
<td></td>
<td>2</td>
<td>org.test.CustomerOrganizationRequest@15043a2f</td></tr>
<tr>
<td title='org.test.GlobalOrganizationRequest.autoCompleteOrganizationCreation()'><b>autoCompleteOrganizationCreation</b><br>Test class: org.test.GlobalOrganizationRequest</td>
<td></td>
<td>16</td>
<td>org.test.GlobalOrganizationRequest@1349883</td></tr>
<tr>
<td title='org.test.CustomerOrganizationJob.editmandatoryValidationLocation()'><b>editmandatoryValidationLocation</b><br>Test class: org.test.CustomerOrganizationJob</td>
<td></td>
<td>0</td>
<td>org.test.CustomerOrganizationJob@1c5920df</td></tr>
<tr>
<td title='org.test.GlobalContactJob.completedJob()'><b>completedJob</b><br>Test class: org.test.GlobalContactJob</td>
<td></td>
<td>13</td>
<td>org.test.GlobalContactJob@17f9d882</td></tr>
<tr>
<td title='org.test.CustomerContactRequest.requestCreatedCount()'><b>requestCreatedCount</b><br>Test class: org.test.CustomerContactRequest</td>
<td></td>
<td>0</td>
<td>org.test.CustomerContactRequest@4c60d6e9</td></tr>
<tr>
<td title='org.test.CustomerContactJob.searchInvalid()'><b>searchInvalid</b><br>Test class: org.test.CustomerContactJob</td>
<td></td>
<td>1</td>
<td>org.test.CustomerContactJob@350aac89</td></tr>
<tr>
<td title='org.test.CustomerContactJob.jobCompleteStatus()'><b>jobCompleteStatus</b><br>Test class: org.test.CustomerContactJob</td>
<td></td>
<td>0</td>
<td>org.test.CustomerContactJob@350aac89</td></tr>
<tr>
<td title='org.test.CustomerContactRequest.editmaximumValidationTittle()'><b>editmaximumValidationTittle</b><br>Test class: org.test.CustomerContactRequest</td>
<td></td>
<td>1</td>
<td>org.test.CustomerContactRequest@4c60d6e9</td></tr>
<tr>
<td title='org.test.GlobalOrganizationJob.editmaximumValidationDescription()'><b>editmaximumValidationDescription</b><br>Test class: org.test.GlobalOrganizationJob</td>
<td></td>
<td>4</td>
<td>org.test.GlobalOrganizationJob@79e4c792</td></tr>
<tr>
<td title='org.test.GlobalContactJob.autoCompleteContactCreation()'><b>autoCompleteContactCreation</b><br>Test class: org.test.GlobalContactJob</td>
<td></td>
<td>10</td>
<td>org.test.GlobalContactJob@17f9d882</td></tr>
<tr>
<td title='org.test.GlobalContactRequest.maximumTagValidation()'><b>maximumTagValidation</b><br>Test class: org.test.GlobalContactRequest</td>
<td></td>
<td>0</td>
<td>org.test.GlobalContactRequest@4a83a74a</td></tr>
<tr>
<td title='org.test.GlobalOrganizationRequest.maxTagLimitValidation()'><b>maxTagLimitValidation</b><br>Test class: org.test.GlobalOrganizationRequest</td>
<td></td>
<td>16</td>
<td>org.test.GlobalOrganizationRequest@1349883</td></tr>
<tr>
<td title='org.test.CustomerContactJob.cancelledJob()'><b>cancelledJob</b><br>Test class: org.test.CustomerContactJob</td>
<td></td>
<td>12</td>
<td>org.test.CustomerContactJob@350aac89</td></tr>
<tr>
<td title='org.test.CustomerOrganizationRequest.maximumValidationDescription()'><b>maximumValidationDescription</b><br>Test class: org.test.CustomerOrganizationRequest</td>
<td></td>
<td>4</td>
<td>org.test.CustomerOrganizationRequest@15043a2f</td></tr>
<tr>
<td title='org.test.GlobalOrganizationJob.createJob_FromDateandTime_ToDateandTime()'><b>createJob_FromDateandTime_ToDateandTime</b><br>Test class: org.test.GlobalOrganizationJob</td>
<td></td>
<td>42</td>
<td>org.test.GlobalOrganizationJob@79e4c792</td></tr>
<tr>
<td title='org.test.GlobalContactJob.editmaximumValidationNotes()'><b>editmaximumValidationNotes</b><br>Test class: org.test.GlobalContactJob</td>
<td></td>
<td>3</td>
<td>org.test.GlobalContactJob@17f9d882</td></tr>
<tr>
<td title='org.test.GlobalOrganizationJob.labelEditValidation()'><b>labelEditValidation</b><br>Test class: org.test.GlobalOrganizationJob</td>
<td></td>
<td>11</td>
<td>org.test.GlobalOrganizationJob@79e4c792</td></tr>
<tr>
<td title='org.test.CustomerContactRequest.editmaximumValidationDescription()'><b>editmaximumValidationDescription</b><br>Test class: org.test.CustomerContactRequest</td>
<td></td>
<td>4</td>
<td>org.test.CustomerContactRequest@4c60d6e9</td></tr>
<tr>
<td title='org.test.CustomerOrganizationRequest.requestCreatedCount()'><b>requestCreatedCount</b><br>Test class: org.test.CustomerOrganizationRequest</td>
<td></td>
<td>0</td>
<td>org.test.CustomerOrganizationRequest@15043a2f</td></tr>
<tr>
<td title='org.test.CustomerContactJob.mandatoryValidationLocation()'><b>mandatoryValidationLocation</b><br>Test class: org.test.CustomerContactJob</td>
<td></td>
<td>0</td>
<td>org.test.CustomerContactJob@350aac89</td></tr>
<tr>
<td title='org.test.GlobalOrganizationRequest.loginPage()'><b>loginPage</b><br>Test class: org.test.GlobalOrganizationRequest</td>
<td></td>
<td>38</td>
<td>org.test.GlobalOrganizationRequest@1349883</td></tr>
<tr>
<td title='org.test.CustomerOrganizationJob.createButton()'><b>createButton</b><br>Test class: org.test.CustomerOrganizationJob</td>
<td></td>
<td>0</td>
<td>org.test.CustomerOrganizationJob@1c5920df</td></tr>
<tr>
<td title='org.test.AvailabilityTechnicians.technicianAvailability4()'><b>technicianAvailability4</b><br>Test class: org.test.AvailabilityTechnicians</td>
<td></td>
<td>3</td>
<td>org.test.AvailabilityTechnicians@196a42c3</td></tr>
<tr>
<td title='org.test.GlobalOrganizationRequest.editmandatoryValidationLocation()'><b>editmandatoryValidationLocation</b><br>Test class: org.test.GlobalOrganizationRequest</td>
<td></td>
<td>0</td>
<td>org.test.GlobalOrganizationRequest@1349883</td></tr>
<tr>
<td title='org.test.GlobalContactJob.unsssignedJob()'><b>unsssignedJob</b><br>Test class: org.test.GlobalContactJob</td>
<td></td>
<td>13</td>
<td>org.test.GlobalContactJob@17f9d882</td></tr>
<tr>
<td title='org.test.GlobalContactRequest.labelEditValidation()'><b>labelEditValidation</b><br>Test class: org.test.GlobalContactRequest</td>
<td></td>
<td>8</td>
<td>org.test.GlobalContactRequest@4a83a74a</td></tr>
<tr>
<td title='org.test.CustomerContactJob.editmaximumTagValidation()'><b>editmaximumTagValidation</b><br>Test class: org.test.CustomerContactJob</td>
<td></td>
<td>0</td>
<td>org.test.CustomerContactJob@350aac89</td></tr>
<tr>
<td title='org.test.GlobalOrganizationJob.jobStartedStatus()'><b>jobStartedStatus</b><br>Test class: org.test.GlobalOrganizationJob</td>
<td></td>
<td>0</td>
<td>org.test.GlobalOrganizationJob@79e4c792</td></tr>
<tr>
<td title='org.test.GlobalContactRequest.createButton()'><b>createButton</b><br>Test class: org.test.GlobalContactRequest</td>
<td></td>
<td>0</td>
<td>org.test.GlobalContactRequest@4a83a74a</td></tr>
<tr>
<td title='org.test.GlobalContactJob.maximumValidationTittle()'><b>maximumValidationTittle</b><br>Test class: org.test.GlobalContactJob</td>
<td></td>
<td>5</td>
<td>org.test.GlobalContactJob@17f9d882</td></tr>
<tr>
<td title='org.test.CustomerContactRequest.requestCancelledStatus()'><b>requestCancelledStatus</b><br>Test class: org.test.CustomerContactRequest</td>
<td></td>
<td>0</td>
<td>org.test.CustomerContactRequest@4c60d6e9</td></tr>
<tr>
<td title='org.test.GlobalOrganizationJob.loginPage()'><b>loginPage</b><br>Test class: org.test.GlobalOrganizationJob</td>
<td></td>
<td>82</td>
<td>org.test.GlobalOrganizationJob@79e4c792</td></tr>
<tr>
<td title='org.test.GlobalContactJob.mandatoryValidationLocation()'><b>mandatoryValidationLocation</b><br>Test class: org.test.GlobalContactJob</td>
<td></td>
<td>0</td>
<td>org.test.GlobalContactJob@17f9d882</td></tr>
<tr>
<td title='org.test.CustomerContactJob.startedJob()'><b>startedJob</b><br>Test class: org.test.CustomerContactJob</td>
<td></td>
<td>11</td>
<td>org.test.CustomerContactJob@350aac89</td></tr>
<tr>
<td title='org.test.CustomerContactRequest.maximumValidationTittle()'><b>maximumValidationTittle</b><br>Test class: org.test.CustomerContactRequest</td>
<td></td>
<td>0</td>
<td>org.test.CustomerContactRequest@4c60d6e9</td></tr>
<tr>
<td title='org.test.CustomerContactRequest.maximumValidationNotes()'><b>maximumValidationNotes</b><br>Test class: org.test.CustomerContactRequest</td>
<td></td>
<td>5</td>
<td>org.test.CustomerContactRequest@4c60d6e9</td></tr>
<tr>
<td title='org.test.AvailabilityTechnicians.userCreate()'><b>userCreate</b><br>Test class: org.test.AvailabilityTechnicians</td>
<td></td>
<td>45</td>
<td>org.test.AvailabilityTechnicians@196a42c3</td></tr>
<tr>
<td title='org.test.GlobalContactRequest.autoCompleteContactCreation()'><b>autoCompleteContactCreation</b><br>Test class: org.test.GlobalContactRequest</td>
<td></td>
<td>11</td>
<td>org.test.GlobalContactRequest@4a83a74a</td></tr>
<tr>
<td title='org.test.CustomerOrganizationJob.editmaximumValidationNotes()'><b>editmaximumValidationNotes</b><br>Test class: org.test.CustomerOrganizationJob</td>
<td></td>
<td>4</td>
<td>org.test.CustomerOrganizationJob@1c5920df</td></tr>
<tr>
<td title='org.test.GlobalOrganizationJob.mandatoryValidationLocation()'><b>mandatoryValidationLocation</b><br>Test class: org.test.GlobalOrganizationJob</td>
<td></td>
<td>0</td>
<td>org.test.GlobalOrganizationJob@79e4c792</td></tr>
<tr>
<td title='org.test.CustomerOrganizationRequest.requestUnassignedStatus()'><b>requestUnassignedStatus</b><br>Test class: org.test.CustomerOrganizationRequest</td>
<td></td>
<td>0</td>
<td>org.test.CustomerOrganizationRequest@15043a2f</td></tr>
<tr>
<td title='org.test.GlobalOrganizationJob.editmandatoryValidationDescription()'><b>editmandatoryValidationDescription</b><br>Test class: org.test.GlobalOrganizationJob</td>
<td></td>
<td>0</td>
<td>org.test.GlobalOrganizationJob@79e4c792</td></tr>
<tr>
<td title='org.test.CustomerOrganizationRequest.maximumValidationLocation()'><b>maximumValidationLocation</b><br>Test class: org.test.CustomerOrganizationRequest</td>
<td></td>
<td>6</td>
<td>org.test.CustomerOrganizationRequest@15043a2f</td></tr>
<tr>
<td title='org.test.CustomerContactJob.jobCancelledStatus()'><b>jobCancelledStatus</b><br>Test class: org.test.CustomerContactJob</td>
<td></td>
<td>0</td>
<td>org.test.CustomerContactJob@350aac89</td></tr>
<tr>
<td title='org.test.GlobalOrganizationJob.editsmandatoryValidationLocation()'><b>editsmandatoryValidationLocation</b><br>Test class: org.test.GlobalOrganizationJob</td>
<td></td>
<td>0</td>
<td>org.test.GlobalOrganizationJob@79e4c792</td></tr>
<tr>
<td title='org.test.GlobalContactRequest.searchRequestNo()'><b>searchRequestNo</b><br>Test class: org.test.GlobalContactRequest</td>
<td></td>
<td>3</td>
<td>org.test.GlobalContactRequest@4a83a74a</td></tr>
<tr>
<td title='org.test.GlobalContactRequest.mandatoryValidationLocation()'><b>mandatoryValidationLocation</b><br>Test class: org.test.GlobalContactRequest</td>
<td></td>
<td>0</td>
<td>org.test.GlobalContactRequest@4a83a74a</td></tr>
<tr>
<td title='org.test.CustomerContactJob.createButton()'><b>createButton</b><br>Test class: org.test.CustomerContactJob</td>
<td></td>
<td>0</td>
<td>org.test.CustomerContactJob@350aac89</td></tr>
<tr>
<td title='org.test.GlobalOrganizationJob.cancelledJob()'><b>cancelledJob</b><br>Test class: org.test.GlobalOrganizationJob</td>
<td></td>
<td>13</td>
<td>org.test.GlobalOrganizationJob@79e4c792</td></tr>
<tr>
<td title='org.test.GlobalContactRequest.startedRequest()'><b>startedRequest</b><br>Test class: org.test.GlobalContactRequest</td>
<td></td>
<td>14</td>
<td>org.test.GlobalContactRequest@4a83a74a</td></tr>
<tr>
<td title='org.test.GlobalContactJob.maxTagLimitValidation()'><b>maxTagLimitValidation</b><br>Test class: org.test.GlobalContactJob</td>
<td></td>
<td>15</td>
<td>org.test.GlobalContactJob@17f9d882</td></tr>
<tr>
<td title='org.test.CustomerContactRequest.createButton()'><b>createButton</b><br>Test class: org.test.CustomerContactRequest</td>
<td></td>
<td>0</td>
<td>org.test.CustomerContactRequest@4c60d6e9</td></tr>
<tr>
<td title='org.test.CustomerOrganizationRequest.labelValidation()'><b>labelValidation</b><br>Test class: org.test.CustomerOrganizationRequest</td>
<td></td>
<td>1</td>
<td>org.test.CustomerOrganizationRequest@15043a2f</td></tr>
<tr>
<td title='org.test.CustomerOrganizationJob.jobCreatedCount()'><b>jobCreatedCount</b><br>Test class: org.test.CustomerOrganizationJob</td>
<td></td>
<td>0</td>
<td>org.test.CustomerOrganizationJob@1c5920df</td></tr>
<tr>
<td title='org.test.GlobalContactRequest.editmaximumValidationLocation()'><b>editmaximumValidationLocation</b><br>Test class: org.test.GlobalContactRequest</td>
<td></td>
<td>6</td>
<td>org.test.GlobalContactRequest@4a83a74a</td></tr>
<tr>
<td title='org.test.GlobalContactJob.createJob_FromDateandTime_ToDateandTime()'><b>createJob_FromDateandTime_ToDateandTime</b><br>Test class: org.test.GlobalContactJob</td>
<td></td>
<td>23</td>
<td>org.test.GlobalContactJob@17f9d882</td></tr>
<tr>
<td title='org.test.GlobalContactJob.editmaximumTagValidation()'><b>editmaximumTagValidation</b><br>Test class: org.test.GlobalContactJob</td>
<td></td>
<td>0</td>
<td>org.test.GlobalContactJob@17f9d882</td></tr>
<tr>
<td title='org.test.GlobalOrganizationRequest.autoCompleteOrganizationContactCreation()'><b>autoCompleteOrganizationContactCreation</b><br>Test class: org.test.GlobalOrganizationRequest</td>
<td></td>
<td>12</td>
<td>org.test.GlobalOrganizationRequest@1349883</td></tr>
<tr>
<td title='org.test.GlobalOrganizationRequest.maximumValidationTittle()'><b>maximumValidationTittle</b><br>Test class: org.test.GlobalOrganizationRequest</td>
<td></td>
<td>0</td>
<td>org.test.GlobalOrganizationRequest@1349883</td></tr>
<tr>
<td title='org.test.GlobalOrganizationRequest.editduplicateTagsValidation()'><b>editduplicateTagsValidation</b><br>Test class: org.test.GlobalOrganizationRequest</td>
<td></td>
<td>0</td>
<td>org.test.GlobalOrganizationRequest@1349883</td></tr>
<tr>
<td title='org.test.GlobalContactJob.createButton()'><b>createButton</b><br>Test class: org.test.GlobalContactJob</td>
<td></td>
<td>0</td>
<td>org.test.GlobalContactJob@17f9d882</td></tr>
<tr>
<td title='org.test.GlobalOrganizationRequest.maximumTagValidation()'><b>maximumTagValidation</b><br>Test class: org.test.GlobalOrganizationRequest</td>
<td></td>
<td>0</td>
<td>org.test.GlobalOrganizationRequest@1349883</td></tr>
<tr>
<td title='org.test.GlobalOrganizationRequest.editmandatoryValidationDescription()'><b>editmandatoryValidationDescription</b><br>Test class: org.test.GlobalOrganizationRequest</td>
<td></td>
<td>0</td>
<td>org.test.GlobalOrganizationRequest@1349883</td></tr>
<tr>
<td title='org.test.CustomerContactRequest.editmandatoryValidationLocation()'><b>editmandatoryValidationLocation</b><br>Test class: org.test.CustomerContactRequest</td>
<td></td>
<td>0</td>
<td>org.test.CustomerContactRequest@4c60d6e9</td></tr>
<tr>
<td title='org.test.GlobalOrganizationRequest.requestUnassignedStatus()'><b>requestUnassignedStatus</b><br>Test class: org.test.GlobalOrganizationRequest</td>
<td></td>
<td>0</td>
<td>org.test.GlobalOrganizationRequest@1349883</td></tr>
<tr>
<td title='org.test.GlobalContactJob.labelValidation()'><b>labelValidation</b><br>Test class: org.test.GlobalContactJob</td>
<td></td>
<td>2</td>
<td>org.test.GlobalContactJob@17f9d882</td></tr>
<tr>
<td title='org.test.CustomerContactJob.updateButton()'><b>updateButton</b><br>Test class: org.test.CustomerContactJob</td>
<td></td>
<td>0</td>
<td>org.test.CustomerContactJob@350aac89</td></tr>
<tr>
<td title='org.test.GlobalOrganizationRequest.requestScheduleStatus()'><b>requestScheduleStatus</b><br>Test class: org.test.GlobalOrganizationRequest</td>
<td></td>
<td>0</td>
<td>org.test.GlobalOrganizationRequest@1349883</td></tr>
<tr>
<td title='org.test.CustomerContactJob.CreateContact()'><b>CreateContact</b><br>Test class: org.test.CustomerContactJob</td>
<td></td>
<td>13</td>
<td>org.test.CustomerContactJob@350aac89</td></tr>
<tr>
<td title='org.test.CustomerContactJob.editmandatoryValidationLocation()'><b>editmandatoryValidationLocation</b><br>Test class: org.test.CustomerContactJob</td>
<td></td>
<td>0</td>
<td>org.test.CustomerContactJob@350aac89</td></tr>
<tr>
<td title='org.test.CustomerContactRequest.listabelValidation()'><b>listabelValidation</b><br>Test class: org.test.CustomerContactRequest</td>
<td></td>
<td>8</td>
<td>org.test.CustomerContactRequest@4c60d6e9</td></tr>
<tr>
<td title='org.test.GlobalOrganizationJob.maxTagLimitValidation()'><b>maxTagLimitValidation</b><br>Test class: org.test.GlobalOrganizationJob</td>
<td></td>
<td>19</td>
<td>org.test.GlobalOrganizationJob@79e4c792</td></tr>
<tr>
<td title='org.test.CustomerContactRequest.requestUnassignedStatus()'><b>requestUnassignedStatus</b><br>Test class: org.test.CustomerContactRequest</td>
<td></td>
<td>0</td>
<td>org.test.CustomerContactRequest@4c60d6e9</td></tr>
<tr>
<td title='org.test.CustomerOrganizationJob.editmaximumValidationTittle()'><b>editmaximumValidationTittle</b><br>Test class: org.test.CustomerOrganizationJob</td>
<td></td>
<td>3</td>
<td>org.test.CustomerOrganizationJob@1c5920df</td></tr>
<tr>
<td title='org.test.GlobalContactJob.jobScheduleStatus()'><b>jobScheduleStatus</b><br>Test class: org.test.GlobalContactJob</td>
<td></td>
<td>0</td>
<td>org.test.GlobalContactJob@17f9d882</td></tr>
<tr>
<td title='org.test.CustomerOrganizationJob.duplicateTagsValidation()'><b>duplicateTagsValidation</b><br>Test class: org.test.CustomerOrganizationJob</td>
<td></td>
<td>0</td>
<td>org.test.CustomerOrganizationJob@1c5920df</td></tr>
<tr>
<td title='org.test.GlobalOrganizationJob.searchFilterByDate()'><b>searchFilterByDate</b><br>Test class: org.test.GlobalOrganizationJob</td>
<td></td>
<td>5</td>
<td>org.test.GlobalOrganizationJob@79e4c792</td></tr>
<tr>
<td title='org.test.GlobalOrganizationRequest.cancelledRequest()'><b>cancelledRequest</b><br>Test class: org.test.GlobalOrganizationRequest</td>
<td></td>
<td>10</td>
<td>org.test.GlobalOrganizationRequest@1349883</td></tr>
<tr>
<td title='org.test.GlobalContactJob.dispatchedJob()'><b>dispatchedJob</b><br>Test class: org.test.GlobalContactJob</td>
<td></td>
<td>12</td>
<td>org.test.GlobalContactJob@17f9d882</td></tr>
<tr>
<td title='org.test.GlobalOrganizationRequest.contactNumberDisplayed()'><b>contactNumberDisplayed</b><br>Test class: org.test.GlobalOrganizationRequest</td>
<td></td>
<td>0</td>
<td>org.test.GlobalOrganizationRequest@1349883</td></tr>
<tr>
<td title='org.test.GlobalOrganizationRequest.requestCancelledStatus()'><b>requestCancelledStatus</b><br>Test class: org.test.GlobalOrganizationRequest</td>
<td></td>
<td>0</td>
<td>org.test.GlobalOrganizationRequest@1349883</td></tr>
<tr>
<td title='org.test.CustomerOrganizationJob.loginPage()'><b>loginPage</b><br>Test class: org.test.CustomerOrganizationJob</td>
<td></td>
<td>62</td>
<td>org.test.CustomerOrganizationJob@1c5920df</td></tr>
<tr>
<td title='org.test.GlobalOrganizationRequest.updateButton()'><b>updateButton</b><br>Test class: org.test.GlobalOrganizationRequest</td>
<td></td>
<td>0</td>
<td>org.test.GlobalOrganizationRequest@1349883</td></tr>
<tr>
<td title='org.test.GlobalOrganizationJob.editJobwithFromDateFromTime()'><b>editJobwithFromDateFromTime</b><br>Test class: org.test.GlobalOrganizationJob</td>
<td></td>
<td>12</td>
<td>org.test.GlobalOrganizationJob@79e4c792</td></tr>
<tr>
<td title='org.test.CustomerOrganizationJob.editmaximumTagValidation()'><b>editmaximumTagValidation</b><br>Test class: org.test.CustomerOrganizationJob</td>
<td></td>
<td>0</td>
<td>org.test.CustomerOrganizationJob@1c5920df</td></tr>
<tr>
<td title='org.test.GlobalOrganizationRequest.createButton()'><b>createButton</b><br>Test class: org.test.GlobalOrganizationRequest</td>
<td></td>
<td>0</td>
<td>org.test.GlobalOrganizationRequest@1349883</td></tr>
<tr>
<td title='org.test.GlobalOrganizationRequest.startedRequest()'><b>startedRequest</b><br>Test class: org.test.GlobalOrganizationRequest</td>
<td></td>
<td>13</td>
<td>org.test.GlobalOrganizationRequest@1349883</td></tr>
<tr>
<td title='org.test.GlobalContactJob.labelEditValidation()'><b>labelEditValidation</b><br>Test class: org.test.GlobalContactJob</td>
<td></td>
<td>9</td>
<td>org.test.GlobalContactJob@17f9d882</td></tr>
<tr>
<td title='org.test.CustomerContactJob.contactModule()'><b>contactModule</b><br>Test class: org.test.CustomerContactJob</td>
<td></td>
<td>5</td>
<td>org.test.CustomerContactJob@350aac89</td></tr>
<tr>
<td title='org.test.GlobalContactJob.editduplicateTagsValidation()'><b>editduplicateTagsValidation</b><br>Test class: org.test.GlobalContactJob</td>
<td></td>
<td>0</td>
<td>org.test.GlobalContactJob@17f9d882</td></tr>
<tr>
<td title='org.test.GlobalContactJob.searchInvalid()'><b>searchInvalid</b><br>Test class: org.test.GlobalContactJob</td>
<td></td>
<td>2</td>
<td>org.test.GlobalContactJob@17f9d882</td></tr>
<tr>
<td title='org.test.GlobalOrganizationRequest.dispatchedRequest()'><b>dispatchedRequest</b><br>Test class: org.test.GlobalOrganizationRequest</td>
<td></td>
<td>14</td>
<td>org.test.GlobalOrganizationRequest@1349883</td></tr>
<tr>
<td title='org.test.CustomerOrganizationRequest.editmaximumValidationTittle()'><b>editmaximumValidationTittle</b><br>Test class: org.test.CustomerOrganizationRequest</td>
<td></td>
<td>0</td>
<td>org.test.CustomerOrganizationRequest@15043a2f</td></tr>
<tr>
<td title='org.test.CustomerOrganizationRequest.searchRequestNo()'><b>searchRequestNo</b><br>Test class: org.test.CustomerOrganizationRequest</td>
<td></td>
<td>11</td>
<td>org.test.CustomerOrganizationRequest@15043a2f</td></tr>
<tr>
<td title='org.test.CustomerContactJob.maximumTagValidation()'><b>maximumTagValidation</b><br>Test class: org.test.CustomerContactJob</td>
<td></td>
<td>0</td>
<td>org.test.CustomerContactJob@350aac89</td></tr>
<tr>
<td title='org.test.CustomerContactRequest.cancelledRequest()'><b>cancelledRequest</b><br>Test class: org.test.CustomerContactRequest</td>
<td></td>
<td>13</td>
<td>org.test.CustomerContactRequest@4c60d6e9</td></tr>
<tr>
<td title='org.test.GlobalContactJob.editmaximumValidationDescription()'><b>editmaximumValidationDescription</b><br>Test class: org.test.GlobalContactJob</td>
<td></td>
<td>4</td>
<td>org.test.GlobalContactJob@17f9d882</td></tr>
<tr>
<td title='org.test.CustomerContactRequest.requestStartedStatus()'><b>requestStartedStatus</b><br>Test class: org.test.CustomerContactRequest</td>
<td></td>
<td>0</td>
<td>org.test.CustomerContactRequest@4c60d6e9</td></tr>
<tr>
<td title='org.test.CustomerOrganizationRequest.maximumTagValidation()'><b>maximumTagValidation</b><br>Test class: org.test.CustomerOrganizationRequest</td>
<td></td>
<td>0</td>
<td>org.test.CustomerOrganizationRequest@15043a2f</td></tr>
<tr>
<td title='org.test.GlobalOrganizationJob.completedJob()'><b>completedJob</b><br>Test class: org.test.GlobalOrganizationJob</td>
<td></td>
<td>13</td>
<td>org.test.GlobalOrganizationJob@79e4c792</td></tr>
<tr>
<td title='org.test.CustomerOrganizationRequest.requestCancelledStatus()'><b>requestCancelledStatus</b><br>Test class: org.test.CustomerOrganizationRequest</td>
<td></td>
<td>0</td>
<td>org.test.CustomerOrganizationRequest@15043a2f</td></tr>
<tr>
<td title='org.test.GlobalOrganizationRequest.completedRequest()'><b>completedRequest</b><br>Test class: org.test.GlobalOrganizationRequest</td>
<td></td>
<td>14</td>
<td>org.test.GlobalOrganizationRequest@1349883</td></tr>
<tr>
<td title='org.test.GlobalOrganizationJob.editmaximumValidationNotes()'><b>editmaximumValidationNotes</b><br>Test class: org.test.GlobalOrganizationJob</td>
<td></td>
<td>5</td>
<td>org.test.GlobalOrganizationJob@79e4c792</td></tr>
<tr>
<td title='org.test.GlobalOrganizationJob.startedJob()'><b>startedJob</b><br>Test class: org.test.GlobalOrganizationJob</td>
<td></td>
<td>14</td>
<td>org.test.GlobalOrganizationJob@79e4c792</td></tr>
<tr>
<td title='org.test.GlobalContactRequest.searchFilterByDate()'><b>searchFilterByDate</b><br>Test class: org.test.GlobalContactRequest</td>
<td></td>
<td>4</td>
<td>org.test.GlobalContactRequest@4a83a74a</td></tr>
<tr>
<td title='org.test.CustomerContactRequest.labelEditValidation()'><b>labelEditValidation</b><br>Test class: org.test.CustomerContactRequest</td>
<td></td>
<td>8</td>
<td>org.test.CustomerContactRequest@4c60d6e9</td></tr>
<tr>
<td title='org.test.CustomerContactJob.namePrepopulation()'><b>namePrepopulation</b><br>Test class: org.test.CustomerContactJob</td>
<td></td>
<td>1</td>
<td>org.test.CustomerContactJob@350aac89</td></tr>
<tr>
<td title='org.test.CustomerOrganizationRequest.updatedRequest()'><b>updatedRequest</b><br>Test class: org.test.CustomerOrganizationRequest</td>
<td></td>
<td>12</td>
<td>org.test.CustomerOrganizationRequest@15043a2f</td></tr>
<tr>
<td title='org.test.CustomerOrganizationRequest.cancelledRequest()'><b>cancelledRequest</b><br>Test class: org.test.CustomerOrganizationRequest</td>
<td></td>
<td>12</td>
<td>org.test.CustomerOrganizationRequest@15043a2f</td></tr>
<tr>
<td title='org.test.CustomerContactRequest.maximumValidationLocation()'><b>maximumValidationLocation</b><br>Test class: org.test.CustomerContactRequest</td>
<td></td>
<td>6</td>
<td>org.test.CustomerContactRequest@4c60d6e9</td></tr>
<tr>
<td title='org.test.CustomerContactRequest.editmandatoryValidationDescription()'><b>editmandatoryValidationDescription</b><br>Test class: org.test.CustomerContactRequest</td>
<td></td>
<td>0</td>
<td>org.test.CustomerContactRequest@4c60d6e9</td></tr>
<tr>
<td title='org.test.GlobalOrganizationJob.jobModule()'><b>jobModule</b><br>Test class: org.test.GlobalOrganizationJob</td>
<td></td>
<td>1</td>
<td>org.test.GlobalOrganizationJob@79e4c792</td></tr>
<tr>
<td title='org.test.CustomerOrganizationRequest.searchInvalid()'><b>searchInvalid</b><br>Test class: org.test.CustomerOrganizationRequest</td>
<td></td>
<td>2</td>
<td>org.test.CustomerOrganizationRequest@15043a2f</td></tr>
<tr>
<td title='org.test.CustomerContactRequest.searchInvalid()'><b>searchInvalid</b><br>Test class: org.test.CustomerContactRequest</td>
<td></td>
<td>2</td>
<td>org.test.CustomerContactRequest@4c60d6e9</td></tr>
<tr>
<td title='org.test.CustomerContactRequest.loginPage()'><b>loginPage</b><br>Test class: org.test.CustomerContactRequest</td>
<td></td>
<td>67</td>
<td>org.test.CustomerContactRequest@4c60d6e9</td></tr>
<tr>
<td title='org.test.CustomerContactRequest.mandatoryValidationLocation()'><b>mandatoryValidationLocation</b><br>Test class: org.test.CustomerContactRequest</td>
<td></td>
<td>0</td>
<td>org.test.CustomerContactRequest@4c60d6e9</td></tr>
<tr>
<td title='org.test.GlobalContactJob.editmaximumValidationTittle()'><b>editmaximumValidationTittle</b><br>Test class: org.test.GlobalContactJob</td>
<td></td>
<td>4</td>
<td>org.test.GlobalContactJob@17f9d882</td></tr>
<tr>
<td title='org.test.GlobalContactRequest.updateButton()'><b>updateButton</b><br>Test class: org.test.GlobalContactRequest</td>
<td></td>
<td>0</td>
<td>org.test.GlobalContactRequest@4a83a74a</td></tr>
<tr>
<td title='org.test.CustomerContactRequest.requestDispatchedStatus()'><b>requestDispatchedStatus</b><br>Test class: org.test.CustomerContactRequest</td>
<td></td>
<td>0</td>
<td>org.test.CustomerContactRequest@4c60d6e9</td></tr>
<tr>
<td title='org.test.CustomerOrganizationJob.listabelValidation()'><b>listabelValidation</b><br>Test class: org.test.CustomerOrganizationJob</td>
<td></td>
<td>10</td>
<td>org.test.CustomerOrganizationJob@1c5920df</td></tr>
<tr>
<td title='org.test.GlobalContactJob.jobDispatchedStatus()'><b>jobDispatchedStatus</b><br>Test class: org.test.GlobalContactJob</td>
<td></td>
<td>0</td>
<td>org.test.GlobalContactJob@17f9d882</td></tr>
<tr>
<td title='org.test.CustomerContactJob.listabelValidation()'><b>listabelValidation</b><br>Test class: org.test.CustomerContactJob</td>
<td></td>
<td>9</td>
<td>org.test.CustomerContactJob@350aac89</td></tr>
<tr>
<td title='org.test.CustomerContactRequest.requestDraftStatus()'><b>requestDraftStatus</b><br>Test class: org.test.CustomerContactRequest</td>
<td></td>
<td>9</td>
<td>org.test.CustomerContactRequest@4c60d6e9</td></tr>
<tr>
<td title='org.test.CustomerOrganizationRequest.createRequest_FromDateandTime_ToDateandTime()'><b>createRequest_FromDateandTime_ToDateandTime</b><br>Test class: org.test.CustomerOrganizationRequest</td>
<td></td>
<td>18</td>
<td>org.test.CustomerOrganizationRequest@15043a2f</td></tr>
<tr>
<td title='org.test.GlobalOrganizationRequest.editmaximumValidationDescription()'><b>editmaximumValidationDescription</b><br>Test class: org.test.GlobalOrganizationRequest</td>
<td></td>
<td>4</td>
<td>org.test.GlobalOrganizationRequest@1349883</td></tr>
<tr>
<td title='org.test.CustomerOrganizationRequest.editmandatoryValidationDescription()'><b>editmandatoryValidationDescription</b><br>Test class: org.test.CustomerOrganizationRequest</td>
<td></td>
<td>0</td>
<td>org.test.CustomerOrganizationRequest@15043a2f</td></tr>
<tr>
<td title='org.test.CustomerContactJob.editmaximumValidationDescription()'><b>editmaximumValidationDescription</b><br>Test class: org.test.CustomerContactJob</td>
<td></td>
<td>3</td>
<td>org.test.CustomerContactJob@350aac89</td></tr>
<tr>
<td title='org.test.CustomerOrganizationRequest.maxTagLimitValidation()'><b>maxTagLimitValidation</b><br>Test class: org.test.CustomerOrganizationRequest</td>
<td></td>
<td>18</td>
<td>org.test.CustomerOrganizationRequest@15043a2f</td></tr>
<tr>
<td title='org.test.GlobalContactJob.contactMandatoryValidation()'><b>contactMandatoryValidation</b><br>Test class: org.test.GlobalContactJob</td>
<td></td>
<td>1</td>
<td>org.test.GlobalContactJob@17f9d882</td></tr>
<tr>
<td title='org.test.GlobalOrganizationRequest.searchRequestNo()'><b>searchRequestNo</b><br>Test class: org.test.GlobalOrganizationRequest</td>
<td></td>
<td>12</td>
<td>org.test.GlobalOrganizationRequest@1349883</td></tr>
<tr>
<td title='org.test.GlobalOrganizationRequest.searchInvalid()'><b>searchInvalid</b><br>Test class: org.test.GlobalOrganizationRequest</td>
<td></td>
<td>1</td>
<td>org.test.GlobalOrganizationRequest@1349883</td></tr>
<tr>
<td title='org.test.CustomerOrganizationJob.jobUnassignedStatus()'><b>jobUnassignedStatus</b><br>Test class: org.test.CustomerOrganizationJob</td>
<td></td>
<td>0</td>
<td>org.test.CustomerOrganizationJob@1c5920df</td></tr>
<tr>
<td title='org.test.CustomerOrganizationJob.updateButton()'><b>updateButton</b><br>Test class: org.test.CustomerOrganizationJob</td>
<td></td>
<td>0</td>
<td>org.test.CustomerOrganizationJob@1c5920df</td></tr>
<tr>
<td title='org.test.CustomerOrganizationRequest.unsssignedRequest()'><b>unsssignedRequest</b><br>Test class: org.test.CustomerOrganizationRequest</td>
<td></td>
<td>15</td>
<td>org.test.CustomerOrganizationRequest@15043a2f</td></tr>
<tr>
<td title='org.test.GlobalContactJob.jobStartedStatus()'><b>jobStartedStatus</b><br>Test class: org.test.GlobalContactJob</td>
<td></td>
<td>0</td>
<td>org.test.GlobalContactJob@17f9d882</td></tr>
<tr>
<td title='org.test.CustomerContactRequest.updateButton()'><b>updateButton</b><br>Test class: org.test.CustomerContactRequest</td>
<td></td>
<td>0</td>
<td>org.test.CustomerContactRequest@4c60d6e9</td></tr>
<tr>
<td title='org.test.CustomerOrganizationRequest.dispatchedRequest()'><b>dispatchedRequest</b><br>Test class: org.test.CustomerOrganizationRequest</td>
<td></td>
<td>13</td>
<td>org.test.CustomerOrganizationRequest@15043a2f</td></tr>
<tr>
<td title='org.test.AvailabilityTechnicians.technicianAvailability3()'><b>technicianAvailability3</b><br>Test class: org.test.AvailabilityTechnicians</td>
<td></td>
<td>4</td>
<td>org.test.AvailabilityTechnicians@196a42c3</td></tr>
<tr>
<td title='org.test.GlobalContactJob.editsmaxTagLimitValidation()'><b>editsmaxTagLimitValidation</b><br>Test class: org.test.GlobalContactJob</td>
<td></td>
<td>15</td>
<td>org.test.GlobalContactJob@17f9d882</td></tr>
<tr>
<td title='org.test.GlobalContactRequest.completedRequest()'><b>completedRequest</b><br>Test class: org.test.GlobalContactRequest</td>
<td></td>
<td>13</td>
<td>org.test.GlobalContactRequest@4a83a74a</td></tr>
<tr>
<td title='org.test.GlobalOrganizationJob.createButton()'><b>createButton</b><br>Test class: org.test.GlobalOrganizationJob</td>
<td></td>
<td>0</td>
<td>org.test.GlobalOrganizationJob@79e4c792</td></tr>
<tr>
<td title='org.test.CustomerOrganizationRequest.editmaximumValidationNotes()'><b>editmaximumValidationNotes</b><br>Test class: org.test.CustomerOrganizationRequest</td>
<td></td>
<td>5</td>
<td>org.test.CustomerOrganizationRequest@15043a2f</td></tr>
<tr>
<td title='org.test.GlobalContactRequest.searchInvalid()'><b>searchInvalid</b><br>Test class: org.test.GlobalContactRequest</td>
<td></td>
<td>2</td>
<td>org.test.GlobalContactRequest@4a83a74a</td></tr>
<tr>
<td title='org.test.GlobalContactRequest.mandatoryValidationDescription()'><b>mandatoryValidationDescription</b><br>Test class: org.test.GlobalContactRequest</td>
<td></td>
<td>0</td>
<td>org.test.GlobalContactRequest@4a83a74a</td></tr>
<tr>
<td title='org.test.CustomerOrganizationRequest.mandatoryValidationDescription()'><b>mandatoryValidationDescription</b><br>Test class: org.test.CustomerOrganizationRequest</td>
<td></td>
<td>0</td>
<td>org.test.CustomerOrganizationRequest@15043a2f</td></tr>
<tr>
<td title='org.test.CustomerOrganizationJob.maximumValidationNotes()'><b>maximumValidationNotes</b><br>Test class: org.test.CustomerOrganizationJob</td>
<td></td>
<td>4</td>
<td>org.test.CustomerOrganizationJob@1c5920df</td></tr>
<tr>
<td title='org.test.CustomerOrganizationRequest.updateButton()'><b>updateButton</b><br>Test class: org.test.CustomerOrganizationRequest</td>
<td></td>
<td>0</td>
<td>org.test.CustomerOrganizationRequest@15043a2f</td></tr>
<tr>
<td title='org.test.CustomerOrganizationRequest.maximumValidationNotes()'><b>maximumValidationNotes</b><br>Test class: org.test.CustomerOrganizationRequest</td>
<td></td>
<td>5</td>
<td>org.test.CustomerOrganizationRequest@15043a2f</td></tr>
</table><p>
<table width='100%' border='1' class='invocation-skipped'>
<tr><td colspan='4' align='center'><b>SKIPPED TESTS</b></td></tr>
<tr><td><b>Test method</b></td>
<td width="30%"><b>Exception</b></td>
<td width="10%"><b>Time (seconds)</b></td>
<td><b>Instance</b></td>
</tr>
<tr>
<td title='org.test.CustomerOrganizationJob.searchFilterByDate()'><b>searchFilterByDate</b><br>Test class: org.test.CustomerOrganizationJob</td>
<td><div><pre>org.openqa.selenium.NoSuchWindowException: no such window: target window already closed
from unknown error: web view not found
  (Session info: chrome=113.0.5672.93)
Build info: version: &apos;3.141.5&apos;, revision: &apos;d54ebd709a&apos;, time: &apos;2018-11-06T11:42:16&apos;
System info: host: &apos;DESKTOP-5M7AM2E&apos;, ip: &apos;192.168.56.1&apos;, os.name: &apos;Windows 11&apos;, os.arch: &apos;amd64&apos;, os.version: &apos;10.0&apos;, java.version: &apos;17.0.3&apos;
Driver info: org.openqa.selenium.chrome.ChromeDriver
Capabilities {acceptInsecureCerts: false, browserName: chrome, browserVersion: 113.0.5672.93, chrome: {chromedriverVersion: 113.0.5672.63 (0e1a4471d5ae..., userDataDir: C:\Users\ZAIGOP~1\AppData\L...}, goog:chromeOptions: {debuggerAddress: localhost:55387}, javascriptEnabled: true, networkConnectionEnabled: false, pageLoadStrategy: normal, platform: WINDOWS, platformName: WINDOWS, proxy: Proxy(), setWindowRect: true, strictFileInteractability: false, timeouts: {implicit: 0, pageLoad: 300000, script: 30000}, unhandledPromptBehavior: dismiss and notify, webauthn:extension:credBlob: true, webauthn:extension:largeBlob: true, webauthn:extension:minPinLength: true, webauthn:extension:prf: true, webauthn:virtualAuthenticators: true}
Session ID: 9b2c01655a7615ab7fc92b7b22c81694
	at org.openqa.selenium.remote.http.W3CHttpResponseCodec.createException(W3CHttpResponseCodec.java:187)
	at org.openqa.selenium.remote.http.W3CHttpResponseCodec.decode(W3CHttpResponseCodec.java:122)
	at org.openqa.selenium.remote.http.W3CHttpResponseCodec.decode(W3CHttpResponseCodec.java:49)
	at org.openqa.selenium.remote.HttpCommandExecutor.execute(HttpCommandExecutor.java:158)
	at org.openqa.selenium.remote.service.DriverCommandExecutor.execute(DriverCommandExecutor.java:83)
	at org.openqa.selenium.remote.RemoteWebDriver.execute(RemoteWebDriver.java:552)
	at org.openqa.selenium.remote.RemoteWebDriver.execute(RemoteWebDriver.java:609)
	at org.openqa.selenium.remote.RemoteWebDriver$RemoteWebDriverOptions.deleteAllCookies(RemoteWebDriver.java:694)
	at org.test.CustomerOrganizationJob.deleteAfterCatch(CustomerOrganizationJob.java:57)
	at java.base/java.util.ArrayList.forEach(ArrayList.java:1511)
... Removed 36 stack frames</pre></div><a href='#' onClick='toggleBox("stack-trace795846380", this, "Click to show all stack frames", "Click to hide stack frames")'>Click to show all stack frames</a>
<div class='stack-trace' id='stack-trace795846380'><pre>org.openqa.selenium.NoSuchWindowException: no such window: target window already closed
from unknown error: web view not found
  (Session info: chrome=113.0.5672.93)
Build info: version: &apos;3.141.5&apos;, revision: &apos;d54ebd709a&apos;, time: &apos;2018-11-06T11:42:16&apos;
System info: host: &apos;DESKTOP-5M7AM2E&apos;, ip: &apos;192.168.56.1&apos;, os.name: &apos;Windows 11&apos;, os.arch: &apos;amd64&apos;, os.version: &apos;10.0&apos;, java.version: &apos;17.0.3&apos;
Driver info: org.openqa.selenium.chrome.ChromeDriver
Capabilities {acceptInsecureCerts: false, browserName: chrome, browserVersion: 113.0.5672.93, chrome: {chromedriverVersion: 113.0.5672.63 (0e1a4471d5ae..., userDataDir: C:\Users\ZAIGOP~1\AppData\L...}, goog:chromeOptions: {debuggerAddress: localhost:55387}, javascriptEnabled: true, networkConnectionEnabled: false, pageLoadStrategy: normal, platform: WINDOWS, platformName: WINDOWS, proxy: Proxy(), setWindowRect: true, strictFileInteractability: false, timeouts: {implicit: 0, pageLoad: 300000, script: 30000}, unhandledPromptBehavior: dismiss and notify, webauthn:extension:credBlob: true, webauthn:extension:largeBlob: true, webauthn:extension:minPinLength: true, webauthn:extension:prf: true, webauthn:virtualAuthenticators: true}
Session ID: 9b2c01655a7615ab7fc92b7b22c81694
	at jdk.internal.reflect.GeneratedConstructorAccessor31.newInstance(Unknown Source)
	at java.base/jdk.internal.reflect.DelegatingConstructorAccessorImpl.newInstance(DelegatingConstructorAccessorImpl.java:45)
	at java.base/java.lang.reflect.Constructor.newInstanceWithCaller(Constructor.java:499)
	at java.base/java.lang.reflect.Constructor.newInstance(Constructor.java:480)
	at org.openqa.selenium.remote.http.W3CHttpResponseCodec.createException(W3CHttpResponseCodec.java:187)
	at org.openqa.selenium.remote.http.W3CHttpResponseCodec.decode(W3CHttpResponseCodec.java:122)
	at org.openqa.selenium.remote.http.W3CHttpResponseCodec.decode(W3CHttpResponseCodec.java:49)
	at org.openqa.selenium.remote.HttpCommandExecutor.execute(HttpCommandExecutor.java:158)
	at org.openqa.selenium.remote.service.DriverCommandExecutor.execute(DriverCommandExecutor.java:83)
	at org.openqa.selenium.remote.RemoteWebDriver.execute(RemoteWebDriver.java:552)
	at org.openqa.selenium.remote.RemoteWebDriver.execute(RemoteWebDriver.java:609)
	at org.openqa.selenium.remote.RemoteWebDriver$RemoteWebDriverOptions.deleteAllCookies(RemoteWebDriver.java:694)
	at org.test.CustomerOrganizationJob.deleteAfterCatch(CustomerOrganizationJob.java:57)
	at jdk.internal.reflect.GeneratedMethodAccessor76.invoke(Unknown Source)
	at java.base/jdk.internal.reflect.DelegatingMethodAccessorImpl.invoke(DelegatingMethodAccessorImpl.java:43)
	at java.base/java.lang.reflect.Method.invoke(Method.java:568)
	at org.testng.internal.MethodInvocationHelper.invokeMethod(MethodInvocationHelper.java:133)
	at org.testng.internal.MethodInvocationHelper.invokeMethodConsideringTimeout(MethodInvocationHelper.java:62)
	at org.testng.internal.ConfigInvoker.invokeConfigurationMethod(ConfigInvoker.java:385)
	at org.testng.internal.ConfigInvoker.invokeConfigurations(ConfigInvoker.java:321)
	at org.testng.internal.TestInvoker.runConfigMethods(TestInvoker.java:700)
	at org.testng.internal.TestInvoker.runAfterGroupsConfigurations(TestInvoker.java:676)
	at org.testng.internal.TestInvoker.invokeMethod(TestInvoker.java:660)
	at org.testng.internal.TestInvoker.invokeTestMethod(TestInvoker.java:173)
	at org.testng.internal.MethodRunner.runInSequence(MethodRunner.java:46)
	at org.testng.internal.TestInvoker$MethodInvocationAgent.invoke(TestInvoker.java:824)
	at org.testng.internal.TestInvoker.invokeTestMethods(TestInvoker.java:146)
	at org.testng.internal.TestMethodWorker.invokeTestMethods(TestMethodWorker.java:146)
	at org.testng.internal.TestMethodWorker.run(TestMethodWorker.java:128)
	at java.base/java.util.ArrayList.forEach(ArrayList.java:1511)
	at org.testng.TestRunner.privateRun(TestRunner.java:794)
	at org.testng.TestRunner.run(TestRunner.java:596)
	at org.testng.SuiteRunner.runTest(SuiteRunner.java:377)
	at org.testng.SuiteRunner.runSequentially(SuiteRunner.java:371)
	at org.testng.SuiteRunner.privateRun(SuiteRunner.java:332)
	at org.testng.SuiteRunner.run(SuiteRunner.java:276)
	at org.testng.SuiteRunnerWorker.runSuite(SuiteRunnerWorker.java:53)
	at org.testng.SuiteRunnerWorker.run(SuiteRunnerWorker.java:96)
	at org.testng.TestNG.runSuitesSequentially(TestNG.java:1212)
	at org.testng.TestNG.runSuitesSequentially(TestNG.java:1207)
	at org.testng.TestNG.runSuitesLocally(TestNG.java:1134)
	at org.testng.TestNG.runSuites(TestNG.java:1063)
	at org.testng.TestNG.run(TestNG.java:1031)
	at org.testng.remote.AbstractRemoteTestNG.run(AbstractRemoteTestNG.java:115)
	at org.testng.remote.RemoteTestNG.initAndRun(RemoteTestNG.java:251)
	at org.testng.remote.RemoteTestNG.main(RemoteTestNG.java:77)
</pre></div></td>
<td>0</td>
<td>org.test.CustomerOrganizationJob@1c5920df</td></tr>
<tr>
<td title='org.test.CustomerOrganizationJob.jobDraftStatus()'><b>jobDraftStatus</b><br>Test class: org.test.CustomerOrganizationJob</td>
<td><div><pre>org.openqa.selenium.NoSuchWindowException: no such window: target window already closed
from unknown error: web view not found
  (Session info: chrome=113.0.5672.93)
Build info: version: &apos;3.141.5&apos;, revision: &apos;d54ebd709a&apos;, time: &apos;2018-11-06T11:42:16&apos;
System info: host: &apos;DESKTOP-5M7AM2E&apos;, ip: &apos;192.168.56.1&apos;, os.name: &apos;Windows 11&apos;, os.arch: &apos;amd64&apos;, os.version: &apos;10.0&apos;, java.version: &apos;17.0.3&apos;
Driver info: org.openqa.selenium.chrome.ChromeDriver
Capabilities {acceptInsecureCerts: false, browserName: chrome, browserVersion: 113.0.5672.93, chrome: {chromedriverVersion: 113.0.5672.63 (0e1a4471d5ae..., userDataDir: C:\Users\ZAIGOP~1\AppData\L...}, goog:chromeOptions: {debuggerAddress: localhost:55387}, javascriptEnabled: true, networkConnectionEnabled: false, pageLoadStrategy: normal, platform: WINDOWS, platformName: WINDOWS, proxy: Proxy(), setWindowRect: true, strictFileInteractability: false, timeouts: {implicit: 0, pageLoad: 300000, script: 30000}, unhandledPromptBehavior: dismiss and notify, webauthn:extension:credBlob: true, webauthn:extension:largeBlob: true, webauthn:extension:minPinLength: true, webauthn:extension:prf: true, webauthn:virtualAuthenticators: true}
Session ID: 9b2c01655a7615ab7fc92b7b22c81694
	at org.openqa.selenium.remote.http.W3CHttpResponseCodec.createException(W3CHttpResponseCodec.java:187)
	at org.openqa.selenium.remote.http.W3CHttpResponseCodec.decode(W3CHttpResponseCodec.java:122)
	at org.openqa.selenium.remote.http.W3CHttpResponseCodec.decode(W3CHttpResponseCodec.java:49)
	at org.openqa.selenium.remote.HttpCommandExecutor.execute(HttpCommandExecutor.java:158)
	at org.openqa.selenium.remote.service.DriverCommandExecutor.execute(DriverCommandExecutor.java:83)
	at org.openqa.selenium.remote.RemoteWebDriver.execute(RemoteWebDriver.java:552)
	at org.openqa.selenium.remote.RemoteWebDriver.execute(RemoteWebDriver.java:609)
	at org.openqa.selenium.remote.RemoteWebDriver$RemoteWebDriverOptions.deleteAllCookies(RemoteWebDriver.java:694)
	at org.test.CustomerOrganizationJob.deleteAfterCatch(CustomerOrganizationJob.java:57)
	at java.base/java.util.ArrayList.forEach(ArrayList.java:1511)
... Removed 36 stack frames</pre></div><a href='#' onClick='toggleBox("stack-trace740978398", this, "Click to show all stack frames", "Click to hide stack frames")'>Click to show all stack frames</a>
<div class='stack-trace' id='stack-trace740978398'><pre>org.openqa.selenium.NoSuchWindowException: no such window: target window already closed
from unknown error: web view not found
  (Session info: chrome=113.0.5672.93)
Build info: version: &apos;3.141.5&apos;, revision: &apos;d54ebd709a&apos;, time: &apos;2018-11-06T11:42:16&apos;
System info: host: &apos;DESKTOP-5M7AM2E&apos;, ip: &apos;192.168.56.1&apos;, os.name: &apos;Windows 11&apos;, os.arch: &apos;amd64&apos;, os.version: &apos;10.0&apos;, java.version: &apos;17.0.3&apos;
Driver info: org.openqa.selenium.chrome.ChromeDriver
Capabilities {acceptInsecureCerts: false, browserName: chrome, browserVersion: 113.0.5672.93, chrome: {chromedriverVersion: 113.0.5672.63 (0e1a4471d5ae..., userDataDir: C:\Users\ZAIGOP~1\AppData\L...}, goog:chromeOptions: {debuggerAddress: localhost:55387}, javascriptEnabled: true, networkConnectionEnabled: false, pageLoadStrategy: normal, platform: WINDOWS, platformName: WINDOWS, proxy: Proxy(), setWindowRect: true, strictFileInteractability: false, timeouts: {implicit: 0, pageLoad: 300000, script: 30000}, unhandledPromptBehavior: dismiss and notify, webauthn:extension:credBlob: true, webauthn:extension:largeBlob: true, webauthn:extension:minPinLength: true, webauthn:extension:prf: true, webauthn:virtualAuthenticators: true}
Session ID: 9b2c01655a7615ab7fc92b7b22c81694
	at jdk.internal.reflect.GeneratedConstructorAccessor31.newInstance(Unknown Source)
	at java.base/jdk.internal.reflect.DelegatingConstructorAccessorImpl.newInstance(DelegatingConstructorAccessorImpl.java:45)
	at java.base/java.lang.reflect.Constructor.newInstanceWithCaller(Constructor.java:499)
	at java.base/java.lang.reflect.Constructor.newInstance(Constructor.java:480)
	at org.openqa.selenium.remote.http.W3CHttpResponseCodec.createException(W3CHttpResponseCodec.java:187)
	at org.openqa.selenium.remote.http.W3CHttpResponseCodec.decode(W3CHttpResponseCodec.java:122)
	at org.openqa.selenium.remote.http.W3CHttpResponseCodec.decode(W3CHttpResponseCodec.java:49)
	at org.openqa.selenium.remote.HttpCommandExecutor.execute(HttpCommandExecutor.java:158)
	at org.openqa.selenium.remote.service.DriverCommandExecutor.execute(DriverCommandExecutor.java:83)
	at org.openqa.selenium.remote.RemoteWebDriver.execute(RemoteWebDriver.java:552)
	at org.openqa.selenium.remote.RemoteWebDriver.execute(RemoteWebDriver.java:609)
	at org.openqa.selenium.remote.RemoteWebDriver$RemoteWebDriverOptions.deleteAllCookies(RemoteWebDriver.java:694)
	at org.test.CustomerOrganizationJob.deleteAfterCatch(CustomerOrganizationJob.java:57)
	at jdk.internal.reflect.GeneratedMethodAccessor76.invoke(Unknown Source)
	at java.base/jdk.internal.reflect.DelegatingMethodAccessorImpl.invoke(DelegatingMethodAccessorImpl.java:43)
	at java.base/java.lang.reflect.Method.invoke(Method.java:568)
	at org.testng.internal.MethodInvocationHelper.invokeMethod(MethodInvocationHelper.java:133)
	at org.testng.internal.MethodInvocationHelper.invokeMethodConsideringTimeout(MethodInvocationHelper.java:62)
	at org.testng.internal.ConfigInvoker.invokeConfigurationMethod(ConfigInvoker.java:385)
	at org.testng.internal.ConfigInvoker.invokeConfigurations(ConfigInvoker.java:321)
	at org.testng.internal.TestInvoker.runConfigMethods(TestInvoker.java:700)
	at org.testng.internal.TestInvoker.runAfterGroupsConfigurations(TestInvoker.java:676)
	at org.testng.internal.TestInvoker.invokeMethod(TestInvoker.java:660)
	at org.testng.internal.TestInvoker.invokeTestMethod(TestInvoker.java:173)
	at org.testng.internal.MethodRunner.runInSequence(MethodRunner.java:46)
	at org.testng.internal.TestInvoker$MethodInvocationAgent.invoke(TestInvoker.java:824)
	at org.testng.internal.TestInvoker.invokeTestMethods(TestInvoker.java:146)
	at org.testng.internal.TestMethodWorker.invokeTestMethods(TestMethodWorker.java:146)
	at org.testng.internal.TestMethodWorker.run(TestMethodWorker.java:128)
	at java.base/java.util.ArrayList.forEach(ArrayList.java:1511)
	at org.testng.TestRunner.privateRun(TestRunner.java:794)
	at org.testng.TestRunner.run(TestRunner.java:596)
	at org.testng.SuiteRunner.runTest(SuiteRunner.java:377)
	at org.testng.SuiteRunner.runSequentially(SuiteRunner.java:371)
	at org.testng.SuiteRunner.privateRun(SuiteRunner.java:332)
	at org.testng.SuiteRunner.run(SuiteRunner.java:276)
	at org.testng.SuiteRunnerWorker.runSuite(SuiteRunnerWorker.java:53)
	at org.testng.SuiteRunnerWorker.run(SuiteRunnerWorker.java:96)
	at org.testng.TestNG.runSuitesSequentially(TestNG.java:1212)
	at org.testng.TestNG.runSuitesSequentially(TestNG.java:1207)
	at org.testng.TestNG.runSuitesLocally(TestNG.java:1134)
	at org.testng.TestNG.runSuites(TestNG.java:1063)
	at org.testng.TestNG.run(TestNG.java:1031)
	at org.testng.remote.AbstractRemoteTestNG.run(AbstractRemoteTestNG.java:115)
	at org.testng.remote.RemoteTestNG.initAndRun(RemoteTestNG.java:251)
	at org.testng.remote.RemoteTestNG.main(RemoteTestNG.java:77)
</pre></div></td>
<td>0</td>
<td>org.test.CustomerOrganizationJob@1c5920df</td></tr>
<tr>
<td title='org.test.CustomerOrganizationJob.deletedJob()'><b>deletedJob</b><br>Test class: org.test.CustomerOrganizationJob</td>
<td><div><pre>org.openqa.selenium.NoSuchWindowException: no such window: target window already closed
from unknown error: web view not found
  (Session info: chrome=113.0.5672.93)
Build info: version: &apos;3.141.5&apos;, revision: &apos;d54ebd709a&apos;, time: &apos;2018-11-06T11:42:16&apos;
System info: host: &apos;DESKTOP-5M7AM2E&apos;, ip: &apos;192.168.56.1&apos;, os.name: &apos;Windows 11&apos;, os.arch: &apos;amd64&apos;, os.version: &apos;10.0&apos;, java.version: &apos;17.0.3&apos;
Driver info: org.openqa.selenium.chrome.ChromeDriver
Capabilities {acceptInsecureCerts: false, browserName: chrome, browserVersion: 113.0.5672.93, chrome: {chromedriverVersion: 113.0.5672.63 (0e1a4471d5ae..., userDataDir: C:\Users\ZAIGOP~1\AppData\L...}, goog:chromeOptions: {debuggerAddress: localhost:55387}, javascriptEnabled: true, networkConnectionEnabled: false, pageLoadStrategy: normal, platform: WINDOWS, platformName: WINDOWS, proxy: Proxy(), setWindowRect: true, strictFileInteractability: false, timeouts: {implicit: 0, pageLoad: 300000, script: 30000}, unhandledPromptBehavior: dismiss and notify, webauthn:extension:credBlob: true, webauthn:extension:largeBlob: true, webauthn:extension:minPinLength: true, webauthn:extension:prf: true, webauthn:virtualAuthenticators: true}
Session ID: 9b2c01655a7615ab7fc92b7b22c81694
	at org.openqa.selenium.remote.http.W3CHttpResponseCodec.createException(W3CHttpResponseCodec.java:187)
	at org.openqa.selenium.remote.http.W3CHttpResponseCodec.decode(W3CHttpResponseCodec.java:122)
	at org.openqa.selenium.remote.http.W3CHttpResponseCodec.decode(W3CHttpResponseCodec.java:49)
	at org.openqa.selenium.remote.HttpCommandExecutor.execute(HttpCommandExecutor.java:158)
	at org.openqa.selenium.remote.service.DriverCommandExecutor.execute(DriverCommandExecutor.java:83)
	at org.openqa.selenium.remote.RemoteWebDriver.execute(RemoteWebDriver.java:552)
	at org.openqa.selenium.remote.RemoteWebDriver.execute(RemoteWebDriver.java:609)
	at org.openqa.selenium.remote.RemoteWebDriver$RemoteWebDriverOptions.deleteAllCookies(RemoteWebDriver.java:694)
	at org.test.CustomerOrganizationJob.deleteAfterCatch(CustomerOrganizationJob.java:57)
	at java.base/java.util.ArrayList.forEach(ArrayList.java:1511)
... Removed 36 stack frames</pre></div><a href='#' onClick='toggleBox("stack-trace487916062", this, "Click to show all stack frames", "Click to hide stack frames")'>Click to show all stack frames</a>
<div class='stack-trace' id='stack-trace487916062'><pre>org.openqa.selenium.NoSuchWindowException: no such window: target window already closed
from unknown error: web view not found
  (Session info: chrome=113.0.5672.93)
Build info: version: &apos;3.141.5&apos;, revision: &apos;d54ebd709a&apos;, time: &apos;2018-11-06T11:42:16&apos;
System info: host: &apos;DESKTOP-5M7AM2E&apos;, ip: &apos;192.168.56.1&apos;, os.name: &apos;Windows 11&apos;, os.arch: &apos;amd64&apos;, os.version: &apos;10.0&apos;, java.version: &apos;17.0.3&apos;
Driver info: org.openqa.selenium.chrome.ChromeDriver
Capabilities {acceptInsecureCerts: false, browserName: chrome, browserVersion: 113.0.5672.93, chrome: {chromedriverVersion: 113.0.5672.63 (0e1a4471d5ae..., userDataDir: C:\Users\ZAIGOP~1\AppData\L...}, goog:chromeOptions: {debuggerAddress: localhost:55387}, javascriptEnabled: true, networkConnectionEnabled: false, pageLoadStrategy: normal, platform: WINDOWS, platformName: WINDOWS, proxy: Proxy(), setWindowRect: true, strictFileInteractability: false, timeouts: {implicit: 0, pageLoad: 300000, script: 30000}, unhandledPromptBehavior: dismiss and notify, webauthn:extension:credBlob: true, webauthn:extension:largeBlob: true, webauthn:extension:minPinLength: true, webauthn:extension:prf: true, webauthn:virtualAuthenticators: true}
Session ID: 9b2c01655a7615ab7fc92b7b22c81694
	at jdk.internal.reflect.GeneratedConstructorAccessor31.newInstance(Unknown Source)
	at java.base/jdk.internal.reflect.DelegatingConstructorAccessorImpl.newInstance(DelegatingConstructorAccessorImpl.java:45)
	at java.base/java.lang.reflect.Constructor.newInstanceWithCaller(Constructor.java:499)
	at java.base/java.lang.reflect.Constructor.newInstance(Constructor.java:480)
	at org.openqa.selenium.remote.http.W3CHttpResponseCodec.createException(W3CHttpResponseCodec.java:187)
	at org.openqa.selenium.remote.http.W3CHttpResponseCodec.decode(W3CHttpResponseCodec.java:122)
	at org.openqa.selenium.remote.http.W3CHttpResponseCodec.decode(W3CHttpResponseCodec.java:49)
	at org.openqa.selenium.remote.HttpCommandExecutor.execute(HttpCommandExecutor.java:158)
	at org.openqa.selenium.remote.service.DriverCommandExecutor.execute(DriverCommandExecutor.java:83)
	at org.openqa.selenium.remote.RemoteWebDriver.execute(RemoteWebDriver.java:552)
	at org.openqa.selenium.remote.RemoteWebDriver.execute(RemoteWebDriver.java:609)
	at org.openqa.selenium.remote.RemoteWebDriver$RemoteWebDriverOptions.deleteAllCookies(RemoteWebDriver.java:694)
	at org.test.CustomerOrganizationJob.deleteAfterCatch(CustomerOrganizationJob.java:57)
	at jdk.internal.reflect.GeneratedMethodAccessor76.invoke(Unknown Source)
	at java.base/jdk.internal.reflect.DelegatingMethodAccessorImpl.invoke(DelegatingMethodAccessorImpl.java:43)
	at java.base/java.lang.reflect.Method.invoke(Method.java:568)
	at org.testng.internal.MethodInvocationHelper.invokeMethod(MethodInvocationHelper.java:133)
	at org.testng.internal.MethodInvocationHelper.invokeMethodConsideringTimeout(MethodInvocationHelper.java:62)
	at org.testng.internal.ConfigInvoker.invokeConfigurationMethod(ConfigInvoker.java:385)
	at org.testng.internal.ConfigInvoker.invokeConfigurations(ConfigInvoker.java:321)
	at org.testng.internal.TestInvoker.runConfigMethods(TestInvoker.java:700)
	at org.testng.internal.TestInvoker.runAfterGroupsConfigurations(TestInvoker.java:676)
	at org.testng.internal.TestInvoker.invokeMethod(TestInvoker.java:660)
	at org.testng.internal.TestInvoker.invokeTestMethod(TestInvoker.java:173)
	at org.testng.internal.MethodRunner.runInSequence(MethodRunner.java:46)
	at org.testng.internal.TestInvoker$MethodInvocationAgent.invoke(TestInvoker.java:824)
	at org.testng.internal.TestInvoker.invokeTestMethods(TestInvoker.java:146)
	at org.testng.internal.TestMethodWorker.invokeTestMethods(TestMethodWorker.java:146)
	at org.testng.internal.TestMethodWorker.run(TestMethodWorker.java:128)
	at java.base/java.util.ArrayList.forEach(ArrayList.java:1511)
	at org.testng.TestRunner.privateRun(TestRunner.java:794)
	at org.testng.TestRunner.run(TestRunner.java:596)
	at org.testng.SuiteRunner.runTest(SuiteRunner.java:377)
	at org.testng.SuiteRunner.runSequentially(SuiteRunner.java:371)
	at org.testng.SuiteRunner.privateRun(SuiteRunner.java:332)
	at org.testng.SuiteRunner.run(SuiteRunner.java:276)
	at org.testng.SuiteRunnerWorker.runSuite(SuiteRunnerWorker.java:53)
	at org.testng.SuiteRunnerWorker.run(SuiteRunnerWorker.java:96)
	at org.testng.TestNG.runSuitesSequentially(TestNG.java:1212)
	at org.testng.TestNG.runSuitesSequentially(TestNG.java:1207)
	at org.testng.TestNG.runSuitesLocally(TestNG.java:1134)
	at org.testng.TestNG.runSuites(TestNG.java:1063)
	at org.testng.TestNG.run(TestNG.java:1031)
	at org.testng.remote.AbstractRemoteTestNG.run(AbstractRemoteTestNG.java:115)
	at org.testng.remote.RemoteTestNG.initAndRun(RemoteTestNG.java:251)
	at org.testng.remote.RemoteTestNG.main(RemoteTestNG.java:77)
</pre></div></td>
<td>0</td>
<td>org.test.CustomerOrganizationJob@1c5920df</td></tr>
<tr>
<td title='org.test.CustomerOrganizationJob.searchJobNo()'><b>searchJobNo</b><br>Test class: org.test.CustomerOrganizationJob</td>
<td><div><pre>org.openqa.selenium.NoSuchWindowException: no such window: target window already closed
from unknown error: web view not found
  (Session info: chrome=113.0.5672.93)
Build info: version: &apos;3.141.5&apos;, revision: &apos;d54ebd709a&apos;, time: &apos;2018-11-06T11:42:16&apos;
System info: host: &apos;DESKTOP-5M7AM2E&apos;, ip: &apos;192.168.56.1&apos;, os.name: &apos;Windows 11&apos;, os.arch: &apos;amd64&apos;, os.version: &apos;10.0&apos;, java.version: &apos;17.0.3&apos;
Driver info: org.openqa.selenium.chrome.ChromeDriver
Capabilities {acceptInsecureCerts: false, browserName: chrome, browserVersion: 113.0.5672.93, chrome: {chromedriverVersion: 113.0.5672.63 (0e1a4471d5ae..., userDataDir: C:\Users\ZAIGOP~1\AppData\L...}, goog:chromeOptions: {debuggerAddress: localhost:55387}, javascriptEnabled: true, networkConnectionEnabled: false, pageLoadStrategy: normal, platform: WINDOWS, platformName: WINDOWS, proxy: Proxy(), setWindowRect: true, strictFileInteractability: false, timeouts: {implicit: 0, pageLoad: 300000, script: 30000}, unhandledPromptBehavior: dismiss and notify, webauthn:extension:credBlob: true, webauthn:extension:largeBlob: true, webauthn:extension:minPinLength: true, webauthn:extension:prf: true, webauthn:virtualAuthenticators: true}
Session ID: 9b2c01655a7615ab7fc92b7b22c81694
	at org.openqa.selenium.remote.http.W3CHttpResponseCodec.createException(W3CHttpResponseCodec.java:187)
	at org.openqa.selenium.remote.http.W3CHttpResponseCodec.decode(W3CHttpResponseCodec.java:122)
	at org.openqa.selenium.remote.http.W3CHttpResponseCodec.decode(W3CHttpResponseCodec.java:49)
	at org.openqa.selenium.remote.HttpCommandExecutor.execute(HttpCommandExecutor.java:158)
	at org.openqa.selenium.remote.service.DriverCommandExecutor.execute(DriverCommandExecutor.java:83)
	at org.openqa.selenium.remote.RemoteWebDriver.execute(RemoteWebDriver.java:552)
	at org.openqa.selenium.remote.RemoteWebDriver.execute(RemoteWebDriver.java:609)
	at org.openqa.selenium.remote.RemoteWebDriver$RemoteWebDriverOptions.deleteAllCookies(RemoteWebDriver.java:694)
	at org.test.CustomerOrganizationJob.deleteAfterCatch(CustomerOrganizationJob.java:57)
	at java.base/java.util.ArrayList.forEach(ArrayList.java:1511)
... Removed 36 stack frames</pre></div><a href='#' onClick='toggleBox("stack-trace491771284", this, "Click to show all stack frames", "Click to hide stack frames")'>Click to show all stack frames</a>
<div class='stack-trace' id='stack-trace491771284'><pre>org.openqa.selenium.NoSuchWindowException: no such window: target window already closed
from unknown error: web view not found
  (Session info: chrome=113.0.5672.93)
Build info: version: &apos;3.141.5&apos;, revision: &apos;d54ebd709a&apos;, time: &apos;2018-11-06T11:42:16&apos;
System info: host: &apos;DESKTOP-5M7AM2E&apos;, ip: &apos;192.168.56.1&apos;, os.name: &apos;Windows 11&apos;, os.arch: &apos;amd64&apos;, os.version: &apos;10.0&apos;, java.version: &apos;17.0.3&apos;
Driver info: org.openqa.selenium.chrome.ChromeDriver
Capabilities {acceptInsecureCerts: false, browserName: chrome, browserVersion: 113.0.5672.93, chrome: {chromedriverVersion: 113.0.5672.63 (0e1a4471d5ae..., userDataDir: C:\Users\ZAIGOP~1\AppData\L...}, goog:chromeOptions: {debuggerAddress: localhost:55387}, javascriptEnabled: true, networkConnectionEnabled: false, pageLoadStrategy: normal, platform: WINDOWS, platformName: WINDOWS, proxy: Proxy(), setWindowRect: true, strictFileInteractability: false, timeouts: {implicit: 0, pageLoad: 300000, script: 30000}, unhandledPromptBehavior: dismiss and notify, webauthn:extension:credBlob: true, webauthn:extension:largeBlob: true, webauthn:extension:minPinLength: true, webauthn:extension:prf: true, webauthn:virtualAuthenticators: true}
Session ID: 9b2c01655a7615ab7fc92b7b22c81694
	at jdk.internal.reflect.GeneratedConstructorAccessor31.newInstance(Unknown Source)
	at java.base/jdk.internal.reflect.DelegatingConstructorAccessorImpl.newInstance(DelegatingConstructorAccessorImpl.java:45)
	at java.base/java.lang.reflect.Constructor.newInstanceWithCaller(Constructor.java:499)
	at java.base/java.lang.reflect.Constructor.newInstance(Constructor.java:480)
	at org.openqa.selenium.remote.http.W3CHttpResponseCodec.createException(W3CHttpResponseCodec.java:187)
	at org.openqa.selenium.remote.http.W3CHttpResponseCodec.decode(W3CHttpResponseCodec.java:122)
	at org.openqa.selenium.remote.http.W3CHttpResponseCodec.decode(W3CHttpResponseCodec.java:49)
	at org.openqa.selenium.remote.HttpCommandExecutor.execute(HttpCommandExecutor.java:158)
	at org.openqa.selenium.remote.service.DriverCommandExecutor.execute(DriverCommandExecutor.java:83)
	at org.openqa.selenium.remote.RemoteWebDriver.execute(RemoteWebDriver.java:552)
	at org.openqa.selenium.remote.RemoteWebDriver.execute(RemoteWebDriver.java:609)
	at org.openqa.selenium.remote.RemoteWebDriver$RemoteWebDriverOptions.deleteAllCookies(RemoteWebDriver.java:694)
	at org.test.CustomerOrganizationJob.deleteAfterCatch(CustomerOrganizationJob.java:57)
	at jdk.internal.reflect.GeneratedMethodAccessor76.invoke(Unknown Source)
	at java.base/jdk.internal.reflect.DelegatingMethodAccessorImpl.invoke(DelegatingMethodAccessorImpl.java:43)
	at java.base/java.lang.reflect.Method.invoke(Method.java:568)
	at org.testng.internal.MethodInvocationHelper.invokeMethod(MethodInvocationHelper.java:133)
	at org.testng.internal.MethodInvocationHelper.invokeMethodConsideringTimeout(MethodInvocationHelper.java:62)
	at org.testng.internal.ConfigInvoker.invokeConfigurationMethod(ConfigInvoker.java:385)
	at org.testng.internal.ConfigInvoker.invokeConfigurations(ConfigInvoker.java:321)
	at org.testng.internal.TestInvoker.runConfigMethods(TestInvoker.java:700)
	at org.testng.internal.TestInvoker.runAfterGroupsConfigurations(TestInvoker.java:676)
	at org.testng.internal.TestInvoker.invokeMethod(TestInvoker.java:660)
	at org.testng.internal.TestInvoker.invokeTestMethod(TestInvoker.java:173)
	at org.testng.internal.MethodRunner.runInSequence(MethodRunner.java:46)
	at org.testng.internal.TestInvoker$MethodInvocationAgent.invoke(TestInvoker.java:824)
	at org.testng.internal.TestInvoker.invokeTestMethods(TestInvoker.java:146)
	at org.testng.internal.TestMethodWorker.invokeTestMethods(TestMethodWorker.java:146)
	at org.testng.internal.TestMethodWorker.run(TestMethodWorker.java:128)
	at java.base/java.util.ArrayList.forEach(ArrayList.java:1511)
	at org.testng.TestRunner.privateRun(TestRunner.java:794)
	at org.testng.TestRunner.run(TestRunner.java:596)
	at org.testng.SuiteRunner.runTest(SuiteRunner.java:377)
	at org.testng.SuiteRunner.runSequentially(SuiteRunner.java:371)
	at org.testng.SuiteRunner.privateRun(SuiteRunner.java:332)
	at org.testng.SuiteRunner.run(SuiteRunner.java:276)
	at org.testng.SuiteRunnerWorker.runSuite(SuiteRunnerWorker.java:53)
	at org.testng.SuiteRunnerWorker.run(SuiteRunnerWorker.java:96)
	at org.testng.TestNG.runSuitesSequentially(TestNG.java:1212)
	at org.testng.TestNG.runSuitesSequentially(TestNG.java:1207)
	at org.testng.TestNG.runSuitesLocally(TestNG.java:1134)
	at org.testng.TestNG.runSuites(TestNG.java:1063)
	at org.testng.TestNG.run(TestNG.java:1031)
	at org.testng.remote.AbstractRemoteTestNG.run(AbstractRemoteTestNG.java:115)
	at org.testng.remote.RemoteTestNG.initAndRun(RemoteTestNG.java:251)
	at org.testng.remote.RemoteTestNG.main(RemoteTestNG.java:77)
</pre></div></td>
<td>0</td>
<td>org.test.CustomerOrganizationJob@1c5920df</td></tr>
<tr>
<td title='org.test.CustomerOrganizationJob.searchLocation()'><b>searchLocation</b><br>Test class: org.test.CustomerOrganizationJob</td>
<td><div><pre>org.openqa.selenium.NoSuchWindowException: no such window: target window already closed
from unknown error: web view not found
  (Session info: chrome=113.0.5672.93)
Build info: version: &apos;3.141.5&apos;, revision: &apos;d54ebd709a&apos;, time: &apos;2018-11-06T11:42:16&apos;
System info: host: &apos;DESKTOP-5M7AM2E&apos;, ip: &apos;192.168.56.1&apos;, os.name: &apos;Windows 11&apos;, os.arch: &apos;amd64&apos;, os.version: &apos;10.0&apos;, java.version: &apos;17.0.3&apos;
Driver info: org.openqa.selenium.chrome.ChromeDriver
Capabilities {acceptInsecureCerts: false, browserName: chrome, browserVersion: 113.0.5672.93, chrome: {chromedriverVersion: 113.0.5672.63 (0e1a4471d5ae..., userDataDir: C:\Users\ZAIGOP~1\AppData\L...}, goog:chromeOptions: {debuggerAddress: localhost:55387}, javascriptEnabled: true, networkConnectionEnabled: false, pageLoadStrategy: normal, platform: WINDOWS, platformName: WINDOWS, proxy: Proxy(), setWindowRect: true, strictFileInteractability: false, timeouts: {implicit: 0, pageLoad: 300000, script: 30000}, unhandledPromptBehavior: dismiss and notify, webauthn:extension:credBlob: true, webauthn:extension:largeBlob: true, webauthn:extension:minPinLength: true, webauthn:extension:prf: true, webauthn:virtualAuthenticators: true}
Session ID: 9b2c01655a7615ab7fc92b7b22c81694
	at org.openqa.selenium.remote.http.W3CHttpResponseCodec.createException(W3CHttpResponseCodec.java:187)
	at org.openqa.selenium.remote.http.W3CHttpResponseCodec.decode(W3CHttpResponseCodec.java:122)
	at org.openqa.selenium.remote.http.W3CHttpResponseCodec.decode(W3CHttpResponseCodec.java:49)
	at org.openqa.selenium.remote.HttpCommandExecutor.execute(HttpCommandExecutor.java:158)
	at org.openqa.selenium.remote.service.DriverCommandExecutor.execute(DriverCommandExecutor.java:83)
	at org.openqa.selenium.remote.RemoteWebDriver.execute(RemoteWebDriver.java:552)
	at org.openqa.selenium.remote.RemoteWebDriver.execute(RemoteWebDriver.java:609)
	at org.openqa.selenium.remote.RemoteWebDriver$RemoteWebDriverOptions.deleteAllCookies(RemoteWebDriver.java:694)
	at org.test.CustomerOrganizationJob.deleteAfterCatch(CustomerOrganizationJob.java:57)
	at java.base/java.util.ArrayList.forEach(ArrayList.java:1511)
... Removed 36 stack frames</pre></div><a href='#' onClick='toggleBox("stack-trace1892722924", this, "Click to show all stack frames", "Click to hide stack frames")'>Click to show all stack frames</a>
<div class='stack-trace' id='stack-trace1892722924'><pre>org.openqa.selenium.NoSuchWindowException: no such window: target window already closed
from unknown error: web view not found
  (Session info: chrome=113.0.5672.93)
Build info: version: &apos;3.141.5&apos;, revision: &apos;d54ebd709a&apos;, time: &apos;2018-11-06T11:42:16&apos;
System info: host: &apos;DESKTOP-5M7AM2E&apos;, ip: &apos;192.168.56.1&apos;, os.name: &apos;Windows 11&apos;, os.arch: &apos;amd64&apos;, os.version: &apos;10.0&apos;, java.version: &apos;17.0.3&apos;
Driver info: org.openqa.selenium.chrome.ChromeDriver
Capabilities {acceptInsecureCerts: false, browserName: chrome, browserVersion: 113.0.5672.93, chrome: {chromedriverVersion: 113.0.5672.63 (0e1a4471d5ae..., userDataDir: C:\Users\ZAIGOP~1\AppData\L...}, goog:chromeOptions: {debuggerAddress: localhost:55387}, javascriptEnabled: true, networkConnectionEnabled: false, pageLoadStrategy: normal, platform: WINDOWS, platformName: WINDOWS, proxy: Proxy(), setWindowRect: true, strictFileInteractability: false, timeouts: {implicit: 0, pageLoad: 300000, script: 30000}, unhandledPromptBehavior: dismiss and notify, webauthn:extension:credBlob: true, webauthn:extension:largeBlob: true, webauthn:extension:minPinLength: true, webauthn:extension:prf: true, webauthn:virtualAuthenticators: true}
Session ID: 9b2c01655a7615ab7fc92b7b22c81694
	at jdk.internal.reflect.GeneratedConstructorAccessor31.newInstance(Unknown Source)
	at java.base/jdk.internal.reflect.DelegatingConstructorAccessorImpl.newInstance(DelegatingConstructorAccessorImpl.java:45)
	at java.base/java.lang.reflect.Constructor.newInstanceWithCaller(Constructor.java:499)
	at java.base/java.lang.reflect.Constructor.newInstance(Constructor.java:480)
	at org.openqa.selenium.remote.http.W3CHttpResponseCodec.createException(W3CHttpResponseCodec.java:187)
	at org.openqa.selenium.remote.http.W3CHttpResponseCodec.decode(W3CHttpResponseCodec.java:122)
	at org.openqa.selenium.remote.http.W3CHttpResponseCodec.decode(W3CHttpResponseCodec.java:49)
	at org.openqa.selenium.remote.HttpCommandExecutor.execute(HttpCommandExecutor.java:158)
	at org.openqa.selenium.remote.service.DriverCommandExecutor.execute(DriverCommandExecutor.java:83)
	at org.openqa.selenium.remote.RemoteWebDriver.execute(RemoteWebDriver.java:552)
	at org.openqa.selenium.remote.RemoteWebDriver.execute(RemoteWebDriver.java:609)
	at org.openqa.selenium.remote.RemoteWebDriver$RemoteWebDriverOptions.deleteAllCookies(RemoteWebDriver.java:694)
	at org.test.CustomerOrganizationJob.deleteAfterCatch(CustomerOrganizationJob.java:57)
	at jdk.internal.reflect.GeneratedMethodAccessor76.invoke(Unknown Source)
	at java.base/jdk.internal.reflect.DelegatingMethodAccessorImpl.invoke(DelegatingMethodAccessorImpl.java:43)
	at java.base/java.lang.reflect.Method.invoke(Method.java:568)
	at org.testng.internal.MethodInvocationHelper.invokeMethod(MethodInvocationHelper.java:133)
	at org.testng.internal.MethodInvocationHelper.invokeMethodConsideringTimeout(MethodInvocationHelper.java:62)
	at org.testng.internal.ConfigInvoker.invokeConfigurationMethod(ConfigInvoker.java:385)
	at org.testng.internal.ConfigInvoker.invokeConfigurations(ConfigInvoker.java:321)
	at org.testng.internal.TestInvoker.runConfigMethods(TestInvoker.java:700)
	at org.testng.internal.TestInvoker.runAfterGroupsConfigurations(TestInvoker.java:676)
	at org.testng.internal.TestInvoker.invokeMethod(TestInvoker.java:660)
	at org.testng.internal.TestInvoker.invokeTestMethod(TestInvoker.java:173)
	at org.testng.internal.MethodRunner.runInSequence(MethodRunner.java:46)
	at org.testng.internal.TestInvoker$MethodInvocationAgent.invoke(TestInvoker.java:824)
	at org.testng.internal.TestInvoker.invokeTestMethods(TestInvoker.java:146)
	at org.testng.internal.TestMethodWorker.invokeTestMethods(TestMethodWorker.java:146)
	at org.testng.internal.TestMethodWorker.run(TestMethodWorker.java:128)
	at java.base/java.util.ArrayList.forEach(ArrayList.java:1511)
	at org.testng.TestRunner.privateRun(TestRunner.java:794)
	at org.testng.TestRunner.run(TestRunner.java:596)
	at org.testng.SuiteRunner.runTest(SuiteRunner.java:377)
	at org.testng.SuiteRunner.runSequentially(SuiteRunner.java:371)
	at org.testng.SuiteRunner.privateRun(SuiteRunner.java:332)
	at org.testng.SuiteRunner.run(SuiteRunner.java:276)
	at org.testng.SuiteRunnerWorker.runSuite(SuiteRunnerWorker.java:53)
	at org.testng.SuiteRunnerWorker.run(SuiteRunnerWorker.java:96)
	at org.testng.TestNG.runSuitesSequentially(TestNG.java:1212)
	at org.testng.TestNG.runSuitesSequentially(TestNG.java:1207)
	at org.testng.TestNG.runSuitesLocally(TestNG.java:1134)
	at org.testng.TestNG.runSuites(TestNG.java:1063)
	at org.testng.TestNG.run(TestNG.java:1031)
	at org.testng.remote.AbstractRemoteTestNG.run(AbstractRemoteTestNG.java:115)
	at org.testng.remote.RemoteTestNG.initAndRun(RemoteTestNG.java:251)
	at org.testng.remote.RemoteTestNG.main(RemoteTestNG.java:77)
</pre></div></td>
<td>0</td>
<td>org.test.CustomerOrganizationJob@1c5920df</td></tr>
<tr>
<td title='org.test.CustomerOrganizationJob.searchInvalid()'><b>searchInvalid</b><br>Test class: org.test.CustomerOrganizationJob</td>
<td><div><pre>org.openqa.selenium.NoSuchWindowException: no such window: target window already closed
from unknown error: web view not found
  (Session info: chrome=113.0.5672.93)
Build info: version: &apos;3.141.5&apos;, revision: &apos;d54ebd709a&apos;, time: &apos;2018-11-06T11:42:16&apos;
System info: host: &apos;DESKTOP-5M7AM2E&apos;, ip: &apos;192.168.56.1&apos;, os.name: &apos;Windows 11&apos;, os.arch: &apos;amd64&apos;, os.version: &apos;10.0&apos;, java.version: &apos;17.0.3&apos;
Driver info: org.openqa.selenium.chrome.ChromeDriver
Capabilities {acceptInsecureCerts: false, browserName: chrome, browserVersion: 113.0.5672.93, chrome: {chromedriverVersion: 113.0.5672.63 (0e1a4471d5ae..., userDataDir: C:\Users\ZAIGOP~1\AppData\L...}, goog:chromeOptions: {debuggerAddress: localhost:55387}, javascriptEnabled: true, networkConnectionEnabled: false, pageLoadStrategy: normal, platform: WINDOWS, platformName: WINDOWS, proxy: Proxy(), setWindowRect: true, strictFileInteractability: false, timeouts: {implicit: 0, pageLoad: 300000, script: 30000}, unhandledPromptBehavior: dismiss and notify, webauthn:extension:credBlob: true, webauthn:extension:largeBlob: true, webauthn:extension:minPinLength: true, webauthn:extension:prf: true, webauthn:virtualAuthenticators: true}
Session ID: 9b2c01655a7615ab7fc92b7b22c81694
	at org.openqa.selenium.remote.http.W3CHttpResponseCodec.createException(W3CHttpResponseCodec.java:187)
	at org.openqa.selenium.remote.http.W3CHttpResponseCodec.decode(W3CHttpResponseCodec.java:122)
	at org.openqa.selenium.remote.http.W3CHttpResponseCodec.decode(W3CHttpResponseCodec.java:49)
	at org.openqa.selenium.remote.HttpCommandExecutor.execute(HttpCommandExecutor.java:158)
	at org.openqa.selenium.remote.service.DriverCommandExecutor.execute(DriverCommandExecutor.java:83)
	at org.openqa.selenium.remote.RemoteWebDriver.execute(RemoteWebDriver.java:552)
	at org.openqa.selenium.remote.RemoteWebDriver.execute(RemoteWebDriver.java:609)
	at org.openqa.selenium.remote.RemoteWebDriver$RemoteWebDriverOptions.deleteAllCookies(RemoteWebDriver.java:694)
	at org.test.CustomerOrganizationJob.deleteAfterCatch(CustomerOrganizationJob.java:57)
	at java.base/java.util.ArrayList.forEach(ArrayList.java:1511)
... Removed 36 stack frames</pre></div><a href='#' onClick='toggleBox("stack-trace229299253", this, "Click to show all stack frames", "Click to hide stack frames")'>Click to show all stack frames</a>
<div class='stack-trace' id='stack-trace229299253'><pre>org.openqa.selenium.NoSuchWindowException: no such window: target window already closed
from unknown error: web view not found
  (Session info: chrome=113.0.5672.93)
Build info: version: &apos;3.141.5&apos;, revision: &apos;d54ebd709a&apos;, time: &apos;2018-11-06T11:42:16&apos;
System info: host: &apos;DESKTOP-5M7AM2E&apos;, ip: &apos;192.168.56.1&apos;, os.name: &apos;Windows 11&apos;, os.arch: &apos;amd64&apos;, os.version: &apos;10.0&apos;, java.version: &apos;17.0.3&apos;
Driver info: org.openqa.selenium.chrome.ChromeDriver
Capabilities {acceptInsecureCerts: false, browserName: chrome, browserVersion: 113.0.5672.93, chrome: {chromedriverVersion: 113.0.5672.63 (0e1a4471d5ae..., userDataDir: C:\Users\ZAIGOP~1\AppData\L...}, goog:chromeOptions: {debuggerAddress: localhost:55387}, javascriptEnabled: true, networkConnectionEnabled: false, pageLoadStrategy: normal, platform: WINDOWS, platformName: WINDOWS, proxy: Proxy(), setWindowRect: true, strictFileInteractability: false, timeouts: {implicit: 0, pageLoad: 300000, script: 30000}, unhandledPromptBehavior: dismiss and notify, webauthn:extension:credBlob: true, webauthn:extension:largeBlob: true, webauthn:extension:minPinLength: true, webauthn:extension:prf: true, webauthn:virtualAuthenticators: true}
Session ID: 9b2c01655a7615ab7fc92b7b22c81694
	at jdk.internal.reflect.GeneratedConstructorAccessor31.newInstance(Unknown Source)
	at java.base/jdk.internal.reflect.DelegatingConstructorAccessorImpl.newInstance(DelegatingConstructorAccessorImpl.java:45)
	at java.base/java.lang.reflect.Constructor.newInstanceWithCaller(Constructor.java:499)
	at java.base/java.lang.reflect.Constructor.newInstance(Constructor.java:480)
	at org.openqa.selenium.remote.http.W3CHttpResponseCodec.createException(W3CHttpResponseCodec.java:187)
	at org.openqa.selenium.remote.http.W3CHttpResponseCodec.decode(W3CHttpResponseCodec.java:122)
	at org.openqa.selenium.remote.http.W3CHttpResponseCodec.decode(W3CHttpResponseCodec.java:49)
	at org.openqa.selenium.remote.HttpCommandExecutor.execute(HttpCommandExecutor.java:158)
	at org.openqa.selenium.remote.service.DriverCommandExecutor.execute(DriverCommandExecutor.java:83)
	at org.openqa.selenium.remote.RemoteWebDriver.execute(RemoteWebDriver.java:552)
	at org.openqa.selenium.remote.RemoteWebDriver.execute(RemoteWebDriver.java:609)
	at org.openqa.selenium.remote.RemoteWebDriver$RemoteWebDriverOptions.deleteAllCookies(RemoteWebDriver.java:694)
	at org.test.CustomerOrganizationJob.deleteAfterCatch(CustomerOrganizationJob.java:57)
	at jdk.internal.reflect.GeneratedMethodAccessor76.invoke(Unknown Source)
	at java.base/jdk.internal.reflect.DelegatingMethodAccessorImpl.invoke(DelegatingMethodAccessorImpl.java:43)
	at java.base/java.lang.reflect.Method.invoke(Method.java:568)
	at org.testng.internal.MethodInvocationHelper.invokeMethod(MethodInvocationHelper.java:133)
	at org.testng.internal.MethodInvocationHelper.invokeMethodConsideringTimeout(MethodInvocationHelper.java:62)
	at org.testng.internal.ConfigInvoker.invokeConfigurationMethod(ConfigInvoker.java:385)
	at org.testng.internal.ConfigInvoker.invokeConfigurations(ConfigInvoker.java:321)
	at org.testng.internal.TestInvoker.runConfigMethods(TestInvoker.java:700)
	at org.testng.internal.TestInvoker.runAfterGroupsConfigurations(TestInvoker.java:676)
	at org.testng.internal.TestInvoker.invokeMethod(TestInvoker.java:660)
	at org.testng.internal.TestInvoker.invokeTestMethod(TestInvoker.java:173)
	at org.testng.internal.MethodRunner.runInSequence(MethodRunner.java:46)
	at org.testng.internal.TestInvoker$MethodInvocationAgent.invoke(TestInvoker.java:824)
	at org.testng.internal.TestInvoker.invokeTestMethods(TestInvoker.java:146)
	at org.testng.internal.TestMethodWorker.invokeTestMethods(TestMethodWorker.java:146)
	at org.testng.internal.TestMethodWorker.run(TestMethodWorker.java:128)
	at java.base/java.util.ArrayList.forEach(ArrayList.java:1511)
	at org.testng.TestRunner.privateRun(TestRunner.java:794)
	at org.testng.TestRunner.run(TestRunner.java:596)
	at org.testng.SuiteRunner.runTest(SuiteRunner.java:377)
	at org.testng.SuiteRunner.runSequentially(SuiteRunner.java:371)
	at org.testng.SuiteRunner.privateRun(SuiteRunner.java:332)
	at org.testng.SuiteRunner.run(SuiteRunner.java:276)
	at org.testng.SuiteRunnerWorker.runSuite(SuiteRunnerWorker.java:53)
	at org.testng.SuiteRunnerWorker.run(SuiteRunnerWorker.java:96)
	at org.testng.TestNG.runSuitesSequentially(TestNG.java:1212)
	at org.testng.TestNG.runSuitesSequentially(TestNG.java:1207)
	at org.testng.TestNG.runSuitesLocally(TestNG.java:1134)
	at org.testng.TestNG.runSuites(TestNG.java:1063)
	at org.testng.TestNG.run(TestNG.java:1031)
	at org.testng.remote.AbstractRemoteTestNG.run(AbstractRemoteTestNG.java:115)
	at org.testng.remote.RemoteTestNG.initAndRun(RemoteTestNG.java:251)
	at org.testng.remote.RemoteTestNG.main(RemoteTestNG.java:77)
</pre></div></td>
<td>0</td>
<td>org.test.CustomerOrganizationJob@1c5920df</td></tr>
</table><p>
</body>
</html>