<?xml version="1.0" encoding="UTF-8"?>
<!-- Generated by org.testng.reporters.JUnitXMLReporter -->
<testsuite ignored="0" hostname="DESKTOP-5M7AM2E" failures="14" tests="195" name="Test" time="1322.519" errors="0" timestamp="2023-04-28T13:35:00 IST">
  <testcase classname="org.test.BusinessUnit" name="loginPage" time="34.854"/>
  <testcase classname="org.test.BusinessUnit" name="settingModule" time="1.775"/>
  <testcase classname="org.test.BusinessUnit" name="businessUnitLabel" time="0.272"/>
  <testcase classname="org.test.BusinessUnit" name="createFormLabel" time="0.909"/>
  <testcase classname="org.test.BusinessUnit" name="mandatoryValidation" time="1.339"/>
  <testcase classname="org.test.BusinessUnit" name="maximumValidationBussinessUnit" time="5.642"/>
  <testcase classname="org.test.BusinessUnit" name="verifySaveButtonExist" time="0.376"/>
  <testcase classname="org.test.BusinessUnit" name="businessCreate" time="8.235"/>
  <testcase classname="org.test.BusinessUnit" name="businessCreateList" time="0.069"/>
  <testcase classname="org.test.BusinessUnit" name="activeStatus" time="0.082"/>
  <testcase classname="org.test.BusinessUnit" name="alreadyExists" time="3.71"/>
  <testcase classname="org.test.BusinessUnit" name="editFormLabel" time="5.924"/>
  <testcase classname="org.test.BusinessUnit" name="editmandatoryValidation" time="1.193"/>
  <testcase classname="org.test.BusinessUnit" name="editmaximumValidationBussinessUnit" time="6.052"/>
  <testcase classname="org.test.BusinessUnit" name="verifyUpdateButtonExist" time="0.364"/>
  <testcase classname="org.test.BusinessUnit" name="businessUpdate" time="8.311"/>
  <testcase classname="org.test.BusinessUnit" name="deleteBusinessUnit" time="15.931"/>
  <testcase classname="org.test.BusinessUnit" name="reflectCreateContactPage" time="21.557"/>
  <testcase classname="org.test.BusinessUnit" name="inactiveLeadSource" time="15.209"/>
  <testcase classname="org.test.BusinessUnit" name="deleteLeadSource" time="4.368"/>
  <testcase classname="org.test.LeadSource" name="loginPage" time="40.802"/>
  <testcase classname="org.test.LeadSource" name="settingModule" time="3.827"/>
  <testcase classname="org.test.LeadSource" name="leadSourceLabel" time="0.417"/>
  <testcase classname="org.test.LeadSource" name="createFormLabel" time="0.874"/>
  <testcase classname="org.test.LeadSource" name="mandatoryValidation" time="1.381"/>
  <testcase classname="org.test.LeadSource" name="maximumValidationLeadSource" time="5.98"/>
  <testcase classname="org.test.LeadSource" name="verifySaveButtonExist" time="0.449"/>
  <testcase classname="org.test.LeadSource" name="leadSourceCreate" time="8.352"/>
  <testcase classname="org.test.LeadSource" name="leadSourceCreateList" time="0.051"/>
  <testcase classname="org.test.LeadSource" name="activeStatus" time="0.056"/>
  <testcase classname="org.test.LeadSource" name="editFormLabel" time="2.337"/>
  <testcase classname="org.test.LeadSource" name="editmandatoryValidation" time="1.232"/>
  <testcase classname="org.test.LeadSource" name="editmaximumValidationLeadSource" time="6.269"/>
  <testcase classname="org.test.LeadSource" name="verifyUpdateButtonExist" time="0.512"/>
  <testcase classname="org.test.LeadSource" name="leadSourceUpdate" time="8.083"/>
  <testcase classname="org.test.LeadSource" name="alreadyExists" time="2.088"/>
  <testcase classname="org.test.LeadSource" name="deleteBusinessUnit" time="17.878"/>
  <testcase classname="org.test.LeadSource" name="reflectCreateContactPage" time="26.538"/>
  <testcase classname="org.test.LeadSource" name="inactiveLeadSource" time="15.905"/>
  <testcase classname="org.test.LeadSource" name="deleteLeadSource" time="6.281"/>
  <testcase classname="org.test.ServiceType" name="loginPage" time="31.741"/>
  <testcase classname="org.test.ServiceType" name="settingModule" time="1.636"/>
  <testcase classname="org.test.ServiceType" name="leadSourceLabel" time="0.57"/>
  <testcase classname="org.test.ServiceType" name="createFormLabel" time="0.358"/>
  <testcase classname="org.test.ServiceType" name="mandatoryValidation" time="3.721"/>
  <testcase classname="org.test.ServiceType" name="maximumValidationServiceType" time="6.193"/>
  <testcase classname="org.test.ServiceType" name="verifySaveButtonExist" time="0.464"/>
  <testcase classname="org.test.ServiceType" name="serviceTypeCreate" time="8.079"/>
  <testcase classname="org.test.ServiceType" name="serviceTypeCreateList" time="0.058"/>
  <testcase classname="org.test.ServiceType" name="activeStatus" time="0.094"/>
  <testcase classname="org.test.ServiceType" name="alreadyExists" time="2.111"/>
  <testcase classname="org.test.ServiceType" name="editFormLabel" time="4.647"/>
  <testcase classname="org.test.ServiceType" name="editmandatoryValidation" time="1.277"/>
  <testcase classname="org.test.ServiceType" name="editmaximumValidationLeadSource" time="5.692"/>
  <testcase classname="org.test.ServiceType" name="verifyUpdateButtonExist" time="0.491"/>
  <testcase classname="org.test.ServiceType" name="leadSourceUpdate" time="8.886"/>
  <testcase classname="org.test.ServiceType" name="deleteBusinessUnit" time="15.556"/>
  <testcase classname="org.test.ServiceType" name="reflectCreateContactPage" time="6.424">
    <failure type="org.openqa.selenium.StaleElementReferenceException" message="stale element reference: element is not attached to the page document
  (Session info: chrome=112.0.5615.138)
For documentation on this error, please visit: http://seleniumhq.org/exceptions/stale_element_reference.html
Build info: version: &amp;apos;3.141.5&amp;apos;, revision: &amp;apos;d54ebd709a&amp;apos;, time: &amp;apos;2018-11-06T11:42:16&amp;apos;
System info: host: &amp;apos;DESKTOP-5M7AM2E&amp;apos;, ip: &amp;apos;192.168.56.1&amp;apos;, os.name: &amp;apos;Windows 11&amp;apos;, os.arch: &amp;apos;amd64&amp;apos;, os.version: &amp;apos;10.0&amp;apos;, java.version: &amp;apos;17.0.3&amp;apos;
Driver info: org.openqa.selenium.chrome.ChromeDriver
Capabilities {acceptInsecureCerts: false, browserName: chrome, browserVersion: 112.0.5615.138, chrome: {chromedriverVersion: 112.0.5615.49 (bd2a7bcb881c..., userDataDir: C:\Users\ZAIGOP~1\AppData\L...}, goog:chromeOptions: {debuggerAddress: localhost:62255}, javascriptEnabled: true, networkConnectionEnabled: false, pageLoadStrategy: normal, platform: WINDOWS, platformName: WINDOWS, proxy: Proxy(), setWindowRect: true, strictFileInteractability: false, timeouts: {implicit: 0, pageLoad: 300000, script: 30000}, unhandledPromptBehavior: dismiss and notify, webauthn:extension:credBlob: true, webauthn:extension:largeBlob: true, webauthn:extension:minPinLength: true, webauthn:extension:prf: true, webauthn:virtualAuthenticators: true}
Session ID: 6befd217e5c6c72b193e51a89a4d941b">
      <![CDATA[org.openqa.selenium.StaleElementReferenceException: stale element reference: element is not attached to the page document
  (Session info: chrome=112.0.5615.138)
For documentation on this error, please visit: http://seleniumhq.org/exceptions/stale_element_reference.html
Build info: version: '3.141.5', revision: 'd54ebd709a', time: '2018-11-06T11:42:16'
System info: host: 'DESKTOP-5M7AM2E', ip: '192.168.56.1', os.name: 'Windows 11', os.arch: 'amd64', os.version: '10.0', java.version: '17.0.3'
Driver info: org.openqa.selenium.chrome.ChromeDriver
Capabilities {acceptInsecureCerts: false, browserName: chrome, browserVersion: 112.0.5615.138, chrome: {chromedriverVersion: 112.0.5615.49 (bd2a7bcb881c..., userDataDir: C:\Users\ZAIGOP~1\AppData\L...}, goog:chromeOptions: {debuggerAddress: localhost:62255}, javascriptEnabled: true, networkConnectionEnabled: false, pageLoadStrategy: normal, platform: WINDOWS, platformName: WINDOWS, proxy: Proxy(), setWindowRect: true, strictFileInteractability: false, timeouts: {implicit: 0, pageLoad: 300000, script: 30000}, unhandledPromptBehavior: dismiss and notify, webauthn:extension:credBlob: true, webauthn:extension:largeBlob: true, webauthn:extension:minPinLength: true, webauthn:extension:prf: true, webauthn:virtualAuthenticators: true}
Session ID: 6befd217e5c6c72b193e51a89a4d941b
at org.openqa.selenium.remote.http.W3CHttpResponseCodec.createException(W3CHttpResponseCodec.java:187)
at org.openqa.selenium.remote.http.W3CHttpResponseCodec.decode(W3CHttpResponseCodec.java:122)
at org.openqa.selenium.remote.http.W3CHttpResponseCodec.decode(W3CHttpResponseCodec.java:49)
at org.openqa.selenium.remote.HttpCommandExecutor.execute(HttpCommandExecutor.java:158)
at org.openqa.selenium.remote.service.DriverCommandExecutor.execute(DriverCommandExecutor.java:83)
at org.openqa.selenium.remote.RemoteWebDriver.execute(RemoteWebDriver.java:552)
at org.openqa.selenium.remote.RemoteWebElement.execute(RemoteWebElement.java:285)
at org.openqa.selenium.remote.RemoteWebElement.isDisplayed(RemoteWebElement.java:326)
at org.openqa.selenium.support.pagefactory.internal.LocatingElementHandler.invoke(LocatingElementHandler.java:51)
at jdk.proxy2/jdk.proxy2.$Proxy15.isDisplayed(Unknown Source)
at com.zaigo.pageobjects.BusinessDaysPage.visibility(BusinessDaysPage.java:94)
at com.zaigo.pageobjects.BusinessDaysPage.bussinessDays(BusinessDaysPage.java:686)
at java.base/java.util.ArrayList.forEach(ArrayList.java:1511)
... Removed 37 stack frames]]>
    </failure>
  </testcase> <!-- reflectCreateContactPage -->
  <testcase classname="org.test.ServiceType" name="inactiveLeadSource" time="17.645"/>
  <testcase classname="org.test.ServiceType" name="deleteLeadSource" time="5.058"/>
  <testcase classname="org.test.ProductModule" name="loginPage" time="35.418"/>
  <testcase classname="org.test.ProductModule" name="settingModule" time="4.295"/>
  <testcase classname="org.test.ProductModule" name="createFormLabel" time="3.256"/>
  <testcase classname="org.test.ProductModule" name="mandatoryValidationProductName" time="0.36"/>
  <testcase classname="org.test.ProductModule" name="mandatoryValidationDescription" time="0.118"/>
  <testcase classname="org.test.ProductModule" name="mandatoryValidationPrice" time="0.094"/>
  <testcase classname="org.test.ProductModule" name="mandatoryValidationTaxName" time="1.004"/>
  <testcase classname="org.test.ProductModule" name="mandatoryValidationTaxPercentage" time="0.08"/>
  <testcase classname="org.test.ProductModule" name="maximumValidationProductName" time="5.189"/>
  <testcase classname="org.test.ProductModule" name="maximumValidationSKU" time="0.876"/>
  <testcase classname="org.test.ProductModule" name="maximumValidationDescription" time="3.999"/>
  <testcase classname="org.test.ProductModule" name="maximumValidationPrice" time="0.174"/>
  <testcase classname="org.test.ProductModule" name="beforeDecimalPointPriceField" time="0.165"/>
  <testcase classname="org.test.ProductModule" name="afterDecimalPointPriceField" time="0.296"/>
  <testcase classname="org.test.ProductModule" name="maximumValidationTax" time="1.204"/>
  <testcase classname="org.test.ProductModule" name="beforeDecimalPointTaxPercentageField" time="0.358"/>
  <testcase classname="org.test.ProductModule" name="afterDecimalPointTaxPercentageField" time="0.424"/>
  <testcase classname="org.test.ProductModule" name="maximumValidationQuantityHand" time="0.349"/>
  <testcase classname="org.test.ProductModule" name="beforeDecimalPointQuantityHandField" time="0.289"/>
  <testcase classname="org.test.ProductModule" name="afterDecimalPointQuantityHandField" time="0.303"/>
  <testcase classname="org.test.ProductModule" name="maximumValidationLowStockThresold" time="0.276"/>
  <testcase classname="org.test.ProductModule" name="beforeDecimalPointLowStockThresoldField" time="0.281"/>
  <testcase classname="org.test.ProductModule" name="afterDecimalPointLowStockThresoldField" time="0.209"/>
  <testcase classname="org.test.ProductModule" name="createButton" time="0.388"/>
  <testcase classname="org.test.ProductModule" name="createProduct" time="8.995"/>
  <testcase classname="org.test.ProductModule" name="editFormLabel" time="5.028"/>
  <testcase classname="org.test.ProductModule" name="editmandatoryValidationProductName" time="0.248"/>
  <testcase classname="org.test.ProductModule" name="editmandatoryValidationDescription" time="0.069"/>
  <testcase classname="org.test.ProductModule" name="editmandatoryValidationPrice" time="0.076"/>
  <testcase classname="org.test.ProductModule" name="editmandatoryValidationTaxName" time="0.001">
    <skipped/>
  </testcase> <!-- editmandatoryValidationTaxName -->
  <testcase classname="org.test.ProductModule" name="editmandatoryValidationTaxPercentage" time="0.001">
    <skipped/>
  </testcase> <!-- editmandatoryValidationTaxPercentage -->
  <testcase classname="org.test.ProductModule" name="editmaximumValidationProductName" time="5.059"/>
  <testcase classname="org.test.ProductModule" name="editmaximumValidationSKU" time="0.867"/>
  <testcase classname="org.test.ProductModule" name="editmaximumValidationDescription" time="4.288"/>
  <testcase classname="org.test.ProductModule" name="editmaximumValidationPrice" time="0.175"/>
  <testcase classname="org.test.ProductModule" name="editbeforeDecimalPointPriceField" time="0.157"/>
  <testcase classname="org.test.ProductModule" name="editafterDecimalPointPriceField" time="0.165"/>
  <testcase classname="org.test.ProductModule" name="editbeforeDecimalPointTaxPercentageField" time="0.0">
    <skipped/>
  </testcase> <!-- editbeforeDecimalPointTaxPercentageField -->
  <testcase classname="org.test.ProductModule" name="editafterDecimalPointTaxPercentageField" time="0.0">
    <skipped/>
  </testcase> <!-- editafterDecimalPointTaxPercentageField -->
  <testcase classname="org.test.ProductModule" name="editmaximumValidationQuantityHand" time="0.208"/>
  <testcase classname="org.test.ProductModule" name="editbeforeDecimalPointQuantityHandField" time="0.213"/>
  <testcase classname="org.test.ProductModule" name="editafterDecimalPointQuantityHandField" time="0.154"/>
  <testcase classname="org.test.ProductModule" name="editmaximumValidationLowStockThresold" time="0.178"/>
  <testcase classname="org.test.ProductModule" name="editbeforeDecimalPointLowStockThresoldField" time="0.22"/>
  <testcase classname="org.test.ProductModule" name="editafterDecimalPointLowStockThresoldField" time="0.278"/>
  <testcase classname="org.test.ProductModule" name="updateButton" time="0.268"/>
  <testcase classname="org.test.ProductModule" name="updateProduct" time="9.676"/>
  <testcase classname="org.test.ProductModule" name="searchProductName" time="1.468"/>
  <testcase classname="org.test.ProductModule" name="searchInvalid" time="1.475"/>
  <testcase classname="org.test.ProductModule" name="deletedProduct" time="18.07"/>
  <testcase classname="org.test.ProductModule" name="reflectQuotePage" time="25.184"/>
  <testcase classname="org.test.ProductModule" name="inactiveProduct" time="18.333"/>
  <testcase classname="org.test.ProductModule" name="deleteProduct" time="9.031"/>
  <testcase classname="org.test.ServiceModule" name="loginPage" time="37.091"/>
  <testcase classname="org.test.ServiceModule" name="settingModule" time="1.813"/>
  <testcase classname="org.test.ServiceModule" name="createFormLabel" time="1.599"/>
  <testcase classname="org.test.ServiceModule" name="mandatoryValidationServiceName" time="0.358"/>
  <testcase classname="org.test.ServiceModule" name="mandatoryValidationDescription" time="0.096"/>
  <testcase classname="org.test.ServiceModule" name="mandatoryValidationPrice" time="0.082"/>
  <testcase classname="org.test.ServiceModule" name="mandatoryValidationTaxName" time="0.935"/>
  <testcase classname="org.test.ServiceModule" name="mandatoryValidationTaxPercentage" time="0.067"/>
  <testcase classname="org.test.ServiceModule" name="maximumValidationServiceName" time="5.102"/>
  <testcase classname="org.test.ServiceModule" name="maximumValidationDescription" time="3.41"/>
  <testcase classname="org.test.ServiceModule" name="maximumValidationPrice" time="0.169"/>
  <testcase classname="org.test.ServiceModule" name="beforeDecimalPointPriceField" time="0.156"/>
  <testcase classname="org.test.ServiceModule" name="afterDecimalPointPriceField" time="0.156"/>
  <testcase classname="org.test.ServiceModule" name="beforeDecimalPointTaxPercentageField" time="0.466"/>
  <testcase classname="org.test.ServiceModule" name="afterDecimalPointTaxPercentageField" time="0.422"/>
  <testcase classname="org.test.ServiceModule" name="createButton" time="0.17"/>
  <testcase classname="org.test.ServiceModule" name="createProduct" time="32.461">
    <failure type="org.openqa.selenium.TimeoutException" message="Expected condition failed: waiting for visibility of element located by By.xpath: //*[@class=&amp;apos;js-snackbar__message&amp;apos;] (tried for 30 second(s) with 500 milliseconds interval)">
      <![CDATA[org.openqa.selenium.TimeoutException: Expected condition failed: waiting for visibility of element located by By.xpath: //*[@class='js-snackbar__message'] (tried for 30 second(s) with 500 milliseconds interval)
at org.openqa.selenium.support.ui.WebDriverWait.timeoutException(WebDriverWait.java:95)
at org.openqa.selenium.support.ui.FluentWait.until(FluentWait.java:272)
at com.zaigo.pageobjects.ProductServicePage.getText(ProductServicePage.java:177)
at com.zaigo.pageobjects.ProductServicePage.message(ProductServicePage.java:515)
at org.test.ServiceModule.createProduct(ServiceModule.java:462)
at java.base/java.util.ArrayList.forEach(ArrayList.java:1511)
Caused by: org.openqa.selenium.NoSuchElementException: no such element: Unable to locate element: {"method":"xpath","selector":"//*[@class='js-snackbar__message']"}
  (Session info: chrome=112.0.5615.138)
For documentation on this error, please visit: http://seleniumhq.org/exceptions/no_such_element.html
Build info: version: '3.141.5', revision: 'd54ebd709a', time: '2018-11-06T11:42:16'
System info: host: 'DESKTOP-5M7AM2E', ip: '192.168.56.1', os.name: 'Windows 11', os.arch: 'amd64', os.version: '10.0', java.version: '17.0.3'
Driver info: org.openqa.selenium.chrome.ChromeDriver
Capabilities {acceptInsecureCerts: false, browserName: chrome, browserVersion: 112.0.5615.138, chrome: {chromedriverVersion: 112.0.5615.49 (bd2a7bcb881c..., userDataDir: C:\Users\ZAIGOP~1\AppData\L...}, goog:chromeOptions: {debuggerAddress: localhost:62781}, javascriptEnabled: true, networkConnectionEnabled: false, pageLoadStrategy: normal, platform: WINDOWS, platformName: WINDOWS, proxy: Proxy(), setWindowRect: true, strictFileInteractability: false, timeouts: {implicit: 0, pageLoad: 300000, script: 30000}, unhandledPromptBehavior: dismiss and notify, webauthn:extension:credBlob: true, webauthn:extension:largeBlob: true, webauthn:extension:minPinLength: true, webauthn:extension:prf: true, webauthn:virtualAuthenticators: true}
Session ID: d89b7f00c3b0f1a6c6276aaf120c2ced
*** Element info: {Using=xpath, value=//*[@class='js-snackbar__message']}
at org.openqa.selenium.remote.http.W3CHttpResponseCodec.createException(W3CHttpResponseCodec.java:187)
at org.openqa.selenium.remote.http.W3CHttpResponseCodec.decode(W3CHttpResponseCodec.java:122)
at org.openqa.selenium.remote.http.W3CHttpResponseCodec.decode(W3CHttpResponseCodec.java:49)
at org.openqa.selenium.remote.HttpCommandExecutor.execute(HttpCommandExecutor.java:158)
at org.openqa.selenium.remote.service.DriverCommandExecutor.execute(DriverCommandExecutor.java:83)
at org.openqa.selenium.remote.RemoteWebDriver.execute(RemoteWebDriver.java:552)
at org.openqa.selenium.remote.RemoteWebDriver.findElement(RemoteWebDriver.java:323)
at org.openqa.selenium.remote.RemoteWebDriver.findElementByXPath(RemoteWebDriver.java:428)
at org.openqa.selenium.By$ByXPath.findElement(By.java:353)
at org.openqa.selenium.remote.RemoteWebDriver.findElement(RemoteWebDriver.java:315)
at org.openqa.selenium.support.ui.ExpectedConditions$7.apply(ExpectedConditions.java:205)
at org.openqa.selenium.support.ui.ExpectedConditions$7.apply(ExpectedConditions.java:201)
at org.openqa.selenium.support.ui.FluentWait.until(FluentWait.java:249)
... 32 more
... Removed 32 stack frames]]>
    </failure>
  </testcase> <!-- createProduct -->
  <testcase classname="org.test.ServiceModule" name="editFormLabel" time="30.541">
    <failure type="org.openqa.selenium.TimeoutException" message="Expected condition failed: waiting for visibility of element located by By.xpath: //*[@id=&amp;apos;fieldy-product-service-list_aserpttbl&amp;apos;]//tr[2]//td[1]//span (tried for 30 second(s) with 500 milliseconds interval)">
      <![CDATA[org.openqa.selenium.TimeoutException: Expected condition failed: waiting for visibility of element located by By.xpath: //*[@id='fieldy-product-service-list_aserpttbl']//tr[2]//td[1]//span (tried for 30 second(s) with 500 milliseconds interval)
at org.openqa.selenium.support.ui.WebDriverWait.timeoutException(WebDriverWait.java:95)
at org.openqa.selenium.support.ui.FluentWait.until(FluentWait.java:272)
at com.zaigo.pageobjects.ProductServicePage.getText(ProductServicePage.java:177)
at com.zaigo.pageobjects.ProductServicePage.labelValidation(ProductServicePage.java:608)
at org.test.ServiceModule.editFormLabel(ServiceModule.java:485)
at java.base/java.util.ArrayList.forEach(ArrayList.java:1511)
Caused by: org.openqa.selenium.NoSuchElementException: no such element: Unable to locate element: {"method":"xpath","selector":"//*[@id='fieldy-product-service-list_aserpttbl']//tr[2]//td[1]//span"}
  (Session info: chrome=112.0.5615.138)
For documentation on this error, please visit: http://seleniumhq.org/exceptions/no_such_element.html
Build info: version: '3.141.5', revision: 'd54ebd709a', time: '2018-11-06T11:42:16'
System info: host: 'DESKTOP-5M7AM2E', ip: '192.168.56.1', os.name: 'Windows 11', os.arch: 'amd64', os.version: '10.0', java.version: '17.0.3'
Driver info: org.openqa.selenium.chrome.ChromeDriver
Capabilities {acceptInsecureCerts: false, browserName: chrome, browserVersion: 112.0.5615.138, chrome: {chromedriverVersion: 112.0.5615.49 (bd2a7bcb881c..., userDataDir: C:\Users\ZAIGOP~1\AppData\L...}, goog:chromeOptions: {debuggerAddress: localhost:62781}, javascriptEnabled: true, networkConnectionEnabled: false, pageLoadStrategy: normal, platform: WINDOWS, platformName: WINDOWS, proxy: Proxy(), setWindowRect: true, strictFileInteractability: false, timeouts: {implicit: 0, pageLoad: 300000, script: 30000}, unhandledPromptBehavior: dismiss and notify, webauthn:extension:credBlob: true, webauthn:extension:largeBlob: true, webauthn:extension:minPinLength: true, webauthn:extension:prf: true, webauthn:virtualAuthenticators: true}
Session ID: d89b7f00c3b0f1a6c6276aaf120c2ced
*** Element info: {Using=xpath, value=//*[@id='fieldy-product-service-list_aserpttbl']//tr[2]//td[1]//span}
at org.openqa.selenium.remote.http.W3CHttpResponseCodec.createException(W3CHttpResponseCodec.java:187)
at org.openqa.selenium.remote.http.W3CHttpResponseCodec.decode(W3CHttpResponseCodec.java:122)
at org.openqa.selenium.remote.http.W3CHttpResponseCodec.decode(W3CHttpResponseCodec.java:49)
at org.openqa.selenium.remote.HttpCommandExecutor.execute(HttpCommandExecutor.java:158)
at org.openqa.selenium.remote.service.DriverCommandExecutor.execute(DriverCommandExecutor.java:83)
at org.openqa.selenium.remote.RemoteWebDriver.execute(RemoteWebDriver.java:552)
at org.openqa.selenium.remote.RemoteWebDriver.findElement(RemoteWebDriver.java:323)
at org.openqa.selenium.remote.RemoteWebDriver.findElementByXPath(RemoteWebDriver.java:428)
at org.openqa.selenium.By$ByXPath.findElement(By.java:353)
at org.openqa.selenium.remote.RemoteWebDriver.findElement(RemoteWebDriver.java:315)
at org.openqa.selenium.support.ui.ExpectedConditions$7.apply(ExpectedConditions.java:205)
at org.openqa.selenium.support.ui.ExpectedConditions$7.apply(ExpectedConditions.java:201)
at org.openqa.selenium.support.ui.FluentWait.until(FluentWait.java:249)
... 32 more
... Removed 32 stack frames]]>
    </failure>
  </testcase> <!-- editFormLabel -->
  <testcase classname="org.test.ServiceModule" name="editmandatoryValidationServiceName" time="30.262">
    <failure type="org.openqa.selenium.TimeoutException" message="Expected condition failed: waiting for visibility of element located by By.id: name_error (tried for 30 second(s) with 500 milliseconds interval)
Build info: version: &amp;apos;3.141.5&amp;apos;, revision: &amp;apos;d54ebd709a&amp;apos;, time: &amp;apos;2018-11-06T11:42:16&amp;apos;
System info: host: &amp;apos;DESKTOP-5M7AM2E&amp;apos;, ip: &amp;apos;192.168.56.1&amp;apos;, os.name: &amp;apos;Windows 11&amp;apos;, os.arch: &amp;apos;amd64&amp;apos;, os.version: &amp;apos;10.0&amp;apos;, java.version: &amp;apos;17.0.3&amp;apos;
Driver info: org.openqa.selenium.chrome.ChromeDriver
Capabilities {acceptInsecureCerts: false, browserName: chrome, browserVersion: 112.0.5615.138, chrome: {chromedriverVersion: 112.0.5615.49 (bd2a7bcb881c..., userDataDir: C:\Users\ZAIGOP~1\AppData\L...}, goog:chromeOptions: {debuggerAddress: localhost:62781}, javascriptEnabled: true, networkConnectionEnabled: false, pageLoadStrategy: normal, platform: WINDOWS, platformName: WINDOWS, proxy: Proxy(), setWindowRect: true, strictFileInteractability: false, timeouts: {implicit: 0, pageLoad: 300000, script: 30000}, unhandledPromptBehavior: dismiss and notify, webauthn:extension:credBlob: true, webauthn:extension:largeBlob: true, webauthn:extension:minPinLength: true, webauthn:extension:prf: true, webauthn:virtualAuthenticators: true}
Session ID: d89b7f00c3b0f1a6c6276aaf120c2ced">
      <![CDATA[org.openqa.selenium.TimeoutException: Expected condition failed: waiting for visibility of element located by By.id: name_error (tried for 30 second(s) with 500 milliseconds interval)
Build info: version: '3.141.5', revision: 'd54ebd709a', time: '2018-11-06T11:42:16'
System info: host: 'DESKTOP-5M7AM2E', ip: '192.168.56.1', os.name: 'Windows 11', os.arch: 'amd64', os.version: '10.0', java.version: '17.0.3'
Driver info: org.openqa.selenium.chrome.ChromeDriver
Capabilities {acceptInsecureCerts: false, browserName: chrome, browserVersion: 112.0.5615.138, chrome: {chromedriverVersion: 112.0.5615.49 (bd2a7bcb881c..., userDataDir: C:\Users\ZAIGOP~1\AppData\L...}, goog:chromeOptions: {debuggerAddress: localhost:62781}, javascriptEnabled: true, networkConnectionEnabled: false, pageLoadStrategy: normal, platform: WINDOWS, platformName: WINDOWS, proxy: Proxy(), setWindowRect: true, strictFileInteractability: false, timeouts: {implicit: 0, pageLoad: 300000, script: 30000}, unhandledPromptBehavior: dismiss and notify, webauthn:extension:credBlob: true, webauthn:extension:largeBlob: true, webauthn:extension:minPinLength: true, webauthn:extension:prf: true, webauthn:virtualAuthenticators: true}
Session ID: d89b7f00c3b0f1a6c6276aaf120c2ced
at org.openqa.selenium.support.ui.WebDriverWait.timeoutException(WebDriverWait.java:95)
at org.openqa.selenium.support.ui.FluentWait.until(FluentWait.java:272)
at com.zaigo.pageobjects.ProductServicePage.getText(ProductServicePage.java:177)
at com.zaigo.pageobjects.ProductServicePage.errorFields(ProductServicePage.java:416)
at org.test.ServiceModule.editmandatoryValidationServiceName(ServiceModule.java:509)
at java.base/java.util.ArrayList.forEach(ArrayList.java:1511)
... Removed 28 stack frames]]>
    </failure>
  </testcase> <!-- editmandatoryValidationServiceName -->
  <testcase classname="org.test.ServiceModule" name="editmandatoryValidationDescription" time="30.536">
    <failure type="org.openqa.selenium.TimeoutException" message="Expected condition failed: waiting for visibility of element located by By.id: description_error (tried for 30 second(s) with 500 milliseconds interval)
Build info: version: &amp;apos;3.141.5&amp;apos;, revision: &amp;apos;d54ebd709a&amp;apos;, time: &amp;apos;2018-11-06T11:42:16&amp;apos;
System info: host: &amp;apos;DESKTOP-5M7AM2E&amp;apos;, ip: &amp;apos;192.168.56.1&amp;apos;, os.name: &amp;apos;Windows 11&amp;apos;, os.arch: &amp;apos;amd64&amp;apos;, os.version: &amp;apos;10.0&amp;apos;, java.version: &amp;apos;17.0.3&amp;apos;
Driver info: org.openqa.selenium.chrome.ChromeDriver
Capabilities {acceptInsecureCerts: false, browserName: chrome, browserVersion: 112.0.5615.138, chrome: {chromedriverVersion: 112.0.5615.49 (bd2a7bcb881c..., userDataDir: C:\Users\ZAIGOP~1\AppData\L...}, goog:chromeOptions: {debuggerAddress: localhost:62781}, javascriptEnabled: true, networkConnectionEnabled: false, pageLoadStrategy: normal, platform: WINDOWS, platformName: WINDOWS, proxy: Proxy(), setWindowRect: true, strictFileInteractability: false, timeouts: {implicit: 0, pageLoad: 300000, script: 30000}, unhandledPromptBehavior: dismiss and notify, webauthn:extension:credBlob: true, webauthn:extension:largeBlob: true, webauthn:extension:minPinLength: true, webauthn:extension:prf: true, webauthn:virtualAuthenticators: true}
Session ID: d89b7f00c3b0f1a6c6276aaf120c2ced">
      <![CDATA[org.openqa.selenium.TimeoutException: Expected condition failed: waiting for visibility of element located by By.id: description_error (tried for 30 second(s) with 500 milliseconds interval)
Build info: version: '3.141.5', revision: 'd54ebd709a', time: '2018-11-06T11:42:16'
System info: host: 'DESKTOP-5M7AM2E', ip: '192.168.56.1', os.name: 'Windows 11', os.arch: 'amd64', os.version: '10.0', java.version: '17.0.3'
Driver info: org.openqa.selenium.chrome.ChromeDriver
Capabilities {acceptInsecureCerts: false, browserName: chrome, browserVersion: 112.0.5615.138, chrome: {chromedriverVersion: 112.0.5615.49 (bd2a7bcb881c..., userDataDir: C:\Users\ZAIGOP~1\AppData\L...}, goog:chromeOptions: {debuggerAddress: localhost:62781}, javascriptEnabled: true, networkConnectionEnabled: false, pageLoadStrategy: normal, platform: WINDOWS, platformName: WINDOWS, proxy: Proxy(), setWindowRect: true, strictFileInteractability: false, timeouts: {implicit: 0, pageLoad: 300000, script: 30000}, unhandledPromptBehavior: dismiss and notify, webauthn:extension:credBlob: true, webauthn:extension:largeBlob: true, webauthn:extension:minPinLength: true, webauthn:extension:prf: true, webauthn:virtualAuthenticators: true}
Session ID: d89b7f00c3b0f1a6c6276aaf120c2ced
at org.openqa.selenium.support.ui.WebDriverWait.timeoutException(WebDriverWait.java:95)
at org.openqa.selenium.support.ui.FluentWait.until(FluentWait.java:272)
at com.zaigo.pageobjects.ProductServicePage.getText(ProductServicePage.java:177)
at com.zaigo.pageobjects.ProductServicePage.errorFields(ProductServicePage.java:420)
at org.test.ServiceModule.editmandatoryValidationDescription(ServiceModule.java:530)
at java.base/java.util.ArrayList.forEach(ArrayList.java:1511)
... Removed 28 stack frames]]>
    </failure>
  </testcase> <!-- editmandatoryValidationDescription -->
  <testcase classname="org.test.ServiceModule" name="editmandatoryValidationPrice" time="30.453">
    <failure type="org.openqa.selenium.TimeoutException" message="Expected condition failed: waiting for visibility of element located by By.id: price_error (tried for 30 second(s) with 500 milliseconds interval)
Build info: version: &amp;apos;3.141.5&amp;apos;, revision: &amp;apos;d54ebd709a&amp;apos;, time: &amp;apos;2018-11-06T11:42:16&amp;apos;
System info: host: &amp;apos;DESKTOP-5M7AM2E&amp;apos;, ip: &amp;apos;192.168.56.1&amp;apos;, os.name: &amp;apos;Windows 11&amp;apos;, os.arch: &amp;apos;amd64&amp;apos;, os.version: &amp;apos;10.0&amp;apos;, java.version: &amp;apos;17.0.3&amp;apos;
Driver info: org.openqa.selenium.chrome.ChromeDriver
Capabilities {acceptInsecureCerts: false, browserName: chrome, browserVersion: 112.0.5615.138, chrome: {chromedriverVersion: 112.0.5615.49 (bd2a7bcb881c..., userDataDir: C:\Users\ZAIGOP~1\AppData\L...}, goog:chromeOptions: {debuggerAddress: localhost:62781}, javascriptEnabled: true, networkConnectionEnabled: false, pageLoadStrategy: normal, platform: WINDOWS, platformName: WINDOWS, proxy: Proxy(), setWindowRect: true, strictFileInteractability: false, timeouts: {implicit: 0, pageLoad: 300000, script: 30000}, unhandledPromptBehavior: dismiss and notify, webauthn:extension:credBlob: true, webauthn:extension:largeBlob: true, webauthn:extension:minPinLength: true, webauthn:extension:prf: true, webauthn:virtualAuthenticators: true}
Session ID: d89b7f00c3b0f1a6c6276aaf120c2ced">
      <![CDATA[org.openqa.selenium.TimeoutException: Expected condition failed: waiting for visibility of element located by By.id: price_error (tried for 30 second(s) with 500 milliseconds interval)
Build info: version: '3.141.5', revision: 'd54ebd709a', time: '2018-11-06T11:42:16'
System info: host: 'DESKTOP-5M7AM2E', ip: '192.168.56.1', os.name: 'Windows 11', os.arch: 'amd64', os.version: '10.0', java.version: '17.0.3'
Driver info: org.openqa.selenium.chrome.ChromeDriver
Capabilities {acceptInsecureCerts: false, browserName: chrome, browserVersion: 112.0.5615.138, chrome: {chromedriverVersion: 112.0.5615.49 (bd2a7bcb881c..., userDataDir: C:\Users\ZAIGOP~1\AppData\L...}, goog:chromeOptions: {debuggerAddress: localhost:62781}, javascriptEnabled: true, networkConnectionEnabled: false, pageLoadStrategy: normal, platform: WINDOWS, platformName: WINDOWS, proxy: Proxy(), setWindowRect: true, strictFileInteractability: false, timeouts: {implicit: 0, pageLoad: 300000, script: 30000}, unhandledPromptBehavior: dismiss and notify, webauthn:extension:credBlob: true, webauthn:extension:largeBlob: true, webauthn:extension:minPinLength: true, webauthn:extension:prf: true, webauthn:virtualAuthenticators: true}
Session ID: d89b7f00c3b0f1a6c6276aaf120c2ced
at org.openqa.selenium.support.ui.WebDriverWait.timeoutException(WebDriverWait.java:95)
at org.openqa.selenium.support.ui.FluentWait.until(FluentWait.java:272)
at com.zaigo.pageobjects.ProductServicePage.getText(ProductServicePage.java:177)
at com.zaigo.pageobjects.ProductServicePage.errorFields(ProductServicePage.java:422)
at org.test.ServiceModule.editmandatoryValidationPrice(ServiceModule.java:551)
at java.base/java.util.ArrayList.forEach(ArrayList.java:1511)
... Removed 28 stack frames]]>
    </failure>
  </testcase> <!-- editmandatoryValidationPrice -->
  <testcase classname="org.test.ServiceModule" name="editmandatoryValidationTaxName" time="0.001">
    <failure type="java.lang.NullPointerException" message="Cannot invoke &amp;quot;String.equals(Object)&amp;quot; because &amp;quot;org.test.ServiceModule.listValidation&amp;quot; is null">
      <![CDATA[java.lang.NullPointerException: Cannot invoke "String.equals(Object)" because "org.test.ServiceModule.listValidation" is null
at org.test.ServiceModule.editmandatoryValidationTaxName(ServiceModule.java:570)
at java.base/java.util.ArrayList.forEach(ArrayList.java:1511)
... Removed 28 stack frames]]>
    </failure>
  </testcase> <!-- editmandatoryValidationTaxName -->
  <testcase classname="org.test.ServiceModule" name="editmandatoryValidationTaxPercentage" time="0.0">
    <failure type="java.lang.NullPointerException" message="Cannot invoke &amp;quot;String.equals(Object)&amp;quot; because &amp;quot;org.test.ServiceModule.listValidation&amp;quot; is null">
      <![CDATA[java.lang.NullPointerException: Cannot invoke "String.equals(Object)" because "org.test.ServiceModule.listValidation" is null
at org.test.ServiceModule.editmandatoryValidationTaxPercentage(ServiceModule.java:597)
at java.base/java.util.ArrayList.forEach(ArrayList.java:1511)
... Removed 28 stack frames]]>
    </failure>
  </testcase> <!-- editmandatoryValidationTaxPercentage -->
  <testcase classname="org.test.ServiceModule" name="editmaximumValidationProductName" time="5.898"/>
  <testcase classname="org.test.ServiceModule" name="editmaximumValidationDescription" time="4.514"/>
  <testcase classname="org.test.ServiceModule" name="editmaximumValidationPrice" time="0.188"/>
  <testcase classname="org.test.ServiceModule" name="editbeforeDecimalPointPriceField" time="0.162"/>
  <testcase classname="org.test.ServiceModule" name="editafterDecimalPointPriceField" time="0.139"/>
  <testcase classname="org.test.ServiceModule" name="editbeforeDecimalPointTaxPercentageField" time="0.0">
    <failure type="java.lang.NullPointerException" message="Cannot invoke &amp;quot;String.equals(Object)&amp;quot; because &amp;quot;org.test.ServiceModule.listValidation&amp;quot; is null">
      <![CDATA[java.lang.NullPointerException: Cannot invoke "String.equals(Object)" because "org.test.ServiceModule.listValidation" is null
at org.test.ServiceModule.editbeforeDecimalPointTaxPercentageField(ServiceModule.java:774)
at java.base/java.util.ArrayList.forEach(ArrayList.java:1511)
... Removed 28 stack frames]]>
    </failure>
  </testcase> <!-- editbeforeDecimalPointTaxPercentageField -->
  <testcase classname="org.test.ServiceModule" name="editafterDecimalPointTaxPercentageField" time="0.001">
    <failure type="java.lang.NullPointerException" message="Cannot invoke &amp;quot;String.equals(Object)&amp;quot; because &amp;quot;org.test.ServiceModule.listValidation&amp;quot; is null">
      <![CDATA[java.lang.NullPointerException: Cannot invoke "String.equals(Object)" because "org.test.ServiceModule.listValidation" is null
at org.test.ServiceModule.editafterDecimalPointTaxPercentageField(ServiceModule.java:803)
at java.base/java.util.ArrayList.forEach(ArrayList.java:1511)
... Removed 28 stack frames]]>
    </failure>
  </testcase> <!-- editafterDecimalPointTaxPercentageField -->
  <testcase classname="org.test.ServiceModule" name="updateButton" time="0.274"/>
  <testcase classname="org.test.ServiceModule" name="updateProduct" time="1.293">
    <failure type="java.lang.NullPointerException" message="Cannot invoke &amp;quot;String.equals(Object)&amp;quot; because &amp;quot;org.test.ServiceModule.listValidation&amp;quot; is null">
      <![CDATA[java.lang.NullPointerException: Cannot invoke "String.equals(Object)" because "org.test.ServiceModule.listValidation" is null
at org.test.ServiceModule.updateProduct(ServiceModule.java:858)
at java.base/java.util.ArrayList.forEach(ArrayList.java:1511)
... Removed 28 stack frames]]>
    </failure>
  </testcase> <!-- updateProduct -->
  <testcase classname="org.test.ServiceModule" name="searchServiceName" time="10.522">
    <failure type="org.openqa.selenium.TimeoutException" message="Expected condition failed: waiting for visibility of element located by By.id: product-service-serach-filter (tried for 10 second(s) with 500 milliseconds interval)">
      <![CDATA[org.openqa.selenium.TimeoutException: Expected condition failed: waiting for visibility of element located by By.id: product-service-serach-filter (tried for 10 second(s) with 500 milliseconds interval)
at org.openqa.selenium.support.ui.WebDriverWait.timeoutException(WebDriverWait.java:95)
at org.openqa.selenium.support.ui.FluentWait.until(FluentWait.java:272)
at com.zaigo.pageobjects.ProductServicePage.tagValidation(ProductServicePage.java:158)
at com.zaigo.pageobjects.ProductServicePage.listValidation(ProductServicePage.java:621)
at org.test.ServiceModule.searchServiceName(ServiceModule.java:887)
at java.base/java.util.ArrayList.forEach(ArrayList.java:1511)
Caused by: org.openqa.selenium.NoSuchElementException: no such element: Unable to locate element: {"method":"css selector","selector":"#product\-service\-serach\-filter"}
  (Session info: chrome=112.0.5615.138)
For documentation on this error, please visit: http://seleniumhq.org/exceptions/no_such_element.html
Build info: version: '3.141.5', revision: 'd54ebd709a', time: '2018-11-06T11:42:16'
System info: host: 'DESKTOP-5M7AM2E', ip: '192.168.56.1', os.name: 'Windows 11', os.arch: 'amd64', os.version: '10.0', java.version: '17.0.3'
Driver info: org.openqa.selenium.chrome.ChromeDriver
Capabilities {acceptInsecureCerts: false, browserName: chrome, browserVersion: 112.0.5615.138, chrome: {chromedriverVersion: 112.0.5615.49 (bd2a7bcb881c..., userDataDir: C:\Users\ZAIGOP~1\AppData\L...}, goog:chromeOptions: {debuggerAddress: localhost:62781}, javascriptEnabled: true, networkConnectionEnabled: false, pageLoadStrategy: normal, platform: WINDOWS, platformName: WINDOWS, proxy: Proxy(), setWindowRect: true, strictFileInteractability: false, timeouts: {implicit: 0, pageLoad: 300000, script: 30000}, unhandledPromptBehavior: dismiss and notify, webauthn:extension:credBlob: true, webauthn:extension:largeBlob: true, webauthn:extension:minPinLength: true, webauthn:extension:prf: true, webauthn:virtualAuthenticators: true}
Session ID: d89b7f00c3b0f1a6c6276aaf120c2ced
*** Element info: {Using=id, value=product-service-serach-filter}
at org.openqa.selenium.remote.http.W3CHttpResponseCodec.createException(W3CHttpResponseCodec.java:187)
at org.openqa.selenium.remote.http.W3CHttpResponseCodec.decode(W3CHttpResponseCodec.java:122)
at org.openqa.selenium.remote.http.W3CHttpResponseCodec.decode(W3CHttpResponseCodec.java:49)
at org.openqa.selenium.remote.HttpCommandExecutor.execute(HttpCommandExecutor.java:158)
at org.openqa.selenium.remote.service.DriverCommandExecutor.execute(DriverCommandExecutor.java:83)
at org.openqa.selenium.remote.RemoteWebDriver.execute(RemoteWebDriver.java:552)
at org.openqa.selenium.remote.RemoteWebDriver.findElement(RemoteWebDriver.java:323)
at org.openqa.selenium.remote.RemoteWebDriver.findElementById(RemoteWebDriver.java:372)
at org.openqa.selenium.By$ById.findElement(By.java:188)
at org.openqa.selenium.remote.RemoteWebDriver.findElement(RemoteWebDriver.java:315)
at org.openqa.selenium.support.ui.ExpectedConditions$7.apply(ExpectedConditions.java:205)
at org.openqa.selenium.support.ui.ExpectedConditions$7.apply(ExpectedConditions.java:201)
at org.openqa.selenium.support.ui.FluentWait.until(FluentWait.java:249)
... 32 more
... Removed 32 stack frames]]>
    </failure>
  </testcase> <!-- searchServiceName -->
  <testcase classname="org.test.ServiceModule" name="searchInvalid" time="10.507">
    <failure type="org.openqa.selenium.TimeoutException" message="Expected condition failed: waiting for visibility of element located by By.id: product-service-serach-filter (tried for 10 second(s) with 500 milliseconds interval)">
      <![CDATA[org.openqa.selenium.TimeoutException: Expected condition failed: waiting for visibility of element located by By.id: product-service-serach-filter (tried for 10 second(s) with 500 milliseconds interval)
at org.openqa.selenium.support.ui.WebDriverWait.timeoutException(WebDriverWait.java:95)
at org.openqa.selenium.support.ui.FluentWait.until(FluentWait.java:272)
at com.zaigo.pageobjects.ProductServicePage.tagValidation(ProductServicePage.java:158)
at com.zaigo.pageobjects.ProductServicePage.listValidation(ProductServicePage.java:629)
at org.test.ServiceModule.searchInvalid(ServiceModule.java:911)
at java.base/java.util.ArrayList.forEach(ArrayList.java:1511)
Caused by: org.openqa.selenium.NoSuchElementException: no such element: Unable to locate element: {"method":"css selector","selector":"#product\-service\-serach\-filter"}
  (Session info: chrome=112.0.5615.138)
For documentation on this error, please visit: http://seleniumhq.org/exceptions/no_such_element.html
Build info: version: '3.141.5', revision: 'd54ebd709a', time: '2018-11-06T11:42:16'
System info: host: 'DESKTOP-5M7AM2E', ip: '192.168.56.1', os.name: 'Windows 11', os.arch: 'amd64', os.version: '10.0', java.version: '17.0.3'
Driver info: org.openqa.selenium.chrome.ChromeDriver
Capabilities {acceptInsecureCerts: false, browserName: chrome, browserVersion: 112.0.5615.138, chrome: {chromedriverVersion: 112.0.5615.49 (bd2a7bcb881c..., userDataDir: C:\Users\ZAIGOP~1\AppData\L...}, goog:chromeOptions: {debuggerAddress: localhost:62781}, javascriptEnabled: true, networkConnectionEnabled: false, pageLoadStrategy: normal, platform: WINDOWS, platformName: WINDOWS, proxy: Proxy(), setWindowRect: true, strictFileInteractability: false, timeouts: {implicit: 0, pageLoad: 300000, script: 30000}, unhandledPromptBehavior: dismiss and notify, webauthn:extension:credBlob: true, webauthn:extension:largeBlob: true, webauthn:extension:minPinLength: true, webauthn:extension:prf: true, webauthn:virtualAuthenticators: true}
Session ID: d89b7f00c3b0f1a6c6276aaf120c2ced
*** Element info: {Using=id, value=product-service-serach-filter}
at org.openqa.selenium.remote.http.W3CHttpResponseCodec.createException(W3CHttpResponseCodec.java:187)
at org.openqa.selenium.remote.http.W3CHttpResponseCodec.decode(W3CHttpResponseCodec.java:122)
at org.openqa.selenium.remote.http.W3CHttpResponseCodec.decode(W3CHttpResponseCodec.java:49)
at org.openqa.selenium.remote.HttpCommandExecutor.execute(HttpCommandExecutor.java:158)
at org.openqa.selenium.remote.service.DriverCommandExecutor.execute(DriverCommandExecutor.java:83)
at org.openqa.selenium.remote.RemoteWebDriver.execute(RemoteWebDriver.java:552)
at org.openqa.selenium.remote.RemoteWebDriver.findElement(RemoteWebDriver.java:323)
at org.openqa.selenium.remote.RemoteWebDriver.findElementById(RemoteWebDriver.java:372)
at org.openqa.selenium.By$ById.findElement(By.java:188)
at org.openqa.selenium.remote.RemoteWebDriver.findElement(RemoteWebDriver.java:315)
at org.openqa.selenium.support.ui.ExpectedConditions$7.apply(ExpectedConditions.java:205)
at org.openqa.selenium.support.ui.ExpectedConditions$7.apply(ExpectedConditions.java:201)
at org.openqa.selenium.support.ui.FluentWait.until(FluentWait.java:249)
... 32 more
... Removed 32 stack frames]]>
    </failure>
  </testcase> <!-- searchInvalid -->
  <testcase classname="org.test.ServiceModule" name="deletedService" time="100.332">
    <failure type="org.openqa.selenium.TimeoutException" message="Expected condition failed: waiting for visibility of Proxy element for: DefaultElementLocator &amp;apos;By.all({By.xpath: //*[@placeholder=&amp;apos;Search by Product Name ...&amp;apos;]//ancestor::div[8]//table//tr[2]//td[6],By.xpath: //*[@placeholder=&amp;apos;Search by Service Name ...&amp;apos;]//ancestor::div[8]//table//tr[2]//td[5]})&amp;apos; (tried for 100 second(s) with 500 milliseconds interval)">
      <![CDATA[org.openqa.selenium.TimeoutException: Expected condition failed: waiting for visibility of Proxy element for: DefaultElementLocator 'By.all({By.xpath: //*[@placeholder='Search by Product Name ...']//ancestor::div[8]//table//tr[2]//td[6],By.xpath: //*[@placeholder='Search by Service Name ...']//ancestor::div[8]//table//tr[2]//td[5]})' (tried for 100 second(s) with 500 milliseconds interval)
at org.openqa.selenium.support.ui.WebDriverWait.timeoutException(WebDriverWait.java:95)
at org.openqa.selenium.support.ui.FluentWait.until(FluentWait.java:272)
at com.zaigo.pageobjects.ProductServicePage.mouseActionClick(ProductServicePage.java:125)
at com.zaigo.pageobjects.ProductServicePage.listValidation(ProductServicePage.java:633)
at org.test.ServiceModule.deletedService(ServiceModule.java:935)
at java.base/java.util.ArrayList.forEach(ArrayList.java:1511)
Caused by: org.openqa.selenium.NoSuchElementException: Cannot locate an element using By.all({By.xpath: //*[@placeholder='Search by Product Name ...']//ancestor::div[8]//table//tr[2]//td[6],By.xpath: //*[@placeholder='Search by Service Name ...']//ancestor::div[8]//table//tr[2]//td[5]})
For documentation on this error, please visit: http://seleniumhq.org/exceptions/no_such_element.html
Build info: version: '3.141.5', revision: 'd54ebd709a', time: '2018-11-06T11:42:16'
System info: host: 'DESKTOP-5M7AM2E', ip: '192.168.56.1', os.name: 'Windows 11', os.arch: 'amd64', os.version: '10.0', java.version: '17.0.3'
Driver info: driver.version: RemoteWebDriver
at org.openqa.selenium.support.pagefactory.ByAll.findElement(ByAll.java:58)
at org.openqa.selenium.remote.RemoteWebDriver.findElement(RemoteWebDriver.java:315)
at org.openqa.selenium.support.pagefactory.DefaultElementLocator.findElement(DefaultElementLocator.java:69)
at org.openqa.selenium.support.pagefactory.internal.LocatingElementHandler.invoke(LocatingElementHandler.java:38)
at jdk.proxy2/jdk.proxy2.$Proxy15.isDisplayed(Unknown Source)
at org.openqa.selenium.support.ui.ExpectedConditions.elementIfVisible(ExpectedConditions.java:314)
at org.openqa.selenium.support.ui.ExpectedConditions.access$000(ExpectedConditions.java:43)
at org.openqa.selenium.support.ui.ExpectedConditions$10.apply(ExpectedConditions.java:300)
at org.openqa.selenium.support.ui.ExpectedConditions$10.apply(ExpectedConditions.java:297)
at org.openqa.selenium.support.ui.FluentWait.until(FluentWait.java:249)
... 32 more
... Removed 28 stack frames]]>
    </failure>
  </testcase> <!-- deletedService -->
  <testcase classname="org.test.ServiceModule" name="reflectQuotePage" time="27.949"/>
  <testcase classname="org.test.ServiceModule" name="inactiveProduct" time="18.548"/>
  <testcase classname="org.test.ServiceModule" name="deleteProduct" time="8.414"/>
  <testcase classname="org.test.TaxModule" name="loginPage" time="49.757"/>
  <testcase classname="org.test.TaxModule" name="settingModule" time="2.124"/>
  <testcase classname="org.test.TaxModule" name="createFormLabel" time="1.179"/>
  <testcase classname="org.test.TaxModule" name="mandatoryValidationTaxName" time="0.259"/>
  <testcase classname="org.test.TaxModule" name="mandatoryValidationDescription" time="0.052"/>
  <testcase classname="org.test.TaxModule" name="maximumValidationProductName" time="8.239"/>
  <testcase classname="org.test.TaxModule" name="maximumValidationTaxPercentage" time="7.153"/>
  <testcase classname="org.test.TaxModule" name="createButton" time="0.069"/>
  <testcase classname="org.test.TaxModule" name="createTax" time="7.358"/>
  <testcase classname="org.test.TaxModule" name="createdTaxList" time="0.054"/>
  <testcase classname="org.test.TaxModule" name="editFormLabel" time="2.643"/>
  <testcase classname="org.test.TaxModule" name="editmandatoryValidationTaxName" time="0.266"/>
  <testcase classname="org.test.TaxModule" name="editmandatoryValidationDescription" time="0.051"/>
  <testcase classname="org.test.TaxModule" name="editmaximumValidationProductName" time="8.074"/>
  <testcase classname="org.test.TaxModule" name="editmaximumValidationTaxPercentage" time="7.18"/>
  <testcase classname="org.test.TaxModule" name="updateButton" time="0.095"/>
  <testcase classname="org.test.TaxModule" name="updatedTax" time="7.35"/>
  <testcase classname="org.test.TaxModule" name="updatedTaxList" time="7.849"/>
  <testcase classname="org.test.TaxModule" name="createdTaxRefectProductService" time="16.682"/>
  <testcase classname="org.test.TaxModule" name="editTaxRefectProductService" time="5.148"/>
  <testcase classname="org.test.CategoryModule" name="loginPage" time="40.099"/>
  <testcase classname="org.test.CategoryModule" name="settingModule" time="2.659"/>
  <testcase classname="org.test.CategoryModule" name="createFormLabel" time="1.61"/>
  <testcase classname="org.test.CategoryModule" name="mandatoryValidationCategoryName" time="2.787"/>
  <testcase classname="org.test.CategoryModule" name="maximumValidationCategoryName" time="5.53"/>
  <testcase classname="org.test.CategoryModule" name="maximumValidationDescription" time="4.258"/>
  <testcase classname="org.test.CategoryModule" name="createButton" time="0.055"/>
  <testcase classname="org.test.CategoryModule" name="createCategoryProduct" time="8.438"/>
  <testcase classname="org.test.CategoryModule" name="createCategoryProductList" time="0.109"/>
  <testcase classname="org.test.CategoryModule" name="searchProductName" time="3.474"/>
  <testcase classname="org.test.CategoryModule" name="searchInvalid" time="1.432"/>
  <testcase classname="org.test.CategoryModule" name="editFormLabel" time="7.72"/>
  <testcase classname="org.test.CategoryModule" name="editmandatoryValidationCategoryName" time="0.412"/>
  <testcase classname="org.test.CategoryModule" name="editmaximumValidationCategoryName" time="5.284"/>
  <testcase classname="org.test.CategoryModule" name="editmaximumValidationDescription" time="3.958"/>
  <testcase classname="org.test.CategoryModule" name="updateButton" time="0.082"/>
  <testcase classname="org.test.CategoryModule" name="UpdateCategoryProduct" time="9.06"/>
  <testcase classname="org.test.CategoryModule" name="deleteProduct" time="19.408"/>
  <testcase classname="org.test.CategoryModule" name="reflectCategoryProduct" time="22.665"/>
  <testcase classname="org.test.CategoryModule" name="inactiveProductCategory" time="12.868"/>
  <testcase classname="org.test.CategoryModule" name="deleteProductCategory" time="13.566"/>
  <testcase classname="org.test.CategoryModule" name="reflectCategoryService" time="21.991"/>
  <testcase classname="org.test.CategoryModule" name="inactiveProductService" time="14.002"/>
  <testcase classname="org.test.CategoryModule" name="deleteProductService" time="4.204"/>
</testsuite> <!-- Test -->
