<html>
<head>
<title>TestNG:  Test</title>
<link href="../testng.css" rel="stylesheet" type="text/css" />
<link href="../my-testng.css" rel="stylesheet" type="text/css" />

<style type="text/css">
.log { display: none;} 
.stack-trace { display: none;} 
</style>
<script type="text/javascript">
<!--
function flip(e) {
  current = e.style.display;
  if (current == 'block') {
    e.style.display = 'none';
    return 0;
  }
  else {
    e.style.display = 'block';
    return 1;
  }
}

function toggleBox(szDivId, elem, msg1, msg2)
{
  var res = -1;  if (document.getElementById) {
    res = flip(document.getElementById(szDivId));
  }
  else if (document.all) {
    // this is the way old msie versions work
    res = flip(document.all[szDivId]);
  }
  if(elem) {
    if(res == 0) elem.innerHTML = msg1; else elem.innerHTML = msg2;
  }

}

function toggleAllBoxes() {
  if (document.getElementsByTagName) {
    d = document.getElementsByTagName('div');
    for (i = 0; i < d.length; i++) {
      if (d[i].className == 'log') {
        flip(d[i]);
      }
    }
  }
}

// -->
</script>

</head>
<body>
<h2 align='center'>Test</h2><table border='1' align="center">
<tr>
<td>Tests passed/Failed/Skipped:</td><td>390/8/0</td>
</tr><tr>
<td>Started on:</td><td>Fri Apr 07 14:58:12 IST 2023</td>
</tr>
<tr><td>Total time:</td><td>1066 seconds (1066696 ms)</td>
</tr><tr>
<td>Included groups:</td><td></td>
</tr><tr>
<td>Excluded groups:</td><td></td>
</tr>
</table><p/>
<small><i>(Hover the method name to see the test class name)</i></small><p/>
<table width='100%' border='1' class='invocation-failed'>
<tr><td colspan='4' align='center'><b>FAILED TESTS</b></td></tr>
<tr><td><b>Test method</b></td>
<td width="30%"><b>Exception</b></td>
<td width="10%"><b>Time (seconds)</b></td>
<td><b>Instance</b></td>
</tr>
<tr>
<td title='org.test.TeamUser.alreadyExistedMailValidation()'><b>alreadyExistedMailValidation</b><br>Test class: org.test.TeamUser</td>
<td><div><pre>org.openqa.selenium.TimeoutException: Expected condition failed: waiting for visibility of element located by By.xpath: //*[text()=&apos;Yes&apos;] (tried for 10 second(s) with 500 milliseconds interval)
Build info: version: &apos;3.141.5&apos;, revision: &apos;d54ebd709a&apos;, time: &apos;2018-11-06T11:42:16&apos;
System info: host: &apos;DESKTOP-5M7AM2E&apos;, ip: &apos;192.168.56.1&apos;, os.name: &apos;Windows 11&apos;, os.arch: &apos;amd64&apos;, os.version: &apos;10.0&apos;, java.version: &apos;17.0.3&apos;
Driver info: org.openqa.selenium.chrome.ChromeDriver
Capabilities {acceptInsecureCerts: false, browserName: chrome, browserVersion: 111.0.5563.147, chrome: {chromedriverVersion: 111.0.5563.64 (c710e93d5b63..., userDataDir: C:\Users\ZAIGOP~1\AppData\L...}, goog:chromeOptions: {debuggerAddress: localhost:60014}, javascriptEnabled: true, networkConnectionEnabled: false, pageLoadStrategy: normal, platform: WINDOWS, platformName: WINDOWS, proxy: Proxy(), setWindowRect: true, strictFileInteractability: false, timeouts: {implicit: 0, pageLoad: 300000, script: 30000}, unhandledPromptBehavior: dismiss and notify, webauthn:extension:credBlob: true, webauthn:extension:largeBlob: true, webauthn:extension:minPinLength: true, webauthn:extension:prf: true, webauthn:virtualAuthenticators: true}
Session ID: b2d2a30d44883de6c090ea34d96f0d1d
	at org.openqa.selenium.support.ui.WebDriverWait.timeoutException(WebDriverWait.java:95)
	at org.openqa.selenium.support.ui.FluentWait.until(FluentWait.java:272)
	at com.zaigo.pageobjects.TeamUserPage.mouseActionClick(TeamUserPage.java:93)
	at com.zaigo.pageobjects.TeamUserPage.clickEvent(TeamUserPage.java:530)
	at org.test.TeamUser.alreadyExistedMailValidation(TeamUser.java:672)
	at java.base/java.util.ArrayList.forEach(ArrayList.java:1511)
... Removed 28 stack frames</pre></div><a href='#' onClick='toggleBox("stack-trace409573177", this, "Click to show all stack frames", "Click to hide stack frames")'>Click to show all stack frames</a>
<div class='stack-trace' id='stack-trace409573177'><pre>org.openqa.selenium.TimeoutException: Expected condition failed: waiting for visibility of element located by By.xpath: //*[text()=&apos;Yes&apos;] (tried for 10 second(s) with 500 milliseconds interval)
Build info: version: &apos;3.141.5&apos;, revision: &apos;d54ebd709a&apos;, time: &apos;2018-11-06T11:42:16&apos;
System info: host: &apos;DESKTOP-5M7AM2E&apos;, ip: &apos;192.168.56.1&apos;, os.name: &apos;Windows 11&apos;, os.arch: &apos;amd64&apos;, os.version: &apos;10.0&apos;, java.version: &apos;17.0.3&apos;
Driver info: org.openqa.selenium.chrome.ChromeDriver
Capabilities {acceptInsecureCerts: false, browserName: chrome, browserVersion: 111.0.5563.147, chrome: {chromedriverVersion: 111.0.5563.64 (c710e93d5b63..., userDataDir: C:\Users\ZAIGOP~1\AppData\L...}, goog:chromeOptions: {debuggerAddress: localhost:60014}, javascriptEnabled: true, networkConnectionEnabled: false, pageLoadStrategy: normal, platform: WINDOWS, platformName: WINDOWS, proxy: Proxy(), setWindowRect: true, strictFileInteractability: false, timeouts: {implicit: 0, pageLoad: 300000, script: 30000}, unhandledPromptBehavior: dismiss and notify, webauthn:extension:credBlob: true, webauthn:extension:largeBlob: true, webauthn:extension:minPinLength: true, webauthn:extension:prf: true, webauthn:virtualAuthenticators: true}
Session ID: b2d2a30d44883de6c090ea34d96f0d1d
	at org.openqa.selenium.support.ui.WebDriverWait.timeoutException(WebDriverWait.java:95)
	at org.openqa.selenium.support.ui.FluentWait.until(FluentWait.java:272)
	at com.zaigo.pageobjects.TeamUserPage.mouseActionClick(TeamUserPage.java:93)
	at com.zaigo.pageobjects.TeamUserPage.clickEvent(TeamUserPage.java:530)
	at org.test.TeamUser.alreadyExistedMailValidation(TeamUser.java:672)
	at java.base/jdk.internal.reflect.NativeMethodAccessorImpl.invoke0(Native Method)
	at java.base/jdk.internal.reflect.NativeMethodAccessorImpl.invoke(NativeMethodAccessorImpl.java:77)
	at java.base/jdk.internal.reflect.DelegatingMethodAccessorImpl.invoke(DelegatingMethodAccessorImpl.java:43)
	at java.base/java.lang.reflect.Method.invoke(Method.java:568)
	at org.testng.internal.MethodInvocationHelper.invokeMethod(MethodInvocationHelper.java:133)
	at org.testng.internal.TestInvoker.invokeMethod(TestInvoker.java:598)
	at org.testng.internal.TestInvoker.invokeTestMethod(TestInvoker.java:173)
	at org.testng.internal.MethodRunner.runInSequence(MethodRunner.java:46)
	at org.testng.internal.TestInvoker$MethodInvocationAgent.invoke(TestInvoker.java:824)
	at org.testng.internal.TestInvoker.invokeTestMethods(TestInvoker.java:146)
	at org.testng.internal.TestMethodWorker.invokeTestMethods(TestMethodWorker.java:146)
	at org.testng.internal.TestMethodWorker.run(TestMethodWorker.java:128)
	at java.base/java.util.ArrayList.forEach(ArrayList.java:1511)
	at org.testng.TestRunner.privateRun(TestRunner.java:794)
	at org.testng.TestRunner.run(TestRunner.java:596)
	at org.testng.SuiteRunner.runTest(SuiteRunner.java:377)
	at org.testng.SuiteRunner.runSequentially(SuiteRunner.java:371)
	at org.testng.SuiteRunner.privateRun(SuiteRunner.java:332)
	at org.testng.SuiteRunner.run(SuiteRunner.java:276)
	at org.testng.SuiteRunnerWorker.runSuite(SuiteRunnerWorker.java:53)
	at org.testng.SuiteRunnerWorker.run(SuiteRunnerWorker.java:96)
	at org.testng.TestNG.runSuitesSequentially(TestNG.java:1212)
	at org.testng.TestNG.runSuitesSequentially(TestNG.java:1207)
	at org.testng.TestNG.runSuitesLocally(TestNG.java:1134)
	at org.testng.TestNG.runSuites(TestNG.java:1063)
	at org.testng.TestNG.run(TestNG.java:1031)
	at org.testng.remote.AbstractRemoteTestNG.run(AbstractRemoteTestNG.java:115)
	at org.testng.remote.RemoteTestNG.initAndRun(RemoteTestNG.java:251)
	at org.testng.remote.RemoteTestNG.main(RemoteTestNG.java:77)
</pre></div></td>
<td>23</td>
<td>org.test.TeamUser@783a467b</td></tr>
<tr>
<td title='org.test.TeamUser.userCreate()'><b>userCreate</b><br>Test class: org.test.TeamUser</td>
<td><div><pre>org.openqa.selenium.TimeoutException: Expected condition failed: waiting for visibility of element located by By.xpath: //*[@data-automationid=&apos;save_complete&apos;] (tried for 10 second(s) with 500 milliseconds interval)
	at org.openqa.selenium.support.ui.WebDriverWait.timeoutException(WebDriverWait.java:95)
	at org.openqa.selenium.support.ui.FluentWait.until(FluentWait.java:272)
	at com.zaigo.pageobjects.TeamUserPage.mouseActionClick(TeamUserPage.java:93)
	at com.zaigo.pageobjects.TeamUserPage.responseMessage(TeamUserPage.java:665)
	at org.test.TeamUser.userCreate(TeamUser.java:619)
	at java.base/java.util.ArrayList.forEach(ArrayList.java:1511)
Caused by: org.openqa.selenium.NoSuchElementException: no such element: Unable to locate element: {&quot;method&quot;:&quot;xpath&quot;,&quot;selector&quot;:&quot;//*[@data-automationid=&apos;save_complete&apos;]&quot;}
  (Session info: chrome=111.0.5563.147)
For documentation on this error, please visit: http://seleniumhq.org/exceptions/no_such_element.html
Build info: version: &apos;3.141.5&apos;, revision: &apos;d54ebd709a&apos;, time: &apos;2018-11-06T11:42:16&apos;
System info: host: &apos;DESKTOP-5M7AM2E&apos;, ip: &apos;192.168.56.1&apos;, os.name: &apos;Windows 11&apos;, os.arch: &apos;amd64&apos;, os.version: &apos;10.0&apos;, java.version: &apos;17.0.3&apos;
Driver info: org.openqa.selenium.chrome.ChromeDriver
Capabilities {acceptInsecureCerts: false, browserName: chrome, browserVersion: 111.0.5563.147, chrome: {chromedriverVersion: 111.0.5563.64 (c710e93d5b63..., userDataDir: C:\Users\ZAIGOP~1\AppData\L...}, goog:chromeOptions: {debuggerAddress: localhost:60014}, javascriptEnabled: true, networkConnectionEnabled: false, pageLoadStrategy: normal, platform: WINDOWS, platformName: WINDOWS, proxy: Proxy(), setWindowRect: true, strictFileInteractability: false, timeouts: {implicit: 0, pageLoad: 300000, script: 30000}, unhandledPromptBehavior: dismiss and notify, webauthn:extension:credBlob: true, webauthn:extension:largeBlob: true, webauthn:extension:minPinLength: true, webauthn:extension:prf: true, webauthn:virtualAuthenticators: true}
Session ID: b2d2a30d44883de6c090ea34d96f0d1d
*** Element info: {Using=xpath, value=//*[@data-automationid=&apos;save_complete&apos;]}
	at org.openqa.selenium.remote.http.W3CHttpResponseCodec.createException(W3CHttpResponseCodec.java:187)
	at org.openqa.selenium.remote.http.W3CHttpResponseCodec.decode(W3CHttpResponseCodec.java:122)
	at org.openqa.selenium.remote.http.W3CHttpResponseCodec.decode(W3CHttpResponseCodec.java:49)
	at org.openqa.selenium.remote.HttpCommandExecutor.execute(HttpCommandExecutor.java:158)
	at org.openqa.selenium.remote.service.DriverCommandExecutor.execute(DriverCommandExecutor.java:83)
	at org.openqa.selenium.remote.RemoteWebDriver.execute(RemoteWebDriver.java:552)
	at org.openqa.selenium.remote.RemoteWebDriver.findElement(RemoteWebDriver.java:323)
	at org.openqa.selenium.remote.RemoteWebDriver.findElementByXPath(RemoteWebDriver.java:428)
	at org.openqa.selenium.By$ByXPath.findElement(By.java:353)
	at org.openqa.selenium.remote.RemoteWebDriver.findElement(RemoteWebDriver.java:315)
	at org.openqa.selenium.support.ui.ExpectedConditions$7.apply(ExpectedConditions.java:205)
	at org.openqa.selenium.support.ui.ExpectedConditions$7.apply(ExpectedConditions.java:201)
	at org.openqa.selenium.support.ui.FluentWait.until(FluentWait.java:249)
	... 32 more
... Removed 32 stack frames</pre></div><a href='#' onClick='toggleBox("stack-trace1115573055", this, "Click to show all stack frames", "Click to hide stack frames")'>Click to show all stack frames</a>
<div class='stack-trace' id='stack-trace1115573055'><pre>org.openqa.selenium.TimeoutException: Expected condition failed: waiting for visibility of element located by By.xpath: //*[@data-automationid=&apos;save_complete&apos;] (tried for 10 second(s) with 500 milliseconds interval)
	at org.openqa.selenium.support.ui.WebDriverWait.timeoutException(WebDriverWait.java:95)
	at org.openqa.selenium.support.ui.FluentWait.until(FluentWait.java:272)
	at com.zaigo.pageobjects.TeamUserPage.mouseActionClick(TeamUserPage.java:93)
	at com.zaigo.pageobjects.TeamUserPage.responseMessage(TeamUserPage.java:665)
	at org.test.TeamUser.userCreate(TeamUser.java:619)
	at java.base/jdk.internal.reflect.NativeMethodAccessorImpl.invoke0(Native Method)
	at java.base/jdk.internal.reflect.NativeMethodAccessorImpl.invoke(NativeMethodAccessorImpl.java:77)
	at java.base/jdk.internal.reflect.DelegatingMethodAccessorImpl.invoke(DelegatingMethodAccessorImpl.java:43)
	at java.base/java.lang.reflect.Method.invoke(Method.java:568)
	at org.testng.internal.MethodInvocationHelper.invokeMethod(MethodInvocationHelper.java:133)
	at org.testng.internal.TestInvoker.invokeMethod(TestInvoker.java:598)
	at org.testng.internal.TestInvoker.invokeTestMethod(TestInvoker.java:173)
	at org.testng.internal.MethodRunner.runInSequence(MethodRunner.java:46)
	at org.testng.internal.TestInvoker$MethodInvocationAgent.invoke(TestInvoker.java:824)
	at org.testng.internal.TestInvoker.invokeTestMethods(TestInvoker.java:146)
	at org.testng.internal.TestMethodWorker.invokeTestMethods(TestMethodWorker.java:146)
	at org.testng.internal.TestMethodWorker.run(TestMethodWorker.java:128)
	at java.base/java.util.ArrayList.forEach(ArrayList.java:1511)
	at org.testng.TestRunner.privateRun(TestRunner.java:794)
	at org.testng.TestRunner.run(TestRunner.java:596)
	at org.testng.SuiteRunner.runTest(SuiteRunner.java:377)
	at org.testng.SuiteRunner.runSequentially(SuiteRunner.java:371)
	at org.testng.SuiteRunner.privateRun(SuiteRunner.java:332)
	at org.testng.SuiteRunner.run(SuiteRunner.java:276)
	at org.testng.SuiteRunnerWorker.runSuite(SuiteRunnerWorker.java:53)
	at org.testng.SuiteRunnerWorker.run(SuiteRunnerWorker.java:96)
	at org.testng.TestNG.runSuitesSequentially(TestNG.java:1212)
	at org.testng.TestNG.runSuitesSequentially(TestNG.java:1207)
	at org.testng.TestNG.runSuitesLocally(TestNG.java:1134)
	at org.testng.TestNG.runSuites(TestNG.java:1063)
	at org.testng.TestNG.run(TestNG.java:1031)
	at org.testng.remote.AbstractRemoteTestNG.run(AbstractRemoteTestNG.java:115)
	at org.testng.remote.RemoteTestNG.initAndRun(RemoteTestNG.java:251)
	at org.testng.remote.RemoteTestNG.main(RemoteTestNG.java:77)
Caused by: org.openqa.selenium.NoSuchElementException: no such element: Unable to locate element: {&quot;method&quot;:&quot;xpath&quot;,&quot;selector&quot;:&quot;//*[@data-automationid=&apos;save_complete&apos;]&quot;}
  (Session info: chrome=111.0.5563.147)
For documentation on this error, please visit: http://seleniumhq.org/exceptions/no_such_element.html
Build info: version: &apos;3.141.5&apos;, revision: &apos;d54ebd709a&apos;, time: &apos;2018-11-06T11:42:16&apos;
System info: host: &apos;DESKTOP-5M7AM2E&apos;, ip: &apos;192.168.56.1&apos;, os.name: &apos;Windows 11&apos;, os.arch: &apos;amd64&apos;, os.version: &apos;10.0&apos;, java.version: &apos;17.0.3&apos;
Driver info: org.openqa.selenium.chrome.ChromeDriver
Capabilities {acceptInsecureCerts: false, browserName: chrome, browserVersion: 111.0.5563.147, chrome: {chromedriverVersion: 111.0.5563.64 (c710e93d5b63..., userDataDir: C:\Users\ZAIGOP~1\AppData\L...}, goog:chromeOptions: {debuggerAddress: localhost:60014}, javascriptEnabled: true, networkConnectionEnabled: false, pageLoadStrategy: normal, platform: WINDOWS, platformName: WINDOWS, proxy: Proxy(), setWindowRect: true, strictFileInteractability: false, timeouts: {implicit: 0, pageLoad: 300000, script: 30000}, unhandledPromptBehavior: dismiss and notify, webauthn:extension:credBlob: true, webauthn:extension:largeBlob: true, webauthn:extension:minPinLength: true, webauthn:extension:prf: true, webauthn:virtualAuthenticators: true}
Session ID: b2d2a30d44883de6c090ea34d96f0d1d
*** Element info: {Using=xpath, value=//*[@data-automationid=&apos;save_complete&apos;]}
	at jdk.internal.reflect.GeneratedConstructorAccessor15.newInstance(Unknown Source)
	at java.base/jdk.internal.reflect.DelegatingConstructorAccessorImpl.newInstance(DelegatingConstructorAccessorImpl.java:45)
	at java.base/java.lang.reflect.Constructor.newInstanceWithCaller(Constructor.java:499)
	at java.base/java.lang.reflect.Constructor.newInstance(Constructor.java:480)
	at org.openqa.selenium.remote.http.W3CHttpResponseCodec.createException(W3CHttpResponseCodec.java:187)
	at org.openqa.selenium.remote.http.W3CHttpResponseCodec.decode(W3CHttpResponseCodec.java:122)
	at org.openqa.selenium.remote.http.W3CHttpResponseCodec.decode(W3CHttpResponseCodec.java:49)
	at org.openqa.selenium.remote.HttpCommandExecutor.execute(HttpCommandExecutor.java:158)
	at org.openqa.selenium.remote.service.DriverCommandExecutor.execute(DriverCommandExecutor.java:83)
	at org.openqa.selenium.remote.RemoteWebDriver.execute(RemoteWebDriver.java:552)
	at org.openqa.selenium.remote.RemoteWebDriver.findElement(RemoteWebDriver.java:323)
	at org.openqa.selenium.remote.RemoteWebDriver.findElementByXPath(RemoteWebDriver.java:428)
	at org.openqa.selenium.By$ByXPath.findElement(By.java:353)
	at org.openqa.selenium.remote.RemoteWebDriver.findElement(RemoteWebDriver.java:315)
	at org.openqa.selenium.support.ui.ExpectedConditions$7.apply(ExpectedConditions.java:205)
	at org.openqa.selenium.support.ui.ExpectedConditions$7.apply(ExpectedConditions.java:201)
	at org.openqa.selenium.support.ui.FluentWait.until(FluentWait.java:249)
	... 32 more
</pre></div></td>
<td>40</td>
<td>org.test.TeamUser@783a467b</td></tr>
<tr>
<td title='org.test.TeamUser.searchEmailValidation()'><b>searchEmailValidation</b><br>Test class: org.test.TeamUser</td>
<td><div><pre>org.openqa.selenium.TimeoutException: Expected condition failed: waiting for visibility of element located by By.id: team-user-user-user-search-filter (tried for 10 second(s) with 500 milliseconds interval)
	at org.openqa.selenium.support.ui.WebDriverWait.timeoutException(WebDriverWait.java:95)
	at org.openqa.selenium.support.ui.FluentWait.until(FluentWait.java:272)
	at com.zaigo.pageobjects.TeamUserPage.tagValidation(TeamUserPage.java:100)
	at com.zaigo.pageobjects.TeamUserPage.listValidation(TeamUserPage.java:568)
	at org.test.TeamUser.searchEmailValidation(TeamUser.java:747)
	at java.base/java.util.ArrayList.forEach(ArrayList.java:1511)
Caused by: org.openqa.selenium.NoSuchElementException: no such element: Unable to locate element: {&quot;method&quot;:&quot;css selector&quot;,&quot;selector&quot;:&quot;#team\-user\-user\-user\-search\-filter&quot;}
  (Session info: chrome=111.0.5563.147)
For documentation on this error, please visit: http://seleniumhq.org/exceptions/no_such_element.html
Build info: version: &apos;3.141.5&apos;, revision: &apos;d54ebd709a&apos;, time: &apos;2018-11-06T11:42:16&apos;
System info: host: &apos;DESKTOP-5M7AM2E&apos;, ip: &apos;192.168.56.1&apos;, os.name: &apos;Windows 11&apos;, os.arch: &apos;amd64&apos;, os.version: &apos;10.0&apos;, java.version: &apos;17.0.3&apos;
Driver info: org.openqa.selenium.chrome.ChromeDriver
Capabilities {acceptInsecureCerts: false, browserName: chrome, browserVersion: 111.0.5563.147, chrome: {chromedriverVersion: 111.0.5563.64 (c710e93d5b63..., userDataDir: C:\Users\ZAIGOP~1\AppData\L...}, goog:chromeOptions: {debuggerAddress: localhost:60014}, javascriptEnabled: true, networkConnectionEnabled: false, pageLoadStrategy: normal, platform: WINDOWS, platformName: WINDOWS, proxy: Proxy(), setWindowRect: true, strictFileInteractability: false, timeouts: {implicit: 0, pageLoad: 300000, script: 30000}, unhandledPromptBehavior: dismiss and notify, webauthn:extension:credBlob: true, webauthn:extension:largeBlob: true, webauthn:extension:minPinLength: true, webauthn:extension:prf: true, webauthn:virtualAuthenticators: true}
Session ID: b2d2a30d44883de6c090ea34d96f0d1d
*** Element info: {Using=id, value=team-user-user-user-search-filter}
	at org.openqa.selenium.remote.http.W3CHttpResponseCodec.createException(W3CHttpResponseCodec.java:187)
	at org.openqa.selenium.remote.http.W3CHttpResponseCodec.decode(W3CHttpResponseCodec.java:122)
	at org.openqa.selenium.remote.http.W3CHttpResponseCodec.decode(W3CHttpResponseCodec.java:49)
	at org.openqa.selenium.remote.HttpCommandExecutor.execute(HttpCommandExecutor.java:158)
	at org.openqa.selenium.remote.service.DriverCommandExecutor.execute(DriverCommandExecutor.java:83)
	at org.openqa.selenium.remote.RemoteWebDriver.execute(RemoteWebDriver.java:552)
	at org.openqa.selenium.remote.RemoteWebDriver.findElement(RemoteWebDriver.java:323)
	at org.openqa.selenium.remote.RemoteWebDriver.findElementById(RemoteWebDriver.java:372)
	at org.openqa.selenium.By$ById.findElement(By.java:188)
	at org.openqa.selenium.remote.RemoteWebDriver.findElement(RemoteWebDriver.java:315)
	at org.openqa.selenium.support.ui.ExpectedConditions$7.apply(ExpectedConditions.java:205)
	at org.openqa.selenium.support.ui.ExpectedConditions$7.apply(ExpectedConditions.java:201)
	at org.openqa.selenium.support.ui.FluentWait.until(FluentWait.java:249)
	... 32 more
... Removed 32 stack frames</pre></div><a href='#' onClick='toggleBox("stack-trace257628723", this, "Click to show all stack frames", "Click to hide stack frames")'>Click to show all stack frames</a>
<div class='stack-trace' id='stack-trace257628723'><pre>org.openqa.selenium.TimeoutException: Expected condition failed: waiting for visibility of element located by By.id: team-user-user-user-search-filter (tried for 10 second(s) with 500 milliseconds interval)
	at org.openqa.selenium.support.ui.WebDriverWait.timeoutException(WebDriverWait.java:95)
	at org.openqa.selenium.support.ui.FluentWait.until(FluentWait.java:272)
	at com.zaigo.pageobjects.TeamUserPage.tagValidation(TeamUserPage.java:100)
	at com.zaigo.pageobjects.TeamUserPage.listValidation(TeamUserPage.java:568)
	at org.test.TeamUser.searchEmailValidation(TeamUser.java:747)
	at java.base/jdk.internal.reflect.NativeMethodAccessorImpl.invoke0(Native Method)
	at java.base/jdk.internal.reflect.NativeMethodAccessorImpl.invoke(NativeMethodAccessorImpl.java:77)
	at java.base/jdk.internal.reflect.DelegatingMethodAccessorImpl.invoke(DelegatingMethodAccessorImpl.java:43)
	at java.base/java.lang.reflect.Method.invoke(Method.java:568)
	at org.testng.internal.MethodInvocationHelper.invokeMethod(MethodInvocationHelper.java:133)
	at org.testng.internal.TestInvoker.invokeMethod(TestInvoker.java:598)
	at org.testng.internal.TestInvoker.invokeTestMethod(TestInvoker.java:173)
	at org.testng.internal.MethodRunner.runInSequence(MethodRunner.java:46)
	at org.testng.internal.TestInvoker$MethodInvocationAgent.invoke(TestInvoker.java:824)
	at org.testng.internal.TestInvoker.invokeTestMethods(TestInvoker.java:146)
	at org.testng.internal.TestMethodWorker.invokeTestMethods(TestMethodWorker.java:146)
	at org.testng.internal.TestMethodWorker.run(TestMethodWorker.java:128)
	at java.base/java.util.ArrayList.forEach(ArrayList.java:1511)
	at org.testng.TestRunner.privateRun(TestRunner.java:794)
	at org.testng.TestRunner.run(TestRunner.java:596)
	at org.testng.SuiteRunner.runTest(SuiteRunner.java:377)
	at org.testng.SuiteRunner.runSequentially(SuiteRunner.java:371)
	at org.testng.SuiteRunner.privateRun(SuiteRunner.java:332)
	at org.testng.SuiteRunner.run(SuiteRunner.java:276)
	at org.testng.SuiteRunnerWorker.runSuite(SuiteRunnerWorker.java:53)
	at org.testng.SuiteRunnerWorker.run(SuiteRunnerWorker.java:96)
	at org.testng.TestNG.runSuitesSequentially(TestNG.java:1212)
	at org.testng.TestNG.runSuitesSequentially(TestNG.java:1207)
	at org.testng.TestNG.runSuitesLocally(TestNG.java:1134)
	at org.testng.TestNG.runSuites(TestNG.java:1063)
	at org.testng.TestNG.run(TestNG.java:1031)
	at org.testng.remote.AbstractRemoteTestNG.run(AbstractRemoteTestNG.java:115)
	at org.testng.remote.RemoteTestNG.initAndRun(RemoteTestNG.java:251)
	at org.testng.remote.RemoteTestNG.main(RemoteTestNG.java:77)
Caused by: org.openqa.selenium.NoSuchElementException: no such element: Unable to locate element: {&quot;method&quot;:&quot;css selector&quot;,&quot;selector&quot;:&quot;#team\-user\-user\-user\-search\-filter&quot;}
  (Session info: chrome=111.0.5563.147)
For documentation on this error, please visit: http://seleniumhq.org/exceptions/no_such_element.html
Build info: version: &apos;3.141.5&apos;, revision: &apos;d54ebd709a&apos;, time: &apos;2018-11-06T11:42:16&apos;
System info: host: &apos;DESKTOP-5M7AM2E&apos;, ip: &apos;192.168.56.1&apos;, os.name: &apos;Windows 11&apos;, os.arch: &apos;amd64&apos;, os.version: &apos;10.0&apos;, java.version: &apos;17.0.3&apos;
Driver info: org.openqa.selenium.chrome.ChromeDriver
Capabilities {acceptInsecureCerts: false, browserName: chrome, browserVersion: 111.0.5563.147, chrome: {chromedriverVersion: 111.0.5563.64 (c710e93d5b63..., userDataDir: C:\Users\ZAIGOP~1\AppData\L...}, goog:chromeOptions: {debuggerAddress: localhost:60014}, javascriptEnabled: true, networkConnectionEnabled: false, pageLoadStrategy: normal, platform: WINDOWS, platformName: WINDOWS, proxy: Proxy(), setWindowRect: true, strictFileInteractability: false, timeouts: {implicit: 0, pageLoad: 300000, script: 30000}, unhandledPromptBehavior: dismiss and notify, webauthn:extension:credBlob: true, webauthn:extension:largeBlob: true, webauthn:extension:minPinLength: true, webauthn:extension:prf: true, webauthn:virtualAuthenticators: true}
Session ID: b2d2a30d44883de6c090ea34d96f0d1d
*** Element info: {Using=id, value=team-user-user-user-search-filter}
	at jdk.internal.reflect.GeneratedConstructorAccessor15.newInstance(Unknown Source)
	at java.base/jdk.internal.reflect.DelegatingConstructorAccessorImpl.newInstance(DelegatingConstructorAccessorImpl.java:45)
	at java.base/java.lang.reflect.Constructor.newInstanceWithCaller(Constructor.java:499)
	at java.base/java.lang.reflect.Constructor.newInstance(Constructor.java:480)
	at org.openqa.selenium.remote.http.W3CHttpResponseCodec.createException(W3CHttpResponseCodec.java:187)
	at org.openqa.selenium.remote.http.W3CHttpResponseCodec.decode(W3CHttpResponseCodec.java:122)
	at org.openqa.selenium.remote.http.W3CHttpResponseCodec.decode(W3CHttpResponseCodec.java:49)
	at org.openqa.selenium.remote.HttpCommandExecutor.execute(HttpCommandExecutor.java:158)
	at org.openqa.selenium.remote.service.DriverCommandExecutor.execute(DriverCommandExecutor.java:83)
	at org.openqa.selenium.remote.RemoteWebDriver.execute(RemoteWebDriver.java:552)
	at org.openqa.selenium.remote.RemoteWebDriver.findElement(RemoteWebDriver.java:323)
	at org.openqa.selenium.remote.RemoteWebDriver.findElementById(RemoteWebDriver.java:372)
	at org.openqa.selenium.By$ById.findElement(By.java:188)
	at org.openqa.selenium.remote.RemoteWebDriver.findElement(RemoteWebDriver.java:315)
	at org.openqa.selenium.support.ui.ExpectedConditions$7.apply(ExpectedConditions.java:205)
	at org.openqa.selenium.support.ui.ExpectedConditions$7.apply(ExpectedConditions.java:201)
	at org.openqa.selenium.support.ui.FluentWait.until(FluentWait.java:249)
	... 32 more
</pre></div></td>
<td>10</td>
<td>org.test.TeamUser@783a467b</td></tr>
<tr>
<td title='org.test.TeamUser.invalidDataValidation()'><b>invalidDataValidation</b><br>Test class: org.test.TeamUser</td>
<td><div><pre>org.openqa.selenium.TimeoutException: Expected condition failed: waiting for visibility of element located by By.id: team-user-user-user-search-filter (tried for 10 second(s) with 500 milliseconds interval)
	at org.openqa.selenium.support.ui.WebDriverWait.timeoutException(WebDriverWait.java:95)
	at org.openqa.selenium.support.ui.FluentWait.until(FluentWait.java:272)
	at com.zaigo.pageobjects.TeamUserPage.tagValidation(TeamUserPage.java:100)
	at com.zaigo.pageobjects.TeamUserPage.listValidation(TeamUserPage.java:579)
	at org.test.TeamUser.invalidDataValidation(TeamUser.java:773)
	at java.base/java.util.ArrayList.forEach(ArrayList.java:1511)
Caused by: org.openqa.selenium.NoSuchElementException: no such element: Unable to locate element: {&quot;method&quot;:&quot;css selector&quot;,&quot;selector&quot;:&quot;#team\-user\-user\-user\-search\-filter&quot;}
  (Session info: chrome=111.0.5563.147)
For documentation on this error, please visit: http://seleniumhq.org/exceptions/no_such_element.html
Build info: version: &apos;3.141.5&apos;, revision: &apos;d54ebd709a&apos;, time: &apos;2018-11-06T11:42:16&apos;
System info: host: &apos;DESKTOP-5M7AM2E&apos;, ip: &apos;192.168.56.1&apos;, os.name: &apos;Windows 11&apos;, os.arch: &apos;amd64&apos;, os.version: &apos;10.0&apos;, java.version: &apos;17.0.3&apos;
Driver info: org.openqa.selenium.chrome.ChromeDriver
Capabilities {acceptInsecureCerts: false, browserName: chrome, browserVersion: 111.0.5563.147, chrome: {chromedriverVersion: 111.0.5563.64 (c710e93d5b63..., userDataDir: C:\Users\ZAIGOP~1\AppData\L...}, goog:chromeOptions: {debuggerAddress: localhost:60014}, javascriptEnabled: true, networkConnectionEnabled: false, pageLoadStrategy: normal, platform: WINDOWS, platformName: WINDOWS, proxy: Proxy(), setWindowRect: true, strictFileInteractability: false, timeouts: {implicit: 0, pageLoad: 300000, script: 30000}, unhandledPromptBehavior: dismiss and notify, webauthn:extension:credBlob: true, webauthn:extension:largeBlob: true, webauthn:extension:minPinLength: true, webauthn:extension:prf: true, webauthn:virtualAuthenticators: true}
Session ID: b2d2a30d44883de6c090ea34d96f0d1d
*** Element info: {Using=id, value=team-user-user-user-search-filter}
	at org.openqa.selenium.remote.http.W3CHttpResponseCodec.createException(W3CHttpResponseCodec.java:187)
	at org.openqa.selenium.remote.http.W3CHttpResponseCodec.decode(W3CHttpResponseCodec.java:122)
	at org.openqa.selenium.remote.http.W3CHttpResponseCodec.decode(W3CHttpResponseCodec.java:49)
	at org.openqa.selenium.remote.HttpCommandExecutor.execute(HttpCommandExecutor.java:158)
	at org.openqa.selenium.remote.service.DriverCommandExecutor.execute(DriverCommandExecutor.java:83)
	at org.openqa.selenium.remote.RemoteWebDriver.execute(RemoteWebDriver.java:552)
	at org.openqa.selenium.remote.RemoteWebDriver.findElement(RemoteWebDriver.java:323)
	at org.openqa.selenium.remote.RemoteWebDriver.findElementById(RemoteWebDriver.java:372)
	at org.openqa.selenium.By$ById.findElement(By.java:188)
	at org.openqa.selenium.remote.RemoteWebDriver.findElement(RemoteWebDriver.java:315)
	at org.openqa.selenium.support.ui.ExpectedConditions$7.apply(ExpectedConditions.java:205)
	at org.openqa.selenium.support.ui.ExpectedConditions$7.apply(ExpectedConditions.java:201)
	at org.openqa.selenium.support.ui.FluentWait.until(FluentWait.java:249)
	... 32 more
... Removed 32 stack frames</pre></div><a href='#' onClick='toggleBox("stack-trace863294814", this, "Click to show all stack frames", "Click to hide stack frames")'>Click to show all stack frames</a>
<div class='stack-trace' id='stack-trace863294814'><pre>org.openqa.selenium.TimeoutException: Expected condition failed: waiting for visibility of element located by By.id: team-user-user-user-search-filter (tried for 10 second(s) with 500 milliseconds interval)
	at org.openqa.selenium.support.ui.WebDriverWait.timeoutException(WebDriverWait.java:95)
	at org.openqa.selenium.support.ui.FluentWait.until(FluentWait.java:272)
	at com.zaigo.pageobjects.TeamUserPage.tagValidation(TeamUserPage.java:100)
	at com.zaigo.pageobjects.TeamUserPage.listValidation(TeamUserPage.java:579)
	at org.test.TeamUser.invalidDataValidation(TeamUser.java:773)
	at java.base/jdk.internal.reflect.NativeMethodAccessorImpl.invoke0(Native Method)
	at java.base/jdk.internal.reflect.NativeMethodAccessorImpl.invoke(NativeMethodAccessorImpl.java:77)
	at java.base/jdk.internal.reflect.DelegatingMethodAccessorImpl.invoke(DelegatingMethodAccessorImpl.java:43)
	at java.base/java.lang.reflect.Method.invoke(Method.java:568)
	at org.testng.internal.MethodInvocationHelper.invokeMethod(MethodInvocationHelper.java:133)
	at org.testng.internal.TestInvoker.invokeMethod(TestInvoker.java:598)
	at org.testng.internal.TestInvoker.invokeTestMethod(TestInvoker.java:173)
	at org.testng.internal.MethodRunner.runInSequence(MethodRunner.java:46)
	at org.testng.internal.TestInvoker$MethodInvocationAgent.invoke(TestInvoker.java:824)
	at org.testng.internal.TestInvoker.invokeTestMethods(TestInvoker.java:146)
	at org.testng.internal.TestMethodWorker.invokeTestMethods(TestMethodWorker.java:146)
	at org.testng.internal.TestMethodWorker.run(TestMethodWorker.java:128)
	at java.base/java.util.ArrayList.forEach(ArrayList.java:1511)
	at org.testng.TestRunner.privateRun(TestRunner.java:794)
	at org.testng.TestRunner.run(TestRunner.java:596)
	at org.testng.SuiteRunner.runTest(SuiteRunner.java:377)
	at org.testng.SuiteRunner.runSequentially(SuiteRunner.java:371)
	at org.testng.SuiteRunner.privateRun(SuiteRunner.java:332)
	at org.testng.SuiteRunner.run(SuiteRunner.java:276)
	at org.testng.SuiteRunnerWorker.runSuite(SuiteRunnerWorker.java:53)
	at org.testng.SuiteRunnerWorker.run(SuiteRunnerWorker.java:96)
	at org.testng.TestNG.runSuitesSequentially(TestNG.java:1212)
	at org.testng.TestNG.runSuitesSequentially(TestNG.java:1207)
	at org.testng.TestNG.runSuitesLocally(TestNG.java:1134)
	at org.testng.TestNG.runSuites(TestNG.java:1063)
	at org.testng.TestNG.run(TestNG.java:1031)
	at org.testng.remote.AbstractRemoteTestNG.run(AbstractRemoteTestNG.java:115)
	at org.testng.remote.RemoteTestNG.initAndRun(RemoteTestNG.java:251)
	at org.testng.remote.RemoteTestNG.main(RemoteTestNG.java:77)
Caused by: org.openqa.selenium.NoSuchElementException: no such element: Unable to locate element: {&quot;method&quot;:&quot;css selector&quot;,&quot;selector&quot;:&quot;#team\-user\-user\-user\-search\-filter&quot;}
  (Session info: chrome=111.0.5563.147)
For documentation on this error, please visit: http://seleniumhq.org/exceptions/no_such_element.html
Build info: version: &apos;3.141.5&apos;, revision: &apos;d54ebd709a&apos;, time: &apos;2018-11-06T11:42:16&apos;
System info: host: &apos;DESKTOP-5M7AM2E&apos;, ip: &apos;192.168.56.1&apos;, os.name: &apos;Windows 11&apos;, os.arch: &apos;amd64&apos;, os.version: &apos;10.0&apos;, java.version: &apos;17.0.3&apos;
Driver info: org.openqa.selenium.chrome.ChromeDriver
Capabilities {acceptInsecureCerts: false, browserName: chrome, browserVersion: 111.0.5563.147, chrome: {chromedriverVersion: 111.0.5563.64 (c710e93d5b63..., userDataDir: C:\Users\ZAIGOP~1\AppData\L...}, goog:chromeOptions: {debuggerAddress: localhost:60014}, javascriptEnabled: true, networkConnectionEnabled: false, pageLoadStrategy: normal, platform: WINDOWS, platformName: WINDOWS, proxy: Proxy(), setWindowRect: true, strictFileInteractability: false, timeouts: {implicit: 0, pageLoad: 300000, script: 30000}, unhandledPromptBehavior: dismiss and notify, webauthn:extension:credBlob: true, webauthn:extension:largeBlob: true, webauthn:extension:minPinLength: true, webauthn:extension:prf: true, webauthn:virtualAuthenticators: true}
Session ID: b2d2a30d44883de6c090ea34d96f0d1d
*** Element info: {Using=id, value=team-user-user-user-search-filter}
	at jdk.internal.reflect.GeneratedConstructorAccessor15.newInstance(Unknown Source)
	at java.base/jdk.internal.reflect.DelegatingConstructorAccessorImpl.newInstance(DelegatingConstructorAccessorImpl.java:45)
	at java.base/java.lang.reflect.Constructor.newInstanceWithCaller(Constructor.java:499)
	at java.base/java.lang.reflect.Constructor.newInstance(Constructor.java:480)
	at org.openqa.selenium.remote.http.W3CHttpResponseCodec.createException(W3CHttpResponseCodec.java:187)
	at org.openqa.selenium.remote.http.W3CHttpResponseCodec.decode(W3CHttpResponseCodec.java:122)
	at org.openqa.selenium.remote.http.W3CHttpResponseCodec.decode(W3CHttpResponseCodec.java:49)
	at org.openqa.selenium.remote.HttpCommandExecutor.execute(HttpCommandExecutor.java:158)
	at org.openqa.selenium.remote.service.DriverCommandExecutor.execute(DriverCommandExecutor.java:83)
	at org.openqa.selenium.remote.RemoteWebDriver.execute(RemoteWebDriver.java:552)
	at org.openqa.selenium.remote.RemoteWebDriver.findElement(RemoteWebDriver.java:323)
	at org.openqa.selenium.remote.RemoteWebDriver.findElementById(RemoteWebDriver.java:372)
	at org.openqa.selenium.By$ById.findElement(By.java:188)
	at org.openqa.selenium.remote.RemoteWebDriver.findElement(RemoteWebDriver.java:315)
	at org.openqa.selenium.support.ui.ExpectedConditions$7.apply(ExpectedConditions.java:205)
	at org.openqa.selenium.support.ui.ExpectedConditions$7.apply(ExpectedConditions.java:201)
	at org.openqa.selenium.support.ui.FluentWait.until(FluentWait.java:249)
	... 32 more
</pre></div></td>
<td>10</td>
<td>org.test.TeamUser@783a467b</td></tr>
<tr>
<td title='org.test.TeamUser.landingOnEditForm()'><b>landingOnEditForm</b><br>Test class: org.test.TeamUser</td>
<td><div><pre>org.openqa.selenium.TimeoutException: Expected condition failed: waiting for visibility of element located by By.xpath: (//*[@class=&apos;p-2 pt-1 pb-1 text-ellipsis&apos;])[1] (tried for 20 second(s) with 500 milliseconds interval)
	at org.openqa.selenium.support.ui.WebDriverWait.timeoutException(WebDriverWait.java:95)
	at org.openqa.selenium.support.ui.FluentWait.until(FluentWait.java:272)
	at com.zaigo.pageobjects.TeamUserPage.getText(TeamUserPage.java:128)
	at com.zaigo.pageobjects.TeamUserPage.clickEvent(TeamUserPage.java:537)
	at org.test.TeamUser.landingOnEditForm(TeamUser.java:797)
	at java.base/java.util.ArrayList.forEach(ArrayList.java:1511)
Caused by: org.openqa.selenium.NoSuchElementException: no such element: Unable to locate element: {&quot;method&quot;:&quot;xpath&quot;,&quot;selector&quot;:&quot;(//*[@class=&apos;p-2 pt-1 pb-1 text-ellipsis&apos;])[1]&quot;}
  (Session info: chrome=111.0.5563.147)
For documentation on this error, please visit: http://seleniumhq.org/exceptions/no_such_element.html
Build info: version: &apos;3.141.5&apos;, revision: &apos;d54ebd709a&apos;, time: &apos;2018-11-06T11:42:16&apos;
System info: host: &apos;DESKTOP-5M7AM2E&apos;, ip: &apos;192.168.56.1&apos;, os.name: &apos;Windows 11&apos;, os.arch: &apos;amd64&apos;, os.version: &apos;10.0&apos;, java.version: &apos;17.0.3&apos;
Driver info: org.openqa.selenium.chrome.ChromeDriver
Capabilities {acceptInsecureCerts: false, browserName: chrome, browserVersion: 111.0.5563.147, chrome: {chromedriverVersion: 111.0.5563.64 (c710e93d5b63..., userDataDir: C:\Users\ZAIGOP~1\AppData\L...}, goog:chromeOptions: {debuggerAddress: localhost:60014}, javascriptEnabled: true, networkConnectionEnabled: false, pageLoadStrategy: normal, platform: WINDOWS, platformName: WINDOWS, proxy: Proxy(), setWindowRect: true, strictFileInteractability: false, timeouts: {implicit: 0, pageLoad: 300000, script: 30000}, unhandledPromptBehavior: dismiss and notify, webauthn:extension:credBlob: true, webauthn:extension:largeBlob: true, webauthn:extension:minPinLength: true, webauthn:extension:prf: true, webauthn:virtualAuthenticators: true}
Session ID: b2d2a30d44883de6c090ea34d96f0d1d
*** Element info: {Using=xpath, value=(//*[@class=&apos;p-2 pt-1 pb-1 text-ellipsis&apos;])[1]}
	at org.openqa.selenium.remote.http.W3CHttpResponseCodec.createException(W3CHttpResponseCodec.java:187)
	at org.openqa.selenium.remote.http.W3CHttpResponseCodec.decode(W3CHttpResponseCodec.java:122)
	at org.openqa.selenium.remote.http.W3CHttpResponseCodec.decode(W3CHttpResponseCodec.java:49)
	at org.openqa.selenium.remote.HttpCommandExecutor.execute(HttpCommandExecutor.java:158)
	at org.openqa.selenium.remote.service.DriverCommandExecutor.execute(DriverCommandExecutor.java:83)
	at org.openqa.selenium.remote.RemoteWebDriver.execute(RemoteWebDriver.java:552)
	at org.openqa.selenium.remote.RemoteWebDriver.findElement(RemoteWebDriver.java:323)
	at org.openqa.selenium.remote.RemoteWebDriver.findElementByXPath(RemoteWebDriver.java:428)
	at org.openqa.selenium.By$ByXPath.findElement(By.java:353)
	at org.openqa.selenium.remote.RemoteWebDriver.findElement(RemoteWebDriver.java:315)
	at org.openqa.selenium.support.ui.ExpectedConditions$7.apply(ExpectedConditions.java:205)
	at org.openqa.selenium.support.ui.ExpectedConditions$7.apply(ExpectedConditions.java:201)
	at org.openqa.selenium.support.ui.FluentWait.until(FluentWait.java:249)
	... 32 more
... Removed 32 stack frames</pre></div><a href='#' onClick='toggleBox("stack-trace1695625387", this, "Click to show all stack frames", "Click to hide stack frames")'>Click to show all stack frames</a>
<div class='stack-trace' id='stack-trace1695625387'><pre>org.openqa.selenium.TimeoutException: Expected condition failed: waiting for visibility of element located by By.xpath: (//*[@class=&apos;p-2 pt-1 pb-1 text-ellipsis&apos;])[1] (tried for 20 second(s) with 500 milliseconds interval)
	at org.openqa.selenium.support.ui.WebDriverWait.timeoutException(WebDriverWait.java:95)
	at org.openqa.selenium.support.ui.FluentWait.until(FluentWait.java:272)
	at com.zaigo.pageobjects.TeamUserPage.getText(TeamUserPage.java:128)
	at com.zaigo.pageobjects.TeamUserPage.clickEvent(TeamUserPage.java:537)
	at org.test.TeamUser.landingOnEditForm(TeamUser.java:797)
	at java.base/jdk.internal.reflect.NativeMethodAccessorImpl.invoke0(Native Method)
	at java.base/jdk.internal.reflect.NativeMethodAccessorImpl.invoke(NativeMethodAccessorImpl.java:77)
	at java.base/jdk.internal.reflect.DelegatingMethodAccessorImpl.invoke(DelegatingMethodAccessorImpl.java:43)
	at java.base/java.lang.reflect.Method.invoke(Method.java:568)
	at org.testng.internal.MethodInvocationHelper.invokeMethod(MethodInvocationHelper.java:133)
	at org.testng.internal.TestInvoker.invokeMethod(TestInvoker.java:598)
	at org.testng.internal.TestInvoker.invokeTestMethod(TestInvoker.java:173)
	at org.testng.internal.MethodRunner.runInSequence(MethodRunner.java:46)
	at org.testng.internal.TestInvoker$MethodInvocationAgent.invoke(TestInvoker.java:824)
	at org.testng.internal.TestInvoker.invokeTestMethods(TestInvoker.java:146)
	at org.testng.internal.TestMethodWorker.invokeTestMethods(TestMethodWorker.java:146)
	at org.testng.internal.TestMethodWorker.run(TestMethodWorker.java:128)
	at java.base/java.util.ArrayList.forEach(ArrayList.java:1511)
	at org.testng.TestRunner.privateRun(TestRunner.java:794)
	at org.testng.TestRunner.run(TestRunner.java:596)
	at org.testng.SuiteRunner.runTest(SuiteRunner.java:377)
	at org.testng.SuiteRunner.runSequentially(SuiteRunner.java:371)
	at org.testng.SuiteRunner.privateRun(SuiteRunner.java:332)
	at org.testng.SuiteRunner.run(SuiteRunner.java:276)
	at org.testng.SuiteRunnerWorker.runSuite(SuiteRunnerWorker.java:53)
	at org.testng.SuiteRunnerWorker.run(SuiteRunnerWorker.java:96)
	at org.testng.TestNG.runSuitesSequentially(TestNG.java:1212)
	at org.testng.TestNG.runSuitesSequentially(TestNG.java:1207)
	at org.testng.TestNG.runSuitesLocally(TestNG.java:1134)
	at org.testng.TestNG.runSuites(TestNG.java:1063)
	at org.testng.TestNG.run(TestNG.java:1031)
	at org.testng.remote.AbstractRemoteTestNG.run(AbstractRemoteTestNG.java:115)
	at org.testng.remote.RemoteTestNG.initAndRun(RemoteTestNG.java:251)
	at org.testng.remote.RemoteTestNG.main(RemoteTestNG.java:77)
Caused by: org.openqa.selenium.NoSuchElementException: no such element: Unable to locate element: {&quot;method&quot;:&quot;xpath&quot;,&quot;selector&quot;:&quot;(//*[@class=&apos;p-2 pt-1 pb-1 text-ellipsis&apos;])[1]&quot;}
  (Session info: chrome=111.0.5563.147)
For documentation on this error, please visit: http://seleniumhq.org/exceptions/no_such_element.html
Build info: version: &apos;3.141.5&apos;, revision: &apos;d54ebd709a&apos;, time: &apos;2018-11-06T11:42:16&apos;
System info: host: &apos;DESKTOP-5M7AM2E&apos;, ip: &apos;192.168.56.1&apos;, os.name: &apos;Windows 11&apos;, os.arch: &apos;amd64&apos;, os.version: &apos;10.0&apos;, java.version: &apos;17.0.3&apos;
Driver info: org.openqa.selenium.chrome.ChromeDriver
Capabilities {acceptInsecureCerts: false, browserName: chrome, browserVersion: 111.0.5563.147, chrome: {chromedriverVersion: 111.0.5563.64 (c710e93d5b63..., userDataDir: C:\Users\ZAIGOP~1\AppData\L...}, goog:chromeOptions: {debuggerAddress: localhost:60014}, javascriptEnabled: true, networkConnectionEnabled: false, pageLoadStrategy: normal, platform: WINDOWS, platformName: WINDOWS, proxy: Proxy(), setWindowRect: true, strictFileInteractability: false, timeouts: {implicit: 0, pageLoad: 300000, script: 30000}, unhandledPromptBehavior: dismiss and notify, webauthn:extension:credBlob: true, webauthn:extension:largeBlob: true, webauthn:extension:minPinLength: true, webauthn:extension:prf: true, webauthn:virtualAuthenticators: true}
Session ID: b2d2a30d44883de6c090ea34d96f0d1d
*** Element info: {Using=xpath, value=(//*[@class=&apos;p-2 pt-1 pb-1 text-ellipsis&apos;])[1]}
	at jdk.internal.reflect.GeneratedConstructorAccessor15.newInstance(Unknown Source)
	at java.base/jdk.internal.reflect.DelegatingConstructorAccessorImpl.newInstance(DelegatingConstructorAccessorImpl.java:45)
	at java.base/java.lang.reflect.Constructor.newInstanceWithCaller(Constructor.java:499)
	at java.base/java.lang.reflect.Constructor.newInstance(Constructor.java:480)
	at org.openqa.selenium.remote.http.W3CHttpResponseCodec.createException(W3CHttpResponseCodec.java:187)
	at org.openqa.selenium.remote.http.W3CHttpResponseCodec.decode(W3CHttpResponseCodec.java:122)
	at org.openqa.selenium.remote.http.W3CHttpResponseCodec.decode(W3CHttpResponseCodec.java:49)
	at org.openqa.selenium.remote.HttpCommandExecutor.execute(HttpCommandExecutor.java:158)
	at org.openqa.selenium.remote.service.DriverCommandExecutor.execute(DriverCommandExecutor.java:83)
	at org.openqa.selenium.remote.RemoteWebDriver.execute(RemoteWebDriver.java:552)
	at org.openqa.selenium.remote.RemoteWebDriver.findElement(RemoteWebDriver.java:323)
	at org.openqa.selenium.remote.RemoteWebDriver.findElementByXPath(RemoteWebDriver.java:428)
	at org.openqa.selenium.By$ByXPath.findElement(By.java:353)
	at org.openqa.selenium.remote.RemoteWebDriver.findElement(RemoteWebDriver.java:315)
	at org.openqa.selenium.support.ui.ExpectedConditions$7.apply(ExpectedConditions.java:205)
	at org.openqa.selenium.support.ui.ExpectedConditions$7.apply(ExpectedConditions.java:201)
	at org.openqa.selenium.support.ui.FluentWait.until(FluentWait.java:249)
	... 32 more
</pre></div></td>
<td>20</td>
<td>org.test.TeamUser@783a467b</td></tr>
<tr>
<td title='org.test.TeamCompanyContractor.contractorNamePrepopulate()'><b>contractorNamePrepopulate</b><br>Test class: org.test.TeamCompanyContractor</td>
<td><div><pre>org.openqa.selenium.TimeoutException: Expected condition failed: waiting for visibility of Proxy element for: DefaultElementLocator &apos;By.all({By.xpath: //*[@id=&apos;fieldy-user-company-contractor-list_aserpttbl&apos;]/tbody/tr[2]/td[4]/a,By.xpath: //*[text()=&apos;No Result Found&apos;]})&apos; (tried for 50 second(s) with 500 milliseconds interval)
	at org.openqa.selenium.support.ui.WebDriverWait.timeoutException(WebDriverWait.java:95)
	at org.openqa.selenium.support.ui.FluentWait.until(FluentWait.java:272)
	at com.zaigo.pageobjects.CreateContractorPage.getText(CreateContractorPage.java:345)
	at com.zaigo.pageobjects.CreateContractorPage.clickEvent(CreateContractorPage.java:473)
	at org.test.TeamCompanyContractor.contractorNamePrepopulate(TeamCompanyContractor.java:909)
	at java.base/java.util.ArrayList.forEach(ArrayList.java:1511)
Caused by: org.openqa.selenium.NoSuchElementException: Cannot locate an element using By.all({By.xpath: //*[@id=&apos;fieldy-user-company-contractor-list_aserpttbl&apos;]/tbody/tr[2]/td[4]/a,By.xpath: //*[text()=&apos;No Result Found&apos;]})
For documentation on this error, please visit: http://seleniumhq.org/exceptions/no_such_element.html
Build info: version: &apos;3.141.5&apos;, revision: &apos;d54ebd709a&apos;, time: &apos;2018-11-06T11:42:16&apos;
System info: host: &apos;DESKTOP-5M7AM2E&apos;, ip: &apos;192.168.56.1&apos;, os.name: &apos;Windows 11&apos;, os.arch: &apos;amd64&apos;, os.version: &apos;10.0&apos;, java.version: &apos;17.0.3&apos;
Driver info: driver.version: RemoteWebDriver
	at org.openqa.selenium.support.pagefactory.ByAll.findElement(ByAll.java:58)
	at org.openqa.selenium.remote.RemoteWebDriver.findElement(RemoteWebDriver.java:315)
	at org.openqa.selenium.support.pagefactory.DefaultElementLocator.findElement(DefaultElementLocator.java:69)
	at org.openqa.selenium.support.pagefactory.internal.LocatingElementHandler.invoke(LocatingElementHandler.java:38)
	at jdk.proxy2/jdk.proxy2.$Proxy13.isDisplayed(Unknown Source)
	at org.openqa.selenium.support.ui.ExpectedConditions.elementIfVisible(ExpectedConditions.java:314)
	at org.openqa.selenium.support.ui.ExpectedConditions.access$000(ExpectedConditions.java:43)
	at org.openqa.selenium.support.ui.ExpectedConditions$10.apply(ExpectedConditions.java:300)
	at org.openqa.selenium.support.ui.ExpectedConditions$10.apply(ExpectedConditions.java:297)
	at org.openqa.selenium.support.ui.FluentWait.until(FluentWait.java:249)
	... 32 more
... Removed 28 stack frames</pre></div><a href='#' onClick='toggleBox("stack-trace2136622673", this, "Click to show all stack frames", "Click to hide stack frames")'>Click to show all stack frames</a>
<div class='stack-trace' id='stack-trace2136622673'><pre>org.openqa.selenium.TimeoutException: Expected condition failed: waiting for visibility of Proxy element for: DefaultElementLocator &apos;By.all({By.xpath: //*[@id=&apos;fieldy-user-company-contractor-list_aserpttbl&apos;]/tbody/tr[2]/td[4]/a,By.xpath: //*[text()=&apos;No Result Found&apos;]})&apos; (tried for 50 second(s) with 500 milliseconds interval)
	at org.openqa.selenium.support.ui.WebDriverWait.timeoutException(WebDriverWait.java:95)
	at org.openqa.selenium.support.ui.FluentWait.until(FluentWait.java:272)
	at com.zaigo.pageobjects.CreateContractorPage.getText(CreateContractorPage.java:345)
	at com.zaigo.pageobjects.CreateContractorPage.clickEvent(CreateContractorPage.java:473)
	at org.test.TeamCompanyContractor.contractorNamePrepopulate(TeamCompanyContractor.java:909)
	at java.base/jdk.internal.reflect.NativeMethodAccessorImpl.invoke0(Native Method)
	at java.base/jdk.internal.reflect.NativeMethodAccessorImpl.invoke(NativeMethodAccessorImpl.java:77)
	at java.base/jdk.internal.reflect.DelegatingMethodAccessorImpl.invoke(DelegatingMethodAccessorImpl.java:43)
	at java.base/java.lang.reflect.Method.invoke(Method.java:568)
	at org.testng.internal.MethodInvocationHelper.invokeMethod(MethodInvocationHelper.java:133)
	at org.testng.internal.TestInvoker.invokeMethod(TestInvoker.java:598)
	at org.testng.internal.TestInvoker.invokeTestMethod(TestInvoker.java:173)
	at org.testng.internal.MethodRunner.runInSequence(MethodRunner.java:46)
	at org.testng.internal.TestInvoker$MethodInvocationAgent.invoke(TestInvoker.java:824)
	at org.testng.internal.TestInvoker.invokeTestMethods(TestInvoker.java:146)
	at org.testng.internal.TestMethodWorker.invokeTestMethods(TestMethodWorker.java:146)
	at org.testng.internal.TestMethodWorker.run(TestMethodWorker.java:128)
	at java.base/java.util.ArrayList.forEach(ArrayList.java:1511)
	at org.testng.TestRunner.privateRun(TestRunner.java:794)
	at org.testng.TestRunner.run(TestRunner.java:596)
	at org.testng.SuiteRunner.runTest(SuiteRunner.java:377)
	at org.testng.SuiteRunner.runSequentially(SuiteRunner.java:371)
	at org.testng.SuiteRunner.privateRun(SuiteRunner.java:332)
	at org.testng.SuiteRunner.run(SuiteRunner.java:276)
	at org.testng.SuiteRunnerWorker.runSuite(SuiteRunnerWorker.java:53)
	at org.testng.SuiteRunnerWorker.run(SuiteRunnerWorker.java:96)
	at org.testng.TestNG.runSuitesSequentially(TestNG.java:1212)
	at org.testng.TestNG.runSuitesSequentially(TestNG.java:1207)
	at org.testng.TestNG.runSuitesLocally(TestNG.java:1134)
	at org.testng.TestNG.runSuites(TestNG.java:1063)
	at org.testng.TestNG.run(TestNG.java:1031)
	at org.testng.remote.AbstractRemoteTestNG.run(AbstractRemoteTestNG.java:115)
	at org.testng.remote.RemoteTestNG.initAndRun(RemoteTestNG.java:251)
	at org.testng.remote.RemoteTestNG.main(RemoteTestNG.java:77)
Caused by: org.openqa.selenium.NoSuchElementException: Cannot locate an element using By.all({By.xpath: //*[@id=&apos;fieldy-user-company-contractor-list_aserpttbl&apos;]/tbody/tr[2]/td[4]/a,By.xpath: //*[text()=&apos;No Result Found&apos;]})
For documentation on this error, please visit: http://seleniumhq.org/exceptions/no_such_element.html
Build info: version: &apos;3.141.5&apos;, revision: &apos;d54ebd709a&apos;, time: &apos;2018-11-06T11:42:16&apos;
System info: host: &apos;DESKTOP-5M7AM2E&apos;, ip: &apos;192.168.56.1&apos;, os.name: &apos;Windows 11&apos;, os.arch: &apos;amd64&apos;, os.version: &apos;10.0&apos;, java.version: &apos;17.0.3&apos;
Driver info: driver.version: RemoteWebDriver
	at org.openqa.selenium.support.pagefactory.ByAll.findElement(ByAll.java:58)
	at org.openqa.selenium.remote.RemoteWebDriver.findElement(RemoteWebDriver.java:315)
	at org.openqa.selenium.support.pagefactory.DefaultElementLocator.findElement(DefaultElementLocator.java:69)
	at org.openqa.selenium.support.pagefactory.internal.LocatingElementHandler.invoke(LocatingElementHandler.java:38)
	at jdk.proxy2/jdk.proxy2.$Proxy13.isDisplayed(Unknown Source)
	at org.openqa.selenium.support.ui.ExpectedConditions.elementIfVisible(ExpectedConditions.java:314)
	at org.openqa.selenium.support.ui.ExpectedConditions.access$000(ExpectedConditions.java:43)
	at org.openqa.selenium.support.ui.ExpectedConditions$10.apply(ExpectedConditions.java:300)
	at org.openqa.selenium.support.ui.ExpectedConditions$10.apply(ExpectedConditions.java:297)
	at org.openqa.selenium.support.ui.FluentWait.until(FluentWait.java:249)
	... 32 more
</pre></div></td>
<td>50</td>
<td>org.test.TeamCompanyContractor@7db12bb6</td></tr>
<tr>
<td title='org.test.TeamUser.searchPhoneNumberValidation()'><b>searchPhoneNumberValidation</b><br>Test class: org.test.TeamUser</td>
<td><div><pre>org.openqa.selenium.TimeoutException: Expected condition failed: waiting for visibility of element located by By.id: team-user-user-user-search-filter (tried for 10 second(s) with 500 milliseconds interval)
	at org.openqa.selenium.support.ui.WebDriverWait.timeoutException(WebDriverWait.java:95)
	at org.openqa.selenium.support.ui.FluentWait.until(FluentWait.java:272)
	at com.zaigo.pageobjects.TeamUserPage.tagValidation(TeamUserPage.java:100)
	at com.zaigo.pageobjects.TeamUserPage.listValidation(TeamUserPage.java:568)
	at org.test.TeamUser.searchPhoneNumberValidation(TeamUser.java:719)
	at java.base/java.util.ArrayList.forEach(ArrayList.java:1511)
Caused by: org.openqa.selenium.NoSuchElementException: no such element: Unable to locate element: {&quot;method&quot;:&quot;css selector&quot;,&quot;selector&quot;:&quot;#team\-user\-user\-user\-search\-filter&quot;}
  (Session info: chrome=111.0.5563.147)
For documentation on this error, please visit: http://seleniumhq.org/exceptions/no_such_element.html
Build info: version: &apos;3.141.5&apos;, revision: &apos;d54ebd709a&apos;, time: &apos;2018-11-06T11:42:16&apos;
System info: host: &apos;DESKTOP-5M7AM2E&apos;, ip: &apos;192.168.56.1&apos;, os.name: &apos;Windows 11&apos;, os.arch: &apos;amd64&apos;, os.version: &apos;10.0&apos;, java.version: &apos;17.0.3&apos;
Driver info: org.openqa.selenium.chrome.ChromeDriver
Capabilities {acceptInsecureCerts: false, browserName: chrome, browserVersion: 111.0.5563.147, chrome: {chromedriverVersion: 111.0.5563.64 (c710e93d5b63..., userDataDir: C:\Users\ZAIGOP~1\AppData\L...}, goog:chromeOptions: {debuggerAddress: localhost:60014}, javascriptEnabled: true, networkConnectionEnabled: false, pageLoadStrategy: normal, platform: WINDOWS, platformName: WINDOWS, proxy: Proxy(), setWindowRect: true, strictFileInteractability: false, timeouts: {implicit: 0, pageLoad: 300000, script: 30000}, unhandledPromptBehavior: dismiss and notify, webauthn:extension:credBlob: true, webauthn:extension:largeBlob: true, webauthn:extension:minPinLength: true, webauthn:extension:prf: true, webauthn:virtualAuthenticators: true}
Session ID: b2d2a30d44883de6c090ea34d96f0d1d
*** Element info: {Using=id, value=team-user-user-user-search-filter}
	at org.openqa.selenium.remote.http.W3CHttpResponseCodec.createException(W3CHttpResponseCodec.java:187)
	at org.openqa.selenium.remote.http.W3CHttpResponseCodec.decode(W3CHttpResponseCodec.java:122)
	at org.openqa.selenium.remote.http.W3CHttpResponseCodec.decode(W3CHttpResponseCodec.java:49)
	at org.openqa.selenium.remote.HttpCommandExecutor.execute(HttpCommandExecutor.java:158)
	at org.openqa.selenium.remote.service.DriverCommandExecutor.execute(DriverCommandExecutor.java:83)
	at org.openqa.selenium.remote.RemoteWebDriver.execute(RemoteWebDriver.java:552)
	at org.openqa.selenium.remote.RemoteWebDriver.findElement(RemoteWebDriver.java:323)
	at org.openqa.selenium.remote.RemoteWebDriver.findElementById(RemoteWebDriver.java:372)
	at org.openqa.selenium.By$ById.findElement(By.java:188)
	at org.openqa.selenium.remote.RemoteWebDriver.findElement(RemoteWebDriver.java:315)
	at org.openqa.selenium.support.ui.ExpectedConditions$7.apply(ExpectedConditions.java:205)
	at org.openqa.selenium.support.ui.ExpectedConditions$7.apply(ExpectedConditions.java:201)
	at org.openqa.selenium.support.ui.FluentWait.until(FluentWait.java:249)
	... 32 more
... Removed 32 stack frames</pre></div><a href='#' onClick='toggleBox("stack-trace746797791", this, "Click to show all stack frames", "Click to hide stack frames")'>Click to show all stack frames</a>
<div class='stack-trace' id='stack-trace746797791'><pre>org.openqa.selenium.TimeoutException: Expected condition failed: waiting for visibility of element located by By.id: team-user-user-user-search-filter (tried for 10 second(s) with 500 milliseconds interval)
	at org.openqa.selenium.support.ui.WebDriverWait.timeoutException(WebDriverWait.java:95)
	at org.openqa.selenium.support.ui.FluentWait.until(FluentWait.java:272)
	at com.zaigo.pageobjects.TeamUserPage.tagValidation(TeamUserPage.java:100)
	at com.zaigo.pageobjects.TeamUserPage.listValidation(TeamUserPage.java:568)
	at org.test.TeamUser.searchPhoneNumberValidation(TeamUser.java:719)
	at java.base/jdk.internal.reflect.NativeMethodAccessorImpl.invoke0(Native Method)
	at java.base/jdk.internal.reflect.NativeMethodAccessorImpl.invoke(NativeMethodAccessorImpl.java:77)
	at java.base/jdk.internal.reflect.DelegatingMethodAccessorImpl.invoke(DelegatingMethodAccessorImpl.java:43)
	at java.base/java.lang.reflect.Method.invoke(Method.java:568)
	at org.testng.internal.MethodInvocationHelper.invokeMethod(MethodInvocationHelper.java:133)
	at org.testng.internal.TestInvoker.invokeMethod(TestInvoker.java:598)
	at org.testng.internal.TestInvoker.invokeTestMethod(TestInvoker.java:173)
	at org.testng.internal.MethodRunner.runInSequence(MethodRunner.java:46)
	at org.testng.internal.TestInvoker$MethodInvocationAgent.invoke(TestInvoker.java:824)
	at org.testng.internal.TestInvoker.invokeTestMethods(TestInvoker.java:146)
	at org.testng.internal.TestMethodWorker.invokeTestMethods(TestMethodWorker.java:146)
	at org.testng.internal.TestMethodWorker.run(TestMethodWorker.java:128)
	at java.base/java.util.ArrayList.forEach(ArrayList.java:1511)
	at org.testng.TestRunner.privateRun(TestRunner.java:794)
	at org.testng.TestRunner.run(TestRunner.java:596)
	at org.testng.SuiteRunner.runTest(SuiteRunner.java:377)
	at org.testng.SuiteRunner.runSequentially(SuiteRunner.java:371)
	at org.testng.SuiteRunner.privateRun(SuiteRunner.java:332)
	at org.testng.SuiteRunner.run(SuiteRunner.java:276)
	at org.testng.SuiteRunnerWorker.runSuite(SuiteRunnerWorker.java:53)
	at org.testng.SuiteRunnerWorker.run(SuiteRunnerWorker.java:96)
	at org.testng.TestNG.runSuitesSequentially(TestNG.java:1212)
	at org.testng.TestNG.runSuitesSequentially(TestNG.java:1207)
	at org.testng.TestNG.runSuitesLocally(TestNG.java:1134)
	at org.testng.TestNG.runSuites(TestNG.java:1063)
	at org.testng.TestNG.run(TestNG.java:1031)
	at org.testng.remote.AbstractRemoteTestNG.run(AbstractRemoteTestNG.java:115)
	at org.testng.remote.RemoteTestNG.initAndRun(RemoteTestNG.java:251)
	at org.testng.remote.RemoteTestNG.main(RemoteTestNG.java:77)
Caused by: org.openqa.selenium.NoSuchElementException: no such element: Unable to locate element: {&quot;method&quot;:&quot;css selector&quot;,&quot;selector&quot;:&quot;#team\-user\-user\-user\-search\-filter&quot;}
  (Session info: chrome=111.0.5563.147)
For documentation on this error, please visit: http://seleniumhq.org/exceptions/no_such_element.html
Build info: version: &apos;3.141.5&apos;, revision: &apos;d54ebd709a&apos;, time: &apos;2018-11-06T11:42:16&apos;
System info: host: &apos;DESKTOP-5M7AM2E&apos;, ip: &apos;192.168.56.1&apos;, os.name: &apos;Windows 11&apos;, os.arch: &apos;amd64&apos;, os.version: &apos;10.0&apos;, java.version: &apos;17.0.3&apos;
Driver info: org.openqa.selenium.chrome.ChromeDriver
Capabilities {acceptInsecureCerts: false, browserName: chrome, browserVersion: 111.0.5563.147, chrome: {chromedriverVersion: 111.0.5563.64 (c710e93d5b63..., userDataDir: C:\Users\ZAIGOP~1\AppData\L...}, goog:chromeOptions: {debuggerAddress: localhost:60014}, javascriptEnabled: true, networkConnectionEnabled: false, pageLoadStrategy: normal, platform: WINDOWS, platformName: WINDOWS, proxy: Proxy(), setWindowRect: true, strictFileInteractability: false, timeouts: {implicit: 0, pageLoad: 300000, script: 30000}, unhandledPromptBehavior: dismiss and notify, webauthn:extension:credBlob: true, webauthn:extension:largeBlob: true, webauthn:extension:minPinLength: true, webauthn:extension:prf: true, webauthn:virtualAuthenticators: true}
Session ID: b2d2a30d44883de6c090ea34d96f0d1d
*** Element info: {Using=id, value=team-user-user-user-search-filter}
	at jdk.internal.reflect.GeneratedConstructorAccessor15.newInstance(Unknown Source)
	at java.base/jdk.internal.reflect.DelegatingConstructorAccessorImpl.newInstance(DelegatingConstructorAccessorImpl.java:45)
	at java.base/java.lang.reflect.Constructor.newInstanceWithCaller(Constructor.java:499)
	at java.base/java.lang.reflect.Constructor.newInstance(Constructor.java:480)
	at org.openqa.selenium.remote.http.W3CHttpResponseCodec.createException(W3CHttpResponseCodec.java:187)
	at org.openqa.selenium.remote.http.W3CHttpResponseCodec.decode(W3CHttpResponseCodec.java:122)
	at org.openqa.selenium.remote.http.W3CHttpResponseCodec.decode(W3CHttpResponseCodec.java:49)
	at org.openqa.selenium.remote.HttpCommandExecutor.execute(HttpCommandExecutor.java:158)
	at org.openqa.selenium.remote.service.DriverCommandExecutor.execute(DriverCommandExecutor.java:83)
	at org.openqa.selenium.remote.RemoteWebDriver.execute(RemoteWebDriver.java:552)
	at org.openqa.selenium.remote.RemoteWebDriver.findElement(RemoteWebDriver.java:323)
	at org.openqa.selenium.remote.RemoteWebDriver.findElementById(RemoteWebDriver.java:372)
	at org.openqa.selenium.By$ById.findElement(By.java:188)
	at org.openqa.selenium.remote.RemoteWebDriver.findElement(RemoteWebDriver.java:315)
	at org.openqa.selenium.support.ui.ExpectedConditions$7.apply(ExpectedConditions.java:205)
	at org.openqa.selenium.support.ui.ExpectedConditions$7.apply(ExpectedConditions.java:201)
	at org.openqa.selenium.support.ui.FluentWait.until(FluentWait.java:249)
	... 32 more
</pre></div></td>
<td>10</td>
<td>org.test.TeamUser@783a467b</td></tr>
<tr>
<td title='org.test.TeamUser.searchNameValidation()'><b>searchNameValidation</b><br>Test class: org.test.TeamUser</td>
<td><div><pre>org.openqa.selenium.TimeoutException: Expected condition failed: waiting for visibility of element located by By.id: team-user-user-user-search-filter (tried for 10 second(s) with 500 milliseconds interval)
	at org.openqa.selenium.support.ui.WebDriverWait.timeoutException(WebDriverWait.java:95)
	at org.openqa.selenium.support.ui.FluentWait.until(FluentWait.java:272)
	at com.zaigo.pageobjects.TeamUserPage.tagValidation(TeamUserPage.java:100)
	at com.zaigo.pageobjects.TeamUserPage.listValidation(TeamUserPage.java:568)
	at org.test.TeamUser.searchNameValidation(TeamUser.java:691)
	at java.base/java.util.ArrayList.forEach(ArrayList.java:1511)
Caused by: org.openqa.selenium.NoSuchElementException: no such element: Unable to locate element: {&quot;method&quot;:&quot;css selector&quot;,&quot;selector&quot;:&quot;#team\-user\-user\-user\-search\-filter&quot;}
  (Session info: chrome=111.0.5563.147)
For documentation on this error, please visit: http://seleniumhq.org/exceptions/no_such_element.html
Build info: version: &apos;3.141.5&apos;, revision: &apos;d54ebd709a&apos;, time: &apos;2018-11-06T11:42:16&apos;
System info: host: &apos;DESKTOP-5M7AM2E&apos;, ip: &apos;192.168.56.1&apos;, os.name: &apos;Windows 11&apos;, os.arch: &apos;amd64&apos;, os.version: &apos;10.0&apos;, java.version: &apos;17.0.3&apos;
Driver info: org.openqa.selenium.chrome.ChromeDriver
Capabilities {acceptInsecureCerts: false, browserName: chrome, browserVersion: 111.0.5563.147, chrome: {chromedriverVersion: 111.0.5563.64 (c710e93d5b63..., userDataDir: C:\Users\ZAIGOP~1\AppData\L...}, goog:chromeOptions: {debuggerAddress: localhost:60014}, javascriptEnabled: true, networkConnectionEnabled: false, pageLoadStrategy: normal, platform: WINDOWS, platformName: WINDOWS, proxy: Proxy(), setWindowRect: true, strictFileInteractability: false, timeouts: {implicit: 0, pageLoad: 300000, script: 30000}, unhandledPromptBehavior: dismiss and notify, webauthn:extension:credBlob: true, webauthn:extension:largeBlob: true, webauthn:extension:minPinLength: true, webauthn:extension:prf: true, webauthn:virtualAuthenticators: true}
Session ID: b2d2a30d44883de6c090ea34d96f0d1d
*** Element info: {Using=id, value=team-user-user-user-search-filter}
	at org.openqa.selenium.remote.http.W3CHttpResponseCodec.createException(W3CHttpResponseCodec.java:187)
	at org.openqa.selenium.remote.http.W3CHttpResponseCodec.decode(W3CHttpResponseCodec.java:122)
	at org.openqa.selenium.remote.http.W3CHttpResponseCodec.decode(W3CHttpResponseCodec.java:49)
	at org.openqa.selenium.remote.HttpCommandExecutor.execute(HttpCommandExecutor.java:158)
	at org.openqa.selenium.remote.service.DriverCommandExecutor.execute(DriverCommandExecutor.java:83)
	at org.openqa.selenium.remote.RemoteWebDriver.execute(RemoteWebDriver.java:552)
	at org.openqa.selenium.remote.RemoteWebDriver.findElement(RemoteWebDriver.java:323)
	at org.openqa.selenium.remote.RemoteWebDriver.findElementById(RemoteWebDriver.java:372)
	at org.openqa.selenium.By$ById.findElement(By.java:188)
	at org.openqa.selenium.remote.RemoteWebDriver.findElement(RemoteWebDriver.java:315)
	at org.openqa.selenium.support.ui.ExpectedConditions$7.apply(ExpectedConditions.java:205)
	at org.openqa.selenium.support.ui.ExpectedConditions$7.apply(ExpectedConditions.java:201)
	at org.openqa.selenium.support.ui.FluentWait.until(FluentWait.java:249)
	... 32 more
... Removed 32 stack frames</pre></div><a href='#' onClick='toggleBox("stack-trace381306935", this, "Click to show all stack frames", "Click to hide stack frames")'>Click to show all stack frames</a>
<div class='stack-trace' id='stack-trace381306935'><pre>org.openqa.selenium.TimeoutException: Expected condition failed: waiting for visibility of element located by By.id: team-user-user-user-search-filter (tried for 10 second(s) with 500 milliseconds interval)
	at org.openqa.selenium.support.ui.WebDriverWait.timeoutException(WebDriverWait.java:95)
	at org.openqa.selenium.support.ui.FluentWait.until(FluentWait.java:272)
	at com.zaigo.pageobjects.TeamUserPage.tagValidation(TeamUserPage.java:100)
	at com.zaigo.pageobjects.TeamUserPage.listValidation(TeamUserPage.java:568)
	at org.test.TeamUser.searchNameValidation(TeamUser.java:691)
	at java.base/jdk.internal.reflect.NativeMethodAccessorImpl.invoke0(Native Method)
	at java.base/jdk.internal.reflect.NativeMethodAccessorImpl.invoke(NativeMethodAccessorImpl.java:77)
	at java.base/jdk.internal.reflect.DelegatingMethodAccessorImpl.invoke(DelegatingMethodAccessorImpl.java:43)
	at java.base/java.lang.reflect.Method.invoke(Method.java:568)
	at org.testng.internal.MethodInvocationHelper.invokeMethod(MethodInvocationHelper.java:133)
	at org.testng.internal.TestInvoker.invokeMethod(TestInvoker.java:598)
	at org.testng.internal.TestInvoker.invokeTestMethod(TestInvoker.java:173)
	at org.testng.internal.MethodRunner.runInSequence(MethodRunner.java:46)
	at org.testng.internal.TestInvoker$MethodInvocationAgent.invoke(TestInvoker.java:824)
	at org.testng.internal.TestInvoker.invokeTestMethods(TestInvoker.java:146)
	at org.testng.internal.TestMethodWorker.invokeTestMethods(TestMethodWorker.java:146)
	at org.testng.internal.TestMethodWorker.run(TestMethodWorker.java:128)
	at java.base/java.util.ArrayList.forEach(ArrayList.java:1511)
	at org.testng.TestRunner.privateRun(TestRunner.java:794)
	at org.testng.TestRunner.run(TestRunner.java:596)
	at org.testng.SuiteRunner.runTest(SuiteRunner.java:377)
	at org.testng.SuiteRunner.runSequentially(SuiteRunner.java:371)
	at org.testng.SuiteRunner.privateRun(SuiteRunner.java:332)
	at org.testng.SuiteRunner.run(SuiteRunner.java:276)
	at org.testng.SuiteRunnerWorker.runSuite(SuiteRunnerWorker.java:53)
	at org.testng.SuiteRunnerWorker.run(SuiteRunnerWorker.java:96)
	at org.testng.TestNG.runSuitesSequentially(TestNG.java:1212)
	at org.testng.TestNG.runSuitesSequentially(TestNG.java:1207)
	at org.testng.TestNG.runSuitesLocally(TestNG.java:1134)
	at org.testng.TestNG.runSuites(TestNG.java:1063)
	at org.testng.TestNG.run(TestNG.java:1031)
	at org.testng.remote.AbstractRemoteTestNG.run(AbstractRemoteTestNG.java:115)
	at org.testng.remote.RemoteTestNG.initAndRun(RemoteTestNG.java:251)
	at org.testng.remote.RemoteTestNG.main(RemoteTestNG.java:77)
Caused by: org.openqa.selenium.NoSuchElementException: no such element: Unable to locate element: {&quot;method&quot;:&quot;css selector&quot;,&quot;selector&quot;:&quot;#team\-user\-user\-user\-search\-filter&quot;}
  (Session info: chrome=111.0.5563.147)
For documentation on this error, please visit: http://seleniumhq.org/exceptions/no_such_element.html
Build info: version: &apos;3.141.5&apos;, revision: &apos;d54ebd709a&apos;, time: &apos;2018-11-06T11:42:16&apos;
System info: host: &apos;DESKTOP-5M7AM2E&apos;, ip: &apos;192.168.56.1&apos;, os.name: &apos;Windows 11&apos;, os.arch: &apos;amd64&apos;, os.version: &apos;10.0&apos;, java.version: &apos;17.0.3&apos;
Driver info: org.openqa.selenium.chrome.ChromeDriver
Capabilities {acceptInsecureCerts: false, browserName: chrome, browserVersion: 111.0.5563.147, chrome: {chromedriverVersion: 111.0.5563.64 (c710e93d5b63..., userDataDir: C:\Users\ZAIGOP~1\AppData\L...}, goog:chromeOptions: {debuggerAddress: localhost:60014}, javascriptEnabled: true, networkConnectionEnabled: false, pageLoadStrategy: normal, platform: WINDOWS, platformName: WINDOWS, proxy: Proxy(), setWindowRect: true, strictFileInteractability: false, timeouts: {implicit: 0, pageLoad: 300000, script: 30000}, unhandledPromptBehavior: dismiss and notify, webauthn:extension:credBlob: true, webauthn:extension:largeBlob: true, webauthn:extension:minPinLength: true, webauthn:extension:prf: true, webauthn:virtualAuthenticators: true}
Session ID: b2d2a30d44883de6c090ea34d96f0d1d
*** Element info: {Using=id, value=team-user-user-user-search-filter}
	at jdk.internal.reflect.GeneratedConstructorAccessor15.newInstance(Unknown Source)
	at java.base/jdk.internal.reflect.DelegatingConstructorAccessorImpl.newInstance(DelegatingConstructorAccessorImpl.java:45)
	at java.base/java.lang.reflect.Constructor.newInstanceWithCaller(Constructor.java:499)
	at java.base/java.lang.reflect.Constructor.newInstance(Constructor.java:480)
	at org.openqa.selenium.remote.http.W3CHttpResponseCodec.createException(W3CHttpResponseCodec.java:187)
	at org.openqa.selenium.remote.http.W3CHttpResponseCodec.decode(W3CHttpResponseCodec.java:122)
	at org.openqa.selenium.remote.http.W3CHttpResponseCodec.decode(W3CHttpResponseCodec.java:49)
	at org.openqa.selenium.remote.HttpCommandExecutor.execute(HttpCommandExecutor.java:158)
	at org.openqa.selenium.remote.service.DriverCommandExecutor.execute(DriverCommandExecutor.java:83)
	at org.openqa.selenium.remote.RemoteWebDriver.execute(RemoteWebDriver.java:552)
	at org.openqa.selenium.remote.RemoteWebDriver.findElement(RemoteWebDriver.java:323)
	at org.openqa.selenium.remote.RemoteWebDriver.findElementById(RemoteWebDriver.java:372)
	at org.openqa.selenium.By$ById.findElement(By.java:188)
	at org.openqa.selenium.remote.RemoteWebDriver.findElement(RemoteWebDriver.java:315)
	at org.openqa.selenium.support.ui.ExpectedConditions$7.apply(ExpectedConditions.java:205)
	at org.openqa.selenium.support.ui.ExpectedConditions$7.apply(ExpectedConditions.java:201)
	at org.openqa.selenium.support.ui.FluentWait.until(FluentWait.java:249)
	... 32 more
</pre></div></td>
<td>10</td>
<td>org.test.TeamUser@783a467b</td></tr>
</table><p>
<table width='100%' border='1' class='invocation-passed'>
<tr><td colspan='4' align='center'><b>PASSED TESTS</b></td></tr>
<tr><td><b>Test method</b></td>
<td width="30%"><b>Exception</b></td>
<td width="10%"><b>Time (seconds)</b></td>
<td><b>Instance</b></td>
</tr>
<tr>
<td title='org.test.TeamUserContractor.specialCharacterValidationZipcode()'><b>specialCharacterValidationZipcode</b><br>Test class: org.test.TeamUserContractor</td>
<td></td>
<td>0</td>
<td>org.test.TeamUserContractor@272113c4</td></tr>
<tr>
<td title='org.test.TeamCompanyContractor.editverifyCpersonFirstNameMaxValidation()'><b>editverifyCpersonFirstNameMaxValidation</b><br>Test class: org.test.TeamCompanyContractor</td>
<td></td>
<td>0</td>
<td>org.test.TeamCompanyContractor@7db12bb6</td></tr>
<tr>
<td title='org.test.TeamCompanyContractor.createLabel()'><b>createLabel</b><br>Test class: org.test.TeamCompanyContractor</td>
<td></td>
<td>3</td>
<td>org.test.TeamCompanyContractor@7db12bb6</td></tr>
<tr>
<td title='org.test.TeamUserContractor.landingOnEditForm()'><b>landingOnEditForm</b><br>Test class: org.test.TeamUserContractor</td>
<td></td>
<td>4</td>
<td>org.test.TeamUserContractor@272113c4</td></tr>
<tr>
<td title='org.test.TeamUser.editmaxValidationFirstNameField()'><b>editmaxValidationFirstNameField</b><br>Test class: org.test.TeamUser</td>
<td></td>
<td>0</td>
<td>org.test.TeamUser@783a467b</td></tr>
<tr>
<td title='org.test.CustomerCreateOrganizationModule.maxValidationContactFirstNameField()'><b>maxValidationContactFirstNameField</b><br>Test class: org.test.CustomerCreateOrganizationModule</td>
<td></td>
<td>0</td>
<td>org.test.CustomerCreateOrganizationModule@2d52216b</td></tr>
<tr>
<td title='org.test.CustomerCreateOrganizationModule.specialCharacterZipcodeField()'><b>specialCharacterZipcodeField</b><br>Test class: org.test.CustomerCreateOrganizationModule</td>
<td></td>
<td>0</td>
<td>org.test.CustomerCreateOrganizationModule@2d52216b</td></tr>
<tr>
<td title='org.test.TeamCompanyContractor.editverifyFaxMinValidation()'><b>editverifyFaxMinValidation</b><br>Test class: org.test.TeamCompanyContractor</td>
<td></td>
<td>0</td>
<td>org.test.TeamCompanyContractor@7db12bb6</td></tr>
<tr>
<td title='org.test.TeamCompaniesDetailScreen.deleteLocation()'><b>deleteLocation</b><br>Test class: org.test.TeamCompaniesDetailScreen</td>
<td></td>
<td>7</td>
<td>org.test.TeamCompaniesDetailScreen@273e7444</td></tr>
<tr>
<td title='org.test.Login.verify()'><b>verify</b><br>Test class: org.test.Login</td>
<td></td>
<td>16</td>
<td>org.test.Login@52b1beb6</td></tr>
<tr>
<td title='org.test.OnBoardingModule.existingEmailValidation()'><b>existingEmailValidation</b><br>Test class: org.test.OnBoardingModule</td>
<td></td>
<td>1</td>
<td>org.test.OnBoardingModule@6bd61f98</td></tr>
<tr>
<td title='org.test.CustomerCreateOrganizationModule.editmaxValidation()'><b>editmaxValidation</b><br>Test class: org.test.CustomerCreateOrganizationModule</td>
<td></td>
<td>0</td>
<td>org.test.CustomerCreateOrganizationModule@2d52216b</td></tr>
<tr>
<td title='org.test.CustomerCreateOrganizationModule.maxValidationPropertyCityField()'><b>maxValidationPropertyCityField</b><br>Test class: org.test.CustomerCreateOrganizationModule</td>
<td></td>
<td>0</td>
<td>org.test.CustomerCreateOrganizationModule@2d52216b</td></tr>
<tr>
<td title='org.test.OnBoardingModule.industryTypeFieldPresent()'><b>industryTypeFieldPresent</b><br>Test class: org.test.OnBoardingModule</td>
<td></td>
<td>0</td>
<td>org.test.OnBoardingModule@6bd61f98</td></tr>
<tr>
<td title='org.test.TeamCompaniesDetailScreen.characterValidationCompanyZipcodeField()'><b>characterValidationCompanyZipcodeField</b><br>Test class: org.test.TeamCompaniesDetailScreen</td>
<td></td>
<td>0</td>
<td>org.test.TeamCompaniesDetailScreen@273e7444</td></tr>
<tr>
<td title='org.test.TeamCompanyContractor.verifyCpersonFirstNameMaxValidation()'><b>verifyCpersonFirstNameMaxValidation</b><br>Test class: org.test.TeamCompanyContractor</td>
<td></td>
<td>0</td>
<td>org.test.TeamCompanyContractor@7db12bb6</td></tr>
<tr>
<td title='org.test.CustomerCreateContactModule.editMaxValidationFirstNameField()'><b>editMaxValidationFirstNameField</b><br>Test class: org.test.CustomerCreateContactModule</td>
<td></td>
<td>0</td>
<td>org.test.CustomerCreateContactModule@771a660</td></tr>
<tr>
<td title='org.test.CustomerCreateOrganizationModule.maxValidationZipcodeField()'><b>maxValidationZipcodeField</b><br>Test class: org.test.CustomerCreateOrganizationModule</td>
<td></td>
<td>0</td>
<td>org.test.CustomerCreateOrganizationModule@2d52216b</td></tr>
<tr>
<td title='org.test.TeamUserContractor.mandatoryValidationContractorEmailField()'><b>mandatoryValidationContractorEmailField</b><br>Test class: org.test.TeamUserContractor</td>
<td></td>
<td>0</td>
<td>org.test.TeamUserContractor@272113c4</td></tr>
<tr>
<td title='org.test.CustomerCreateContactModule.createLabel()'><b>createLabel</b><br>Test class: org.test.CustomerCreateContactModule</td>
<td></td>
<td>0</td>
<td>org.test.CustomerCreateContactModule@771a660</td></tr>
<tr>
<td title='org.test.CustomerCreateOrganizationModule.editmaxValidationZipcodeField()'><b>editmaxValidationZipcodeField</b><br>Test class: org.test.CustomerCreateOrganizationModule</td>
<td></td>
<td>0</td>
<td>org.test.CustomerCreateOrganizationModule@2d52216b</td></tr>
<tr>
<td title='org.test.TeamUserContractor.invalidContractorEmailValidation()'><b>invalidContractorEmailValidation</b><br>Test class: org.test.TeamUserContractor</td>
<td></td>
<td>0</td>
<td>org.test.TeamUserContractor@272113c4</td></tr>
<tr>
<td title='org.test.CustomerCreateOrganizationModule.customerOrganizationCount()'><b>customerOrganizationCount</b><br>Test class: org.test.CustomerCreateOrganizationModule</td>
<td></td>
<td>0</td>
<td>org.test.CustomerCreateOrganizationModule@2d52216b</td></tr>
<tr>
<td title='org.test.CustomerCreateContactModule.maxValidationJobTittle()'><b>maxValidationJobTittle</b><br>Test class: org.test.CustomerCreateContactModule</td>
<td></td>
<td>0</td>
<td>org.test.CustomerCreateContactModule@771a660</td></tr>
<tr>
<td title='org.test.CustomerCreateContactModule.editMaxValidationBrandNameField()'><b>editMaxValidationBrandNameField</b><br>Test class: org.test.CustomerCreateContactModule</td>
<td></td>
<td>0</td>
<td>org.test.CustomerCreateContactModule@771a660</td></tr>
<tr>
<td title='org.test.TeamCompaniesDetailScreen.maxValidationCompanyCityField()'><b>maxValidationCompanyCityField</b><br>Test class: org.test.TeamCompaniesDetailScreen</td>
<td></td>
<td>0</td>
<td>org.test.TeamCompaniesDetailScreen@273e7444</td></tr>
<tr>
<td title='org.test.TeamSendInvite.landingOnSendInviteForm()'><b>landingOnSendInviteForm</b><br>Test class: org.test.TeamSendInvite</td>
<td></td>
<td>0</td>
<td>org.test.TeamSendInvite@73e9cf30</td></tr>
<tr>
<td title='org.test.CustomerCreateContactModule.contactModule()'><b>contactModule</b><br>Test class: org.test.CustomerCreateContactModule</td>
<td></td>
<td>3</td>
<td>org.test.CustomerCreateContactModule@771a660</td></tr>
<tr>
<td title='org.test.CustomerCreateOrganizationModule.maxValidationPropertyLastNameField()'><b>maxValidationPropertyLastNameField</b><br>Test class: org.test.CustomerCreateOrganizationModule</td>
<td></td>
<td>0</td>
<td>org.test.CustomerCreateOrganizationModule@2d52216b</td></tr>
<tr>
<td title='org.test.CustomerCreateOrganizationModule.editmaxValidationAddress1Field()'><b>editmaxValidationAddress1Field</b><br>Test class: org.test.CustomerCreateOrganizationModule</td>
<td></td>
<td>0</td>
<td>org.test.CustomerCreateOrganizationModule@2d52216b</td></tr>
<tr>
<td title='org.test.TeamCompanyContractor.editmaxValidationContactPerson()'><b>editmaxValidationContactPerson</b><br>Test class: org.test.TeamCompanyContractor</td>
<td></td>
<td>1</td>
<td>org.test.TeamCompanyContractor@7db12bb6</td></tr>
<tr>
<td title='org.test.CustomerCreateOrganizationModule.editmaxValidationModelNumberField()'><b>editmaxValidationModelNumberField</b><br>Test class: org.test.CustomerCreateOrganizationModule</td>
<td></td>
<td>0</td>
<td>org.test.CustomerCreateOrganizationModule@2d52216b</td></tr>
<tr>
<td title='org.test.TeamUserContractor.minValidatonContractorPhoneNumber()'><b>minValidatonContractorPhoneNumber</b><br>Test class: org.test.TeamUserContractor</td>
<td></td>
<td>0</td>
<td>org.test.TeamUserContractor@272113c4</td></tr>
<tr>
<td title='org.test.CustomerCreateOrganizationModule.createOrganization()'><b>createOrganization</b><br>Test class: org.test.CustomerCreateOrganizationModule</td>
<td></td>
<td>16</td>
<td>org.test.CustomerCreateOrganizationModule@2d52216b</td></tr>
<tr>
<td title='org.test.TeamUserContractor.editminValidatonContractorPhoneNumber()'><b>editminValidatonContractorPhoneNumber</b><br>Test class: org.test.TeamUserContractor</td>
<td></td>
<td>0</td>
<td>org.test.TeamUserContractor@272113c4</td></tr>
<tr>
<td title='org.test.TeamUserContractor.maxValidationAddress2()'><b>maxValidationAddress2</b><br>Test class: org.test.TeamUserContractor</td>
<td></td>
<td>0</td>
<td>org.test.TeamUserContractor@272113c4</td></tr>
<tr>
<td title='org.test.TeamUser.editspecialCharacterPhoneNumberField()'><b>editspecialCharacterPhoneNumberField</b><br>Test class: org.test.TeamUser</td>
<td></td>
<td>0</td>
<td>org.test.TeamUser@783a467b</td></tr>
<tr>
<td title='org.test.CustomerCreateOrganizationModule.editmaxValidationPropertyAddress1Field()'><b>editmaxValidationPropertyAddress1Field</b><br>Test class: org.test.CustomerCreateOrganizationModule</td>
<td></td>
<td>0</td>
<td>org.test.CustomerCreateOrganizationModule@2d52216b</td></tr>
<tr>
<td title='org.test.CustomerCreateOrganizationModule.specialCharacterPropertyZipcodeField()'><b>specialCharacterPropertyZipcodeField</b><br>Test class: org.test.CustomerCreateOrganizationModule</td>
<td></td>
<td>0</td>
<td>org.test.CustomerCreateOrganizationModule@2d52216b</td></tr>
<tr>
<td title='org.test.CustomerCreateOrganizationModule.editmaxValidationContactLastNameField()'><b>editmaxValidationContactLastNameField</b><br>Test class: org.test.CustomerCreateOrganizationModule</td>
<td></td>
<td>0</td>
<td>org.test.CustomerCreateOrganizationModule@2d52216b</td></tr>
<tr>
<td title='org.test.OnBoardingModule.validateEmailFormat()'><b>validateEmailFormat</b><br>Test class: org.test.OnBoardingModule</td>
<td></td>
<td>0</td>
<td>org.test.OnBoardingModule@6bd61f98</td></tr>
<tr>
<td title='org.test.TeamUser.editmaxValidationJobTittleField()'><b>editmaxValidationJobTittleField</b><br>Test class: org.test.TeamUser</td>
<td></td>
<td>0</td>
<td>org.test.TeamUser@783a467b</td></tr>
<tr>
<td title='org.test.TeamSendInvite.mandatoryValidationFirstNameField()'><b>mandatoryValidationFirstNameField</b><br>Test class: org.test.TeamSendInvite</td>
<td></td>
<td>0</td>
<td>org.test.TeamSendInvite@73e9cf30</td></tr>
<tr>
<td title='org.test.TeamUserContractor.editmaxValidationAddress1()'><b>editmaxValidationAddress1</b><br>Test class: org.test.TeamUserContractor</td>
<td></td>
<td>0</td>
<td>org.test.TeamUserContractor@272113c4</td></tr>
<tr>
<td title='org.test.TeamUserContractor.mandatoryValidationContractorFirstNameField()'><b>mandatoryValidationContractorFirstNameField</b><br>Test class: org.test.TeamUserContractor</td>
<td></td>
<td>0</td>
<td>org.test.TeamUserContractor@272113c4</td></tr>
<tr>
<td title='org.test.CustomerCreateOrganizationModule.editmaxValidationPropertyCityField()'><b>editmaxValidationPropertyCityField</b><br>Test class: org.test.CustomerCreateOrganizationModule</td>
<td></td>
<td>0</td>
<td>org.test.CustomerCreateOrganizationModule@2d52216b</td></tr>
<tr>
<td title='org.test.TeamUser.editmaxValidationCity()'><b>editmaxValidationCity</b><br>Test class: org.test.TeamUser</td>
<td></td>
<td>0</td>
<td>org.test.TeamUser@783a467b</td></tr>
<tr>
<td title='org.test.CustomerCreateContactModule.editMaxValidationLastNameField()'><b>editMaxValidationLastNameField</b><br>Test class: org.test.CustomerCreateContactModule</td>
<td></td>
<td>0</td>
<td>org.test.CustomerCreateContactModule@771a660</td></tr>
<tr>
<td title='org.test.CustomerCreateOrganizationModule.maxValidationCityField()'><b>maxValidationCityField</b><br>Test class: org.test.CustomerCreateOrganizationModule</td>
<td></td>
<td>0</td>
<td>org.test.CustomerCreateOrganizationModule@2d52216b</td></tr>
<tr>
<td title='org.test.TeamUser.editmaxValidatonPhoneNumber()'><b>editmaxValidatonPhoneNumber</b><br>Test class: org.test.TeamUser</td>
<td></td>
<td>1</td>
<td>org.test.TeamUser@783a467b</td></tr>
<tr>
<td title='org.test.TeamCompanyContractor.editLable()'><b>editLable</b><br>Test class: org.test.TeamCompanyContractor</td>
<td></td>
<td>5</td>
<td>org.test.TeamCompanyContractor@7db12bb6</td></tr>
<tr>
<td title='org.test.TeamUser.maxValidationZipcode()'><b>maxValidationZipcode</b><br>Test class: org.test.TeamUser</td>
<td></td>
<td>0</td>
<td>org.test.TeamUser@783a467b</td></tr>
<tr>
<td title='org.test.Login.verifyInvalidEmail()'><b>verifyInvalidEmail</b><br>Test class: org.test.Login</td>
<td></td>
<td>1</td>
<td>org.test.Login@52b1beb6</td></tr>
<tr>
<td title='org.test.TeamCompanyContractor.verifySaveButtonExist()'><b>verifySaveButtonExist</b><br>Test class: org.test.TeamCompanyContractor</td>
<td></td>
<td>0</td>
<td>org.test.TeamCompanyContractor@7db12bb6</td></tr>
<tr>
<td title='org.test.CustomerCreateContactModule.editInValidationPhoneNumberField()'><b>editInValidationPhoneNumberField</b><br>Test class: org.test.CustomerCreateContactModule</td>
<td></td>
<td>0</td>
<td>org.test.CustomerCreateContactModule@771a660</td></tr>
<tr>
<td title='org.test.CustomerCreateOrganizationModule.maxValidationContactLastNameField()'><b>maxValidationContactLastNameField</b><br>Test class: org.test.CustomerCreateOrganizationModule</td>
<td></td>
<td>0</td>
<td>org.test.CustomerCreateOrganizationModule@2d52216b</td></tr>
<tr>
<td title='org.test.TeamCompanyContractor.searchPhoneNumberListValidation()'><b>searchPhoneNumberListValidation</b><br>Test class: org.test.TeamCompanyContractor</td>
<td></td>
<td>1</td>
<td>org.test.TeamCompanyContractor@7db12bb6</td></tr>
<tr>
<td title='org.test.TeamCompanyContractor.companiesContractorCount()'><b>companiesContractorCount</b><br>Test class: org.test.TeamCompanyContractor</td>
<td></td>
<td>0</td>
<td>org.test.TeamCompanyContractor@7db12bb6</td></tr>
<tr>
<td title='org.test.TeamUserContractor.maxValidationState()'><b>maxValidationState</b><br>Test class: org.test.TeamUserContractor</td>
<td></td>
<td>0</td>
<td>org.test.TeamUserContractor@272113c4</td></tr>
<tr>
<td title='org.test.TeamUserContractor.userCount()'><b>userCount</b><br>Test class: org.test.TeamUserContractor</td>
<td></td>
<td>0</td>
<td>org.test.TeamUserContractor@272113c4</td></tr>
<tr>
<td title='org.test.TeamCompanyContractor.maxValidationEmailField()'><b>maxValidationEmailField</b><br>Test class: org.test.TeamCompanyContractor</td>
<td></td>
<td>0</td>
<td>org.test.TeamCompanyContractor@7db12bb6</td></tr>
<tr>
<td title='org.test.CustomerCreateOrganizationModule.editmaxValidationCityField()'><b>editmaxValidationCityField</b><br>Test class: org.test.CustomerCreateOrganizationModule</td>
<td></td>
<td>0</td>
<td>org.test.CustomerCreateOrganizationModule@2d52216b</td></tr>
<tr>
<td title='org.test.OnBoardingModule.specialCharacterBussinessNameValidation()'><b>specialCharacterBussinessNameValidation</b><br>Test class: org.test.OnBoardingModule</td>
<td></td>
<td>0</td>
<td>org.test.OnBoardingModule@6bd61f98</td></tr>
<tr>
<td title='org.test.TeamUser.editinvalidEmailValidation()'><b>editinvalidEmailValidation</b><br>Test class: org.test.TeamUser</td>
<td></td>
<td>0</td>
<td>org.test.TeamUser@783a467b</td></tr>
<tr>
<td title='org.test.CustomerCreateOrganizationModule.minValidationContactPhoneNumberField()'><b>minValidationContactPhoneNumberField</b><br>Test class: org.test.CustomerCreateOrganizationModule</td>
<td></td>
<td>0</td>
<td>org.test.CustomerCreateOrganizationModule@2d52216b</td></tr>
<tr>
<td title='org.test.TeamCompanyContractor.maxValidationPhoneNumberField()'><b>maxValidationPhoneNumberField</b><br>Test class: org.test.TeamCompanyContractor</td>
<td></td>
<td>0</td>
<td>org.test.TeamCompanyContractor@7db12bb6</td></tr>
<tr>
<td title='org.test.TeamUser.editmaxValidationAddress1()'><b>editmaxValidationAddress1</b><br>Test class: org.test.TeamUser</td>
<td></td>
<td>0</td>
<td>org.test.TeamUser@783a467b</td></tr>
<tr>
<td title='org.test.OnBoardingModule.correctValidationEmail()'><b>correctValidationEmail</b><br>Test class: org.test.OnBoardingModule</td>
<td></td>
<td>1</td>
<td>org.test.OnBoardingModule@6bd61f98</td></tr>
<tr>
<td title='org.test.TeamSendInvite.mandatoryValidationTypeField()'><b>mandatoryValidationTypeField</b><br>Test class: org.test.TeamSendInvite</td>
<td></td>
<td>0</td>
<td>org.test.TeamSendInvite@73e9cf30</td></tr>
<tr>
<td title='org.test.TeamUser.maxValidationFirstNameField()'><b>maxValidationFirstNameField</b><br>Test class: org.test.TeamUser</td>
<td></td>
<td>0</td>
<td>org.test.TeamUser@783a467b</td></tr>
<tr>
<td title='org.test.CustomerCreateOrganizationModule.maxValidationPhoneNumberField()'><b>maxValidationPhoneNumberField</b><br>Test class: org.test.CustomerCreateOrganizationModule</td>
<td></td>
<td>0</td>
<td>org.test.CustomerCreateOrganizationModule@2d52216b</td></tr>
<tr>
<td title='org.test.TeamUserContractor.verifySaveButtonExist()'><b>verifySaveButtonExist</b><br>Test class: org.test.TeamUserContractor</td>
<td></td>
<td>0</td>
<td>org.test.TeamUserContractor@272113c4</td></tr>
<tr>
<td title='org.test.TeamUserContractor.verifyUpdateExist()'><b>verifyUpdateExist</b><br>Test class: org.test.TeamUserContractor</td>
<td></td>
<td>0</td>
<td>org.test.TeamUserContractor@272113c4</td></tr>
<tr>
<td title='org.test.TeamUser.landingOnCreateForm()'><b>landingOnCreateForm</b><br>Test class: org.test.TeamUser</td>
<td></td>
<td>0</td>
<td>org.test.TeamUser@783a467b</td></tr>
<tr>
<td title='org.test.TeamSendInvite.mandatoryValidationEmailField()'><b>mandatoryValidationEmailField</b><br>Test class: org.test.TeamSendInvite</td>
<td></td>
<td>0</td>
<td>org.test.TeamSendInvite@73e9cf30</td></tr>
<tr>
<td title='org.test.TeamCompanyContractor.validateEmailField()'><b>validateEmailField</b><br>Test class: org.test.TeamCompanyContractor</td>
<td></td>
<td>0</td>
<td>org.test.TeamCompanyContractor@7db12bb6</td></tr>
<tr>
<td title='org.test.TeamUserContractor.maxValidationContractorFirstNameField()'><b>maxValidationContractorFirstNameField</b><br>Test class: org.test.TeamUserContractor</td>
<td></td>
<td>0</td>
<td>org.test.TeamUserContractor@272113c4</td></tr>
<tr>
<td title='org.test.TeamUserContractor.editmaxValidationLocationName()'><b>editmaxValidationLocationName</b><br>Test class: org.test.TeamUserContractor</td>
<td></td>
<td>0</td>
<td>org.test.TeamUserContractor@272113c4</td></tr>
<tr>
<td title='org.test.CustomerCreateContactModule.editLabel()'><b>editLabel</b><br>Test class: org.test.CustomerCreateContactModule</td>
<td></td>
<td>3</td>
<td>org.test.CustomerCreateContactModule@771a660</td></tr>
<tr>
<td title='org.test.TeamUser.editmandatoryValidationFirstNameField()'><b>editmandatoryValidationFirstNameField</b><br>Test class: org.test.TeamUser</td>
<td></td>
<td>5</td>
<td>org.test.TeamUser@783a467b</td></tr>
<tr>
<td title='org.test.CustomerCreateContactModule.editMaxValidationJobTittle()'><b>editMaxValidationJobTittle</b><br>Test class: org.test.CustomerCreateContactModule</td>
<td></td>
<td>0</td>
<td>org.test.CustomerCreateContactModule@771a660</td></tr>
<tr>
<td title='org.test.CustomerCreateContactModule.invalidValidationEmailField()'><b>invalidValidationEmailField</b><br>Test class: org.test.CustomerCreateContactModule</td>
<td></td>
<td>0</td>
<td>org.test.CustomerCreateContactModule@771a660</td></tr>
<tr>
<td title='org.test.TeamSendInvite.verify()'><b>verify</b><br>Test class: org.test.TeamSendInvite</td>
<td></td>
<td>20</td>
<td>org.test.TeamSendInvite@73e9cf30</td></tr>
<tr>
<td title='org.test.TeamCompanyContractor.maxValidationStateField()'><b>maxValidationStateField</b><br>Test class: org.test.TeamCompanyContractor</td>
<td></td>
<td>0</td>
<td>org.test.TeamCompanyContractor@7db12bb6</td></tr>
<tr>
<td title='org.test.CustomerCreateOrganizationModule.editOrganization()'><b>editOrganization</b><br>Test class: org.test.CustomerCreateOrganizationModule</td>
<td></td>
<td>14</td>
<td>org.test.CustomerCreateOrganizationModule@2d52216b</td></tr>
<tr>
<td title='org.test.TeamUser.editminValidatonPhoneNumber()'><b>editminValidatonPhoneNumber</b><br>Test class: org.test.TeamUser</td>
<td></td>
<td>0</td>
<td>org.test.TeamUser@783a467b</td></tr>
<tr>
<td title='org.test.TeamUserContractor.editinvalidContractorEmailValidation()'><b>editinvalidContractorEmailValidation</b><br>Test class: org.test.TeamUserContractor</td>
<td></td>
<td>0</td>
<td>org.test.TeamUserContractor@272113c4</td></tr>
<tr>
<td title='org.test.CustomerCreateContactModule.searchListEmailField()'><b>searchListEmailField</b><br>Test class: org.test.CustomerCreateContactModule</td>
<td></td>
<td>1</td>
<td>org.test.CustomerCreateContactModule@771a660</td></tr>
<tr>
<td title='org.test.TeamUser.maxValidationEmailFields()'><b>maxValidationEmailFields</b><br>Test class: org.test.TeamUser</td>
<td></td>
<td>0</td>
<td>org.test.TeamUser@783a467b</td></tr>
<tr>
<td title='org.test.CustomerCreateOrganizationModule.modulePage()'><b>modulePage</b><br>Test class: org.test.CustomerCreateOrganizationModule</td>
<td></td>
<td>2</td>
<td>org.test.CustomerCreateOrganizationModule@2d52216b</td></tr>
<tr>
<td title='org.test.TeamUserContractor.maxValidationContractorEmailFields()'><b>maxValidationContractorEmailFields</b><br>Test class: org.test.TeamUserContractor</td>
<td></td>
<td>0</td>
<td>org.test.TeamUserContractor@272113c4</td></tr>
<tr>
<td title='org.test.CustomerCreateContactModule.maxValidationPhoneNumberField()'><b>maxValidationPhoneNumberField</b><br>Test class: org.test.CustomerCreateContactModule</td>
<td></td>
<td>0</td>
<td>org.test.CustomerCreateContactModule@771a660</td></tr>
<tr>
<td title='org.test.TeamCompanyContractor.editverifyContractorNumberMaxValidation()'><b>editverifyContractorNumberMaxValidation</b><br>Test class: org.test.TeamCompanyContractor</td>
<td></td>
<td>0</td>
<td>org.test.TeamCompanyContractor@7db12bb6</td></tr>
<tr>
<td title='org.test.CustomerCreateContactModule.filterField()'><b>filterField</b><br>Test class: org.test.CustomerCreateContactModule</td>
<td></td>
<td>1</td>
<td>org.test.CustomerCreateContactModule@771a660</td></tr>
<tr>
<td title='org.test.CustomerCreateOrganizationModule.maxValidationProductNameField()'><b>maxValidationProductNameField</b><br>Test class: org.test.CustomerCreateOrganizationModule</td>
<td></td>
<td>0</td>
<td>org.test.CustomerCreateOrganizationModule@2d52216b</td></tr>
<tr>
<td title='org.test.TeamUserContractor.editmaxValidationState()'><b>editmaxValidationState</b><br>Test class: org.test.TeamUserContractor</td>
<td></td>
<td>0</td>
<td>org.test.TeamUserContractor@272113c4</td></tr>
<tr>
<td title='org.test.TeamUser.mandatoryValidationTypeField()'><b>mandatoryValidationTypeField</b><br>Test class: org.test.TeamUser</td>
<td></td>
<td>0</td>
<td>org.test.TeamUser@783a467b</td></tr>
<tr>
<td title='org.test.CustomerCreateOrganizationModule.maxValidationPropertyStateField()'><b>maxValidationPropertyStateField</b><br>Test class: org.test.CustomerCreateOrganizationModule</td>
<td></td>
<td>0</td>
<td>org.test.CustomerCreateOrganizationModule@2d52216b</td></tr>
<tr>
<td title='org.test.TeamUser.editmaxValidationLastNameField()'><b>editmaxValidationLastNameField</b><br>Test class: org.test.TeamUser</td>
<td></td>
<td>0</td>
<td>org.test.TeamUser@783a467b</td></tr>
<tr>
<td title='org.test.CustomerCreateContactModule.maxValdidationModelNumberField()'><b>maxValdidationModelNumberField</b><br>Test class: org.test.CustomerCreateContactModule</td>
<td></td>
<td>0</td>
<td>org.test.CustomerCreateContactModule@771a660</td></tr>
<tr>
<td title='org.test.CustomerCreateOrganizationModule.maxValidationEmailField()'><b>maxValidationEmailField</b><br>Test class: org.test.CustomerCreateOrganizationModule</td>
<td></td>
<td>0</td>
<td>org.test.CustomerCreateOrganizationModule@2d52216b</td></tr>
<tr>
<td title='org.test.TeamUserContractor.filterByCompany()'><b>filterByCompany</b><br>Test class: org.test.TeamUserContractor</td>
<td></td>
<td>1</td>
<td>org.test.TeamUserContractor@272113c4</td></tr>
<tr>
<td title='org.test.TeamUser.editspecialCharacterValidationZipcode()'><b>editspecialCharacterValidationZipcode</b><br>Test class: org.test.TeamUser</td>
<td></td>
<td>0</td>
<td>org.test.TeamUser@783a467b</td></tr>
<tr>
<td title='org.test.CustomerCreateContactModule.editMaxValidationPropertyLastNameField()'><b>editMaxValidationPropertyLastNameField</b><br>Test class: org.test.CustomerCreateContactModule</td>
<td></td>
<td>0</td>
<td>org.test.CustomerCreateContactModule@771a660</td></tr>
<tr>
<td title='org.test.OnBoardingModule.passwordFieldConditions()'><b>passwordFieldConditions</b><br>Test class: org.test.OnBoardingModule</td>
<td></td>
<td>0</td>
<td>org.test.OnBoardingModule@6bd61f98</td></tr>
<tr>
<td title='org.test.TeamCompanyContractor.maxValidationLocationNameField()'><b>maxValidationLocationNameField</b><br>Test class: org.test.TeamCompanyContractor</td>
<td></td>
<td>0</td>
<td>org.test.TeamCompanyContractor@7db12bb6</td></tr>
<tr>
<td title='org.test.TeamUserContractor.maxValidationAddress1()'><b>maxValidationAddress1</b><br>Test class: org.test.TeamUserContractor</td>
<td></td>
<td>0</td>
<td>org.test.TeamUserContractor@272113c4</td></tr>
<tr>
<td title='org.test.CustomerCreateContactModule.editMandatoryValidation()'><b>editMandatoryValidation</b><br>Test class: org.test.CustomerCreateContactModule</td>
<td></td>
<td>0</td>
<td>org.test.CustomerCreateContactModule@771a660</td></tr>
<tr>
<td title='org.test.TeamCompanyContractor.verifyFaxMinValidation()'><b>verifyFaxMinValidation</b><br>Test class: org.test.TeamCompanyContractor</td>
<td></td>
<td>0</td>
<td>org.test.TeamCompanyContractor@7db12bb6</td></tr>
<tr>
<td title='org.test.OnBoardingModule.validateRadioButtonClickable()'><b>validateRadioButtonClickable</b><br>Test class: org.test.OnBoardingModule</td>
<td></td>
<td>3</td>
<td>org.test.OnBoardingModule@6bd61f98</td></tr>
<tr>
<td title='org.test.TeamUser.editmaxValidationAddress2()'><b>editmaxValidationAddress2</b><br>Test class: org.test.TeamUser</td>
<td></td>
<td>0</td>
<td>org.test.TeamUser@783a467b</td></tr>
<tr>
<td title='org.test.CustomerCreateContactModule.alreadyExistedMail()'><b>alreadyExistedMail</b><br>Test class: org.test.CustomerCreateContactModule</td>
<td></td>
<td>1</td>
<td>org.test.CustomerCreateContactModule@771a660</td></tr>
<tr>
<td title='org.test.CustomerCreateContactModule.editMaxValidationInstallationNotesField()'><b>editMaxValidationInstallationNotesField</b><br>Test class: org.test.CustomerCreateContactModule</td>
<td></td>
<td>4</td>
<td>org.test.CustomerCreateContactModule@771a660</td></tr>
<tr>
<td title='org.test.CustomerCreateContactModule.searchInvalidListName()'><b>searchInvalidListName</b><br>Test class: org.test.CustomerCreateContactModule</td>
<td></td>
<td>1</td>
<td>org.test.CustomerCreateContactModule@771a660</td></tr>
<tr>
<td title='org.test.CustomerCreateOrganizationModule.editmaxValidationSerialNumberField()'><b>editmaxValidationSerialNumberField</b><br>Test class: org.test.CustomerCreateOrganizationModule</td>
<td></td>
<td>0</td>
<td>org.test.CustomerCreateOrganizationModule@2d52216b</td></tr>
<tr>
<td title='org.test.CustomerCreateContactModule.maxValidationPropertyLastNameField()'><b>maxValidationPropertyLastNameField</b><br>Test class: org.test.CustomerCreateContactModule</td>
<td></td>
<td>0</td>
<td>org.test.CustomerCreateContactModule@771a660</td></tr>
<tr>
<td title='org.test.TeamCompanyContractor.editverifyCpersonLastNameMaxValidation()'><b>editverifyCpersonLastNameMaxValidation</b><br>Test class: org.test.TeamCompanyContractor</td>
<td></td>
<td>1</td>
<td>org.test.TeamCompanyContractor@7db12bb6</td></tr>
<tr>
<td title='org.test.TeamUser.deleteUserDetails()'><b>deleteUserDetails</b><br>Test class: org.test.TeamUser</td>
<td></td>
<td>167</td>
<td>org.test.TeamUser@783a467b</td></tr>
<tr>
<td title='org.test.TeamCompanyContractor.verifyUpdateButtonExist()'><b>verifyUpdateButtonExist</b><br>Test class: org.test.TeamCompanyContractor</td>
<td></td>
<td>0</td>
<td>org.test.TeamCompanyContractor@7db12bb6</td></tr>
<tr>
<td title='org.test.OnBoardingModule.alreadyBussinessNameValidation()'><b>alreadyBussinessNameValidation</b><br>Test class: org.test.OnBoardingModule</td>
<td></td>
<td>0</td>
<td>org.test.OnBoardingModule@6bd61f98</td></tr>
<tr>
<td title='org.test.CustomerCreateOrganizationModule.validateContactEmailField()'><b>validateContactEmailField</b><br>Test class: org.test.CustomerCreateOrganizationModule</td>
<td></td>
<td>0</td>
<td>org.test.CustomerCreateOrganizationModule@2d52216b</td></tr>
<tr>
<td title='org.test.TeamUser.maxValidationAddress2()'><b>maxValidationAddress2</b><br>Test class: org.test.TeamUser</td>
<td></td>
<td>0</td>
<td>org.test.TeamUser@783a467b</td></tr>
<tr>
<td title='org.test.Login.verifyEmptyEmail()'><b>verifyEmptyEmail</b><br>Test class: org.test.Login</td>
<td></td>
<td>3</td>
<td>org.test.Login@52b1beb6</td></tr>
<tr>
<td title='org.test.CustomerCreateOrganizationModule.editmaxValidationPropertyFirstNameField()'><b>editmaxValidationPropertyFirstNameField</b><br>Test class: org.test.CustomerCreateOrganizationModule</td>
<td></td>
<td>0</td>
<td>org.test.CustomerCreateOrganizationModule@2d52216b</td></tr>
<tr>
<td title='org.test.CustomerCreateOrganizationModule.maxValidationAddress2Field()'><b>maxValidationAddress2Field</b><br>Test class: org.test.CustomerCreateOrganizationModule</td>
<td></td>
<td>0</td>
<td>org.test.CustomerCreateOrganizationModule@2d52216b</td></tr>
<tr>
<td title='org.test.OnBoardingModule.maximumValidationLastName()'><b>maximumValidationLastName</b><br>Test class: org.test.OnBoardingModule</td>
<td></td>
<td>0</td>
<td>org.test.OnBoardingModule@6bd61f98</td></tr>
<tr>
<td title='org.test.TeamUser.specialCharacterPhoneNumberField()'><b>specialCharacterPhoneNumberField</b><br>Test class: org.test.TeamUser</td>
<td></td>
<td>0</td>
<td>org.test.TeamUser@783a467b</td></tr>
<tr>
<td title='org.test.TeamUserContractor.TeamUserPage()'><b>TeamUserPage</b><br>Test class: org.test.TeamUserContractor</td>
<td></td>
<td>4</td>
<td>org.test.TeamUserContractor@272113c4</td></tr>
<tr>
<td title='org.test.TeamUser.TeamUserPage()'><b>TeamUserPage</b><br>Test class: org.test.TeamUser</td>
<td></td>
<td>20</td>
<td>org.test.TeamUser@783a467b</td></tr>
<tr>
<td title='org.test.TeamUserContractor.landingOnCreateForm()'><b>landingOnCreateForm</b><br>Test class: org.test.TeamUserContractor</td>
<td></td>
<td>0</td>
<td>org.test.TeamUserContractor@272113c4</td></tr>
<tr>
<td title='org.test.OnBoardingModule.validationRadioButtonIntrested()'><b>validationRadioButtonIntrested</b><br>Test class: org.test.OnBoardingModule</td>
<td></td>
<td>1</td>
<td>org.test.OnBoardingModule@6bd61f98</td></tr>
<tr>
<td title='org.test.CustomerCreateContactModule.maxValidationProductNameField()'><b>maxValidationProductNameField</b><br>Test class: org.test.CustomerCreateContactModule</td>
<td></td>
<td>0</td>
<td>org.test.CustomerCreateContactModule@771a660</td></tr>
<tr>
<td title='org.test.Login.verifyEmptyPassword()'><b>verifyEmptyPassword</b><br>Test class: org.test.Login</td>
<td></td>
<td>2</td>
<td>org.test.Login@52b1beb6</td></tr>
<tr>
<td title='org.test.CustomerCreateOrganizationModule.searchPhoneNumberListValidation()'><b>searchPhoneNumberListValidation</b><br>Test class: org.test.CustomerCreateOrganizationModule</td>
<td></td>
<td>1</td>
<td>org.test.CustomerCreateOrganizationModule@2d52216b</td></tr>
<tr>
<td title='org.test.CustomerCreateContactModule.maxValidationSerialNumberField()'><b>maxValidationSerialNumberField</b><br>Test class: org.test.CustomerCreateContactModule</td>
<td></td>
<td>0</td>
<td>org.test.CustomerCreateContactModule@771a660</td></tr>
<tr>
<td title='org.test.TeamUserContractor.userEdit()'><b>userEdit</b><br>Test class: org.test.TeamUserContractor</td>
<td></td>
<td>7</td>
<td>org.test.TeamUserContractor@272113c4</td></tr>
<tr>
<td title='org.test.CustomerCreateContactModule.editMaxValidationSerialNumberField()'><b>editMaxValidationSerialNumberField</b><br>Test class: org.test.CustomerCreateContactModule</td>
<td></td>
<td>0</td>
<td>org.test.CustomerCreateContactModule@771a660</td></tr>
<tr>
<td title='org.test.TeamUserContractor.maxValidatonContractorPhoneNumber()'><b>maxValidatonContractorPhoneNumber</b><br>Test class: org.test.TeamUserContractor</td>
<td></td>
<td>1</td>
<td>org.test.TeamUserContractor@272113c4</td></tr>
<tr>
<td title='org.test.CustomerCreateContactModule.editMaxValidationPropertyFirstNameField()'><b>editMaxValidationPropertyFirstNameField</b><br>Test class: org.test.CustomerCreateContactModule</td>
<td></td>
<td>0</td>
<td>org.test.CustomerCreateContactModule@771a660</td></tr>
<tr>
<td title='org.test.TeamCompanyContractor.maxValidationContactPerson()'><b>maxValidationContactPerson</b><br>Test class: org.test.TeamCompanyContractor</td>
<td></td>
<td>1</td>
<td>org.test.TeamCompanyContractor@7db12bb6</td></tr>
<tr>
<td title='org.test.TeamCompanyContractor.contractotCompanyNameExistedValidation()'><b>contractotCompanyNameExistedValidation</b><br>Test class: org.test.TeamCompanyContractor</td>
<td></td>
<td>2</td>
<td>org.test.TeamCompanyContractor@7db12bb6</td></tr>
<tr>
<td title='org.test.TeamSendInvite.verifySaveButtonExist()'><b>verifySaveButtonExist</b><br>Test class: org.test.TeamSendInvite</td>
<td></td>
<td>0</td>
<td>org.test.TeamSendInvite@73e9cf30</td></tr>
<tr>
<td title='org.test.CustomerCreateOrganizationModule.editemailValidation()'><b>editemailValidation</b><br>Test class: org.test.CustomerCreateOrganizationModule</td>
<td></td>
<td>0</td>
<td>org.test.CustomerCreateOrganizationModule@2d52216b</td></tr>
<tr>
<td title='org.test.CustomerCreateOrganizationModule.editmaxValidationPropertyAddress2Field()'><b>editmaxValidationPropertyAddress2Field</b><br>Test class: org.test.CustomerCreateOrganizationModule</td>
<td></td>
<td>0</td>
<td>org.test.CustomerCreateOrganizationModule@2d52216b</td></tr>
<tr>
<td title='org.test.CustomerCreateContactModule.loginPage()'><b>loginPage</b><br>Test class: org.test.CustomerCreateContactModule</td>
<td></td>
<td>21</td>
<td>org.test.CustomerCreateContactModule@771a660</td></tr>
<tr>
<td title='org.test.OnBoardingModule.passwordMandatoryField()'><b>passwordMandatoryField</b><br>Test class: org.test.OnBoardingModule</td>
<td></td>
<td>0</td>
<td>org.test.OnBoardingModule@6bd61f98</td></tr>
<tr>
<td title='org.test.OnBoardingModule.mandatoryEmailFieldValidation()'><b>mandatoryEmailFieldValidation</b><br>Test class: org.test.OnBoardingModule</td>
<td></td>
<td>0</td>
<td>org.test.OnBoardingModule@6bd61f98</td></tr>
<tr>
<td title='org.test.CustomerCreateOrganizationModule.maxValidationAccessHoursField()'><b>maxValidationAccessHoursField</b><br>Test class: org.test.CustomerCreateOrganizationModule</td>
<td></td>
<td>0</td>
<td>org.test.CustomerCreateOrganizationModule@2d52216b</td></tr>
<tr>
<td title='org.test.TeamCompanyContractor.characterValidationZipcodeField()'><b>characterValidationZipcodeField</b><br>Test class: org.test.TeamCompanyContractor</td>
<td></td>
<td>0</td>
<td>org.test.TeamCompanyContractor@7db12bb6</td></tr>
<tr>
<td title='org.test.TeamUser.maxValidationState()'><b>maxValidationState</b><br>Test class: org.test.TeamUser</td>
<td></td>
<td>0</td>
<td>org.test.TeamUser@783a467b</td></tr>
<tr>
<td title='org.test.CustomerCreateOrganizationModule.editspecialCharacterZipcodeField()'><b>editspecialCharacterZipcodeField</b><br>Test class: org.test.CustomerCreateOrganizationModule</td>
<td></td>
<td>0</td>
<td>org.test.CustomerCreateOrganizationModule@2d52216b</td></tr>
<tr>
<td title='org.test.CustomerCreateContactModule.CreateContact()'><b>CreateContact</b><br>Test class: org.test.CustomerCreateContactModule</td>
<td></td>
<td>14</td>
<td>org.test.CustomerCreateContactModule@771a660</td></tr>
<tr>
<td title='org.test.TeamUser.userCount()'><b>userCount</b><br>Test class: org.test.TeamUser</td>
<td></td>
<td>0</td>
<td>org.test.TeamUser@783a467b</td></tr>
<tr>
<td title='org.test.CustomerCreateContactModule.editMaxValidationAccessHoursField()'><b>editMaxValidationAccessHoursField</b><br>Test class: org.test.CustomerCreateContactModule</td>
<td></td>
<td>0</td>
<td>org.test.CustomerCreateContactModule@771a660</td></tr>
<tr>
<td title='org.test.TeamUser.editmaxValidationZipcode()'><b>editmaxValidationZipcode</b><br>Test class: org.test.TeamUser</td>
<td></td>
<td>0</td>
<td>org.test.TeamUser@783a467b</td></tr>
<tr>
<td title='org.test.TeamCompanyContractor.verifyContractorNameMandatory()'><b>verifyContractorNameMandatory</b><br>Test class: org.test.TeamCompanyContractor</td>
<td></td>
<td>0</td>
<td>org.test.TeamCompanyContractor@7db12bb6</td></tr>
<tr>
<td title='org.test.OnBoardingModule.maximumValidationBussinessWebSite()'><b>maximumValidationBussinessWebSite</b><br>Test class: org.test.OnBoardingModule</td>
<td></td>
<td>2</td>
<td>org.test.OnBoardingModule@6bd61f98</td></tr>
<tr>
<td title='org.test.TeamUserContractor.editmaxValidationCity()'><b>editmaxValidationCity</b><br>Test class: org.test.TeamUserContractor</td>
<td></td>
<td>0</td>
<td>org.test.TeamUserContractor@272113c4</td></tr>
<tr>
<td title='org.test.CustomerCreateOrganizationModule.editminValidationContactPhoneNumberField()'><b>editminValidationContactPhoneNumberField</b><br>Test class: org.test.CustomerCreateOrganizationModule</td>
<td></td>
<td>0</td>
<td>org.test.CustomerCreateOrganizationModule@2d52216b</td></tr>
<tr>
<td title='org.test.TeamUserContractor.searchPhoneNumberValidation()'><b>searchPhoneNumberValidation</b><br>Test class: org.test.TeamUserContractor</td>
<td></td>
<td>1</td>
<td>org.test.TeamUserContractor@272113c4</td></tr>
<tr>
<td title='org.test.CustomerCreateContactModule.specialCharacterPhoneNumberField()'><b>specialCharacterPhoneNumberField</b><br>Test class: org.test.CustomerCreateContactModule</td>
<td></td>
<td>0</td>
<td>org.test.CustomerCreateContactModule@771a660</td></tr>
<tr>
<td title='org.test.OnBoardingModule.minValidationConfirmPassword()'><b>minValidationConfirmPassword</b><br>Test class: org.test.OnBoardingModule</td>
<td></td>
<td>0</td>
<td>org.test.OnBoardingModule@6bd61f98</td></tr>
<tr>
<td title='org.test.CustomerCreateContactModule.dateValidation()'><b>dateValidation</b><br>Test class: org.test.CustomerCreateContactModule</td>
<td></td>
<td>1</td>
<td>org.test.CustomerCreateContactModule@771a660</td></tr>
<tr>
<td title='org.test.CustomerCreateOrganizationModule.maxValidationPropertyAddress2Field()'><b>maxValidationPropertyAddress2Field</b><br>Test class: org.test.CustomerCreateOrganizationModule</td>
<td></td>
<td>0</td>
<td>org.test.CustomerCreateOrganizationModule@2d52216b</td></tr>
<tr>
<td title='org.test.CustomerCreateOrganizationModule.maxValidationContactEmailField()'><b>maxValidationContactEmailField</b><br>Test class: org.test.CustomerCreateOrganizationModule</td>
<td></td>
<td>0</td>
<td>org.test.CustomerCreateOrganizationModule@2d52216b</td></tr>
<tr>
<td title='org.test.TeamUserContractor.editmaxValidatonContractorPhoneNumber()'><b>editmaxValidatonContractorPhoneNumber</b><br>Test class: org.test.TeamUserContractor</td>
<td></td>
<td>1</td>
<td>org.test.TeamUserContractor@272113c4</td></tr>
<tr>
<td title='org.test.CustomerCreateContactModule.maxValidationPropertyFirstNameField()'><b>maxValidationPropertyFirstNameField</b><br>Test class: org.test.CustomerCreateContactModule</td>
<td></td>
<td>0</td>
<td>org.test.CustomerCreateContactModule@771a660</td></tr>
<tr>
<td title='org.test.OnBoardingModule.maximumValidationBussinessName()'><b>maximumValidationBussinessName</b><br>Test class: org.test.OnBoardingModule</td>
<td></td>
<td>0</td>
<td>org.test.OnBoardingModule@6bd61f98</td></tr>
<tr>
<td title='org.test.TeamUserContractor.editmandatoryValidationContractorEmailField()'><b>editmandatoryValidationContractorEmailField</b><br>Test class: org.test.TeamUserContractor</td>
<td></td>
<td>0</td>
<td>org.test.TeamUserContractor@272113c4</td></tr>
<tr>
<td title='org.test.TeamUserContractor.editmaxValidationContractorEmailFields()'><b>editmaxValidationContractorEmailFields</b><br>Test class: org.test.TeamUserContractor</td>
<td></td>
<td>0</td>
<td>org.test.TeamUserContractor@272113c4</td></tr>
<tr>
<td title='org.test.CustomerCreateOrganizationModule.maxValidationBrandNameField()'><b>maxValidationBrandNameField</b><br>Test class: org.test.CustomerCreateOrganizationModule</td>
<td></td>
<td>0</td>
<td>org.test.CustomerCreateOrganizationModule@2d52216b</td></tr>
<tr>
<td title='org.test.TeamUserContractor.editminValidationZipcode()'><b>editminValidationZipcode</b><br>Test class: org.test.TeamUserContractor</td>
<td></td>
<td>0</td>
<td>org.test.TeamUserContractor@272113c4</td></tr>
<tr>
<td title='org.test.OnBoardingModule.maximumValidationEmail()'><b>maximumValidationEmail</b><br>Test class: org.test.OnBoardingModule</td>
<td></td>
<td>0</td>
<td>org.test.OnBoardingModule@6bd61f98</td></tr>
<tr>
<td title='org.test.CustomerCreateOrganizationModule.editmaxValidationContactPhoneNumberField()'><b>editmaxValidationContactPhoneNumberField</b><br>Test class: org.test.CustomerCreateOrganizationModule</td>
<td></td>
<td>0</td>
<td>org.test.CustomerCreateOrganizationModule@2d52216b</td></tr>
<tr>
<td title='org.test.CustomerCreateOrganizationModule.editmaxValidationOrganizationField()'><b>editmaxValidationOrganizationField</b><br>Test class: org.test.CustomerCreateOrganizationModule</td>
<td></td>
<td>0</td>
<td>org.test.CustomerCreateOrganizationModule@2d52216b</td></tr>
<tr>
<td title='org.test.CustomerCreateOrganizationModule.maxValidationStateField()'><b>maxValidationStateField</b><br>Test class: org.test.CustomerCreateOrganizationModule</td>
<td></td>
<td>0</td>
<td>org.test.CustomerCreateOrganizationModule@2d52216b</td></tr>
<tr>
<td title='org.test.CustomerCreateOrganizationModule.minValidationZipcodeField()'><b>minValidationZipcodeField</b><br>Test class: org.test.CustomerCreateOrganizationModule</td>
<td></td>
<td>0</td>
<td>org.test.CustomerCreateOrganizationModule@2d52216b</td></tr>
<tr>
<td title='org.test.CustomerCreateContactModule.maxValidationZipcodeField()'><b>maxValidationZipcodeField</b><br>Test class: org.test.CustomerCreateContactModule</td>
<td></td>
<td>0</td>
<td>org.test.CustomerCreateContactModule@771a660</td></tr>
<tr>
<td title='org.test.CustomerCreateOrganizationModule.createLabel()'><b>createLabel</b><br>Test class: org.test.CustomerCreateOrganizationModule</td>
<td></td>
<td>0</td>
<td>org.test.CustomerCreateOrganizationModule@2d52216b</td></tr>
<tr>
<td title='org.test.TeamUserContractor.userCreate()'><b>userCreate</b><br>Test class: org.test.TeamUserContractor</td>
<td></td>
<td>7</td>
<td>org.test.TeamUserContractor@272113c4</td></tr>
<tr>
<td title='org.test.TeamCompanyContractor.editmaxValidationPhoneNumberField()'><b>editmaxValidationPhoneNumberField</b><br>Test class: org.test.TeamCompanyContractor</td>
<td></td>
<td>0</td>
<td>org.test.TeamCompanyContractor@7db12bb6</td></tr>
<tr>
<td title='org.test.TeamCompanyContractor.minValidationZipcodeField()'><b>minValidationZipcodeField</b><br>Test class: org.test.TeamCompanyContractor</td>
<td></td>
<td>0</td>
<td>org.test.TeamCompanyContractor@7db12bb6</td></tr>
<tr>
<td title='org.test.TeamSendInvite.maxValidationMessage()'><b>maxValidationMessage</b><br>Test class: org.test.TeamSendInvite</td>
<td></td>
<td>4</td>
<td>org.test.TeamSendInvite@73e9cf30</td></tr>
<tr>
<td title='org.test.CustomerCreateContactModule.deleteContactList()'><b>deleteContactList</b><br>Test class: org.test.CustomerCreateContactModule</td>
<td></td>
<td>8</td>
<td>org.test.CustomerCreateContactModule@771a660</td></tr>
<tr>
<td title='org.test.TeamCompanyContractor.editmaxValidationEmailField()'><b>editmaxValidationEmailField</b><br>Test class: org.test.TeamCompanyContractor</td>
<td></td>
<td>0</td>
<td>org.test.TeamCompanyContractor@7db12bb6</td></tr>
<tr>
<td title='org.test.CustomerCreateContactModule.editInvalidPhoneNumberField()'><b>editInvalidPhoneNumberField</b><br>Test class: org.test.CustomerCreateContactModule</td>
<td></td>
<td>0</td>
<td>org.test.CustomerCreateContactModule@771a660</td></tr>
<tr>
<td title='org.test.CustomerCreateOrganizationModule.editmaxValidationPropertyZipCodeField()'><b>editmaxValidationPropertyZipCodeField</b><br>Test class: org.test.CustomerCreateOrganizationModule</td>
<td></td>
<td>0</td>
<td>org.test.CustomerCreateOrganizationModule@2d52216b</td></tr>
<tr>
<td title='org.test.TeamUser.verifySaveButtonExist()'><b>verifySaveButtonExist</b><br>Test class: org.test.TeamUser</td>
<td></td>
<td>5</td>
<td>org.test.TeamUser@783a467b</td></tr>
<tr>
<td title='org.test.CustomerCreateContactModule.editSpecialCharacterPhoneNumberField()'><b>editSpecialCharacterPhoneNumberField</b><br>Test class: org.test.CustomerCreateContactModule</td>
<td></td>
<td>0</td>
<td>org.test.CustomerCreateContactModule@771a660</td></tr>
<tr>
<td title='org.test.TeamCompanyContractor.verifyCpersonLastNameMaxValidation()'><b>verifyCpersonLastNameMaxValidation</b><br>Test class: org.test.TeamCompanyContractor</td>
<td></td>
<td>0</td>
<td>org.test.TeamCompanyContractor@7db12bb6</td></tr>
<tr>
<td title='org.test.TeamUserContractor.searchNameValidation()'><b>searchNameValidation</b><br>Test class: org.test.TeamUserContractor</td>
<td></td>
<td>1</td>
<td>org.test.TeamUserContractor@272113c4</td></tr>
<tr>
<td title='org.test.CustomerCreateContactModule.customerContactCount()'><b>customerContactCount</b><br>Test class: org.test.CustomerCreateContactModule</td>
<td></td>
<td>0</td>
<td>org.test.CustomerCreateContactModule@771a660</td></tr>
<tr>
<td title='org.test.CustomerCreateOrganizationModule.maxValidationInstallationNotesField()'><b>maxValidationInstallationNotesField</b><br>Test class: org.test.CustomerCreateOrganizationModule</td>
<td></td>
<td>4</td>
<td>org.test.CustomerCreateOrganizationModule@2d52216b</td></tr>
<tr>
<td title='org.test.CustomerCreateOrganizationModule.editmaxValidationEmailField()'><b>editmaxValidationEmailField</b><br>Test class: org.test.CustomerCreateOrganizationModule</td>
<td></td>
<td>0</td>
<td>org.test.CustomerCreateOrganizationModule@2d52216b</td></tr>
<tr>
<td title='org.test.TeamUser.editminValidationZipcode()'><b>editminValidationZipcode</b><br>Test class: org.test.TeamUser</td>
<td></td>
<td>0</td>
<td>org.test.TeamUser@783a467b</td></tr>
<tr>
<td title='org.test.CustomerCreateOrganizationModule.editmaxValidationBrandNameField()'><b>editmaxValidationBrandNameField</b><br>Test class: org.test.CustomerCreateOrganizationModule</td>
<td></td>
<td>0</td>
<td>org.test.CustomerCreateOrganizationModule@2d52216b</td></tr>
<tr>
<td title='org.test.CustomerCreateContactModule.maxValidationAccessHoursField()'><b>maxValidationAccessHoursField</b><br>Test class: org.test.CustomerCreateContactModule</td>
<td></td>
<td>0</td>
<td>org.test.CustomerCreateContactModule@771a660</td></tr>
<tr>
<td title='org.test.TeamCompanyContractor.invalidValidationData()'><b>invalidValidationData</b><br>Test class: org.test.TeamCompanyContractor</td>
<td></td>
<td>1</td>
<td>org.test.TeamCompanyContractor@7db12bb6</td></tr>
<tr>
<td title='org.test.TeamUser.mandatoryValidationEmailField()'><b>mandatoryValidationEmailField</b><br>Test class: org.test.TeamUser</td>
<td></td>
<td>0</td>
<td>org.test.TeamUser@783a467b</td></tr>
<tr>
<td title='org.test.TeamCompanyContractor.verify()'><b>verify</b><br>Test class: org.test.TeamCompanyContractor</td>
<td></td>
<td>18</td>
<td>org.test.TeamCompanyContractor@7db12bb6</td></tr>
<tr>
<td title='org.test.TeamCompaniesDetailScreen.maxValidationCompanyAddress1Field()'><b>maxValidationCompanyAddress1Field</b><br>Test class: org.test.TeamCompaniesDetailScreen</td>
<td></td>
<td>0</td>
<td>org.test.TeamCompaniesDetailScreen@273e7444</td></tr>
<tr>
<td title='org.test.CustomerCreateOrganizationModule.editmaxValidationStateField()'><b>editmaxValidationStateField</b><br>Test class: org.test.CustomerCreateOrganizationModule</td>
<td></td>
<td>0</td>
<td>org.test.CustomerCreateOrganizationModule@2d52216b</td></tr>
<tr>
<td title='org.test.CustomerCreateContactModule.minValidationZipcodeField()'><b>minValidationZipcodeField</b><br>Test class: org.test.CustomerCreateContactModule</td>
<td></td>
<td>0</td>
<td>org.test.CustomerCreateContactModule@771a660</td></tr>
<tr>
<td title='org.test.CustomerCreateOrganizationModule.filterListValidation()'><b>filterListValidation</b><br>Test class: org.test.CustomerCreateOrganizationModule</td>
<td></td>
<td>1</td>
<td>org.test.CustomerCreateOrganizationModule@2d52216b</td></tr>
<tr>
<td title='org.test.CustomerCreateOrganizationModule.editLabel()'><b>editLabel</b><br>Test class: org.test.CustomerCreateOrganizationModule</td>
<td></td>
<td>4</td>
<td>org.test.CustomerCreateOrganizationModule@2d52216b</td></tr>
<tr>
<td title='org.test.OnBoardingModule.mandatoryBussinessNameFieldValidation()'><b>mandatoryBussinessNameFieldValidation</b><br>Test class: org.test.OnBoardingModule</td>
<td></td>
<td>6</td>
<td>org.test.OnBoardingModule@6bd61f98</td></tr>
<tr>
<td title='org.test.CustomerCreateContactModule.maxValidationEmailField()'><b>maxValidationEmailField</b><br>Test class: org.test.CustomerCreateContactModule</td>
<td></td>
<td>0</td>
<td>org.test.CustomerCreateContactModule@771a660</td></tr>
<tr>
<td title='org.test.TeamCompanyContractor.contractorAlreadyEmailValidation()'><b>contractorAlreadyEmailValidation</b><br>Test class: org.test.TeamCompanyContractor</td>
<td></td>
<td>3</td>
<td>org.test.TeamCompanyContractor@7db12bb6</td></tr>
<tr>
<td title='org.test.OnBoardingModule.mandatoryValidationLocation()'><b>mandatoryValidationLocation</b><br>Test class: org.test.OnBoardingModule</td>
<td></td>
<td>0</td>
<td>org.test.OnBoardingModule@6bd61f98</td></tr>
<tr>
<td title='org.test.CustomerCreateContactModule.specialCharacterZipcodeField()'><b>specialCharacterZipcodeField</b><br>Test class: org.test.CustomerCreateContactModule</td>
<td></td>
<td>0</td>
<td>org.test.CustomerCreateContactModule@771a660</td></tr>
<tr>
<td title='org.test.CustomerCreateOrganizationModule.maxValidationWebsiteField()'><b>maxValidationWebsiteField</b><br>Test class: org.test.CustomerCreateOrganizationModule</td>
<td></td>
<td>3</td>
<td>org.test.CustomerCreateOrganizationModule@2d52216b</td></tr>
<tr>
<td title='org.test.CustomerCreateOrganizationModule.deleteContactList()'><b>deleteContactList</b><br>Test class: org.test.CustomerCreateOrganizationModule</td>
<td></td>
<td>8</td>
<td>org.test.CustomerCreateOrganizationModule@2d52216b</td></tr>
<tr>
<td title='org.test.TeamCompaniesDetailScreen.maxValidationCompanyPhoneNumberField()'><b>maxValidationCompanyPhoneNumberField</b><br>Test class: org.test.TeamCompaniesDetailScreen</td>
<td></td>
<td>0</td>
<td>org.test.TeamCompaniesDetailScreen@273e7444</td></tr>
<tr>
<td title='org.test.CustomerCreateOrganizationModule.dateValidation()'><b>dateValidation</b><br>Test class: org.test.CustomerCreateOrganizationModule</td>
<td></td>
<td>2</td>
<td>org.test.CustomerCreateOrganizationModule@2d52216b</td></tr>
<tr>
<td title='org.test.CustomerCreateContactModule.maxValidationBrandNameField()'><b>maxValidationBrandNameField</b><br>Test class: org.test.CustomerCreateContactModule</td>
<td></td>
<td>0</td>
<td>org.test.CustomerCreateContactModule@771a660</td></tr>
<tr>
<td title='org.test.CustomerCreateContactModule.maxValidationPropertyNameField()'><b>maxValidationPropertyNameField</b><br>Test class: org.test.CustomerCreateContactModule</td>
<td></td>
<td>0</td>
<td>org.test.CustomerCreateContactModule@771a660</td></tr>
<tr>
<td title='org.test.CustomerCreateOrganizationModule.maxValidationAddress1Field()'><b>maxValidationAddress1Field</b><br>Test class: org.test.CustomerCreateOrganizationModule</td>
<td></td>
<td>0</td>
<td>org.test.CustomerCreateOrganizationModule@2d52216b</td></tr>
<tr>
<td title='org.test.TeamCompaniesDetailScreen.maximumValidationDescription()'><b>maximumValidationDescription</b><br>Test class: org.test.TeamCompaniesDetailScreen</td>
<td></td>
<td>3</td>
<td>org.test.TeamCompaniesDetailScreen@273e7444</td></tr>
<tr>
<td title='org.test.CustomerCreateOrganizationModule.editinvalidContactPhoneNumberField()'><b>editinvalidContactPhoneNumberField</b><br>Test class: org.test.CustomerCreateOrganizationModule</td>
<td></td>
<td>0</td>
<td>org.test.CustomerCreateOrganizationModule@2d52216b</td></tr>
<tr>
<td title='org.test.TeamUserContractor.editmaxValidationAddress2()'><b>editmaxValidationAddress2</b><br>Test class: org.test.TeamUserContractor</td>
<td></td>
<td>0</td>
<td>org.test.TeamUserContractor@272113c4</td></tr>
<tr>
<td title='org.test.TeamUser.minValidationZipcode()'><b>minValidationZipcode</b><br>Test class: org.test.TeamUser</td>
<td></td>
<td>0</td>
<td>org.test.TeamUser@783a467b</td></tr>
<tr>
<td title='org.test.TeamCompaniesDetailScreen.maxValidationCompanyAddress2Field()'><b>maxValidationCompanyAddress2Field</b><br>Test class: org.test.TeamCompaniesDetailScreen</td>
<td></td>
<td>0</td>
<td>org.test.TeamCompaniesDetailScreen@273e7444</td></tr>
<tr>
<td title='org.test.TeamCompaniesDetailScreen.maxValidationCompanyStateField()'><b>maxValidationCompanyStateField</b><br>Test class: org.test.TeamCompaniesDetailScreen</td>
<td></td>
<td>0</td>
<td>org.test.TeamCompaniesDetailScreen@273e7444</td></tr>
<tr>
<td title='org.test.CustomerCreateContactModule.invalidPhoneNumberField()'><b>invalidPhoneNumberField</b><br>Test class: org.test.CustomerCreateContactModule</td>
<td></td>
<td>0</td>
<td>org.test.CustomerCreateContactModule@771a660</td></tr>
<tr>
<td title='org.test.TeamUser.userEdit()'><b>userEdit</b><br>Test class: org.test.TeamUser</td>
<td></td>
<td>7</td>
<td>org.test.TeamUser@783a467b</td></tr>
<tr>
<td title='org.test.OnBoardingModule.createTenant()'><b>createTenant</b><br>Test class: org.test.OnBoardingModule</td>
<td></td>
<td>17</td>
<td>org.test.OnBoardingModule@6bd61f98</td></tr>
<tr>
<td title='org.test.CustomerCreateOrganizationModule.searchOrganizationNameListValidation()'><b>searchOrganizationNameListValidation</b><br>Test class: org.test.CustomerCreateOrganizationModule</td>
<td></td>
<td>1</td>
<td>org.test.CustomerCreateOrganizationModule@2d52216b</td></tr>
<tr>
<td title='org.test.TeamSendInvite.maxValidationEmailFields()'><b>maxValidationEmailFields</b><br>Test class: org.test.TeamSendInvite</td>
<td></td>
<td>0</td>
<td>org.test.TeamSendInvite@73e9cf30</td></tr>
<tr>
<td title='org.test.TeamUser.maxValidationJobTittleField()'><b>maxValidationJobTittleField</b><br>Test class: org.test.TeamUser</td>
<td></td>
<td>0</td>
<td>org.test.TeamUser@783a467b</td></tr>
<tr>
<td title='org.test.CustomerCreateOrganizationModule.editmaxValidationJobTittleField()'><b>editmaxValidationJobTittleField</b><br>Test class: org.test.CustomerCreateOrganizationModule</td>
<td></td>
<td>1</td>
<td>org.test.CustomerCreateOrganizationModule@2d52216b</td></tr>
<tr>
<td title='org.test.TeamCompaniesDetailScreen.maxValidationCompanyZipcodeField()'><b>maxValidationCompanyZipcodeField</b><br>Test class: org.test.TeamCompaniesDetailScreen</td>
<td></td>
<td>0</td>
<td>org.test.TeamCompaniesDetailScreen@273e7444</td></tr>
<tr>
<td title='org.test.CustomerCreateOrganizationModule.editminValidationPhoneNumberField()'><b>editminValidationPhoneNumberField</b><br>Test class: org.test.CustomerCreateOrganizationModule</td>
<td></td>
<td>0</td>
<td>org.test.CustomerCreateOrganizationModule@2d52216b</td></tr>
<tr>
<td title='org.test.CustomerCreateContactModule.editMaxValidationPhoneNumberField()'><b>editMaxValidationPhoneNumberField</b><br>Test class: org.test.CustomerCreateContactModule</td>
<td></td>
<td>0</td>
<td>org.test.CustomerCreateContactModule@771a660</td></tr>
<tr>
<td title='org.test.CustomerCreateOrganizationModule.emailValidation()'><b>emailValidation</b><br>Test class: org.test.CustomerCreateOrganizationModule</td>
<td></td>
<td>0</td>
<td>org.test.CustomerCreateOrganizationModule@2d52216b</td></tr>
<tr>
<td title='org.test.OnBoardingModule.maximumValidationIndustryField()'><b>maximumValidationIndustryField</b><br>Test class: org.test.OnBoardingModule</td>
<td></td>
<td>1</td>
<td>org.test.OnBoardingModule@6bd61f98</td></tr>
<tr>
<td title='org.test.TeamCompanyContractor.searchNameListValidation()'><b>searchNameListValidation</b><br>Test class: org.test.TeamCompanyContractor</td>
<td></td>
<td>1</td>
<td>org.test.TeamCompanyContractor@7db12bb6</td></tr>
<tr>
<td title='org.test.TeamUser.verifyUpdateExist()'><b>verifyUpdateExist</b><br>Test class: org.test.TeamUser</td>
<td></td>
<td>0</td>
<td>org.test.TeamUser@783a467b</td></tr>
<tr>
<td title='org.test.TeamUserContractor.maxValidationZipcode()'><b>maxValidationZipcode</b><br>Test class: org.test.TeamUserContractor</td>
<td></td>
<td>0</td>
<td>org.test.TeamUserContractor@272113c4</td></tr>
<tr>
<td title='org.test.TeamCompaniesDetailScreen.teamModule()'><b>teamModule</b><br>Test class: org.test.TeamCompaniesDetailScreen</td>
<td></td>
<td>1</td>
<td>org.test.TeamCompaniesDetailScreen@273e7444</td></tr>
<tr>
<td title='org.test.OnBoardingModule.maximumValidationFirstName()'><b>maximumValidationFirstName</b><br>Test class: org.test.OnBoardingModule</td>
<td></td>
<td>0</td>
<td>org.test.OnBoardingModule@6bd61f98</td></tr>
<tr>
<td title='org.test.CustomerCreateContactModule.searchListNameField()'><b>searchListNameField</b><br>Test class: org.test.CustomerCreateContactModule</td>
<td></td>
<td>1</td>
<td>org.test.CustomerCreateContactModule@771a660</td></tr>
<tr>
<td title='org.test.CustomerCreateOrganizationModule.editminValidationPropertyZipCodeField()'><b>editminValidationPropertyZipCodeField</b><br>Test class: org.test.CustomerCreateOrganizationModule</td>
<td></td>
<td>0</td>
<td>org.test.CustomerCreateOrganizationModule@2d52216b</td></tr>
<tr>
<td title='org.test.CustomerCreateContactModule.editMaxValidationZipcodeField()'><b>editMaxValidationZipcodeField</b><br>Test class: org.test.CustomerCreateContactModule</td>
<td></td>
<td>0</td>
<td>org.test.CustomerCreateContactModule@771a660</td></tr>
<tr>
<td title='org.test.OnBoardingModule.maximumValidationLocation()'><b>maximumValidationLocation</b><br>Test class: org.test.OnBoardingModule</td>
<td></td>
<td>1</td>
<td>org.test.OnBoardingModule@6bd61f98</td></tr>
<tr>
<td title='org.test.CustomerCreateContactModule.editInvalidValidationEmailField()'><b>editInvalidValidationEmailField</b><br>Test class: org.test.CustomerCreateContactModule</td>
<td></td>
<td>0</td>
<td>org.test.CustomerCreateContactModule@771a660</td></tr>
<tr>
<td title='org.test.CustomerCreateOrganizationModule.editmaxValidationProductNameField()'><b>editmaxValidationProductNameField</b><br>Test class: org.test.CustomerCreateOrganizationModule</td>
<td></td>
<td>0</td>
<td>org.test.CustomerCreateOrganizationModule@2d52216b</td></tr>
<tr>
<td title='org.test.CustomerCreateOrganizationModule.maxValidationPropertyNameField()'><b>maxValidationPropertyNameField</b><br>Test class: org.test.CustomerCreateOrganizationModule</td>
<td></td>
<td>0</td>
<td>org.test.CustomerCreateOrganizationModule@2d52216b</td></tr>
<tr>
<td title='org.test.TeamCompaniesDetailScreen.responseMessage()'><b>responseMessage</b><br>Test class: org.test.TeamCompaniesDetailScreen</td>
<td></td>
<td>7</td>
<td>org.test.TeamCompaniesDetailScreen@273e7444</td></tr>
<tr>
<td title='org.test.TeamCompanyContractor.deleteContractorDetails()'><b>deleteContractorDetails</b><br>Test class: org.test.TeamCompanyContractor</td>
<td></td>
<td>16</td>
<td>org.test.TeamCompanyContractor@7db12bb6</td></tr>
<tr>
<td title='org.test.CustomerCreateContactModule.editMaxValidationEmailField()'><b>editMaxValidationEmailField</b><br>Test class: org.test.CustomerCreateContactModule</td>
<td></td>
<td>0</td>
<td>org.test.CustomerCreateContactModule@771a660</td></tr>
<tr>
<td title='org.test.CustomerCreateContactModule.editMaxValidationAddress22Field()'><b>editMaxValidationAddress22Field</b><br>Test class: org.test.CustomerCreateContactModule</td>
<td></td>
<td>0</td>
<td>org.test.CustomerCreateContactModule@771a660</td></tr>
<tr>
<td title='org.test.TeamCompaniesDetailScreen.maxValidationCompanyLocationNameField()'><b>maxValidationCompanyLocationNameField</b><br>Test class: org.test.TeamCompaniesDetailScreen</td>
<td></td>
<td>0</td>
<td>org.test.TeamCompaniesDetailScreen@273e7444</td></tr>
<tr>
<td title='org.test.CustomerCreateOrganizationModule.maxValidationPropertyFirstNameField()'><b>maxValidationPropertyFirstNameField</b><br>Test class: org.test.CustomerCreateOrganizationModule</td>
<td></td>
<td>0</td>
<td>org.test.CustomerCreateOrganizationModule@2d52216b</td></tr>
<tr>
<td title='org.test.CustomerCreateOrganizationModule.editinvalidPhoneNumberField()'><b>editinvalidPhoneNumberField</b><br>Test class: org.test.CustomerCreateOrganizationModule</td>
<td></td>
<td>0</td>
<td>org.test.CustomerCreateOrganizationModule@2d52216b</td></tr>
<tr>
<td title='org.test.TeamSendInvite.userSendInvite()'><b>userSendInvite</b><br>Test class: org.test.TeamSendInvite</td>
<td></td>
<td>6</td>
<td>org.test.TeamSendInvite@73e9cf30</td></tr>
<tr>
<td title='org.test.TeamCompanyContractor.editverifyContractorNameMandatory()'><b>editverifyContractorNameMandatory</b><br>Test class: org.test.TeamCompanyContractor</td>
<td></td>
<td>0</td>
<td>org.test.TeamCompanyContractor@7db12bb6</td></tr>
<tr>
<td title='org.test.TeamUser.maxValidationLastNameField()'><b>maxValidationLastNameField</b><br>Test class: org.test.TeamUser</td>
<td></td>
<td>0</td>
<td>org.test.TeamUser@783a467b</td></tr>
<tr>
<td title='org.test.CustomerCreateOrganizationModule.characterListValidation()'><b>characterListValidation</b><br>Test class: org.test.CustomerCreateOrganizationModule</td>
<td></td>
<td>1</td>
<td>org.test.CustomerCreateOrganizationModule@2d52216b</td></tr>
<tr>
<td title='org.test.TeamCompanyContractor.createContract()'><b>createContract</b><br>Test class: org.test.TeamCompanyContractor</td>
<td></td>
<td>8</td>
<td>org.test.TeamCompanyContractor@7db12bb6</td></tr>
<tr>
<td title='org.test.CustomerCreateContactModule.maxValidationCityField()'><b>maxValidationCityField</b><br>Test class: org.test.CustomerCreateContactModule</td>
<td></td>
<td>0</td>
<td>org.test.CustomerCreateContactModule@771a660</td></tr>
<tr>
<td title='org.test.TeamCompanyContractor.editmaxValidationAddress1Field()'><b>editmaxValidationAddress1Field</b><br>Test class: org.test.TeamCompanyContractor</td>
<td></td>
<td>0</td>
<td>org.test.TeamCompanyContractor@7db12bb6</td></tr>
<tr>
<td title='org.test.CustomerCreateContactModule.editMinValidationZipcodeField()'><b>editMinValidationZipcodeField</b><br>Test class: org.test.CustomerCreateContactModule</td>
<td></td>
<td>0</td>
<td>org.test.CustomerCreateContactModule@771a660</td></tr>
<tr>
<td title='org.test.TeamSendInvite.maxValidationLastNameField()'><b>maxValidationLastNameField</b><br>Test class: org.test.TeamSendInvite</td>
<td></td>
<td>0</td>
<td>org.test.TeamSendInvite@73e9cf30</td></tr>
<tr>
<td title='org.test.CustomerCreateContactModule.maxValidationInstallationNotesField()'><b>maxValidationInstallationNotesField</b><br>Test class: org.test.CustomerCreateContactModule</td>
<td></td>
<td>4</td>
<td>org.test.CustomerCreateContactModule@771a660</td></tr>
<tr>
<td title='org.test.TeamUser.mandatoryValidationFirstNameField()'><b>mandatoryValidationFirstNameField</b><br>Test class: org.test.TeamUser</td>
<td></td>
<td>5</td>
<td>org.test.TeamUser@783a467b</td></tr>
<tr>
<td title='org.test.CustomerCreateOrganizationModule.loginPage()'><b>loginPage</b><br>Test class: org.test.CustomerCreateOrganizationModule</td>
<td></td>
<td>20</td>
<td>org.test.CustomerCreateOrganizationModule@2d52216b</td></tr>
<tr>
<td title='org.test.TeamUserContractor.mandatoryOrganizationName()'><b>mandatoryOrganizationName</b><br>Test class: org.test.TeamUserContractor</td>
<td></td>
<td>0</td>
<td>org.test.TeamUserContractor@272113c4</td></tr>
<tr>
<td title='org.test.TeamUserContractor.searchEmailValidation()'><b>searchEmailValidation</b><br>Test class: org.test.TeamUserContractor</td>
<td></td>
<td>1</td>
<td>org.test.TeamUserContractor@272113c4</td></tr>
<tr>
<td title='org.test.CustomerCreateContactModule.editMaxValidationStateField()'><b>editMaxValidationStateField</b><br>Test class: org.test.CustomerCreateContactModule</td>
<td></td>
<td>0</td>
<td>org.test.CustomerCreateContactModule@771a660</td></tr>
<tr>
<td title='org.test.TeamSendInvite.maxValidationFirstNameField()'><b>maxValidationFirstNameField</b><br>Test class: org.test.TeamSendInvite</td>
<td></td>
<td>0</td>
<td>org.test.TeamSendInvite@73e9cf30</td></tr>
<tr>
<td title='org.test.CustomerCreateOrganizationModule.maxValidationJobTittleField()'><b>maxValidationJobTittleField</b><br>Test class: org.test.CustomerCreateOrganizationModule</td>
<td></td>
<td>0</td>
<td>org.test.CustomerCreateOrganizationModule@2d52216b</td></tr>
<tr>
<td title='org.test.Login.verifyIncorrectMail()'><b>verifyIncorrectMail</b><br>Test class: org.test.Login</td>
<td></td>
<td>1</td>
<td>org.test.Login@52b1beb6</td></tr>
<tr>
<td title='org.test.TeamUserContractor.verify()'><b>verify</b><br>Test class: org.test.TeamUserContractor</td>
<td></td>
<td>21</td>
<td>org.test.TeamUserContractor@272113c4</td></tr>
<tr>
<td title='org.test.OnBoardingModule.sizeCompanyValidation()'><b>sizeCompanyValidation</b><br>Test class: org.test.OnBoardingModule</td>
<td></td>
<td>0</td>
<td>org.test.OnBoardingModule@6bd61f98</td></tr>
<tr>
<td title='org.test.CustomerCreateContactModule.minValidationPhoneNumberField()'><b>minValidationPhoneNumberField</b><br>Test class: org.test.CustomerCreateContactModule</td>
<td></td>
<td>0</td>
<td>org.test.CustomerCreateContactModule@771a660</td></tr>
<tr>
<td title='org.test.CustomerCreateContactModule.maxValidationAddress1()'><b>maxValidationAddress1</b><br>Test class: org.test.CustomerCreateContactModule</td>
<td></td>
<td>0</td>
<td>org.test.CustomerCreateContactModule@771a660</td></tr>
<tr>
<td title='org.test.TeamCompaniesDetailScreen.maxValidationFirstNameField()'><b>maxValidationFirstNameField</b><br>Test class: org.test.TeamCompaniesDetailScreen</td>
<td></td>
<td>0</td>
<td>org.test.TeamCompaniesDetailScreen@273e7444</td></tr>
<tr>
<td title='org.test.CustomerCreateContactModule.maxValidationAddress22Field()'><b>maxValidationAddress22Field</b><br>Test class: org.test.CustomerCreateContactModule</td>
<td></td>
<td>0</td>
<td>org.test.CustomerCreateContactModule@771a660</td></tr>
<tr>
<td title='org.test.TeamCompanyContractor.editverifyFaxMaxValidation()'><b>editverifyFaxMaxValidation</b><br>Test class: org.test.TeamCompanyContractor</td>
<td></td>
<td>0</td>
<td>org.test.TeamCompanyContractor@7db12bb6</td></tr>
<tr>
<td title='org.test.TeamCompaniesDetailScreen.maxValidationLastNameField()'><b>maxValidationLastNameField</b><br>Test class: org.test.TeamCompaniesDetailScreen</td>
<td></td>
<td>1</td>
<td>org.test.TeamCompaniesDetailScreen@273e7444</td></tr>
<tr>
<td title='org.test.CustomerCreateOrganizationModule.maxValidationSerialNumberField()'><b>maxValidationSerialNumberField</b><br>Test class: org.test.CustomerCreateOrganizationModule</td>
<td></td>
<td>0</td>
<td>org.test.CustomerCreateOrganizationModule@2d52216b</td></tr>
<tr>
<td title='org.test.OnBoardingModule.lowerCaseValidation()'><b>lowerCaseValidation</b><br>Test class: org.test.OnBoardingModule</td>
<td></td>
<td>0</td>
<td>org.test.OnBoardingModule@6bd61f98</td></tr>
<tr>
<td title='org.test.TeamUserContractor.maxValidationContractorLastNameField()'><b>maxValidationContractorLastNameField</b><br>Test class: org.test.TeamUserContractor</td>
<td></td>
<td>0</td>
<td>org.test.TeamUserContractor@272113c4</td></tr>
<tr>
<td title='org.test.TeamCompaniesDetailScreen.maxValidationCompanyEmailField()'><b>maxValidationCompanyEmailField</b><br>Test class: org.test.TeamCompaniesDetailScreen</td>
<td></td>
<td>0</td>
<td>org.test.TeamCompaniesDetailScreen@273e7444</td></tr>
<tr>
<td title='org.test.Login.verifyIncorrectPassword()'><b>verifyIncorrectPassword</b><br>Test class: org.test.Login</td>
<td></td>
<td>2</td>
<td>org.test.Login@52b1beb6</td></tr>
<tr>
<td title='org.test.TeamUserContractor.editspecialCharacterPhoneNumberField()'><b>editspecialCharacterPhoneNumberField</b><br>Test class: org.test.TeamUserContractor</td>
<td></td>
<td>0</td>
<td>org.test.TeamUserContractor@272113c4</td></tr>
<tr>
<td title='org.test.TeamUserContractor.maxValidationLocationName()'><b>maxValidationLocationName</b><br>Test class: org.test.TeamUserContractor</td>
<td></td>
<td>0</td>
<td>org.test.TeamUserContractor@272113c4</td></tr>
<tr>
<td title='org.test.TeamCompanyContractor.maxValidationCityField()'><b>maxValidationCityField</b><br>Test class: org.test.TeamCompanyContractor</td>
<td></td>
<td>0</td>
<td>org.test.TeamCompanyContractor@7db12bb6</td></tr>
<tr>
<td title='org.test.TeamUser.editmaxValidationState()'><b>editmaxValidationState</b><br>Test class: org.test.TeamUser</td>
<td></td>
<td>0</td>
<td>org.test.TeamUser@783a467b</td></tr>
<tr>
<td title='org.test.CustomerCreateOrganizationModule.editmaxValidationPhoneNumberField()'><b>editmaxValidationPhoneNumberField</b><br>Test class: org.test.CustomerCreateOrganizationModule</td>
<td></td>
<td>0</td>
<td>org.test.CustomerCreateOrganizationModule@2d52216b</td></tr>
<tr>
<td title='org.test.TeamUserContractor.specialCharacterPhoneNumberField()'><b>specialCharacterPhoneNumberField</b><br>Test class: org.test.TeamUserContractor</td>
<td></td>
<td>0</td>
<td>org.test.TeamUserContractor@272113c4</td></tr>
<tr>
<td title='org.test.OnBoardingModule.minValidationPassword()'><b>minValidationPassword</b><br>Test class: org.test.OnBoardingModule</td>
<td></td>
<td>0</td>
<td>org.test.OnBoardingModule@6bd61f98</td></tr>
<tr>
<td title='org.test.OnBoardingModule.mismatchPassword()'><b>mismatchPassword</b><br>Test class: org.test.OnBoardingModule</td>
<td></td>
<td>0</td>
<td>org.test.OnBoardingModule@6bd61f98</td></tr>
<tr>
<td title='org.test.CustomerCreateContactModule.characterFilterValidation()'><b>characterFilterValidation</b><br>Test class: org.test.CustomerCreateContactModule</td>
<td></td>
<td>2</td>
<td>org.test.CustomerCreateContactModule@771a660</td></tr>
<tr>
<td title='org.test.TeamCompanyContractor.maxValidationAddress2Field()'><b>maxValidationAddress2Field</b><br>Test class: org.test.TeamCompanyContractor</td>
<td></td>
<td>0</td>
<td>org.test.TeamCompanyContractor@7db12bb6</td></tr>
<tr>
<td title='org.test.TeamUserContractor.maxValidationCity()'><b>maxValidationCity</b><br>Test class: org.test.TeamUserContractor</td>
<td></td>
<td>0</td>
<td>org.test.TeamUserContractor@272113c4</td></tr>
<tr>
<td title='org.test.CustomerCreateContactModule.maxValidationFirstNameField()'><b>maxValidationFirstNameField</b><br>Test class: org.test.CustomerCreateContactModule</td>
<td></td>
<td>0</td>
<td>org.test.CustomerCreateContactModule@771a660</td></tr>
<tr>
<td title='org.test.CustomerCreateOrganizationModule.organizationNameAlreadyExistValidation()'><b>organizationNameAlreadyExistValidation</b><br>Test class: org.test.CustomerCreateOrganizationModule</td>
<td></td>
<td>2</td>
<td>org.test.CustomerCreateOrganizationModule@2d52216b</td></tr>
<tr>
<td title='org.test.TeamCompaniesDetailScreen.maxValidationCompanyWebsiteField()'><b>maxValidationCompanyWebsiteField</b><br>Test class: org.test.TeamCompaniesDetailScreen</td>
<td></td>
<td>3</td>
<td>org.test.TeamCompaniesDetailScreen@273e7444</td></tr>
<tr>
<td title='org.test.TeamCompanyContractor.editcharacterValidationZipcodeField()'><b>editcharacterValidationZipcodeField</b><br>Test class: org.test.TeamCompanyContractor</td>
<td></td>
<td>0</td>
<td>org.test.TeamCompanyContractor@7db12bb6</td></tr>
<tr>
<td title='org.test.TeamCompaniesDetailScreen.editLabel()'><b>editLabel</b><br>Test class: org.test.TeamCompaniesDetailScreen</td>
<td></td>
<td>2</td>
<td>org.test.TeamCompaniesDetailScreen@273e7444</td></tr>
<tr>
<td title='org.test.TeamUserContractor.editmaxValidationZipcode()'><b>editmaxValidationZipcode</b><br>Test class: org.test.TeamUserContractor</td>
<td></td>
<td>0</td>
<td>org.test.TeamUserContractor@272113c4</td></tr>
<tr>
<td title='org.test.TeamSendInvite.invalidEmailValidation()'><b>invalidEmailValidation</b><br>Test class: org.test.TeamSendInvite</td>
<td></td>
<td>0</td>
<td>org.test.TeamSendInvite@73e9cf30</td></tr>
<tr>
<td title='org.test.CustomerCreateOrganizationModule.maxValidationModelNumberField()'><b>maxValidationModelNumberField</b><br>Test class: org.test.CustomerCreateOrganizationModule</td>
<td></td>
<td>0</td>
<td>org.test.CustomerCreateOrganizationModule@2d52216b</td></tr>
<tr>
<td title='org.test.TeamUser.invalidEmailValidation()'><b>invalidEmailValidation</b><br>Test class: org.test.TeamUser</td>
<td></td>
<td>0</td>
<td>org.test.TeamUser@783a467b</td></tr>
<tr>
<td title='org.test.CustomerCreateContactModule.mandatoryValidation()'><b>mandatoryValidation</b><br>Test class: org.test.CustomerCreateContactModule</td>
<td></td>
<td>2</td>
<td>org.test.CustomerCreateContactModule@771a660</td></tr>
<tr>
<td title='org.test.CustomerCreateOrganizationModule.searchInvalid()'><b>searchInvalid</b><br>Test class: org.test.CustomerCreateOrganizationModule</td>
<td></td>
<td>1</td>
<td>org.test.CustomerCreateOrganizationModule@2d52216b</td></tr>
<tr>
<td title='org.test.CustomerCreateOrganizationModule.editmaxValidationContactFirstNameField()'><b>editmaxValidationContactFirstNameField</b><br>Test class: org.test.CustomerCreateOrganizationModule</td>
<td></td>
<td>0</td>
<td>org.test.CustomerCreateOrganizationModule@2d52216b</td></tr>
<tr>
<td title='org.test.TeamCompanyContractor.editminValidationPhoneNumberField()'><b>editminValidationPhoneNumberField</b><br>Test class: org.test.TeamCompanyContractor</td>
<td></td>
<td>0</td>
<td>org.test.TeamCompanyContractor@7db12bb6</td></tr>
<tr>
<td title='org.test.TeamUserContractor.alreadyExistedMailValidation()'><b>alreadyExistedMailValidation</b><br>Test class: org.test.TeamUserContractor</td>
<td></td>
<td>3</td>
<td>org.test.TeamUserContractor@272113c4</td></tr>
<tr>
<td title='org.test.CustomerCreateContactModule.maxValidationStateField()'><b>maxValidationStateField</b><br>Test class: org.test.CustomerCreateContactModule</td>
<td></td>
<td>0</td>
<td>org.test.CustomerCreateContactModule@771a660</td></tr>
<tr>
<td title='org.test.CustomerCreateContactModule.editMaxValidationCityField()'><b>editMaxValidationCityField</b><br>Test class: org.test.CustomerCreateContactModule</td>
<td></td>
<td>0</td>
<td>org.test.CustomerCreateContactModule@771a660</td></tr>
<tr>
<td title='org.test.OnBoardingModule.confirmPasswordFieldCondition()'><b>confirmPasswordFieldCondition</b><br>Test class: org.test.OnBoardingModule</td>
<td></td>
<td>0</td>
<td>org.test.OnBoardingModule@6bd61f98</td></tr>
<tr>
<td title='org.test.TeamUser.editmaxValidationEmailFields()'><b>editmaxValidationEmailFields</b><br>Test class: org.test.TeamUser</td>
<td></td>
<td>0</td>
<td>org.test.TeamUser@783a467b</td></tr>
<tr>
<td title='org.test.OnBoardingModule.subDomineURL()'><b>subDomineURL</b><br>Test class: org.test.OnBoardingModule</td>
<td></td>
<td>0</td>
<td>org.test.OnBoardingModule@6bd61f98</td></tr>
<tr>
<td title='org.test.TeamUserContractor.editmandatoryValidationContractorFirstNameField()'><b>editmandatoryValidationContractorFirstNameField</b><br>Test class: org.test.TeamUserContractor</td>
<td></td>
<td>0</td>
<td>org.test.TeamUserContractor@272113c4</td></tr>
<tr>
<td title='org.test.CustomerCreateContactModule.editContactList()'><b>editContactList</b><br>Test class: org.test.CustomerCreateContactModule</td>
<td></td>
<td>10</td>
<td>org.test.CustomerCreateContactModule@771a660</td></tr>
<tr>
<td title='org.test.TeamCompanyContractor.editmaxValidationStateField()'><b>editmaxValidationStateField</b><br>Test class: org.test.TeamCompanyContractor</td>
<td></td>
<td>0</td>
<td>org.test.TeamCompanyContractor@7db12bb6</td></tr>
<tr>
<td title='org.test.CustomerCreateOrganizationModule.editmaxValidationContactEmailField()'><b>editmaxValidationContactEmailField</b><br>Test class: org.test.CustomerCreateOrganizationModule</td>
<td></td>
<td>0</td>
<td>org.test.CustomerCreateOrganizationModule@2d52216b</td></tr>
<tr>
<td title='org.test.CustomerCreateOrganizationModule.searchEmailListValidation()'><b>searchEmailListValidation</b><br>Test class: org.test.CustomerCreateOrganizationModule</td>
<td></td>
<td>1</td>
<td>org.test.CustomerCreateOrganizationModule@2d52216b</td></tr>
<tr>
<td title='org.test.CustomerCreateOrganizationModule.editmaxValidationAccessHoursField()'><b>editmaxValidationAccessHoursField</b><br>Test class: org.test.CustomerCreateOrganizationModule</td>
<td></td>
<td>0</td>
<td>org.test.CustomerCreateOrganizationModule@2d52216b</td></tr>
<tr>
<td title='org.test.TeamCompanyContractor.minValidationPhoneNumberField()'><b>minValidationPhoneNumberField</b><br>Test class: org.test.TeamCompanyContractor</td>
<td></td>
<td>0</td>
<td>org.test.TeamCompanyContractor@7db12bb6</td></tr>
<tr>
<td title='org.test.TeamCompanyContractor.UpdateContract()'><b>UpdateContract</b><br>Test class: org.test.TeamCompanyContractor</td>
<td></td>
<td>9</td>
<td>org.test.TeamCompanyContractor@7db12bb6</td></tr>
<tr>
<td title='org.test.TeamUser.maxValidationCity()'><b>maxValidationCity</b><br>Test class: org.test.TeamUser</td>
<td></td>
<td>0</td>
<td>org.test.TeamUser@783a467b</td></tr>
<tr>
<td title='org.test.CustomerCreateOrganizationModule.minValidationPropertyZipCodeField()'><b>minValidationPropertyZipCodeField</b><br>Test class: org.test.CustomerCreateOrganizationModule</td>
<td></td>
<td>0</td>
<td>org.test.CustomerCreateOrganizationModule@2d52216b</td></tr>
<tr>
<td title='org.test.CustomerCreateOrganizationModule.editspecialCharacterPropertyZipcodeField()'><b>editspecialCharacterPropertyZipcodeField</b><br>Test class: org.test.CustomerCreateOrganizationModule</td>
<td></td>
<td>0</td>
<td>org.test.CustomerCreateOrganizationModule@2d52216b</td></tr>
<tr>
<td title='org.test.TeamUser.editmandatoryValidationEmailField()'><b>editmandatoryValidationEmailField</b><br>Test class: org.test.TeamUser</td>
<td></td>
<td>0</td>
<td>org.test.TeamUser@783a467b</td></tr>
<tr>
<td title='org.test.CustomerCreateContactModule.editMaxValidationAddress1()'><b>editMaxValidationAddress1</b><br>Test class: org.test.CustomerCreateContactModule</td>
<td></td>
<td>0</td>
<td>org.test.CustomerCreateContactModule@771a660</td></tr>
<tr>
<td title='org.test.TeamUserContractor.editmaxValidationContractorLastNameField()'><b>editmaxValidationContractorLastNameField</b><br>Test class: org.test.TeamUserContractor</td>
<td></td>
<td>0</td>
<td>org.test.TeamUserContractor@272113c4</td></tr>
<tr>
<td title='org.test.TeamUser.maxValidationLocationName()'><b>maxValidationLocationName</b><br>Test class: org.test.TeamUser</td>
<td></td>
<td>0</td>
<td>org.test.TeamUser@783a467b</td></tr>
<tr>
<td title='org.test.CustomerCreateOrganizationModule.editminValidationZipcodeField()'><b>editminValidationZipcodeField</b><br>Test class: org.test.CustomerCreateOrganizationModule</td>
<td></td>
<td>0</td>
<td>org.test.CustomerCreateOrganizationModule@2d52216b</td></tr>
<tr>
<td title='org.test.TeamUser.minValidatonPhoneNumber()'><b>minValidatonPhoneNumber</b><br>Test class: org.test.TeamUser</td>
<td></td>
<td>0</td>
<td>org.test.TeamUser@783a467b</td></tr>
<tr>
<td title='org.test.CustomerCreateOrganizationModule.maxValidationPropertyAddress1Field()'><b>maxValidationPropertyAddress1Field</b><br>Test class: org.test.CustomerCreateOrganizationModule</td>
<td></td>
<td>0</td>
<td>org.test.CustomerCreateOrganizationModule@2d52216b</td></tr>
<tr>
<td title='org.test.CustomerCreateContactModule.editMaxValidationPropertyNameField()'><b>editMaxValidationPropertyNameField</b><br>Test class: org.test.CustomerCreateContactModule</td>
<td></td>
<td>0</td>
<td>org.test.CustomerCreateContactModule@771a660</td></tr>
<tr>
<td title='org.test.TeamUser.maxValidationAddress1()'><b>maxValidationAddress1</b><br>Test class: org.test.TeamUser</td>
<td></td>
<td>0</td>
<td>org.test.TeamUser@783a467b</td></tr>
<tr>
<td title='org.test.Login.verifyInvalidCredentials()'><b>verifyInvalidCredentials</b><br>Test class: org.test.Login</td>
<td></td>
<td>1</td>
<td>org.test.Login@52b1beb6</td></tr>
<tr>
<td title='org.test.TeamCompanyContractor.editmaxValidationAddress2Field()'><b>editmaxValidationAddress2Field</b><br>Test class: org.test.TeamCompanyContractor</td>
<td></td>
<td>0</td>
<td>org.test.TeamCompanyContractor@7db12bb6</td></tr>
<tr>
<td title='org.test.TeamUserContractor.minValidationZipcode()'><b>minValidationZipcode</b><br>Test class: org.test.TeamUserContractor</td>
<td></td>
<td>0</td>
<td>org.test.TeamUserContractor@272113c4</td></tr>
<tr>
<td title='org.test.TeamUser.specialCharacterValidationZipcode()'><b>specialCharacterValidationZipcode</b><br>Test class: org.test.TeamUser</td>
<td></td>
<td>0</td>
<td>org.test.TeamUser@783a467b</td></tr>
<tr>
<td title='org.test.CustomerCreateOrganizationModule.invalidPhoneNumberField()'><b>invalidPhoneNumberField</b><br>Test class: org.test.CustomerCreateOrganizationModule</td>
<td></td>
<td>0</td>
<td>org.test.CustomerCreateOrganizationModule@2d52216b</td></tr>
<tr>
<td title='org.test.TeamCompaniesDetailScreen.validateCompanyEmailField()'><b>validateCompanyEmailField</b><br>Test class: org.test.TeamCompaniesDetailScreen</td>
<td></td>
<td>0</td>
<td>org.test.TeamCompaniesDetailScreen@273e7444</td></tr>
<tr>
<td title='org.test.TeamCompanyContractor.searchCompanyNameListValidation()'><b>searchCompanyNameListValidation</b><br>Test class: org.test.TeamCompanyContractor</td>
<td></td>
<td>1</td>
<td>org.test.TeamCompanyContractor@7db12bb6</td></tr>
<tr>
<td title='org.test.CustomerCreateOrganizationModule.editmaxValidationPropertyLastNameField()'><b>editmaxValidationPropertyLastNameField</b><br>Test class: org.test.CustomerCreateOrganizationModule</td>
<td></td>
<td>0</td>
<td>org.test.CustomerCreateOrganizationModule@2d52216b</td></tr>
<tr>
<td title='org.test.TeamSendInvite.TeamUserPage()'><b>TeamUserPage</b><br>Test class: org.test.TeamSendInvite</td>
<td></td>
<td>4</td>
<td>org.test.TeamSendInvite@73e9cf30</td></tr>
<tr>
<td title='org.test.TeamUser.verify()'><b>verify</b><br>Test class: org.test.TeamUser</td>
<td></td>
<td>24</td>
<td>org.test.TeamUser@783a467b</td></tr>
<tr>
<td title='org.test.TeamUserContractor.deleteUserDetails()'><b>deleteUserDetails</b><br>Test class: org.test.TeamUserContractor</td>
<td></td>
<td>7</td>
<td>org.test.TeamUserContractor@272113c4</td></tr>
<tr>
<td title='org.test.TeamCompanyContractor.editverifyContractorEmailFormat()'><b>editverifyContractorEmailFormat</b><br>Test class: org.test.TeamCompanyContractor</td>
<td></td>
<td>0</td>
<td>org.test.TeamCompanyContractor@7db12bb6</td></tr>
<tr>
<td title='org.test.CustomerCreateOrganizationModule.maxValidation()'><b>maxValidation</b><br>Test class: org.test.CustomerCreateOrganizationModule</td>
<td></td>
<td>2</td>
<td>org.test.CustomerCreateOrganizationModule@2d52216b</td></tr>
<tr>
<td title='org.test.CustomerCreateOrganizationModule.alreadyExistedEmail()'><b>alreadyExistedEmail</b><br>Test class: org.test.CustomerCreateOrganizationModule</td>
<td></td>
<td>3</td>
<td>org.test.CustomerCreateOrganizationModule@2d52216b</td></tr>
<tr>
<td title='org.test.CustomerCreateContactModule.searchListPhoneNumberField()'><b>searchListPhoneNumberField</b><br>Test class: org.test.CustomerCreateContactModule</td>
<td></td>
<td>1</td>
<td>org.test.CustomerCreateContactModule@771a660</td></tr>
<tr>
<td title='org.test.CustomerCreateContactModule.editSpecialCharacterZipcodeField()'><b>editSpecialCharacterZipcodeField</b><br>Test class: org.test.CustomerCreateContactModule</td>
<td></td>
<td>0</td>
<td>org.test.CustomerCreateContactModule@771a660</td></tr>
<tr>
<td title='org.test.CustomerCreateContactModule.editDateValidation()'><b>editDateValidation</b><br>Test class: org.test.CustomerCreateContactModule</td>
<td></td>
<td>1</td>
<td>org.test.CustomerCreateContactModule@771a660</td></tr>
<tr>
<td title='org.test.TeamCompaniesDetailScreen.maxValidationCompanyContactPerson()'><b>maxValidationCompanyContactPerson</b><br>Test class: org.test.TeamCompaniesDetailScreen</td>
<td></td>
<td>1</td>
<td>org.test.TeamCompaniesDetailScreen@273e7444</td></tr>
<tr>
<td title='org.test.TeamCompanyContractor.editmaxValidationCityField()'><b>editmaxValidationCityField</b><br>Test class: org.test.TeamCompanyContractor</td>
<td></td>
<td>0</td>
<td>org.test.TeamCompanyContractor@7db12bb6</td></tr>
<tr>
<td title='org.test.TeamCompanyContractor.editmaxValidationLocationNameField()'><b>editmaxValidationLocationNameField</b><br>Test class: org.test.TeamCompanyContractor</td>
<td></td>
<td>0</td>
<td>org.test.TeamCompanyContractor@7db12bb6</td></tr>
<tr>
<td title='org.test.TeamCompaniesDetailScreen.verify()'><b>verify</b><br>Test class: org.test.TeamCompaniesDetailScreen</td>
<td></td>
<td>28</td>
<td>org.test.TeamCompaniesDetailScreen@273e7444</td></tr>
<tr>
<td title='org.test.TeamCompaniesDetailScreen.minValidationCompanyPhoneNumberField()'><b>minValidationCompanyPhoneNumberField</b><br>Test class: org.test.TeamCompaniesDetailScreen</td>
<td></td>
<td>0</td>
<td>org.test.TeamCompaniesDetailScreen@273e7444</td></tr>
<tr>
<td title='org.test.TeamCompanyContractor.maxValidationZipcodeField()'><b>maxValidationZipcodeField</b><br>Test class: org.test.TeamCompanyContractor</td>
<td></td>
<td>0</td>
<td>org.test.TeamCompanyContractor@7db12bb6</td></tr>
<tr>
<td title='org.test.CustomerCreateContactModule.editMaxValidationProductNameField()'><b>editMaxValidationProductNameField</b><br>Test class: org.test.CustomerCreateContactModule</td>
<td></td>
<td>0</td>
<td>org.test.CustomerCreateContactModule@771a660</td></tr>
<tr>
<td title='org.test.TeamCompanyContractor.verifyFaxMaxValidation()'><b>verifyFaxMaxValidation</b><br>Test class: org.test.TeamCompanyContractor</td>
<td></td>
<td>0</td>
<td>org.test.TeamCompanyContractor@7db12bb6</td></tr>
<tr>
<td title='org.test.CustomerCreateContactModule.maxValidationLastNameField()'><b>maxValidationLastNameField</b><br>Test class: org.test.CustomerCreateContactModule</td>
<td></td>
<td>0</td>
<td>org.test.CustomerCreateContactModule@771a660</td></tr>
<tr>
<td title='org.test.CustomerCreateOrganizationModule.editmaxValidationPropertyNameField()'><b>editmaxValidationPropertyNameField</b><br>Test class: org.test.CustomerCreateOrganizationModule</td>
<td></td>
<td>0</td>
<td>org.test.CustomerCreateOrganizationModule@2d52216b</td></tr>
<tr>
<td title='org.test.CustomerCreateOrganizationModule.editmaxValidationPropertyStateField()'><b>editmaxValidationPropertyStateField</b><br>Test class: org.test.CustomerCreateOrganizationModule</td>
<td></td>
<td>0</td>
<td>org.test.CustomerCreateOrganizationModule@2d52216b</td></tr>
<tr>
<td title='org.test.CustomerCreateOrganizationModule.editmaxValidationAddress2Field()'><b>editmaxValidationAddress2Field</b><br>Test class: org.test.CustomerCreateOrganizationModule</td>
<td></td>
<td>0</td>
<td>org.test.CustomerCreateOrganizationModule@2d52216b</td></tr>
<tr>
<td title='org.test.CustomerCreateOrganizationModule.invalidContactPhoneNumberField()'><b>invalidContactPhoneNumberField</b><br>Test class: org.test.CustomerCreateOrganizationModule</td>
<td></td>
<td>0</td>
<td>org.test.CustomerCreateOrganizationModule@2d52216b</td></tr>
<tr>
<td title='org.test.TeamCompanyContractor.verifyContractorNumberMinValidation()'><b>verifyContractorNumberMinValidation</b><br>Test class: org.test.TeamCompanyContractor</td>
<td></td>
<td>0</td>
<td>org.test.TeamCompanyContractor@7db12bb6</td></tr>
<tr>
<td title='org.test.OnBoardingModule.ownerName()'><b>ownerName</b><br>Test class: org.test.OnBoardingModule</td>
<td></td>
<td>0</td>
<td>org.test.OnBoardingModule@6bd61f98</td></tr>
<tr>
<td title='org.test.TeamUser.editmaxValidationLocationName()'><b>editmaxValidationLocationName</b><br>Test class: org.test.TeamUser</td>
<td></td>
<td>0</td>
<td>org.test.TeamUser@783a467b</td></tr>
<tr>
<td title='org.test.TeamCompanyContractor.editverifyContractorNumberMinValidation()'><b>editverifyContractorNumberMinValidation</b><br>Test class: org.test.TeamCompanyContractor</td>
<td></td>
<td>0</td>
<td>org.test.TeamCompanyContractor@7db12bb6</td></tr>
<tr>
<td title='org.test.CustomerCreateContactModule.editMaxValdidationModelNumberField()'><b>editMaxValdidationModelNumberField</b><br>Test class: org.test.CustomerCreateContactModule</td>
<td></td>
<td>0</td>
<td>org.test.CustomerCreateContactModule@771a660</td></tr>
<tr>
<td title='org.test.TeamCompanyContractor.editmaxValidationZipcodeField()'><b>editmaxValidationZipcodeField</b><br>Test class: org.test.TeamCompanyContractor</td>
<td></td>
<td>0</td>
<td>org.test.TeamCompanyContractor@7db12bb6</td></tr>
<tr>
<td title='org.test.CustomerCreateOrganizationModule.maxValidationOrganizationField()'><b>maxValidationOrganizationField</b><br>Test class: org.test.CustomerCreateOrganizationModule</td>
<td></td>
<td>0</td>
<td>org.test.CustomerCreateOrganizationModule@2d52216b</td></tr>
<tr>
<td title='org.test.CustomerCreateOrganizationModule.editmaxValidationInstallationNotesField()'><b>editmaxValidationInstallationNotesField</b><br>Test class: org.test.CustomerCreateOrganizationModule</td>
<td></td>
<td>3</td>
<td>org.test.CustomerCreateOrganizationModule@2d52216b</td></tr>
<tr>
<td title='org.test.TeamCompaniesDetailScreen.minValidationCompanyZipcodeField()'><b>minValidationCompanyZipcodeField</b><br>Test class: org.test.TeamCompaniesDetailScreen</td>
<td></td>
<td>0</td>
<td>org.test.TeamCompaniesDetailScreen@273e7444</td></tr>
<tr>
<td title='org.test.TeamCompanyContractor.maxValidationAddress1Field()'><b>maxValidationAddress1Field</b><br>Test class: org.test.TeamCompanyContractor</td>
<td></td>
<td>0</td>
<td>org.test.TeamCompanyContractor@7db12bb6</td></tr>
<tr>
<td title='org.test.CustomerCreateOrganizationModule.maxValidationContactPhoneNumberField()'><b>maxValidationContactPhoneNumberField</b><br>Test class: org.test.CustomerCreateOrganizationModule</td>
<td></td>
<td>0</td>
<td>org.test.CustomerCreateOrganizationModule@2d52216b</td></tr>
<tr>
<td title='org.test.TeamCompanyContractor.verifyContractorEmailFormat()'><b>verifyContractorEmailFormat</b><br>Test class: org.test.TeamCompanyContractor</td>
<td></td>
<td>0</td>
<td>org.test.TeamCompanyContractor@7db12bb6</td></tr>
<tr>
<td title='org.test.TeamUserContractor.editmaxValidationContractorFirstNameField()'><b>editmaxValidationContractorFirstNameField</b><br>Test class: org.test.TeamUserContractor</td>
<td></td>
<td>0</td>
<td>org.test.TeamUserContractor@272113c4</td></tr>
<tr>
<td title='org.test.CustomerCreateOrganizationModule.editvalidateContactEmailField()'><b>editvalidateContactEmailField</b><br>Test class: org.test.CustomerCreateOrganizationModule</td>
<td></td>
<td>0</td>
<td>org.test.CustomerCreateOrganizationModule@2d52216b</td></tr>
<tr>
<td title='org.test.TeamUserContractor.invalidDataValidation()'><b>invalidDataValidation</b><br>Test class: org.test.TeamUserContractor</td>
<td></td>
<td>1</td>
<td>org.test.TeamUserContractor@272113c4</td></tr>
<tr>
<td title='org.test.TeamUser.maxValidatonPhoneNumber()'><b>maxValidatonPhoneNumber</b><br>Test class: org.test.TeamUser</td>
<td></td>
<td>16</td>
<td>org.test.TeamUser@783a467b</td></tr>
<tr>
<td title='org.test.TeamUserContractor.editspecialCharacterValidationZipcode()'><b>editspecialCharacterValidationZipcode</b><br>Test class: org.test.TeamUserContractor</td>
<td></td>
<td>0</td>
<td>org.test.TeamUserContractor@272113c4</td></tr>
<tr>
<td title='org.test.TeamCompanyContractor.editminValidationZipcodeField()'><b>editminValidationZipcodeField</b><br>Test class: org.test.TeamCompanyContractor</td>
<td></td>
<td>0</td>
<td>org.test.TeamCompanyContractor@7db12bb6</td></tr>
<tr>
<td title='org.test.CustomerCreateOrganizationModule.minValidationPhoneNumberField()'><b>minValidationPhoneNumberField</b><br>Test class: org.test.CustomerCreateOrganizationModule</td>
<td></td>
<td>0</td>
<td>org.test.CustomerCreateOrganizationModule@2d52216b</td></tr>
<tr>
<td title='org.test.CustomerCreateOrganizationModule.editmaxValidationWebsiteField()'><b>editmaxValidationWebsiteField</b><br>Test class: org.test.CustomerCreateOrganizationModule</td>
<td></td>
<td>3</td>
<td>org.test.CustomerCreateOrganizationModule@2d52216b</td></tr>
<tr>
<td title='org.test.TeamCompanyContractor.editvalidateEmailField()'><b>editvalidateEmailField</b><br>Test class: org.test.TeamCompanyContractor</td>
<td></td>
<td>0</td>
<td>org.test.TeamCompanyContractor@7db12bb6</td></tr>
<tr>
<td title='org.test.TeamCompanyContractor.verifyContractorNumberMaxValidation()'><b>verifyContractorNumberMaxValidation</b><br>Test class: org.test.TeamCompanyContractor</td>
<td></td>
<td>0</td>
<td>org.test.TeamCompanyContractor@7db12bb6</td></tr>
<tr>
<td title='org.test.CustomerCreateOrganizationModule.editdateValidation()'><b>editdateValidation</b><br>Test class: org.test.CustomerCreateOrganizationModule</td>
<td></td>
<td>2</td>
<td>org.test.CustomerCreateOrganizationModule@2d52216b</td></tr>
<tr>
<td title='org.test.CustomerCreateOrganizationModule.maxValidationPropertyZipCodeField()'><b>maxValidationPropertyZipCodeField</b><br>Test class: org.test.CustomerCreateOrganizationModule</td>
<td></td>
<td>0</td>
<td>org.test.CustomerCreateOrganizationModule@2d52216b</td></tr>
<tr>
<td title='org.test.TeamCompanyContractor.searchEmailListValidation()'><b>searchEmailListValidation</b><br>Test class: org.test.TeamCompanyContractor</td>
<td></td>
<td>1</td>
<td>org.test.TeamCompanyContractor@7db12bb6</td></tr>
</table><p>
</body>
</html>