<?xml version="1.0" encoding="UTF-8"?>
<!-- Generated by org.testng.reporters.JUnitReportReporter -->
<testsuite hostname="DESKTOP-5M7AM2E" failures="0" tests="6" name="org.test.PrefixSettings" time="702.581" errors="4" timestamp="2023-03-03T14:13:00 IST" skipped="0">
  <testcase classname="org.test.PrefixSettings" name="loginPage" time="22.457"/>
  <system-out/>
  <testcase classname="org.test.PrefixSettings" name="settingModule" time="21.599"/>
  <system-out/>
  <testcase classname="org.test.PrefixSettings" name="jobPrefixNameMandatory" time="160.956">
    <error message="Expected condition failed: waiting for visibility of Proxy element for: DefaultElementLocator &#039;By.all({By.xpath: //*[contains(text(),&#039;The requests_prefix is required&#039;)],By.xpath: //*[contains(text(),&#039;The jobs_prefix is required&#039;)],By.xpath: //*[contains(text(),&#039;The quote_prefix is required&#039;)],By.xpath: //*[contains(text(),&#039;The invoice_prefix is required&#039;)],By.xpath: //*[contains(text(),&#039;This job prefix number is required.&#039;)],By.xpath: //*[contains(text(),&#039;This quote prefix number is required.&#039;)],By.xpath: //*[contains(text(),&#039;This request prefix number is required.&#039;)],By.xpath: //*[contains(text(),&#039;This invoice prefix number is required.&#039;)]})&#039; (tried for 30 second(s) with 500 milliseconds interval)" type="org.openqa.selenium.TimeoutException">
      <![CDATA[org.openqa.selenium.TimeoutException: Expected condition failed: waiting for visibility of Proxy element for: DefaultElementLocator 'By.all({By.xpath: //*[contains(text(),'The requests_prefix is required')],By.xpath: //*[contains(text(),'The jobs_prefix is required')],By.xpath: //*[contains(text(),'The quote_prefix is required')],By.xpath: //*[contains(text(),'The invoice_prefix is required')],By.xpath: //*[contains(text(),'This job prefix number is required.')],By.xpath: //*[contains(text(),'This quote prefix number is required.')],By.xpath: //*[contains(text(),'This request prefix number is required.')],By.xpath: //*[contains(text(),'This invoice prefix number is required.')]})' (tried for 30 second(s) with 500 milliseconds interval)
at org.openqa.selenium.support.ui.WebDriverWait.timeoutException(WebDriverWait.java:95)
at org.openqa.selenium.support.ui.FluentWait.until(FluentWait.java:272)
at com.zaigo.pageobjects.PrefixSettingPage.getText(PrefixSettingPage.java:120)
at com.zaigo.pageobjects.PrefixSettingPage.message(PrefixSettingPage.java:312)
at org.test.PrefixSettings.jobPrefixNameMandatory(PrefixSettings.java:99)
at java.base/jdk.internal.reflect.NativeMethodAccessorImpl.invoke0(Native Method)
at java.base/jdk.internal.reflect.NativeMethodAccessorImpl.invoke(NativeMethodAccessorImpl.java:77)
at java.base/jdk.internal.reflect.DelegatingMethodAccessorImpl.invoke(DelegatingMethodAccessorImpl.java:43)
at java.base/java.lang.reflect.Method.invoke(Method.java:568)
at org.testng.internal.MethodInvocationHelper.invokeMethod(MethodInvocationHelper.java:133)
at org.testng.internal.TestInvoker.invokeMethod(TestInvoker.java:598)
at org.testng.internal.TestInvoker.invokeTestMethod(TestInvoker.java:173)
at org.testng.internal.MethodRunner.runInSequence(MethodRunner.java:46)
at org.testng.internal.TestInvoker$MethodInvocationAgent.invoke(TestInvoker.java:824)
at org.testng.internal.TestInvoker.invokeTestMethods(TestInvoker.java:146)
at org.testng.internal.TestMethodWorker.invokeTestMethods(TestMethodWorker.java:146)
at org.testng.internal.TestMethodWorker.run(TestMethodWorker.java:128)
at java.base/java.util.ArrayList.forEach(ArrayList.java:1511)
at org.testng.TestRunner.privateRun(TestRunner.java:794)
at org.testng.TestRunner.run(TestRunner.java:596)
at org.testng.SuiteRunner.runTest(SuiteRunner.java:377)
at org.testng.SuiteRunner.runSequentially(SuiteRunner.java:371)
at org.testng.SuiteRunner.privateRun(SuiteRunner.java:332)
at org.testng.SuiteRunner.run(SuiteRunner.java:276)
at org.testng.SuiteRunnerWorker.runSuite(SuiteRunnerWorker.java:53)
at org.testng.SuiteRunnerWorker.run(SuiteRunnerWorker.java:96)
at org.testng.TestNG.runSuitesSequentially(TestNG.java:1212)
at org.testng.TestNG.runSuitesLocally(TestNG.java:1134)
at org.testng.TestNG.runSuites(TestNG.java:1063)
at org.testng.TestNG.run(TestNG.java:1031)
at org.testng.remote.AbstractRemoteTestNG.run(AbstractRemoteTestNG.java:115)
at org.testng.remote.RemoteTestNG.initAndRun(RemoteTestNG.java:251)
at org.testng.remote.RemoteTestNG.main(RemoteTestNG.java:77)
Caused by: org.openqa.selenium.NoSuchElementException: Cannot locate an element using By.all({By.xpath: //*[contains(text(),'The requests_prefix is required')],By.xpath: //*[contains(text(),'The jobs_prefix is required')],By.xpath: //*[contains(text(),'The quote_prefix is required')],By.xpath: //*[contains(text(),'The invoice_prefix is required')],By.xpath: //*[contains(text(),'This job prefix number is required.')],By.xpath: //*[contains(text(),'This quote prefix number is required.')],By.xpath: //*[contains(text(),'This request prefix number is required.')],By.xpath: //*[contains(text(),'This invoice prefix number is required.')]})
For documentation on this error, please visit: https://www.seleniumhq.org/exceptions/no_such_element.html
Build info: version: '3.141.59', revision: 'e82be7d358', time: '2018-11-14T08:17:03'
System info: host: 'DESKTOP-5M7AM2E', ip: '192.168.10.117', os.name: 'Windows 11', os.arch: 'amd64', os.version: '10.0', java.version: '17.0.3'
Driver info: driver.version: RemoteWebDriver
at org.openqa.selenium.support.pagefactory.ByAll.findElement(ByAll.java:58)
at org.openqa.selenium.remote.RemoteWebDriver.findElement(RemoteWebDriver.java:315)
at org.openqa.selenium.support.pagefactory.DefaultElementLocator.findElement(DefaultElementLocator.java:69)
at org.openqa.selenium.support.pagefactory.internal.LocatingElementHandler.invoke(LocatingElementHandler.java:38)
at jdk.proxy2/jdk.proxy2.$Proxy13.isDisplayed(Unknown Source)
at org.openqa.selenium.support.ui.ExpectedConditions.elementIfVisible(ExpectedConditions.java:314)
at org.openqa.selenium.support.ui.ExpectedConditions.access$000(ExpectedConditions.java:43)
at org.openqa.selenium.support.ui.ExpectedConditions$10.apply(ExpectedConditions.java:300)
at org.openqa.selenium.support.ui.ExpectedConditions$10.apply(ExpectedConditions.java:297)
at org.openqa.selenium.support.ui.FluentWait.until(FluentWait.java:249)
... 31 more
]]>
    </error>
  </testcase> <!-- jobPrefixNameMandatory -->
  <system-out/>
  <testcase classname="org.test.PrefixSettings" name="jobPrefixNameMaxValidation" time="175.833">
    <error message="Expected condition failed: waiting for invisibility of Proxy element for: DefaultElementLocator &#039;By.all({By.xpath: //*[contains(text(),&#039;The jobs prefix may not be greater than 45 characters&#039;)],By.xpath: //*[contains(text(),&#039;The requests prefix may not be greater than 45 characters&#039;)],By.xpath: //*[contains(text(),&#039;The invoice prefix may not be greater than 45 characters&#039;)],By.xpath: //*[contains(text(),&#039;The quote prefix may not be greater than 45 characters&#039;)],By.xpath: //*[contains(text(),&#039;The job prefix number may not be greater than 45 characters.&#039;)],By.xpath: //*[contains(text(),&#039;The request prefix number may not be greater than 45 characters.&#039;)],By.xpath: //*[contains(text(),&#039;The quote prefix number may not be greater than 45 characters.&#039;)],By.xpath: //*[contains(text(),&#039;The invoice prefix number may not be greater than 45 characters.&#039;)]})&#039; (tried for 50 second(s) with 500 milliseconds interval)" type="org.openqa.selenium.TimeoutException">
      <![CDATA[org.openqa.selenium.TimeoutException: Expected condition failed: waiting for invisibility of Proxy element for: DefaultElementLocator 'By.all({By.xpath: //*[contains(text(),'The jobs prefix may not be greater than 45 characters')],By.xpath: //*[contains(text(),'The requests prefix may not be greater than 45 characters')],By.xpath: //*[contains(text(),'The invoice prefix may not be greater than 45 characters')],By.xpath: //*[contains(text(),'The quote prefix may not be greater than 45 characters')],By.xpath: //*[contains(text(),'The job prefix number may not be greater than 45 characters.')],By.xpath: //*[contains(text(),'The request prefix number may not be greater than 45 characters.')],By.xpath: //*[contains(text(),'The quote prefix number may not be greater than 45 characters.')],By.xpath: //*[contains(text(),'The invoice prefix number may not be greater than 45 characters.')]})' (tried for 50 second(s) with 500 milliseconds interval)
at org.openqa.selenium.support.ui.WebDriverWait.timeoutException(WebDriverWait.java:95)
at org.openqa.selenium.support.ui.FluentWait.until(FluentWait.java:272)
at com.zaigo.pageobjects.PrefixSettingPage.invisible(PrefixSettingPage.java:154)
at com.zaigo.pageobjects.PrefixSettingPage.message(PrefixSettingPage.java:317)
at org.test.PrefixSettings.jobPrefixNameMaxValidation(PrefixSettings.java:121)
at java.base/jdk.internal.reflect.NativeMethodAccessorImpl.invoke0(Native Method)
at java.base/jdk.internal.reflect.NativeMethodAccessorImpl.invoke(NativeMethodAccessorImpl.java:77)
at java.base/jdk.internal.reflect.DelegatingMethodAccessorImpl.invoke(DelegatingMethodAccessorImpl.java:43)
at java.base/java.lang.reflect.Method.invoke(Method.java:568)
at org.testng.internal.MethodInvocationHelper.invokeMethod(MethodInvocationHelper.java:133)
at org.testng.internal.TestInvoker.invokeMethod(TestInvoker.java:598)
at org.testng.internal.TestInvoker.invokeTestMethod(TestInvoker.java:173)
at org.testng.internal.MethodRunner.runInSequence(MethodRunner.java:46)
at org.testng.internal.TestInvoker$MethodInvocationAgent.invoke(TestInvoker.java:824)
at org.testng.internal.TestInvoker.invokeTestMethods(TestInvoker.java:146)
at org.testng.internal.TestMethodWorker.invokeTestMethods(TestMethodWorker.java:146)
at org.testng.internal.TestMethodWorker.run(TestMethodWorker.java:128)
at java.base/java.util.ArrayList.forEach(ArrayList.java:1511)
at org.testng.TestRunner.privateRun(TestRunner.java:794)
at org.testng.TestRunner.run(TestRunner.java:596)
at org.testng.SuiteRunner.runTest(SuiteRunner.java:377)
at org.testng.SuiteRunner.runSequentially(SuiteRunner.java:371)
at org.testng.SuiteRunner.privateRun(SuiteRunner.java:332)
at org.testng.SuiteRunner.run(SuiteRunner.java:276)
at org.testng.SuiteRunnerWorker.runSuite(SuiteRunnerWorker.java:53)
at org.testng.SuiteRunnerWorker.run(SuiteRunnerWorker.java:96)
at org.testng.TestNG.runSuitesSequentially(TestNG.java:1212)
at org.testng.TestNG.runSuitesLocally(TestNG.java:1134)
at org.testng.TestNG.runSuites(TestNG.java:1063)
at org.testng.TestNG.run(TestNG.java:1031)
at org.testng.remote.AbstractRemoteTestNG.run(AbstractRemoteTestNG.java:115)
at org.testng.remote.RemoteTestNG.initAndRun(RemoteTestNG.java:251)
at org.testng.remote.RemoteTestNG.main(RemoteTestNG.java:77)
Caused by: org.openqa.selenium.NoSuchElementException: Cannot locate an element using By.all({By.xpath: //*[contains(text(),'The jobs prefix may not be greater than 45 characters')],By.xpath: //*[contains(text(),'The requests prefix may not be greater than 45 characters')],By.xpath: //*[contains(text(),'The invoice prefix may not be greater than 45 characters')],By.xpath: //*[contains(text(),'The quote prefix may not be greater than 45 characters')],By.xpath: //*[contains(text(),'The job prefix number may not be greater than 45 characters.')],By.xpath: //*[contains(text(),'The request prefix number may not be greater than 45 characters.')],By.xpath: //*[contains(text(),'The quote prefix number may not be greater than 45 characters.')],By.xpath: //*[contains(text(),'The invoice prefix number may not be greater than 45 characters.')]})
For documentation on this error, please visit: https://www.seleniumhq.org/exceptions/no_such_element.html
Build info: version: '3.141.59', revision: 'e82be7d358', time: '2018-11-14T08:17:03'
System info: host: 'DESKTOP-5M7AM2E', ip: '192.168.10.117', os.name: 'Windows 11', os.arch: 'amd64', os.version: '10.0', java.version: '17.0.3'
Driver info: driver.version: RemoteWebDriver
at org.openqa.selenium.support.pagefactory.ByAll.findElement(ByAll.java:58)
at org.openqa.selenium.remote.RemoteWebDriver.findElement(RemoteWebDriver.java:315)
at org.openqa.selenium.support.pagefactory.DefaultElementLocator.findElement(DefaultElementLocator.java:69)
at org.openqa.selenium.support.pagefactory.internal.LocatingElementHandler.invoke(LocatingElementHandler.java:38)
at jdk.proxy2/jdk.proxy2.$Proxy13.isDisplayed(Unknown Source)
at org.openqa.selenium.support.ui.ExpectedConditions.isInvisible(ExpectedConditions.java:1348)
at org.openqa.selenium.support.ui.ExpectedConditions.access$200(ExpectedConditions.java:43)
at org.openqa.selenium.support.ui.ExpectedConditions$46.apply(ExpectedConditions.java:1336)
at org.openqa.selenium.support.ui.ExpectedConditions$46.apply(ExpectedConditions.java:1332)
at org.openqa.selenium.support.ui.FluentWait.until(FluentWait.java:249)
... 31 more
]]>
    </error>
  </testcase> <!-- jobPrefixNameMaxValidation -->
  <system-out/>
  <testcase classname="org.test.PrefixSettings" name="jobPrefixNoMandatory" time="160.788">
    <error message="Expected condition failed: waiting for visibility of Proxy element for: DefaultElementLocator &#039;By.all({By.xpath: //*[contains(text(),&#039;The requests_prefix is required&#039;)],By.xpath: //*[contains(text(),&#039;The jobs_prefix is required&#039;)],By.xpath: //*[contains(text(),&#039;The quote_prefix is required&#039;)],By.xpath: //*[contains(text(),&#039;The invoice_prefix is required&#039;)],By.xpath: //*[contains(text(),&#039;This job prefix number is required.&#039;)],By.xpath: //*[contains(text(),&#039;This quote prefix number is required.&#039;)],By.xpath: //*[contains(text(),&#039;This request prefix number is required.&#039;)],By.xpath: //*[contains(text(),&#039;This invoice prefix number is required.&#039;)]})&#039; (tried for 30 second(s) with 500 milliseconds interval)" type="org.openqa.selenium.TimeoutException">
      <![CDATA[org.openqa.selenium.TimeoutException: Expected condition failed: waiting for visibility of Proxy element for: DefaultElementLocator 'By.all({By.xpath: //*[contains(text(),'The requests_prefix is required')],By.xpath: //*[contains(text(),'The jobs_prefix is required')],By.xpath: //*[contains(text(),'The quote_prefix is required')],By.xpath: //*[contains(text(),'The invoice_prefix is required')],By.xpath: //*[contains(text(),'This job prefix number is required.')],By.xpath: //*[contains(text(),'This quote prefix number is required.')],By.xpath: //*[contains(text(),'This request prefix number is required.')],By.xpath: //*[contains(text(),'This invoice prefix number is required.')]})' (tried for 30 second(s) with 500 milliseconds interval)
at org.openqa.selenium.support.ui.WebDriverWait.timeoutException(WebDriverWait.java:95)
at org.openqa.selenium.support.ui.FluentWait.until(FluentWait.java:272)
at com.zaigo.pageobjects.PrefixSettingPage.getText(PrefixSettingPage.java:120)
at com.zaigo.pageobjects.PrefixSettingPage.message(PrefixSettingPage.java:312)
at org.test.PrefixSettings.jobPrefixNoMandatory(PrefixSettings.java:145)
at java.base/jdk.internal.reflect.NativeMethodAccessorImpl.invoke0(Native Method)
at java.base/jdk.internal.reflect.NativeMethodAccessorImpl.invoke(NativeMethodAccessorImpl.java:77)
at java.base/jdk.internal.reflect.DelegatingMethodAccessorImpl.invoke(DelegatingMethodAccessorImpl.java:43)
at java.base/java.lang.reflect.Method.invoke(Method.java:568)
at org.testng.internal.MethodInvocationHelper.invokeMethod(MethodInvocationHelper.java:133)
at org.testng.internal.TestInvoker.invokeMethod(TestInvoker.java:598)
at org.testng.internal.TestInvoker.invokeTestMethod(TestInvoker.java:173)
at org.testng.internal.MethodRunner.runInSequence(MethodRunner.java:46)
at org.testng.internal.TestInvoker$MethodInvocationAgent.invoke(TestInvoker.java:824)
at org.testng.internal.TestInvoker.invokeTestMethods(TestInvoker.java:146)
at org.testng.internal.TestMethodWorker.invokeTestMethods(TestMethodWorker.java:146)
at org.testng.internal.TestMethodWorker.run(TestMethodWorker.java:128)
at java.base/java.util.ArrayList.forEach(ArrayList.java:1511)
at org.testng.TestRunner.privateRun(TestRunner.java:794)
at org.testng.TestRunner.run(TestRunner.java:596)
at org.testng.SuiteRunner.runTest(SuiteRunner.java:377)
at org.testng.SuiteRunner.runSequentially(SuiteRunner.java:371)
at org.testng.SuiteRunner.privateRun(SuiteRunner.java:332)
at org.testng.SuiteRunner.run(SuiteRunner.java:276)
at org.testng.SuiteRunnerWorker.runSuite(SuiteRunnerWorker.java:53)
at org.testng.SuiteRunnerWorker.run(SuiteRunnerWorker.java:96)
at org.testng.TestNG.runSuitesSequentially(TestNG.java:1212)
at org.testng.TestNG.runSuitesLocally(TestNG.java:1134)
at org.testng.TestNG.runSuites(TestNG.java:1063)
at org.testng.TestNG.run(TestNG.java:1031)
at org.testng.remote.AbstractRemoteTestNG.run(AbstractRemoteTestNG.java:115)
at org.testng.remote.RemoteTestNG.initAndRun(RemoteTestNG.java:251)
at org.testng.remote.RemoteTestNG.main(RemoteTestNG.java:77)
Caused by: org.openqa.selenium.NoSuchElementException: Cannot locate an element using By.all({By.xpath: //*[contains(text(),'The requests_prefix is required')],By.xpath: //*[contains(text(),'The jobs_prefix is required')],By.xpath: //*[contains(text(),'The quote_prefix is required')],By.xpath: //*[contains(text(),'The invoice_prefix is required')],By.xpath: //*[contains(text(),'This job prefix number is required.')],By.xpath: //*[contains(text(),'This quote prefix number is required.')],By.xpath: //*[contains(text(),'This request prefix number is required.')],By.xpath: //*[contains(text(),'This invoice prefix number is required.')]})
For documentation on this error, please visit: https://www.seleniumhq.org/exceptions/no_such_element.html
Build info: version: '3.141.59', revision: 'e82be7d358', time: '2018-11-14T08:17:03'
System info: host: 'DESKTOP-5M7AM2E', ip: '192.168.10.117', os.name: 'Windows 11', os.arch: 'amd64', os.version: '10.0', java.version: '17.0.3'
Driver info: driver.version: RemoteWebDriver
at org.openqa.selenium.support.pagefactory.ByAll.findElement(ByAll.java:58)
at org.openqa.selenium.remote.RemoteWebDriver.findElement(RemoteWebDriver.java:315)
at org.openqa.selenium.support.pagefactory.DefaultElementLocator.findElement(DefaultElementLocator.java:69)
at org.openqa.selenium.support.pagefactory.internal.LocatingElementHandler.invoke(LocatingElementHandler.java:38)
at jdk.proxy2/jdk.proxy2.$Proxy13.isDisplayed(Unknown Source)
at org.openqa.selenium.support.ui.ExpectedConditions.elementIfVisible(ExpectedConditions.java:314)
at org.openqa.selenium.support.ui.ExpectedConditions.access$000(ExpectedConditions.java:43)
at org.openqa.selenium.support.ui.ExpectedConditions$10.apply(ExpectedConditions.java:300)
at org.openqa.selenium.support.ui.ExpectedConditions$10.apply(ExpectedConditions.java:297)
at org.openqa.selenium.support.ui.FluentWait.until(FluentWait.java:249)
... 31 more
]]>
    </error>
  </testcase> <!-- jobPrefixNoMandatory -->
  <system-out/>
  <testcase classname="org.test.PrefixSettings" name="jobPrefixNoMaxValidation" time="160.948">
    <error message="Expected condition failed: waiting for visibility of Proxy element for: DefaultElementLocator &#039;By.all({By.xpath: //*[contains(text(),&#039;The jobs prefix may not be greater than 45 characters&#039;)],By.xpath: //*[contains(text(),&#039;The requests prefix may not be greater than 45 characters&#039;)],By.xpath: //*[contains(text(),&#039;The invoice prefix may not be greater than 45 characters&#039;)],By.xpath: //*[contains(text(),&#039;The quote prefix may not be greater than 45 characters&#039;)],By.xpath: //*[contains(text(),&#039;The job prefix number may not be greater than 45 characters.&#039;)],By.xpath: //*[contains(text(),&#039;The request prefix number may not be greater than 45 characters.&#039;)],By.xpath: //*[contains(text(),&#039;The quote prefix number may not be greater than 45 characters.&#039;)],By.xpath: //*[contains(text(),&#039;The invoice prefix number may not be greater than 45 characters.&#039;)]})&#039; (tried for 30 second(s) with 500 milliseconds interval)" type="org.openqa.selenium.TimeoutException">
      <![CDATA[org.openqa.selenium.TimeoutException: Expected condition failed: waiting for visibility of Proxy element for: DefaultElementLocator 'By.all({By.xpath: //*[contains(text(),'The jobs prefix may not be greater than 45 characters')],By.xpath: //*[contains(text(),'The requests prefix may not be greater than 45 characters')],By.xpath: //*[contains(text(),'The invoice prefix may not be greater than 45 characters')],By.xpath: //*[contains(text(),'The quote prefix may not be greater than 45 characters')],By.xpath: //*[contains(text(),'The job prefix number may not be greater than 45 characters.')],By.xpath: //*[contains(text(),'The request prefix number may not be greater than 45 characters.')],By.xpath: //*[contains(text(),'The quote prefix number may not be greater than 45 characters.')],By.xpath: //*[contains(text(),'The invoice prefix number may not be greater than 45 characters.')]})' (tried for 30 second(s) with 500 milliseconds interval)
at org.openqa.selenium.support.ui.WebDriverWait.timeoutException(WebDriverWait.java:95)
at org.openqa.selenium.support.ui.FluentWait.until(FluentWait.java:272)
at com.zaigo.pageobjects.PrefixSettingPage.getText(PrefixSettingPage.java:120)
at com.zaigo.pageobjects.PrefixSettingPage.message(PrefixSettingPage.java:316)
at org.test.PrefixSettings.jobPrefixNoMaxValidation(PrefixSettings.java:167)
at java.base/jdk.internal.reflect.NativeMethodAccessorImpl.invoke0(Native Method)
at java.base/jdk.internal.reflect.NativeMethodAccessorImpl.invoke(NativeMethodAccessorImpl.java:77)
at java.base/jdk.internal.reflect.DelegatingMethodAccessorImpl.invoke(DelegatingMethodAccessorImpl.java:43)
at java.base/java.lang.reflect.Method.invoke(Method.java:568)
at org.testng.internal.MethodInvocationHelper.invokeMethod(MethodInvocationHelper.java:133)
at org.testng.internal.TestInvoker.invokeMethod(TestInvoker.java:598)
at org.testng.internal.TestInvoker.invokeTestMethod(TestInvoker.java:173)
at org.testng.internal.MethodRunner.runInSequence(MethodRunner.java:46)
at org.testng.internal.TestInvoker$MethodInvocationAgent.invoke(TestInvoker.java:824)
at org.testng.internal.TestInvoker.invokeTestMethods(TestInvoker.java:146)
at org.testng.internal.TestMethodWorker.invokeTestMethods(TestMethodWorker.java:146)
at org.testng.internal.TestMethodWorker.run(TestMethodWorker.java:128)
at java.base/java.util.ArrayList.forEach(ArrayList.java:1511)
at org.testng.TestRunner.privateRun(TestRunner.java:794)
at org.testng.TestRunner.run(TestRunner.java:596)
at org.testng.SuiteRunner.runTest(SuiteRunner.java:377)
at org.testng.SuiteRunner.runSequentially(SuiteRunner.java:371)
at org.testng.SuiteRunner.privateRun(SuiteRunner.java:332)
at org.testng.SuiteRunner.run(SuiteRunner.java:276)
at org.testng.SuiteRunnerWorker.runSuite(SuiteRunnerWorker.java:53)
at org.testng.SuiteRunnerWorker.run(SuiteRunnerWorker.java:96)
at org.testng.TestNG.runSuitesSequentially(TestNG.java:1212)
at org.testng.TestNG.runSuitesLocally(TestNG.java:1134)
at org.testng.TestNG.runSuites(TestNG.java:1063)
at org.testng.TestNG.run(TestNG.java:1031)
at org.testng.remote.AbstractRemoteTestNG.run(AbstractRemoteTestNG.java:115)
at org.testng.remote.RemoteTestNG.initAndRun(RemoteTestNG.java:251)
at org.testng.remote.RemoteTestNG.main(RemoteTestNG.java:77)
Caused by: org.openqa.selenium.NoSuchElementException: Cannot locate an element using By.all({By.xpath: //*[contains(text(),'The jobs prefix may not be greater than 45 characters')],By.xpath: //*[contains(text(),'The requests prefix may not be greater than 45 characters')],By.xpath: //*[contains(text(),'The invoice prefix may not be greater than 45 characters')],By.xpath: //*[contains(text(),'The quote prefix may not be greater than 45 characters')],By.xpath: //*[contains(text(),'The job prefix number may not be greater than 45 characters.')],By.xpath: //*[contains(text(),'The request prefix number may not be greater than 45 characters.')],By.xpath: //*[contains(text(),'The quote prefix number may not be greater than 45 characters.')],By.xpath: //*[contains(text(),'The invoice prefix number may not be greater than 45 characters.')]})
For documentation on this error, please visit: https://www.seleniumhq.org/exceptions/no_such_element.html
Build info: version: '3.141.59', revision: 'e82be7d358', time: '2018-11-14T08:17:03'
System info: host: 'DESKTOP-5M7AM2E', ip: '192.168.10.117', os.name: 'Windows 11', os.arch: 'amd64', os.version: '10.0', java.version: '17.0.3'
Driver info: driver.version: RemoteWebDriver
at org.openqa.selenium.support.pagefactory.ByAll.findElement(ByAll.java:58)
at org.openqa.selenium.remote.RemoteWebDriver.findElement(RemoteWebDriver.java:315)
at org.openqa.selenium.support.pagefactory.DefaultElementLocator.findElement(DefaultElementLocator.java:69)
at org.openqa.selenium.support.pagefactory.internal.LocatingElementHandler.invoke(LocatingElementHandler.java:38)
at jdk.proxy2/jdk.proxy2.$Proxy13.isDisplayed(Unknown Source)
at org.openqa.selenium.support.ui.ExpectedConditions.elementIfVisible(ExpectedConditions.java:314)
at org.openqa.selenium.support.ui.ExpectedConditions.access$000(ExpectedConditions.java:43)
at org.openqa.selenium.support.ui.ExpectedConditions$10.apply(ExpectedConditions.java:300)
at org.openqa.selenium.support.ui.ExpectedConditions$10.apply(ExpectedConditions.java:297)
at org.openqa.selenium.support.ui.FluentWait.until(FluentWait.java:249)
... 31 more
]]>
    </error>
  </testcase> <!-- jobPrefixNoMaxValidation -->
  <system-out/>
</testsuite> <!-- org.test.PrefixSettings -->
