<?xml version="1.0" encoding="UTF-8"?>
<!-- Generated by org.testng.reporters.JUnitReportReporter -->
<testsuite hostname="DESKTOP-5M7AM2E" failures="0" tests="70" name="org.test.CustomerOrganizationQuote" time="631.299" errors="2" timestamp="2023-06-02T15:22:10 IST" skipped="6">
  <testcase classname="org.test.CustomerOrganizationQuote" name="loginPage" time="37.134"/>
  <system-out/>
  <testcase classname="org.test.CustomerOrganizationQuote" name="contactModule" time="5.066"/>
  <system-out/>
  <testcase classname="org.test.CustomerOrganizationQuote" name="createOrganization" time="28.684"/>
  <system-out/>
  <testcase classname="org.test.CustomerOrganizationQuote" name="listabelValidation" time="7.399"/>
  <system-out/>
  <testcase classname="org.test.CustomerOrganizationQuote" name="namePrepopulation" time="1.874"/>
  <system-out/>
  <testcase classname="org.test.CustomerOrganizationQuote" name="labelValidation" time="1.241"/>
  <system-out/>
  <testcase classname="org.test.CustomerOrganizationQuote" name="autoCompleteOrganizationContactCreation" time="73.314"/>
  <system-out/>
  <testcase classname="org.test.CustomerOrganizationQuote" name="mandatoryValidationExpiryDate" time="0.912"/>
  <system-out/>
  <testcase classname="org.test.CustomerOrganizationQuote" name="mandatoryValidationInventoryItem" time="0.181"/>
  <system-out/>
  <testcase classname="org.test.CustomerOrganizationQuote" name="mandatoryValidationPrice" time="0.143"/>
  <system-out/>
  <testcase classname="org.test.CustomerOrganizationQuote" name="mandatoryValidationQunatity" time="0.176"/>
  <system-out/>
  <testcase classname="org.test.CustomerOrganizationQuote" name="mandatoryValidationDescription" time="0.169"/>
  <system-out/>
  <testcase classname="org.test.CustomerOrganizationQuote" name="maximumValidationReference" time="31.504">
    <error message="Expected condition failed: waiting for visibility of element located by By.id: reference_no_error (tried for 30 second(s) with 500 milliseconds interval)
Build info: version: &#039;3.141.5&#039;, revision: &#039;d54ebd709a&#039;, time: &#039;2018-11-06T11:42:16&#039;
System info: host: &#039;DESKTOP-5M7AM2E&#039;, ip: &#039;192.168.56.1&#039;, os.name: &#039;Windows 11&#039;, os.arch: &#039;amd64&#039;, os.version: &#039;10.0&#039;, java.version: &#039;17.0.3&#039;
Driver info: org.openqa.selenium.chrome.ChromeDriver
Capabilities {acceptInsecureCerts: false, browserName: chrome, browserVersion: 113.0.5672.127, chrome: {chromedriverVersion: 113.0.5672.63 (0e1a4471d5ae..., userDataDir: C:\Users\ZAIGOP~1\AppData\L...}, goog:chromeOptions: {debuggerAddress: localhost:53841}, javascriptEnabled: true, networkConnectionEnabled: false, pageLoadStrategy: normal, platform: WINDOWS, platformName: WINDOWS, proxy: Proxy(), setWindowRect: true, strictFileInteractability: false, timeouts: {implicit: 0, pageLoad: 300000, script: 30000}, unhandledPromptBehavior: dismiss and notify, webauthn:extension:credBlob: true, webauthn:extension:largeBlob: true, webauthn:extension:minPinLength: true, webauthn:extension:prf: true, webauthn:virtualAuthenticators: true}
Session ID: 132dfd628c0bc27280e08fd8e2d545e4" type="org.openqa.selenium.TimeoutException">
      <![CDATA[org.openqa.selenium.TimeoutException: Expected condition failed: waiting for visibility of element located by By.id: reference_no_error (tried for 30 second(s) with 500 milliseconds interval)
Build info: version: '3.141.5', revision: 'd54ebd709a', time: '2018-11-06T11:42:16'
System info: host: 'DESKTOP-5M7AM2E', ip: '192.168.56.1', os.name: 'Windows 11', os.arch: 'amd64', os.version: '10.0', java.version: '17.0.3'
Driver info: org.openqa.selenium.chrome.ChromeDriver
Capabilities {acceptInsecureCerts: false, browserName: chrome, browserVersion: 113.0.5672.127, chrome: {chromedriverVersion: 113.0.5672.63 (0e1a4471d5ae..., userDataDir: C:\Users\ZAIGOP~1\AppData\L...}, goog:chromeOptions: {debuggerAddress: localhost:53841}, javascriptEnabled: true, networkConnectionEnabled: false, pageLoadStrategy: normal, platform: WINDOWS, platformName: WINDOWS, proxy: Proxy(), setWindowRect: true, strictFileInteractability: false, timeouts: {implicit: 0, pageLoad: 300000, script: 30000}, unhandledPromptBehavior: dismiss and notify, webauthn:extension:credBlob: true, webauthn:extension:largeBlob: true, webauthn:extension:minPinLength: true, webauthn:extension:prf: true, webauthn:virtualAuthenticators: true}
Session ID: 132dfd628c0bc27280e08fd8e2d545e4
at org.openqa.selenium.support.ui.WebDriverWait.timeoutException(WebDriverWait.java:95)
at org.openqa.selenium.support.ui.FluentWait.until(FluentWait.java:272)
at com.zaigo.pageobjects.QuotePage.getText(QuotePage.java:155)
at com.zaigo.pageobjects.QuotePage.errorValidation(QuotePage.java:736)
at org.test.CustomerOrganizationQuote.maximumValidationReference(CustomerOrganizationQuote.java:341)
at java.base/jdk.internal.reflect.NativeMethodAccessorImpl.invoke0(Native Method)
at java.base/jdk.internal.reflect.NativeMethodAccessorImpl.invoke(NativeMethodAccessorImpl.java:77)
at java.base/jdk.internal.reflect.DelegatingMethodAccessorImpl.invoke(DelegatingMethodAccessorImpl.java:43)
at java.base/java.lang.reflect.Method.invoke(Method.java:568)
at org.testng.internal.MethodInvocationHelper.invokeMethod(MethodInvocationHelper.java:133)
at org.testng.internal.TestInvoker.invokeMethod(TestInvoker.java:598)
at org.testng.internal.TestInvoker.invokeTestMethod(TestInvoker.java:173)
at org.testng.internal.MethodRunner.runInSequence(MethodRunner.java:46)
at org.testng.internal.TestInvoker$MethodInvocationAgent.invoke(TestInvoker.java:824)
at org.testng.internal.TestInvoker.invokeTestMethods(TestInvoker.java:146)
at org.testng.internal.TestMethodWorker.invokeTestMethods(TestMethodWorker.java:146)
at org.testng.internal.TestMethodWorker.run(TestMethodWorker.java:128)
at java.base/java.util.ArrayList.forEach(ArrayList.java:1511)
at org.testng.TestRunner.privateRun(TestRunner.java:794)
at org.testng.TestRunner.run(TestRunner.java:596)
at org.testng.SuiteRunner.runTest(SuiteRunner.java:377)
at org.testng.SuiteRunner.runSequentially(SuiteRunner.java:371)
at org.testng.SuiteRunner.privateRun(SuiteRunner.java:332)
at org.testng.SuiteRunner.run(SuiteRunner.java:276)
at org.testng.SuiteRunnerWorker.runSuite(SuiteRunnerWorker.java:53)
at org.testng.SuiteRunnerWorker.run(SuiteRunnerWorker.java:96)
at org.testng.TestNG.runSuitesSequentially(TestNG.java:1212)
at org.testng.TestNG.runSuitesSequentially(TestNG.java:1207)
at org.testng.TestNG.runSuitesLocally(TestNG.java:1134)
at org.testng.TestNG.runSuites(TestNG.java:1063)
at org.testng.TestNG.run(TestNG.java:1031)
at org.testng.remote.AbstractRemoteTestNG.run(AbstractRemoteTestNG.java:115)
at org.testng.remote.RemoteTestNG.initAndRun(RemoteTestNG.java:251)
at org.testng.remote.RemoteTestNG.main(RemoteTestNG.java:77)
]]>
    </error>
  </testcase> <!-- maximumValidationReference -->
  <system-out/>
  <testcase classname="org.test.CustomerOrganizationQuote" name="maximumValidationQuoteTittle" time="1.645"/>
  <system-out/>
  <testcase classname="org.test.CustomerOrganizationQuote" name="maximumValidationInventoryItem" time="2.306"/>
  <system-out/>
  <testcase classname="org.test.CustomerOrganizationQuote" name="emptyValidationQuantityField" time="0.601"/>
  <system-out/>
  <testcase classname="org.test.CustomerOrganizationQuote" name="maxQuanitityLimit" time="0.706"/>
  <system-out/>
  <testcase classname="org.test.CustomerOrganizationQuote" name="afterDecimalPointValidationQuantityField" time="0.531"/>
  <system-out/>
  <testcase classname="org.test.CustomerOrganizationQuote" name="beforeDecimalPointValidationQuantityField" time="0.742"/>
  <system-out/>
  <testcase classname="org.test.CustomerOrganizationQuote" name="emptyValidationPriceField" time="0.581"/>
  <system-out/>
  <testcase classname="org.test.CustomerOrganizationQuote" name="maxPriceLimit" time="0.519"/>
  <system-out/>
  <testcase classname="org.test.CustomerOrganizationQuote" name="beforeDecimalPointPriceField" time="0.562"/>
  <system-out/>
  <testcase classname="org.test.CustomerOrganizationQuote" name="afterDecimalPointPriceField" time="0.664"/>
  <system-out/>
  <testcase classname="org.test.CustomerOrganizationQuote" name="afterDecimalPointDiscountField" time="0.522"/>
  <system-out/>
  <testcase classname="org.test.CustomerOrganizationQuote" name="beforeDecimalPointDiscountField" time="0.639"/>
  <system-out/>
  <testcase classname="org.test.CustomerOrganizationQuote" name="maxLimitDiscountField" time="0.587"/>
  <system-out/>
  <testcase classname="org.test.CustomerOrganizationQuote" name="afterDecimalPointTaxField" time="1.703">
    <skipped/>
  </testcase> <!-- afterDecimalPointTaxField -->
  <system-out/>
  <testcase classname="org.test.CustomerOrganizationQuote" name="beforeDecimalPointTaxField" time="1.608">
    <skipped/>
  </testcase> <!-- beforeDecimalPointTaxField -->
  <system-out/>
  <testcase classname="org.test.CustomerOrganizationQuote" name="maxLimitTaxField" time="1.609">
    <skipped/>
  </testcase> <!-- maxLimitTaxField -->
  <system-out/>
  <testcase classname="org.test.CustomerOrganizationQuote" name="maximumValidationDescription" time="3.758"/>
  <system-out/>
  <testcase classname="org.test.CustomerOrganizationQuote" name="maximumValidationNotes" time="102.205"/>
  <system-out/>
  <testcase classname="org.test.CustomerOrganizationQuote" name="expiryFieldPastDateValidation" time="9.240"/>
  <system-out/>
  <testcase classname="org.test.CustomerOrganizationQuote" name="validateCalculation" time="10.580"/>
  <system-out/>
  <testcase classname="org.test.CustomerOrganizationQuote" name="createQuote" time="17.024"/>
  <system-out/>
  <testcase classname="org.test.CustomerOrganizationQuote" name="quoteCreatedCount" time="0.172"/>
  <system-out/>
  <testcase classname="org.test.CustomerOrganizationQuote" name="quoteEdit" time="18.170"/>
  <system-out/>
  <testcase classname="org.test.CustomerOrganizationQuote" name="editmandatoryValidationExpiryDate" time="0.678"/>
  <system-out/>
  <testcase classname="org.test.CustomerOrganizationQuote" name="editmandatoryValidationQunatity" time="0.148"/>
  <system-out/>
  <testcase classname="org.test.CustomerOrganizationQuote" name="editmandatoryValidationPrice" time="0.139"/>
  <system-out/>
  <testcase classname="org.test.CustomerOrganizationQuote" name="editmandatoryValidationDescription" time="0.183"/>
  <system-out/>
  <testcase classname="org.test.CustomerOrganizationQuote" name="editmaximumValidationReference" time="31.190">
    <error message="Expected condition failed: waiting for visibility of element located by By.id: reference_no_error (tried for 30 second(s) with 500 milliseconds interval)
Build info: version: &#039;3.141.5&#039;, revision: &#039;d54ebd709a&#039;, time: &#039;2018-11-06T11:42:16&#039;
System info: host: &#039;DESKTOP-5M7AM2E&#039;, ip: &#039;192.168.56.1&#039;, os.name: &#039;Windows 11&#039;, os.arch: &#039;amd64&#039;, os.version: &#039;10.0&#039;, java.version: &#039;17.0.3&#039;
Driver info: org.openqa.selenium.chrome.ChromeDriver
Capabilities {acceptInsecureCerts: false, browserName: chrome, browserVersion: 113.0.5672.127, chrome: {chromedriverVersion: 113.0.5672.63 (0e1a4471d5ae..., userDataDir: C:\Users\ZAIGOP~1\AppData\L...}, goog:chromeOptions: {debuggerAddress: localhost:53841}, javascriptEnabled: true, networkConnectionEnabled: false, pageLoadStrategy: normal, platform: WINDOWS, platformName: WINDOWS, proxy: Proxy(), setWindowRect: true, strictFileInteractability: false, timeouts: {implicit: 0, pageLoad: 300000, script: 30000}, unhandledPromptBehavior: dismiss and notify, webauthn:extension:credBlob: true, webauthn:extension:largeBlob: true, webauthn:extension:minPinLength: true, webauthn:extension:prf: true, webauthn:virtualAuthenticators: true}
Session ID: 132dfd628c0bc27280e08fd8e2d545e4" type="org.openqa.selenium.TimeoutException">
      <![CDATA[org.openqa.selenium.TimeoutException: Expected condition failed: waiting for visibility of element located by By.id: reference_no_error (tried for 30 second(s) with 500 milliseconds interval)
Build info: version: '3.141.5', revision: 'd54ebd709a', time: '2018-11-06T11:42:16'
System info: host: 'DESKTOP-5M7AM2E', ip: '192.168.56.1', os.name: 'Windows 11', os.arch: 'amd64', os.version: '10.0', java.version: '17.0.3'
Driver info: org.openqa.selenium.chrome.ChromeDriver
Capabilities {acceptInsecureCerts: false, browserName: chrome, browserVersion: 113.0.5672.127, chrome: {chromedriverVersion: 113.0.5672.63 (0e1a4471d5ae..., userDataDir: C:\Users\ZAIGOP~1\AppData\L...}, goog:chromeOptions: {debuggerAddress: localhost:53841}, javascriptEnabled: true, networkConnectionEnabled: false, pageLoadStrategy: normal, platform: WINDOWS, platformName: WINDOWS, proxy: Proxy(), setWindowRect: true, strictFileInteractability: false, timeouts: {implicit: 0, pageLoad: 300000, script: 30000}, unhandledPromptBehavior: dismiss and notify, webauthn:extension:credBlob: true, webauthn:extension:largeBlob: true, webauthn:extension:minPinLength: true, webauthn:extension:prf: true, webauthn:virtualAuthenticators: true}
Session ID: 132dfd628c0bc27280e08fd8e2d545e4
at org.openqa.selenium.support.ui.WebDriverWait.timeoutException(WebDriverWait.java:95)
at org.openqa.selenium.support.ui.FluentWait.until(FluentWait.java:272)
at com.zaigo.pageobjects.QuotePage.getText(QuotePage.java:155)
at com.zaigo.pageobjects.QuotePage.errorValidation(QuotePage.java:736)
at org.test.CustomerOrganizationQuote.editmaximumValidationReference(CustomerOrganizationQuote.java:1060)
at java.base/jdk.internal.reflect.NativeMethodAccessorImpl.invoke0(Native Method)
at java.base/jdk.internal.reflect.NativeMethodAccessorImpl.invoke(NativeMethodAccessorImpl.java:77)
at java.base/jdk.internal.reflect.DelegatingMethodAccessorImpl.invoke(DelegatingMethodAccessorImpl.java:43)
at java.base/java.lang.reflect.Method.invoke(Method.java:568)
at org.testng.internal.MethodInvocationHelper.invokeMethod(MethodInvocationHelper.java:133)
at org.testng.internal.TestInvoker.invokeMethod(TestInvoker.java:598)
at org.testng.internal.TestInvoker.invokeTestMethod(TestInvoker.java:173)
at org.testng.internal.MethodRunner.runInSequence(MethodRunner.java:46)
at org.testng.internal.TestInvoker$MethodInvocationAgent.invoke(TestInvoker.java:824)
at org.testng.internal.TestInvoker.invokeTestMethods(TestInvoker.java:146)
at org.testng.internal.TestMethodWorker.invokeTestMethods(TestMethodWorker.java:146)
at org.testng.internal.TestMethodWorker.run(TestMethodWorker.java:128)
at java.base/java.util.ArrayList.forEach(ArrayList.java:1511)
at org.testng.TestRunner.privateRun(TestRunner.java:794)
at org.testng.TestRunner.run(TestRunner.java:596)
at org.testng.SuiteRunner.runTest(SuiteRunner.java:377)
at org.testng.SuiteRunner.runSequentially(SuiteRunner.java:371)
at org.testng.SuiteRunner.privateRun(SuiteRunner.java:332)
at org.testng.SuiteRunner.run(SuiteRunner.java:276)
at org.testng.SuiteRunnerWorker.runSuite(SuiteRunnerWorker.java:53)
at org.testng.SuiteRunnerWorker.run(SuiteRunnerWorker.java:96)
at org.testng.TestNG.runSuitesSequentially(TestNG.java:1212)
at org.testng.TestNG.runSuitesSequentially(TestNG.java:1207)
at org.testng.TestNG.runSuitesLocally(TestNG.java:1134)
at org.testng.TestNG.runSuites(TestNG.java:1063)
at org.testng.TestNG.run(TestNG.java:1031)
at org.testng.remote.AbstractRemoteTestNG.run(AbstractRemoteTestNG.java:115)
at org.testng.remote.RemoteTestNG.initAndRun(RemoteTestNG.java:251)
at org.testng.remote.RemoteTestNG.main(RemoteTestNG.java:77)
]]>
    </error>
  </testcase> <!-- editmaximumValidationReference -->
  <system-out/>
  <testcase classname="org.test.CustomerOrganizationQuote" name="editmaximumValidationQuoteTittle" time="1.523"/>
  <system-out/>
  <testcase classname="org.test.CustomerOrganizationQuote" name="editmaximumValidationInventoryItem" time="2.282"/>
  <system-out/>
  <testcase classname="org.test.CustomerOrganizationQuote" name="editemptyValidationQuantityField" time="0.648"/>
  <system-out/>
  <testcase classname="org.test.CustomerOrganizationQuote" name="editmaxQuanitityLimit" time="0.707"/>
  <system-out/>
  <testcase classname="org.test.CustomerOrganizationQuote" name="editafterDecimalPointValidationQuantityField" time="0.509"/>
  <system-out/>
  <testcase classname="org.test.CustomerOrganizationQuote" name="editbeforeDecimalPointValidationQuantityField" time="0.777"/>
  <system-out/>
  <testcase classname="org.test.CustomerOrganizationQuote" name="editemptyValidationPriceField" time="0.604"/>
  <system-out/>
  <testcase classname="org.test.CustomerOrganizationQuote" name="editmaxPriceLimit" time="0.532"/>
  <system-out/>
  <testcase classname="org.test.CustomerOrganizationQuote" name="editbeforeDecimalPointPriceField" time="0.572"/>
  <system-out/>
  <testcase classname="org.test.CustomerOrganizationQuote" name="editafterDecimalPointPriceField" time="0.690"/>
  <system-out/>
  <testcase classname="org.test.CustomerOrganizationQuote" name="editafterDecimalPointDiscountField" time="0.526"/>
  <system-out/>
  <testcase classname="org.test.CustomerOrganizationQuote" name="editbeforeDecimalPointDiscountField" time="0.628"/>
  <system-out/>
  <testcase classname="org.test.CustomerOrganizationQuote" name="editmaxLimitDiscountField" time="0.641"/>
  <system-out/>
  <testcase classname="org.test.CustomerOrganizationQuote" name="editafterDecimalPointTaxField" time="1.773">
    <skipped/>
  </testcase> <!-- editafterDecimalPointTaxField -->
  <system-out/>
  <testcase classname="org.test.CustomerOrganizationQuote" name="editbeforeDecimalPointTaxField" time="1.630">
    <skipped/>
  </testcase> <!-- editbeforeDecimalPointTaxField -->
  <system-out/>
  <testcase classname="org.test.CustomerOrganizationQuote" name="editmaxLimitTaxField" time="1.645">
    <skipped/>
  </testcase> <!-- editmaxLimitTaxField -->
  <system-out/>
  <testcase classname="org.test.CustomerOrganizationQuote" name="editmaximumValidationDescription" time="3.810"/>
  <system-out/>
  <testcase classname="org.test.CustomerOrganizationQuote" name="editmaximumValidationNotes" time="91.908"/>
  <system-out/>
  <testcase classname="org.test.CustomerOrganizationQuote" name="editexpiryFieldPastDateValidation" time="8.541"/>
  <system-out/>
  <testcase classname="org.test.CustomerOrganizationQuote" name="updateQuote" time="17.150"/>
  <system-out/>
  <testcase classname="org.test.CustomerOrganizationQuote" name="createdQuoteStatus" time="0.363"/>
  <system-out/>
  <testcase classname="org.test.CustomerOrganizationQuote" name="draftQuote" time="16.018"/>
  <system-out/>
  <testcase classname="org.test.CustomerOrganizationQuote" name="convertQuote" time="39.618"/>
  <system-out/>
  <testcase classname="org.test.CustomerOrganizationQuote" name="declinedStatus" time="27.410"/>
  <system-out/>
  <testcase classname="org.test.CustomerOrganizationQuote" name="listQuoteNo" time="2.771"/>
  <system-out/>
  <testcase classname="org.test.CustomerOrganizationQuote" name="listQuoteTittle" time="2.846"/>
  <system-out/>
  <testcase classname="org.test.CustomerOrganizationQuote" name="listQuoteReference" time="2.688"/>
  <system-out/>
  <testcase classname="org.test.CustomerOrganizationQuote" name="filterDateInvoice" time="3.793"/>
  <system-out/>
  <testcase classname="org.test.CustomerOrganizationQuote" name="listInvalid" time="1.887"/>
  <system-out/>
</testsuite> <!-- org.test.CustomerOrganizationQuote -->
