<?xml version="1.0" encoding="UTF-8"?>
<!-- Generated by org.testng.reporters.JUnitReportReporter -->
<<<<<<< HEAD
<<<<<<< HEAD
<testsuite hostname="DESKTOP-5M7AM2E" failures="0" tests="6" name="org.enhancement.CustomerContactRequest" time="85.591" errors="0" timestamp="2023-05-22T20:03:10 IST" skipped="0">
  <testcase classname="org.enhancement.CustomerContactRequest" name="loginPage" time="42.378"/>
  <system-out/>
  <testcase classname="org.enhancement.CustomerContactRequest" name="contactModule" time="7.280"/>
  <system-out/>
  <testcase classname="org.enhancement.CustomerContactRequest" name="CreateContact" time="13.477"/>
  <system-out/>
  <testcase classname="org.enhancement.CustomerContactRequest" name="listabelValidation" time="6.143"/>
  <system-out/>
  <testcase classname="org.enhancement.CustomerContactRequest" name="labelValidation" time="1.464"/>
  <system-out/>
  <testcase classname="org.enhancement.CustomerContactRequest" name="createRequest_FromDateandTime_ToDateandTime" time="14.849"/>
=======
<testsuite hostname="DESKTOP-5M7AM2E" failures="0" tests="6" name="org.enhancement.CustomerContactRequest" time="130.724" errors="3" timestamp="2023-05-25T11:49:57 IST" skipped="0">
  <testcase classname="org.enhancement.CustomerContactRequest" name="loginPage" time="21.948"/>
=======
<testsuite hostname="DESKTOP-5M7AM2E" failures="0" tests="10" name="org.enhancement.CustomerContactRequest" time="154.518" errors="0" timestamp="2023-06-04T11:22:12 IST" skipped="0">
  <testcase classname="org.enhancement.CustomerContactRequest" name="loginPage" time="21.752"/>
>>>>>>> 8f032e9abfd9edfc56ded76230782504aeca4741
  <system-out/>
  <testcase classname="org.enhancement.CustomerContactRequest" name="contactModule" time="10.121"/>
  <system-out/>
  <testcase classname="org.enhancement.CustomerContactRequest" name="CreateContact" time="14.466"/>
  <system-out/>
  <testcase classname="org.enhancement.CustomerContactRequest" name="listabelValidation" time="10.009"/>
  <system-out/>
  <testcase classname="org.enhancement.CustomerContactRequest" name="labelValidation" time="2.839"/>
  <system-out/>
<<<<<<< HEAD
  <testcase classname="org.enhancement.CustomerContactRequest" name="createRequest_FromDateandTime_ToDateandTime" time="23.767">
    <error message="Cannot invoke &quot;java.lang.CharSequence.toString()&quot; because &quot;s&quot; is null" type="java.lang.NullPointerException">
      <![CDATA[java.lang.NullPointerException: Cannot invoke "java.lang.CharSequence.toString()" because "s" is null
at java.base/java.lang.String.contains(String.java:2854)
at org.openqa.selenium.support.ui.ExpectedConditions$14.apply(ExpectedConditions.java:414)
at org.openqa.selenium.support.ui.ExpectedConditions$14.apply(ExpectedConditions.java:408)
at org.openqa.selenium.support.ui.FluentWait.until(FluentWait.java:249)
at com.zaigo.pageobjects.RequestPage.valuePresent(RequestPage.java:186)
at com.zaigo.pageobjects.RequestPage.customerName(RequestPage.java:945)
at com.zaigo.pageobjects.RequestPage.validData(RequestPage.java:1055)
at org.enhancement.CustomerContactRequest.createRequest_FromDateandTime_ToDateandTime(CustomerContactRequest.java:182)
at java.base/jdk.internal.reflect.NativeMethodAccessorImpl.invoke0(Native Method)
at java.base/jdk.internal.reflect.NativeMethodAccessorImpl.invoke(NativeMethodAccessorImpl.java:77)
at java.base/jdk.internal.reflect.DelegatingMethodAccessorImpl.invoke(DelegatingMethodAccessorImpl.java:43)
at java.base/java.lang.reflect.Method.invoke(Method.java:568)
at org.testng.internal.MethodInvocationHelper.invokeMethod(MethodInvocationHelper.java:133)
at org.testng.internal.TestInvoker.invokeMethod(TestInvoker.java:598)
at org.testng.internal.TestInvoker.invokeTestMethod(TestInvoker.java:173)
at org.testng.internal.MethodRunner.runInSequence(MethodRunner.java:46)
at org.testng.internal.TestInvoker$MethodInvocationAgent.invoke(TestInvoker.java:824)
at org.testng.internal.TestInvoker.invokeTestMethods(TestInvoker.java:146)
at org.testng.internal.TestMethodWorker.invokeTestMethods(TestMethodWorker.java:146)
at org.testng.internal.TestMethodWorker.run(TestMethodWorker.java:128)
at java.base/java.util.ArrayList.forEach(ArrayList.java:1511)
at org.testng.TestRunner.privateRun(TestRunner.java:794)
at org.testng.TestRunner.run(TestRunner.java:596)
at org.testng.SuiteRunner.runTest(SuiteRunner.java:377)
at org.testng.SuiteRunner.runSequentially(SuiteRunner.java:371)
at org.testng.SuiteRunner.privateRun(SuiteRunner.java:332)
at org.testng.SuiteRunner.run(SuiteRunner.java:276)
at org.testng.SuiteRunnerWorker.runSuite(SuiteRunnerWorker.java:53)
at org.testng.SuiteRunnerWorker.run(SuiteRunnerWorker.java:96)
at org.testng.TestNG.runSuitesSequentially(TestNG.java:1212)
at org.testng.TestNG.runSuitesLocally(TestNG.java:1134)
at org.testng.TestNG.runSuites(TestNG.java:1063)
at org.testng.TestNG.run(TestNG.java:1031)
at org.testng.remote.AbstractRemoteTestNG.run(AbstractRemoteTestNG.java:115)
at org.testng.remote.RemoteTestNG.initAndRun(RemoteTestNG.java:251)
at org.testng.remote.RemoteTestNG.main(RemoteTestNG.java:77)
]]>
    </error>
  </testcase> <!-- createRequest_FromDateandTime_ToDateandTime -->
>>>>>>> c5699b793ecef34ca60eb49f33139d209ba1ec97
=======
  <testcase classname="org.enhancement.CustomerContactRequest" name="createRequest_FromDateandTime_ToDateandTime" time="19.087"/>
  <system-out/>
  <testcase classname="org.enhancement.CustomerContactRequest" name="createRequest_FromDateandTime_ToDateandTime" time="19.429"/>
  <system-out/>
  <testcase classname="org.enhancement.CustomerContactRequest" name="createRequest_FromDateandTime_ToDateandTime" time="19.114"/>
  <system-out/>
  <testcase classname="org.enhancement.CustomerContactRequest" name="createRequest_FromDateandTime_ToDateandTime" time="19.262"/>
  <system-out/>
  <testcase classname="org.enhancement.CustomerContactRequest" name="createRequest_FromDateandTime_ToDateandTime" time="18.439"/>
>>>>>>> 8f032e9abfd9edfc56ded76230782504aeca4741
  <system-out/>
</testsuite> <!-- org.enhancement.CustomerContactRequest -->
